<?xml version="1.0" encoding="utf-8"?>
<test-run id="2" testcasecount="5" result="Passed" total="5" passed="5" failed="0" inconclusive="0" skipped="0" asserts="0" engine-version="3.5.0.0" clr-version="4.0.30319.42000" start-time="2024-02-27 06:03:52Z" end-time="2024-02-27 06:05:00Z" duration="67.6261983">
  <test-suite type="TestSuite" id="1000" name="Unity" fullname="Unity" runstate="Runnable" testcasecount="6" result="Passed" start-time="2024-02-27 06:03:52Z" end-time="2024-02-27 06:05:00Z" duration="67.626198" total="5" passed="5" failed="0" inconclusive="0" skipped="0" asserts="0">
    <properties />
    <test-suite type="Assembly" id="1015" name="casino.bettr.plugin.Main.Tests.dll" fullname="/Users/rvergis/Documents/External/Bettr/GitHub/bettr-casino/slots-game-plugins/Unity/Library/ScriptAssemblies/casino.bettr.plugin.Main.Tests.dll" runstate="Runnable" testcasecount="5" result="Passed" start-time="2024-02-27 06:03:52Z" end-time="2024-02-27 06:05:00Z" duration="67.622214" total="5" passed="5" failed="0" inconclusive="0" skipped="0" asserts="0">
      <properties>
        <property name="_PID" value="8072" />
        <property name="_APPDOMAIN" value="Unity Child Domain" />
        <property name="platform" value="PlayMode" />
      </properties>
      <test-suite type="TestSuite" id="1016" name="Bettr" fullname="Bettr" runstate="Runnable" testcasecount="5" result="Passed" start-time="2024-02-27 06:03:52Z" end-time="2024-02-27 06:05:00Z" duration="67.621790" total="5" passed="5" failed="0" inconclusive="0" skipped="0" asserts="0">
        <properties />
        <test-suite type="TestSuite" id="1017" name="Runtime" fullname="Bettr.Runtime" runstate="Runnable" testcasecount="5" result="Passed" start-time="2024-02-27 06:03:52Z" end-time="2024-02-27 06:05:00Z" duration="67.621552" total="5" passed="5" failed="0" inconclusive="0" skipped="0" asserts="0">
          <properties />
          <test-suite type="TestSuite" id="1018" name="Plugin" fullname="Bettr.Runtime.Plugin" runstate="Runnable" testcasecount="5" result="Passed" start-time="2024-02-27 06:03:52Z" end-time="2024-02-27 06:05:00Z" duration="67.621245" total="5" passed="5" failed="0" inconclusive="0" skipped="0" asserts="0">
            <properties />
            <test-suite type="TestSuite" id="1019" name="Main" fullname="Bettr.Runtime.Plugin.Main" runstate="Runnable" testcasecount="5" result="Passed" start-time="2024-02-27 06:03:52Z" end-time="2024-02-27 06:05:00Z" duration="67.620918" total="5" passed="5" failed="0" inconclusive="0" skipped="0" asserts="0">
              <properties />
              <test-suite type="TestSuite" id="1020" name="Tests" fullname="Bettr.Runtime.Plugin.Main.Tests" runstate="Runnable" testcasecount="5" result="Passed" start-time="2024-02-27 06:03:52Z" end-time="2024-02-27 06:05:00Z" duration="67.620558" total="5" passed="5" failed="0" inconclusive="0" skipped="0" asserts="0">
                <properties />
                <test-suite type="TestFixture" id="1009" name="Tests" fullname="Bettr.Runtime.Plugin.Main.Tests.Tests" classname="Bettr.Runtime.Plugin.Main.Tests.Tests" runstate="Runnable" testcasecount="5" result="Passed" start-time="2024-02-27 06:03:52Z" end-time="2024-02-27 06:05:00Z" duration="67.619426" total="5" passed="5" failed="0" inconclusive="0" skipped="0" asserts="0">
                  <properties />
                  <output><![CDATA[GetCommandLineArguments args=/Users/rvergis/Documents/External/Applications/Unity/Hub/Editor/2022.3.16f1/Unity.app/Contents/MacOS/Unity,-batchmode,-logFile,/Users/rvergis/Documents/External/Bettr/Logs/UnitTests/logfile.log,-runTests,-projectPath,Unity,-testResults,TestResults/testResultsMain.xml,-testPlatform,playmode,-testFilter,casino.bettr.plugin.Main.Tests,-timeScale=10
Setting Time.timeScale=10
]]></output>
                  <test-case id="1010" name="TestInit" fullname="Bettr.Runtime.Plugin.Main.Tests.Tests.TestInit" methodname="TestInit" classname="Bettr.Runtime.Plugin.Main.Tests.Tests" runstate="Runnable" seed="940869829" result="Passed" start-time="2024-02-27 06:03:52Z" end-time="2024-02-27 06:03:54Z" duration="1.501887" asserts="0">
                    <properties>
                      <property name="_JOINTYPE" value="UnityCombinatorial" />
                      <property name="Order" value="1" />
                    </properties>
                    <output><![CDATA[OneTimeSetup started
userId=EE0DE516-5053-5142-80AC-2D878E91215C AssetsVersion=latest AssetsBaseURL=https://bettr-casino-assets.s3.us-west-2.amazonaws.com WebAssetsBaseURL=https://bettr-casino-assets.s3.us-west-2.amazonaws.com/developers/nyi501/assets/iOS WebOutcomesBaseURL=https://bettr-casino-outcomes.s3.us-west-2.amazonaws.com MainBundleName=main MainBundleVariant=v0_1_0
scriptName=Core loaded successfully at frame=12
scriptName=Math loaded successfully at frame=12
scriptName=Main loaded successfully at frame=12
scriptName=Utils loaded successfully at frame=12
AddScriptsToTable 4 scripts took 0.02652192 seconds
OneTimeSetup ended
TestLogin
]]></output>
                  </test-case>
                  <test-case id="1011" name="TestLogin" fullname="Bettr.Runtime.Plugin.Main.Tests.Tests.TestLogin" methodname="TestLogin" classname="Bettr.Runtime.Plugin.Main.Tests.Tests" runstate="Runnable" seed="1483261356" result="Passed" start-time="2024-02-27 06:03:54Z" end-time="2024-02-27 06:03:54Z" duration="0.135013" asserts="0">
                    <properties>
                      <property name="_JOINTYPE" value="UnityCombinatorial" />
                      <property name="Order" value="2" />
                    </properties>
                    <output><![CDATA[TestLogin
Starting User Login
Starting LoadUserBlob
]]></output>
                  </test-case>
                  <test-case id="1012" name="TestRoutineRunner" fullname="Bettr.Runtime.Plugin.Main.Tests.Tests.TestRoutineRunner" methodname="TestRoutineRunner" classname="Bettr.Runtime.Plugin.Main.Tests.Tests" runstate="Runnable" seed="2117902461" result="Passed" start-time="2024-02-27 06:03:54Z" end-time="2024-02-27 06:03:55Z" duration="0.464624" asserts="0">
                    <properties>
                      <property name="_JOINTYPE" value="UnityCombinatorial" />
                      <property name="Order" value="3" />
                    </properties>
                    <output><![CDATA[TestRoutineRunner
TestRoutineRunner timeElapsed=3.665015
]]></output>
                  </test-case>
                  <test-case id="1013" name="TestLoadMainLobby" fullname="Bettr.Runtime.Plugin.Main.Tests.Tests.TestLoadMainLobby" methodname="TestLoadMainLobby" classname="Bettr.Runtime.Plugin.Main.Tests.Tests" runstate="Runnable" seed="851074333" result="Passed" start-time="2024-02-27 06:03:55Z" end-time="2024-02-27 06:03:55Z" duration="0.750288" asserts="0">
                    <properties>
                      <property name="_JOINTYPE" value="UnityCombinatorial" />
                      <property name="Order" value="4" />
                      <property name="Timeout" value="600000" />
                    </properties>
                    <output><![CDATA[TestLoadMainLobby
LoadLobbyScene starting... (Frame=37)
scriptName=MainLobbyBottomBar loaded successfully at frame=38
scriptName=MainLobbyScene loaded successfully at frame=38
scriptName=SettingsPanel loaded successfully at frame=38
scriptName=GiftsPanel loaded successfully at frame=38
scriptName=DefaultLobbyCard loaded successfully at frame=38
AddScriptsToTable 5 scripts took 0.005507708 seconds
DefaultLobbyCard Awake tile id="DefaultLobbyCard" (Frame=42)
DefaultLobbyCard Awake tile id="DefaultLobbyCard" (Frame=42)
DefaultLobbyCard Awake tile id="DefaultLobbyCard" (Frame=42)
DefaultLobbyCard Awake tile id="DefaultLobbyCard" (Frame=42)
DefaultLobbyCard Awake tile id="DefaultLobbyCard" (Frame=42)
DefaultLobbyCard Awake tile id="DefaultLobbyCard" (Frame=42)
DefaultLobbyCard Awake tile id="DefaultLobbyCard" (Frame=42)
DefaultLobbyCard Awake tile id="DefaultLobbyCard" (Frame=42)
DefaultLobbyCard Awake tile id="DefaultLobbyCard" (Frame=42)
DefaultLobbyCard Awake tile id="DefaultLobbyCard" (Frame=42)
DefaultLobbyCard Awake tile id="DefaultLobbyCard" (Frame=42)
DefaultLobbyCard Awake tile id="DefaultLobbyCard" (Frame=42)
DefaultLobbyCard Awake tile id="DefaultLobbyCard" (Frame=42)
DefaultLobbyCard Awake tile id="DefaultLobbyCard" (Frame=42)
DefaultLobbyCard Awake tile id="DefaultLobbyCard" (Frame=42)
DefaultLobbyCard Awake tile id="DefaultLobbyCard" (Frame=42)
DefaultLobbyCard Awake tile id="DefaultLobbyCard" (Frame=42)
DefaultLobbyCard Awake tile id="DefaultLobbyCard" (Frame=42)
DefaultLobbyCard Awake tile id="DefaultLobbyCard" (Frame=42)
DefaultLobbyCard Awake tile id="DefaultLobbyCard" (Frame=42)
DefaultLobbyCard Awake tile id="DefaultLobbyCard" (Frame=42)
DefaultLobbyCard Awake tile id="DefaultLobbyCard" (Frame=42)
DefaultLobbyCard Awake tile id="DefaultLobbyCard" (Frame=42)
DefaultLobbyCard Awake tile id="DefaultLobbyCard" (Frame=42)
DefaultLobbyCard Awake tile id="DefaultLobbyCard" (Frame=42)
DefaultLobbyCard Awake tile id="DefaultLobbyCard" (Frame=42)
DefaultLobbyCard Awake tile id="DefaultLobbyCard" (Frame=42)
DefaultLobbyCard Awake tile id="DefaultLobbyCard" (Frame=42)
DefaultLobbyCard Awake tile id="DefaultLobbyCard" (Frame=42)
DefaultLobbyCard Awake tile id="DefaultLobbyCard" (Frame=42)
DefaultLobbyCard Awake tile id="DefaultLobbyCard" (Frame=42)
DefaultLobbyCard Awake tile id="DefaultLobbyCard" (Frame=42)
DefaultLobbyCard Awake tile id="DefaultLobbyCard" (Frame=42)
DefaultLobbyCard Awake tile id="DefaultLobbyCard" (Frame=42)
DefaultLobbyCard Awake tile id="DefaultLobbyCard" (Frame=42)
DefaultLobbyCard Awake tile id="DefaultLobbyCard" (Frame=42)
DefaultLobbyCard Awake tile id="DefaultLobbyCard" (Frame=42)
DefaultLobbyCard Awake tile id="DefaultLobbyCard" (Frame=42)
DefaultLobbyCard Awake tile id="DefaultLobbyCard" (Frame=42)
DefaultLobbyCard Awake tile id="DefaultLobbyCard" (Frame=42)
DefaultLobbyCard Awake tile id="DefaultLobbyCard" (Frame=42)
DefaultLobbyCard Awake tile id="DefaultLobbyCard" (Frame=42)
DefaultLobbyCard Awake tile id="DefaultLobbyCard" (Frame=42)
DefaultLobbyCard Awake tile id="DefaultLobbyCard" (Frame=42)
DefaultLobbyCard Awake tile id="DefaultLobbyCard" (Frame=42)
DefaultLobbyCard Awake tile id="DefaultLobbyCard" (Frame=42)
DefaultLobbyCard Awake tile id="DefaultLobbyCard" (Frame=42)
DefaultLobbyCard Awake tile id="DefaultLobbyCard" (Frame=42)
DefaultLobbyCard Awake tile id="DefaultLobbyCard" (Frame=42)
DefaultLobbyCard Awake tile id="DefaultLobbyCard" (Frame=42)
DefaultLobbyCard Awake tile id="DefaultLobbyCard" (Frame=42)
DefaultLobbyCard Awake tile id="DefaultLobbyCard" (Frame=42)
DefaultLobbyCard Awake tile id="DefaultLobbyCard" (Frame=42)
DefaultLobbyCard Awake tile id="DefaultLobbyCard" (Frame=42)
DefaultLobbyCard Awake tile id="DefaultLobbyCard" (Frame=42)
DefaultLobbyCard Awake tile id="DefaultLobbyCard" (Frame=42)
DefaultLobbyCard Awake tile id="DefaultLobbyCard" (Frame=42)
DefaultLobbyCard Awake tile id="DefaultLobbyCard" (Frame=42)
DefaultLobbyCard Awake tile id="DefaultLobbyCard" (Frame=42)
DefaultLobbyCard Awake tile id="DefaultLobbyCard" (Frame=42)
DefaultLobbyCard Awake tile id="DefaultLobbyCard" (Frame=42)
DefaultLobbyCard Awake tile id="DefaultLobbyCard" (Frame=42)
DefaultLobbyCard Awake tile id="DefaultLobbyCard" (Frame=42)
DefaultLobbyCard Awake tile id="DefaultLobbyCard" (Frame=42)
DefaultLobbyCard Awake tile id="DefaultLobbyCard" (Frame=42)
DefaultLobbyCard Awake tile id="DefaultLobbyCard" (Frame=42)
DefaultLobbyCard Awake tile id="DefaultLobbyCard" (Frame=42)
DefaultLobbyCard Awake tile id="DefaultLobbyCard" (Frame=42)
DefaultLobbyCard Awake tile id="DefaultLobbyCard" (Frame=42)
DefaultLobbyCard Awake tile id="DefaultLobbyCard" (Frame=42)
DefaultLobbyCard Awake tile id="DefaultLobbyCard" (Frame=42)
DefaultLobbyCard Awake tile id="DefaultLobbyCard" (Frame=42)
DefaultLobbyCard Awake tile id="DefaultLobbyCard" (Frame=42)
DefaultLobbyCard Awake tile id="DefaultLobbyCard" (Frame=42)
DefaultLobbyCard Awake tile id="DefaultLobbyCard" (Frame=42)
DefaultLobbyCard Awake tile id="DefaultLobbyCard" (Frame=42)
DefaultLobbyCard Awake tile id="DefaultLobbyCard" (Frame=42)
DefaultLobbyCard Awake tile id="DefaultLobbyCard" (Frame=42)
DefaultLobbyCard Awake tile id="DefaultLobbyCard" (Frame=42)
DefaultLobbyCard Awake tile id="DefaultLobbyCard" (Frame=42)
DefaultLobbyCard Awake tile id="DefaultLobbyCard" (Frame=42)
DefaultLobbyCard Awake tile id="DefaultLobbyCard" (Frame=42)
DefaultLobbyCard Awake tile id="DefaultLobbyCard" (Frame=42)
DefaultLobbyCard Awake tile id="DefaultLobbyCard" (Frame=42)
DefaultLobbyCard Awake tile id="DefaultLobbyCard" (Frame=42)
DefaultLobbyCard Awake tile id="DefaultLobbyCard" (Frame=42)
DefaultLobbyCard Awake tile id="DefaultLobbyCard" (Frame=42)
DefaultLobbyCard Awake tile id="DefaultLobbyCard" (Frame=42)
DefaultLobbyCard Awake tile id="DefaultLobbyCard" (Frame=42)
DefaultLobbyCard Awake tile id="DefaultLobbyCard" (Frame=42)
DefaultLobbyCard Awake tile id="DefaultLobbyCard" (Frame=42)
DefaultLobbyCard Awake tile id="DefaultLobbyCard" (Frame=42)
DefaultLobbyCard Awake tile id="DefaultLobbyCard" (Frame=42)
DefaultLobbyCard Awake tile id="DefaultLobbyCard" (Frame=42)
DefaultLobbyCard Awake tile id="DefaultLobbyCard" (Frame=42)
DefaultLobbyCard Awake tile id="DefaultLobbyCard" (Frame=42)
DefaultLobbyCard Awake tile id="DefaultLobbyCard" (Frame=42)
DefaultLobbyCard Awake tile id="DefaultLobbyCard" (Frame=42)
DefaultLobbyCard Awake tile id="DefaultLobbyCard" (Frame=42)
DefaultLobbyCard Awake tile id="DefaultLobbyCard" (Frame=42)
DefaultLobbyCard Awake tile id="DefaultLobbyCard" (Frame=42)
DefaultLobbyCard Awake tile id="DefaultLobbyCard" (Frame=42)
DefaultLobbyCard Awake tile id="DefaultLobbyCard" (Frame=42)
DefaultLobbyCard Awake tile id="DefaultLobbyCard" (Frame=42)
DefaultLobbyCard Awake tile id="DefaultLobbyCard" (Frame=42)
DefaultLobbyCard Awake tile id="DefaultLobbyCard" (Frame=42)
DefaultLobbyCard Awake tile id="DefaultLobbyCard" (Frame=42)
DefaultLobbyCard Awake tile id="DefaultLobbyCard" (Frame=42)
DefaultLobbyCard Awake tile id="DefaultLobbyCard" (Frame=42)
DefaultLobbyCard Awake tile id="DefaultLobbyCard" (Frame=42)
DefaultLobbyCard Awake tile id="DefaultLobbyCard" (Frame=42)
DefaultLobbyCard Awake tile id="DefaultLobbyCard" (Frame=42)
DefaultLobbyCard Awake tile id="DefaultLobbyCard" (Frame=42)
MainLobbyScene Starting... (Frame=42)
LoadLobbyCards invoked (Frame=42)
LoadApp lobbyCard cardCount=2 (Frame=42)
LoadApp lobbyCard PrefabName="Game001LobbyCardHorizontalBar" (Frame=42)
LoadApp lobbyCard lobbyGroup="Continue Playing" (Frame=42)
LoadApp lobbyCard PrefabName="Game002LobbyCardNewRelease" (Frame=42)
LoadApp lobbyCard lobbyGroup="New Releases" (Frame=42)
DefaultLobbyCard Start tile id="DefaultLobbyCard" (Frame=42)
DefaultLobbyCard Start tile id="DefaultLobbyCard" (Frame=42)
DefaultLobbyCard Start tile id="DefaultLobbyCard" (Frame=42)
DefaultLobbyCard Start tile id="DefaultLobbyCard" (Frame=42)
DefaultLobbyCard Start tile id="DefaultLobbyCard" (Frame=42)
DefaultLobbyCard Start tile id="DefaultLobbyCard" (Frame=42)
DefaultLobbyCard Start tile id="DefaultLobbyCard" (Frame=42)
DefaultLobbyCard Start tile id="DefaultLobbyCard" (Frame=42)
DefaultLobbyCard Start tile id="DefaultLobbyCard" (Frame=42)
DefaultLobbyCard Start tile id="DefaultLobbyCard" (Frame=42)
DefaultLobbyCard Start tile id="DefaultLobbyCard" (Frame=42)
DefaultLobbyCard Start tile id="DefaultLobbyCard" (Frame=42)
DefaultLobbyCard Start tile id="DefaultLobbyCard" (Frame=42)
DefaultLobbyCard Start tile id="DefaultLobbyCard" (Frame=42)
DefaultLobbyCard Start tile id="DefaultLobbyCard" (Frame=42)
DefaultLobbyCard Start tile id="DefaultLobbyCard" (Frame=42)
DefaultLobbyCard Start tile id="DefaultLobbyCard" (Frame=42)
DefaultLobbyCard Start tile id="DefaultLobbyCard" (Frame=42)
DefaultLobbyCard Start tile id="DefaultLobbyCard" (Frame=42)
DefaultLobbyCard Start tile id="DefaultLobbyCard" (Frame=42)
DefaultLobbyCard Start tile id="DefaultLobbyCard" (Frame=42)
DefaultLobbyCard Start tile id="DefaultLobbyCard" (Frame=42)
DefaultLobbyCard Start tile id="DefaultLobbyCard" (Frame=42)
DefaultLobbyCard Start tile id="DefaultLobbyCard" (Frame=42)
DefaultLobbyCard Start tile id="DefaultLobbyCard" (Frame=42)
DefaultLobbyCard Start tile id="DefaultLobbyCard" (Frame=42)
DefaultLobbyCard Start tile id="DefaultLobbyCard" (Frame=42)
DefaultLobbyCard Start tile id="DefaultLobbyCard" (Frame=42)
DefaultLobbyCard Start tile id="DefaultLobbyCard" (Frame=42)
DefaultLobbyCard Start tile id="DefaultLobbyCard" (Frame=42)
DefaultLobbyCard Start tile id="DefaultLobbyCard" (Frame=42)
DefaultLobbyCard Start tile id="DefaultLobbyCard" (Frame=42)
DefaultLobbyCard Start tile id="DefaultLobbyCard" (Frame=42)
DefaultLobbyCard Start tile id="DefaultLobbyCard" (Frame=42)
DefaultLobbyCard Start tile id="DefaultLobbyCard" (Frame=42)
DefaultLobbyCard Start tile id="DefaultLobbyCard" (Frame=42)
DefaultLobbyCard Start tile id="DefaultLobbyCard" (Frame=42)
DefaultLobbyCard Start tile id="DefaultLobbyCard" (Frame=42)
DefaultLobbyCard Start tile id="DefaultLobbyCard" (Frame=42)
DefaultLobbyCard Start tile id="DefaultLobbyCard" (Frame=42)
DefaultLobbyCard Start tile id="DefaultLobbyCard" (Frame=42)
DefaultLobbyCard Start tile id="DefaultLobbyCard" (Frame=42)
DefaultLobbyCard Start tile id="DefaultLobbyCard" (Frame=42)
DefaultLobbyCard Start tile id="DefaultLobbyCard" (Frame=42)
DefaultLobbyCard Start tile id="DefaultLobbyCard" (Frame=42)
DefaultLobbyCard Start tile id="DefaultLobbyCard" (Frame=42)
DefaultLobbyCard Start tile id="DefaultLobbyCard" (Frame=42)
DefaultLobbyCard Start tile id="DefaultLobbyCard" (Frame=42)
DefaultLobbyCard Start tile id="DefaultLobbyCard" (Frame=42)
DefaultLobbyCard Start tile id="DefaultLobbyCard" (Frame=42)
DefaultLobbyCard Start tile id="DefaultLobbyCard" (Frame=42)
DefaultLobbyCard Start tile id="DefaultLobbyCard" (Frame=42)
DefaultLobbyCard Start tile id="DefaultLobbyCard" (Frame=42)
DefaultLobbyCard Start tile id="DefaultLobbyCard" (Frame=42)
DefaultLobbyCard Start tile id="DefaultLobbyCard" (Frame=42)
DefaultLobbyCard Start tile id="DefaultLobbyCard" (Frame=42)
DefaultLobbyCard Start tile id="DefaultLobbyCard" (Frame=42)
DefaultLobbyCard Start tile id="DefaultLobbyCard" (Frame=42)
DefaultLobbyCard Start tile id="DefaultLobbyCard" (Frame=42)
DefaultLobbyCard Start tile id="DefaultLobbyCard" (Frame=42)
DefaultLobbyCard Start tile id="DefaultLobbyCard" (Frame=42)
DefaultLobbyCard Start tile id="DefaultLobbyCard" (Frame=42)
DefaultLobbyCard Start tile id="DefaultLobbyCard" (Frame=42)
DefaultLobbyCard Start tile id="DefaultLobbyCard" (Frame=42)
DefaultLobbyCard Start tile id="DefaultLobbyCard" (Frame=42)
DefaultLobbyCard Start tile id="DefaultLobbyCard" (Frame=42)
DefaultLobbyCard Start tile id="DefaultLobbyCard" (Frame=42)
DefaultLobbyCard Start tile id="DefaultLobbyCard" (Frame=42)
DefaultLobbyCard Start tile id="DefaultLobbyCard" (Frame=42)
DefaultLobbyCard Start tile id="DefaultLobbyCard" (Frame=42)
DefaultLobbyCard Start tile id="DefaultLobbyCard" (Frame=42)
DefaultLobbyCard Start tile id="DefaultLobbyCard" (Frame=42)
DefaultLobbyCard Start tile id="DefaultLobbyCard" (Frame=42)
DefaultLobbyCard Start tile id="DefaultLobbyCard" (Frame=42)
DefaultLobbyCard Start tile id="DefaultLobbyCard" (Frame=42)
DefaultLobbyCard Start tile id="DefaultLobbyCard" (Frame=42)
DefaultLobbyCard Start tile id="DefaultLobbyCard" (Frame=42)
DefaultLobbyCard Start tile id="DefaultLobbyCard" (Frame=42)
DefaultLobbyCard Start tile id="DefaultLobbyCard" (Frame=42)
DefaultLobbyCard Start tile id="DefaultLobbyCard" (Frame=42)
DefaultLobbyCard Start tile id="DefaultLobbyCard" (Frame=42)
DefaultLobbyCard Start tile id="DefaultLobbyCard" (Frame=42)
DefaultLobbyCard Start tile id="DefaultLobbyCard" (Frame=42)
DefaultLobbyCard Start tile id="DefaultLobbyCard" (Frame=42)
DefaultLobbyCard Start tile id="DefaultLobbyCard" (Frame=42)
DefaultLobbyCard Start tile id="DefaultLobbyCard" (Frame=42)
DefaultLobbyCard Start tile id="DefaultLobbyCard" (Frame=42)
DefaultLobbyCard Start tile id="DefaultLobbyCard" (Frame=42)
DefaultLobbyCard Start tile id="DefaultLobbyCard" (Frame=42)
DefaultLobbyCard Start tile id="DefaultLobbyCard" (Frame=42)
DefaultLobbyCard Start tile id="DefaultLobbyCard" (Frame=42)
DefaultLobbyCard Start tile id="DefaultLobbyCard" (Frame=42)
DefaultLobbyCard Start tile id="DefaultLobbyCard" (Frame=42)
DefaultLobbyCard Start tile id="DefaultLobbyCard" (Frame=42)
DefaultLobbyCard Start tile id="DefaultLobbyCard" (Frame=42)
DefaultLobbyCard Start tile id="DefaultLobbyCard" (Frame=42)
DefaultLobbyCard Start tile id="DefaultLobbyCard" (Frame=42)
DefaultLobbyCard Start tile id="DefaultLobbyCard" (Frame=42)
DefaultLobbyCard Start tile id="DefaultLobbyCard" (Frame=42)
DefaultLobbyCard Start tile id="DefaultLobbyCard" (Frame=42)
DefaultLobbyCard Start tile id="DefaultLobbyCard" (Frame=42)
DefaultLobbyCard Start tile id="DefaultLobbyCard" (Frame=42)
DefaultLobbyCard Start tile id="DefaultLobbyCard" (Frame=42)
DefaultLobbyCard Start tile id="DefaultLobbyCard" (Frame=42)
DefaultLobbyCard Start tile id="DefaultLobbyCard" (Frame=42)
DefaultLobbyCard Start tile id="DefaultLobbyCard" (Frame=42)
DefaultLobbyCard Start tile id="DefaultLobbyCard" (Frame=42)
DefaultLobbyCard Start tile id="DefaultLobbyCard" (Frame=42)
DefaultLobbyCard Start tile id="DefaultLobbyCard" (Frame=42)
DefaultLobbyCard Start tile id="DefaultLobbyCard" (Frame=42)
DefaultLobbyCard Start tile id="DefaultLobbyCard" (Frame=42)
DefaultLobbyCard Start tile id="DefaultLobbyCard" (Frame=42)
DefaultLobbyCard Start tile id="DefaultLobbyCard" (Frame=42)
scriptName=Game002LobbyCard loaded successfully at frame=43
scriptName=Game001LobbyCard loaded successfully at frame=43
AddScriptsToTable 2 scripts took 0.001194715 seconds
Game001LobbyCard Awake tile id="Game001LobbyCard" (Frame=44)
Game002LobbyCard Awake tile id="Game002LobbyCard" (Frame=44)
Game001LobbyCard Start tile id="Game001LobbyCard" (Frame=44)
Game002LobbyCard Start tile id="Game002LobbyCard" (Frame=44)
]]></output>
                  </test-case>
                  <test-case id="1014" name="TestGame001" fullname="Bettr.Runtime.Plugin.Main.Tests.Tests.TestGame001" methodname="TestGame001" classname="Bettr.Runtime.Plugin.Main.Tests.Tests" runstate="Runnable" seed="1111130164" result="Passed" start-time="2024-02-27 06:03:55Z" end-time="2024-02-27 06:05:00Z" duration="64.753274" asserts="0">
                    <properties>
                      <property name="_JOINTYPE" value="UnityCombinatorial" />
                      <property name="Order" value="5" />
                      <property name="Timeout" value="600000" />
                    </properties>
                    <output><![CDATA[LoadLobbyScene starting... (Frame=55)
DefaultLobbyCard Awake tile id="DefaultLobbyCard" (Frame=60)
DefaultLobbyCard Awake tile id="DefaultLobbyCard" (Frame=60)
DefaultLobbyCard Awake tile id="DefaultLobbyCard" (Frame=60)
DefaultLobbyCard Awake tile id="DefaultLobbyCard" (Frame=60)
DefaultLobbyCard Awake tile id="DefaultLobbyCard" (Frame=60)
DefaultLobbyCard Awake tile id="DefaultLobbyCard" (Frame=60)
DefaultLobbyCard Awake tile id="DefaultLobbyCard" (Frame=60)
DefaultLobbyCard Awake tile id="DefaultLobbyCard" (Frame=60)
DefaultLobbyCard Awake tile id="DefaultLobbyCard" (Frame=60)
DefaultLobbyCard Awake tile id="DefaultLobbyCard" (Frame=60)
DefaultLobbyCard Awake tile id="DefaultLobbyCard" (Frame=60)
DefaultLobbyCard Awake tile id="DefaultLobbyCard" (Frame=60)
DefaultLobbyCard Awake tile id="DefaultLobbyCard" (Frame=60)
DefaultLobbyCard Awake tile id="DefaultLobbyCard" (Frame=60)
DefaultLobbyCard Awake tile id="DefaultLobbyCard" (Frame=60)
DefaultLobbyCard Awake tile id="DefaultLobbyCard" (Frame=60)
DefaultLobbyCard Awake tile id="DefaultLobbyCard" (Frame=60)
DefaultLobbyCard Awake tile id="DefaultLobbyCard" (Frame=60)
DefaultLobbyCard Awake tile id="DefaultLobbyCard" (Frame=60)
DefaultLobbyCard Awake tile id="DefaultLobbyCard" (Frame=60)
DefaultLobbyCard Awake tile id="DefaultLobbyCard" (Frame=60)
DefaultLobbyCard Awake tile id="DefaultLobbyCard" (Frame=60)
DefaultLobbyCard Awake tile id="DefaultLobbyCard" (Frame=60)
DefaultLobbyCard Awake tile id="DefaultLobbyCard" (Frame=60)
DefaultLobbyCard Awake tile id="DefaultLobbyCard" (Frame=60)
DefaultLobbyCard Awake tile id="DefaultLobbyCard" (Frame=60)
DefaultLobbyCard Awake tile id="DefaultLobbyCard" (Frame=60)
DefaultLobbyCard Awake tile id="DefaultLobbyCard" (Frame=60)
DefaultLobbyCard Awake tile id="DefaultLobbyCard" (Frame=60)
DefaultLobbyCard Awake tile id="DefaultLobbyCard" (Frame=60)
DefaultLobbyCard Awake tile id="DefaultLobbyCard" (Frame=60)
DefaultLobbyCard Awake tile id="DefaultLobbyCard" (Frame=60)
DefaultLobbyCard Awake tile id="DefaultLobbyCard" (Frame=60)
DefaultLobbyCard Awake tile id="DefaultLobbyCard" (Frame=60)
DefaultLobbyCard Awake tile id="DefaultLobbyCard" (Frame=60)
DefaultLobbyCard Awake tile id="DefaultLobbyCard" (Frame=60)
DefaultLobbyCard Awake tile id="DefaultLobbyCard" (Frame=60)
DefaultLobbyCard Awake tile id="DefaultLobbyCard" (Frame=60)
DefaultLobbyCard Awake tile id="DefaultLobbyCard" (Frame=60)
DefaultLobbyCard Awake tile id="DefaultLobbyCard" (Frame=60)
DefaultLobbyCard Awake tile id="DefaultLobbyCard" (Frame=60)
DefaultLobbyCard Awake tile id="DefaultLobbyCard" (Frame=60)
DefaultLobbyCard Awake tile id="DefaultLobbyCard" (Frame=60)
DefaultLobbyCard Awake tile id="DefaultLobbyCard" (Frame=60)
DefaultLobbyCard Awake tile id="DefaultLobbyCard" (Frame=60)
DefaultLobbyCard Awake tile id="DefaultLobbyCard" (Frame=60)
DefaultLobbyCard Awake tile id="DefaultLobbyCard" (Frame=60)
DefaultLobbyCard Awake tile id="DefaultLobbyCard" (Frame=60)
DefaultLobbyCard Awake tile id="DefaultLobbyCard" (Frame=60)
DefaultLobbyCard Awake tile id="DefaultLobbyCard" (Frame=60)
DefaultLobbyCard Awake tile id="DefaultLobbyCard" (Frame=60)
DefaultLobbyCard Awake tile id="DefaultLobbyCard" (Frame=60)
DefaultLobbyCard Awake tile id="DefaultLobbyCard" (Frame=60)
DefaultLobbyCard Awake tile id="DefaultLobbyCard" (Frame=60)
DefaultLobbyCard Awake tile id="DefaultLobbyCard" (Frame=60)
DefaultLobbyCard Awake tile id="DefaultLobbyCard" (Frame=60)
DefaultLobbyCard Awake tile id="DefaultLobbyCard" (Frame=60)
DefaultLobbyCard Awake tile id="DefaultLobbyCard" (Frame=60)
DefaultLobbyCard Awake tile id="DefaultLobbyCard" (Frame=60)
DefaultLobbyCard Awake tile id="DefaultLobbyCard" (Frame=60)
DefaultLobbyCard Awake tile id="DefaultLobbyCard" (Frame=60)
DefaultLobbyCard Awake tile id="DefaultLobbyCard" (Frame=60)
DefaultLobbyCard Awake tile id="DefaultLobbyCard" (Frame=60)
DefaultLobbyCard Awake tile id="DefaultLobbyCard" (Frame=60)
DefaultLobbyCard Awake tile id="DefaultLobbyCard" (Frame=60)
DefaultLobbyCard Awake tile id="DefaultLobbyCard" (Frame=60)
DefaultLobbyCard Awake tile id="DefaultLobbyCard" (Frame=60)
DefaultLobbyCard Awake tile id="DefaultLobbyCard" (Frame=60)
DefaultLobbyCard Awake tile id="DefaultLobbyCard" (Frame=60)
DefaultLobbyCard Awake tile id="DefaultLobbyCard" (Frame=60)
DefaultLobbyCard Awake tile id="DefaultLobbyCard" (Frame=60)
DefaultLobbyCard Awake tile id="DefaultLobbyCard" (Frame=60)
DefaultLobbyCard Awake tile id="DefaultLobbyCard" (Frame=60)
DefaultLobbyCard Awake tile id="DefaultLobbyCard" (Frame=60)
DefaultLobbyCard Awake tile id="DefaultLobbyCard" (Frame=60)
DefaultLobbyCard Awake tile id="DefaultLobbyCard" (Frame=60)
DefaultLobbyCard Awake tile id="DefaultLobbyCard" (Frame=60)
DefaultLobbyCard Awake tile id="DefaultLobbyCard" (Frame=60)
DefaultLobbyCard Awake tile id="DefaultLobbyCard" (Frame=60)
DefaultLobbyCard Awake tile id="DefaultLobbyCard" (Frame=60)
DefaultLobbyCard Awake tile id="DefaultLobbyCard" (Frame=60)
DefaultLobbyCard Awake tile id="DefaultLobbyCard" (Frame=60)
DefaultLobbyCard Awake tile id="DefaultLobbyCard" (Frame=60)
DefaultLobbyCard Awake tile id="DefaultLobbyCard" (Frame=60)
DefaultLobbyCard Awake tile id="DefaultLobbyCard" (Frame=60)
DefaultLobbyCard Awake tile id="DefaultLobbyCard" (Frame=60)
DefaultLobbyCard Awake tile id="DefaultLobbyCard" (Frame=60)
DefaultLobbyCard Awake tile id="DefaultLobbyCard" (Frame=60)
DefaultLobbyCard Awake tile id="DefaultLobbyCard" (Frame=60)
DefaultLobbyCard Awake tile id="DefaultLobbyCard" (Frame=60)
DefaultLobbyCard Awake tile id="DefaultLobbyCard" (Frame=60)
DefaultLobbyCard Awake tile id="DefaultLobbyCard" (Frame=60)
DefaultLobbyCard Awake tile id="DefaultLobbyCard" (Frame=60)
DefaultLobbyCard Awake tile id="DefaultLobbyCard" (Frame=60)
DefaultLobbyCard Awake tile id="DefaultLobbyCard" (Frame=60)
DefaultLobbyCard Awake tile id="DefaultLobbyCard" (Frame=60)
DefaultLobbyCard Awake tile id="DefaultLobbyCard" (Frame=60)
DefaultLobbyCard Awake tile id="DefaultLobbyCard" (Frame=60)
DefaultLobbyCard Awake tile id="DefaultLobbyCard" (Frame=60)
DefaultLobbyCard Awake tile id="DefaultLobbyCard" (Frame=60)
DefaultLobbyCard Awake tile id="DefaultLobbyCard" (Frame=60)
DefaultLobbyCard Awake tile id="DefaultLobbyCard" (Frame=60)
DefaultLobbyCard Awake tile id="DefaultLobbyCard" (Frame=60)
DefaultLobbyCard Awake tile id="DefaultLobbyCard" (Frame=60)
DefaultLobbyCard Awake tile id="DefaultLobbyCard" (Frame=60)
DefaultLobbyCard Awake tile id="DefaultLobbyCard" (Frame=60)
DefaultLobbyCard Awake tile id="DefaultLobbyCard" (Frame=60)
DefaultLobbyCard Awake tile id="DefaultLobbyCard" (Frame=60)
DefaultLobbyCard Awake tile id="DefaultLobbyCard" (Frame=60)
DefaultLobbyCard Awake tile id="DefaultLobbyCard" (Frame=60)
DefaultLobbyCard Awake tile id="DefaultLobbyCard" (Frame=60)
DefaultLobbyCard Awake tile id="DefaultLobbyCard" (Frame=60)
DefaultLobbyCard Awake tile id="DefaultLobbyCard" (Frame=60)
MainLobbyScene Starting... (Frame=60)
LoadLobbyCards invoked (Frame=60)
LoadApp lobbyCard cardCount=2 (Frame=60)
LoadApp lobbyCard PrefabName="Game001LobbyCardHorizontalBar" (Frame=60)
LoadApp lobbyCard lobbyGroup="Continue Playing" (Frame=60)
LoadApp lobbyCard PrefabName="Game002LobbyCardNewRelease" (Frame=60)
LoadApp lobbyCard lobbyGroup="New Releases" (Frame=60)
DefaultLobbyCard Start tile id="DefaultLobbyCard" (Frame=60)
DefaultLobbyCard Start tile id="DefaultLobbyCard" (Frame=60)
DefaultLobbyCard Start tile id="DefaultLobbyCard" (Frame=60)
DefaultLobbyCard Start tile id="DefaultLobbyCard" (Frame=60)
DefaultLobbyCard Start tile id="DefaultLobbyCard" (Frame=60)
DefaultLobbyCard Start tile id="DefaultLobbyCard" (Frame=60)
DefaultLobbyCard Start tile id="DefaultLobbyCard" (Frame=60)
DefaultLobbyCard Start tile id="DefaultLobbyCard" (Frame=60)
DefaultLobbyCard Start tile id="DefaultLobbyCard" (Frame=60)
DefaultLobbyCard Start tile id="DefaultLobbyCard" (Frame=60)
DefaultLobbyCard Start tile id="DefaultLobbyCard" (Frame=60)
DefaultLobbyCard Start tile id="DefaultLobbyCard" (Frame=60)
DefaultLobbyCard Start tile id="DefaultLobbyCard" (Frame=60)
DefaultLobbyCard Start tile id="DefaultLobbyCard" (Frame=60)
DefaultLobbyCard Start tile id="DefaultLobbyCard" (Frame=60)
DefaultLobbyCard Start tile id="DefaultLobbyCard" (Frame=60)
DefaultLobbyCard Start tile id="DefaultLobbyCard" (Frame=60)
DefaultLobbyCard Start tile id="DefaultLobbyCard" (Frame=60)
DefaultLobbyCard Start tile id="DefaultLobbyCard" (Frame=60)
DefaultLobbyCard Start tile id="DefaultLobbyCard" (Frame=60)
DefaultLobbyCard Start tile id="DefaultLobbyCard" (Frame=60)
DefaultLobbyCard Start tile id="DefaultLobbyCard" (Frame=60)
DefaultLobbyCard Start tile id="DefaultLobbyCard" (Frame=60)
DefaultLobbyCard Start tile id="DefaultLobbyCard" (Frame=60)
DefaultLobbyCard Start tile id="DefaultLobbyCard" (Frame=60)
DefaultLobbyCard Start tile id="DefaultLobbyCard" (Frame=60)
DefaultLobbyCard Start tile id="DefaultLobbyCard" (Frame=60)
DefaultLobbyCard Start tile id="DefaultLobbyCard" (Frame=60)
DefaultLobbyCard Start tile id="DefaultLobbyCard" (Frame=60)
DefaultLobbyCard Start tile id="DefaultLobbyCard" (Frame=60)
DefaultLobbyCard Start tile id="DefaultLobbyCard" (Frame=60)
DefaultLobbyCard Start tile id="DefaultLobbyCard" (Frame=60)
DefaultLobbyCard Start tile id="DefaultLobbyCard" (Frame=60)
DefaultLobbyCard Start tile id="DefaultLobbyCard" (Frame=60)
DefaultLobbyCard Start tile id="DefaultLobbyCard" (Frame=60)
DefaultLobbyCard Start tile id="DefaultLobbyCard" (Frame=60)
DefaultLobbyCard Start tile id="DefaultLobbyCard" (Frame=60)
DefaultLobbyCard Start tile id="DefaultLobbyCard" (Frame=60)
DefaultLobbyCard Start tile id="DefaultLobbyCard" (Frame=60)
DefaultLobbyCard Start tile id="DefaultLobbyCard" (Frame=60)
DefaultLobbyCard Start tile id="DefaultLobbyCard" (Frame=60)
DefaultLobbyCard Start tile id="DefaultLobbyCard" (Frame=60)
DefaultLobbyCard Start tile id="DefaultLobbyCard" (Frame=60)
DefaultLobbyCard Start tile id="DefaultLobbyCard" (Frame=60)
DefaultLobbyCard Start tile id="DefaultLobbyCard" (Frame=60)
DefaultLobbyCard Start tile id="DefaultLobbyCard" (Frame=60)
DefaultLobbyCard Start tile id="DefaultLobbyCard" (Frame=60)
DefaultLobbyCard Start tile id="DefaultLobbyCard" (Frame=60)
DefaultLobbyCard Start tile id="DefaultLobbyCard" (Frame=60)
DefaultLobbyCard Start tile id="DefaultLobbyCard" (Frame=60)
DefaultLobbyCard Start tile id="DefaultLobbyCard" (Frame=60)
DefaultLobbyCard Start tile id="DefaultLobbyCard" (Frame=60)
DefaultLobbyCard Start tile id="DefaultLobbyCard" (Frame=60)
DefaultLobbyCard Start tile id="DefaultLobbyCard" (Frame=60)
DefaultLobbyCard Start tile id="DefaultLobbyCard" (Frame=60)
DefaultLobbyCard Start tile id="DefaultLobbyCard" (Frame=60)
DefaultLobbyCard Start tile id="DefaultLobbyCard" (Frame=60)
DefaultLobbyCard Start tile id="DefaultLobbyCard" (Frame=60)
DefaultLobbyCard Start tile id="DefaultLobbyCard" (Frame=60)
DefaultLobbyCard Start tile id="DefaultLobbyCard" (Frame=60)
DefaultLobbyCard Start tile id="DefaultLobbyCard" (Frame=60)
DefaultLobbyCard Start tile id="DefaultLobbyCard" (Frame=60)
DefaultLobbyCard Start tile id="DefaultLobbyCard" (Frame=60)
DefaultLobbyCard Start tile id="DefaultLobbyCard" (Frame=60)
DefaultLobbyCard Start tile id="DefaultLobbyCard" (Frame=60)
DefaultLobbyCard Start tile id="DefaultLobbyCard" (Frame=60)
DefaultLobbyCard Start tile id="DefaultLobbyCard" (Frame=60)
DefaultLobbyCard Start tile id="DefaultLobbyCard" (Frame=60)
DefaultLobbyCard Start tile id="DefaultLobbyCard" (Frame=60)
DefaultLobbyCard Start tile id="DefaultLobbyCard" (Frame=60)
DefaultLobbyCard Start tile id="DefaultLobbyCard" (Frame=60)
DefaultLobbyCard Start tile id="DefaultLobbyCard" (Frame=60)
DefaultLobbyCard Start tile id="DefaultLobbyCard" (Frame=60)
DefaultLobbyCard Start tile id="DefaultLobbyCard" (Frame=60)
DefaultLobbyCard Start tile id="DefaultLobbyCard" (Frame=60)
DefaultLobbyCard Start tile id="DefaultLobbyCard" (Frame=60)
DefaultLobbyCard Start tile id="DefaultLobbyCard" (Frame=60)
DefaultLobbyCard Start tile id="DefaultLobbyCard" (Frame=60)
DefaultLobbyCard Start tile id="DefaultLobbyCard" (Frame=60)
DefaultLobbyCard Start tile id="DefaultLobbyCard" (Frame=60)
DefaultLobbyCard Start tile id="DefaultLobbyCard" (Frame=60)
DefaultLobbyCard Start tile id="DefaultLobbyCard" (Frame=60)
DefaultLobbyCard Start tile id="DefaultLobbyCard" (Frame=60)
DefaultLobbyCard Start tile id="DefaultLobbyCard" (Frame=60)
DefaultLobbyCard Start tile id="DefaultLobbyCard" (Frame=60)
DefaultLobbyCard Start tile id="DefaultLobbyCard" (Frame=60)
DefaultLobbyCard Start tile id="DefaultLobbyCard" (Frame=60)
DefaultLobbyCard Start tile id="DefaultLobbyCard" (Frame=60)
DefaultLobbyCard Start tile id="DefaultLobbyCard" (Frame=60)
DefaultLobbyCard Start tile id="DefaultLobbyCard" (Frame=60)
DefaultLobbyCard Start tile id="DefaultLobbyCard" (Frame=60)
DefaultLobbyCard Start tile id="DefaultLobbyCard" (Frame=60)
DefaultLobbyCard Start tile id="DefaultLobbyCard" (Frame=60)
DefaultLobbyCard Start tile id="DefaultLobbyCard" (Frame=60)
DefaultLobbyCard Start tile id="DefaultLobbyCard" (Frame=60)
DefaultLobbyCard Start tile id="DefaultLobbyCard" (Frame=60)
DefaultLobbyCard Start tile id="DefaultLobbyCard" (Frame=60)
DefaultLobbyCard Start tile id="DefaultLobbyCard" (Frame=60)
DefaultLobbyCard Start tile id="DefaultLobbyCard" (Frame=60)
DefaultLobbyCard Start tile id="DefaultLobbyCard" (Frame=60)
DefaultLobbyCard Start tile id="DefaultLobbyCard" (Frame=60)
DefaultLobbyCard Start tile id="DefaultLobbyCard" (Frame=60)
DefaultLobbyCard Start tile id="DefaultLobbyCard" (Frame=60)
DefaultLobbyCard Start tile id="DefaultLobbyCard" (Frame=60)
DefaultLobbyCard Start tile id="DefaultLobbyCard" (Frame=60)
DefaultLobbyCard Start tile id="DefaultLobbyCard" (Frame=60)
DefaultLobbyCard Start tile id="DefaultLobbyCard" (Frame=60)
DefaultLobbyCard Start tile id="DefaultLobbyCard" (Frame=60)
DefaultLobbyCard Start tile id="DefaultLobbyCard" (Frame=60)
DefaultLobbyCard Start tile id="DefaultLobbyCard" (Frame=60)
DefaultLobbyCard Start tile id="DefaultLobbyCard" (Frame=60)
DefaultLobbyCard Start tile id="DefaultLobbyCard" (Frame=60)
DefaultLobbyCard Start tile id="DefaultLobbyCard" (Frame=60)
Game001LobbyCard Awake tile id="Game001LobbyCard" (Frame=62)
Game002LobbyCard Awake tile id="Game002LobbyCard" (Frame=62)
Game001LobbyCard Start tile id="Game001LobbyCard" (Frame=62)
Game002LobbyCard Start tile id="Game002LobbyCard" (Frame=62)
Game001LobbyCard OnPointerClick tile id="Game001LobbyCard" (Frame=70)
Game001LobbyCard:LoadMachineScene ... Scene Load starting... (Frame=70)
scriptName=Game001BaseGameReel loaded successfully at frame=71
scriptName=Game001FreeSpinsReel4 loaded successfully at frame=71
scriptName=Game001BaseGameReel2 loaded successfully at frame=71
scriptName=Game001BaseGameReel1 loaded successfully at frame=71
scriptName=Game001FreeSpinsReel5 loaded successfully at frame=71
scriptName=Game001FreeSpinsReel3 loaded successfully at frame=71
scriptName=Game001FreeSpinsReel2 loaded successfully at frame=71
scriptName=Game001BaseGameMachine loaded successfully at frame=71
scriptName=Game001Debug loaded successfully at frame=71
scriptName=Game001BaseGameReel5 loaded successfully at frame=71
scriptName=Game001WheelMachine loaded successfully at frame=71
scriptName=Game001FreeSpinsReel loaded successfully at frame=71
scriptName=Game001Models loaded successfully at frame=71
scriptName=Game001BaseGameReel4 loaded successfully at frame=71
scriptName=Game001FreeSpinsReel1 loaded successfully at frame=71
scriptName=Game001BaseGameReel3 loaded successfully at frame=71
scriptName=Game001FreeSpinsMachine loaded successfully at frame=71
scriptName=Game001FreeSpinsBackground loaded successfully at frame=71
scriptName=Game001 loaded successfully at frame=71
scriptName=Game001BaseGameBackground loaded successfully at frame=71
AddScriptsToTable 20 scripts took 0.1441841 seconds
Game001 Awake tile id="Game001" (Frame=75)
Game001:Start tile id="Game001" (Frame=75)
Game001:LoadBaseGameBackgroundPrefab tile id="Game001" (Frame=75)
Game001BaseGameBackground Awake tile id="Game001BaseGameBackground" (Frame=77)
Game001:LoadFreeSpinsBackgroundPrefab tile id="Game001" (Frame=77)
Game001FreeSpinsBackground Awake tile id="Game001FreeSpinsBackground" (Frame=79)
animator animationStateName=start gameObject=Pivot path=/Game/Backgrounds/Pivot/BaseGameBackgroundParent/Pivot/Game001BaseGameBackground(Clone)/Pivot
Game001BaseGameMachine Awake tile id="Game001BaseGameMachine" (Frame=90)
Game001BaseGameReel Awake tile id="Game001BaseGameReel1" (Frame=90)
Game001BaseGameReel Awake tile id="Game001BaseGameReel2" (Frame=90)
Game001BaseGameReel Awake tile id="Game001BaseGameReel3" (Frame=90)
Game001BaseGameReel Awake tile id="Game001BaseGameReel4" (Frame=90)
Game001BaseGameReel Awake tile id="Game001BaseGameReel5" (Frame=90)
animator animationStateName=start gameObject=Pivot path=/Game/Machines/Pivot/BaseGameMachineParent/Pivot/Game001BaseGameMachine(Clone)/Pivot
Game001BaseGameReel Start tile id="Game001BaseGameReel1" (Frame=90)
Game001BaseGameReel Start tile id="Game001BaseGameReel2" (Frame=90)
Game001BaseGameReel Start tile id="Game001BaseGameReel3" (Frame=90)
Game001BaseGameReel Start tile id="Game001BaseGameReel4" (Frame=90)
Game001BaseGameReel Start tile id="Game001BaseGameReel5" (Frame=90)
Game001BaseGameMachine OnPointerClick tile id="Game001BaseGameMachine" (Frame=91)
Game001BaseGameReel StartEngines tile id="Game001BaseGameReel1" (Frame=92)
Game001BaseGameReel StartEngines tile id="Game001BaseGameReel2" (Frame=92)
Game001BaseGameReel StartEngines tile id="Game001BaseGameReel3" (Frame=92)
Game001BaseGameReel StartEngines tile id="Game001BaseGameReel4" (Frame=92)
Game001BaseGameReel StartEngines tile id="Game001BaseGameReel5" (Frame=92)
scriptName=Game001Outcome000000001 loaded successfully at frame=97
animator animationStateName=win gameObject=Pivot path=/Game/Machines/Pivot/BaseGameMachineParent/Pivot/Game001BaseGameMachine(Clone)/Pivot/Reels/Pivot/BaseGameReel1/Symbol3/Pivot/BaseGameSymbol/F6/Pivot
animator animationStateName=win gameObject=Pivot path=/Game/Machines/Pivot/BaseGameMachineParent/Pivot/Game001BaseGameMachine(Clone)/Pivot/Reels/Pivot/BaseGameReel2/Symbol4/Pivot/BaseGameSymbol/F8/Pivot
animator animationStateName=win gameObject=Pivot path=/Game/Machines/Pivot/BaseGameMachineParent/Pivot/Game001BaseGameMachine(Clone)/Pivot/Reels/Pivot/BaseGameReel3/Symbol3/Pivot/BaseGameSymbol/F5/Pivot
animator animationStateName=win gameObject=Pivot path=/Game/Machines/Pivot/BaseGameMachineParent/Pivot/Game001BaseGameMachine(Clone)/Pivot/Reels/Pivot/BaseGameReel1/Symbol4/Pivot/BaseGameSymbol/F5/Pivot
animator animationStateName=win gameObject=Pivot path=/Game/Machines/Pivot/BaseGameMachineParent/Pivot/Game001BaseGameMachine(Clone)/Pivot/Reels/Pivot/BaseGameReel2/Symbol5/Pivot/BaseGameSymbol/F5/Pivot
animator animationStateName=win gameObject=Pivot path=/Game/Machines/Pivot/BaseGameMachineParent/Pivot/Game001BaseGameMachine(Clone)/Pivot/Reels/Pivot/BaseGameReel3/Symbol4/Pivot/BaseGameSymbol/F5/Pivot
animator animationStateName=win gameObject=Pivot path=/Game/Machines/Pivot/BaseGameMachineParent/Pivot/Game001BaseGameMachine(Clone)/Pivot/Reels/Pivot/BaseGameReel1/Symbol3/Pivot/BaseGameSymbol/F6/Pivot
animator animationStateName=win gameObject=Pivot path=/Game/Machines/Pivot/BaseGameMachineParent/Pivot/Game001BaseGameMachine(Clone)/Pivot/Reels/Pivot/BaseGameReel2/Symbol4/Pivot/BaseGameSymbol/F8/Pivot
animator animationStateName=win gameObject=Pivot path=/Game/Machines/Pivot/BaseGameMachineParent/Pivot/Game001BaseGameMachine(Clone)/Pivot/Reels/Pivot/BaseGameReel3/Symbol3/Pivot/BaseGameSymbol/F5/Pivot
animator animationStateName=win gameObject=Pivot path=/Game/Machines/Pivot/BaseGameMachineParent/Pivot/Game001BaseGameMachine(Clone)/Pivot/Reels/Pivot/BaseGameReel1/Symbol4/Pivot/BaseGameSymbol/F5/Pivot
animator animationStateName=win gameObject=Pivot path=/Game/Machines/Pivot/BaseGameMachineParent/Pivot/Game001BaseGameMachine(Clone)/Pivot/Reels/Pivot/BaseGameReel2/Symbol5/Pivot/BaseGameSymbol/F5/Pivot
animator animationStateName=win gameObject=Pivot path=/Game/Machines/Pivot/BaseGameMachineParent/Pivot/Game001BaseGameMachine(Clone)/Pivot/Reels/Pivot/BaseGameReel3/Symbol4/Pivot/BaseGameSymbol/F5/Pivot
animator animationStateName=win gameObject=Pivot path=/Game/Machines/Pivot/BaseGameMachineParent/Pivot/Game001BaseGameMachine(Clone)/Pivot/Reels/Pivot/BaseGameReel1/Symbol3/Pivot/BaseGameSymbol/F6/Pivot
animator animationStateName=win gameObject=Pivot path=/Game/Machines/Pivot/BaseGameMachineParent/Pivot/Game001BaseGameMachine(Clone)/Pivot/Reels/Pivot/BaseGameReel2/Symbol4/Pivot/BaseGameSymbol/F8/Pivot
animator animationStateName=win gameObject=Pivot path=/Game/Machines/Pivot/BaseGameMachineParent/Pivot/Game001BaseGameMachine(Clone)/Pivot/Reels/Pivot/BaseGameReel3/Symbol3/Pivot/BaseGameSymbol/F5/Pivot
animator animationStateName=win gameObject=Pivot path=/Game/Machines/Pivot/BaseGameMachineParent/Pivot/Game001BaseGameMachine(Clone)/Pivot/Reels/Pivot/BaseGameReel1/Symbol4/Pivot/BaseGameSymbol/F5/Pivot
animator animationStateName=win gameObject=Pivot path=/Game/Machines/Pivot/BaseGameMachineParent/Pivot/Game001BaseGameMachine(Clone)/Pivot/Reels/Pivot/BaseGameReel2/Symbol5/Pivot/BaseGameSymbol/F5/Pivot
animator animationStateName=win gameObject=Pivot path=/Game/Machines/Pivot/BaseGameMachineParent/Pivot/Game001BaseGameMachine(Clone)/Pivot/Reels/Pivot/BaseGameReel3/Symbol4/Pivot/BaseGameSymbol/F5/Pivot
Game001BaseGameMachine OnPointerClick tile id="Game001BaseGameMachine" (Frame=160)
scriptName=Game001Outcome000000002 loaded successfully at frame=166
animator animationStateName=win gameObject=Pivot path=/Game/Machines/Pivot/BaseGameMachineParent/Pivot/Game001BaseGameMachine(Clone)/Pivot/Reels/Pivot/BaseGameReel1/Symbol3/Pivot/BaseGameSymbol/F6/Pivot
animator animationStateName=win gameObject=Pivot path=/Game/Machines/Pivot/BaseGameMachineParent/Pivot/Game001BaseGameMachine(Clone)/Pivot/Reels/Pivot/BaseGameReel2/Symbol4/Pivot/BaseGameSymbol/F5/Pivot
animator animationStateName=win gameObject=Pivot path=/Game/Machines/Pivot/BaseGameMachineParent/Pivot/Game001BaseGameMachine(Clone)/Pivot/Reels/Pivot/BaseGameReel3/Symbol3/Pivot/BaseGameSymbol/F5/Pivot
animator animationStateName=win gameObject=Pivot path=/Game/Machines/Pivot/BaseGameMachineParent/Pivot/Game001BaseGameMachine(Clone)/Pivot/Reels/Pivot/BaseGameReel1/Symbol3/Pivot/BaseGameSymbol/F6/Pivot
animator animationStateName=win gameObject=Pivot path=/Game/Machines/Pivot/BaseGameMachineParent/Pivot/Game001BaseGameMachine(Clone)/Pivot/Reels/Pivot/BaseGameReel2/Symbol4/Pivot/BaseGameSymbol/F5/Pivot
animator animationStateName=win gameObject=Pivot path=/Game/Machines/Pivot/BaseGameMachineParent/Pivot/Game001BaseGameMachine(Clone)/Pivot/Reels/Pivot/BaseGameReel3/Symbol3/Pivot/BaseGameSymbol/F5/Pivot
animator animationStateName=win gameObject=Pivot path=/Game/Machines/Pivot/BaseGameMachineParent/Pivot/Game001BaseGameMachine(Clone)/Pivot/Reels/Pivot/BaseGameReel1/Symbol3/Pivot/BaseGameSymbol/F6/Pivot
animator animationStateName=win gameObject=Pivot path=/Game/Machines/Pivot/BaseGameMachineParent/Pivot/Game001BaseGameMachine(Clone)/Pivot/Reels/Pivot/BaseGameReel2/Symbol4/Pivot/BaseGameSymbol/F5/Pivot
animator animationStateName=win gameObject=Pivot path=/Game/Machines/Pivot/BaseGameMachineParent/Pivot/Game001BaseGameMachine(Clone)/Pivot/Reels/Pivot/BaseGameReel3/Symbol3/Pivot/BaseGameSymbol/F5/Pivot
Game001BaseGameMachine OnPointerClick tile id="Game001BaseGameMachine" (Frame=210)
scriptName=Game001Outcome000000003 loaded successfully at frame=215
animator animationStateName=freespinstrigger gameObject=Pivot path=/Game/Backgrounds/Pivot/BaseGameBackgroundParent/Pivot/Game001BaseGameBackground(Clone)/Pivot
animator animationStateName=free_spins_trigger_fade_in gameObject=Pivot path=/Game/Machines/Pivot/BaseGameMachineParent/Pivot/Game001BaseGameMachine(Clone)/Pivot
animator animationStateName=slide_in gameObject=Pivot path=/Game/ReelOverlays/Pivot/FreeSpinsTriggerOverlayParent/Pivot
animator animationStateName=hide gameObject=Pivot path=/Game/Backgrounds/Pivot/BaseGameBackgroundParent/Pivot/Game001BaseGameBackground(Clone)/Pivot
animator animationStateName=slide_out gameObject=Pivot path=/Game/ReelOverlays/Pivot/FreeSpinsTriggerOverlayParent/Pivot
animator animationStateName=start gameObject=Pivot path=/Game/Backgrounds/Pivot/FreeSpinsBackgroundParent/Pivot/Game001FreeSpinsBackground(Clone)/Pivot
Game001FreeSpinsMachine Awake tile id="Game001FreeSpinsMachine" (Frame=265)
Game001FreeSpinsReel Awake tile id="Game001FreeSpinsReel1" (Frame=265)
Game001FreeSpinsReel Awake tile id="Game001FreeSpinsReel2" (Frame=265)
Game001FreeSpinsReel Awake tile id="Game001FreeSpinsReel3" (Frame=265)
Game001FreeSpinsReel Awake tile id="Game001FreeSpinsReel4" (Frame=265)
Game001FreeSpinsReel Awake tile id="Game001FreeSpinsReel5" (Frame=265)
animator animationStateName=overlay_fade_in gameObject=Pivot path=/Game/Machines/Pivot/FreeSpinsMachineParent/Pivot/Game001FreeSpinsMachine(Clone)/Pivot
Game001FreeSpinsMachine Start tile id="Game001FreeSpinsMachine" (Frame=265)
Game001FreeSpinsReel Start tile id="Game001FreeSpinsReel1" (Frame=265)
Game001FreeSpinsReel Start tile id="Game001FreeSpinsReel2" (Frame=265)
Game001FreeSpinsReel Start tile id="Game001FreeSpinsReel3" (Frame=265)
Game001FreeSpinsReel Start tile id="Game001FreeSpinsReel4" (Frame=265)
Game001FreeSpinsReel Start tile id="Game001FreeSpinsReel5" (Frame=265)
animator animationStateName=start gameObject=Pivot path=/Game/Machines/Pivot/FreeSpinsMachineParent/Pivot/Game001FreeSpinsMachine(Clone)/Pivot/Bonus Symbols Background/Pivot
animator animationStateName=hide gameObject=Pivot path=/Game/Machines/Pivot/FreeSpinsMachineParent/Pivot/Game001FreeSpinsMachine(Clone)/Pivot/Bonus Symbols Background/Pivot
animator animationStateName=overlay_fade_out gameObject=Pivot path=/Game/Machines/Pivot/FreeSpinsMachineParent/Pivot/Game001FreeSpinsMachine(Clone)/Pivot
animator animationStateName=spin_button_fade_in gameObject=Pivot path=/Game/Machines/Pivot/FreeSpinsMachineParent/Pivot/Game001FreeSpinsMachine(Clone)/Pivot
Game001FreeSpinsMachine OnPointerClick tile id="Game001FreeSpinsMachine" param="spin" (Frame=398)
animator animationStateName=spin_button_fade_out gameObject=Pivot path=/Game/Machines/Pivot/FreeSpinsMachineParent/Pivot/Game001FreeSpinsMachine(Clone)/Pivot
Game001FreeSpinsReel StartEngines tile id="Game001FreeSpinsReel1" (Frame=405)
Game001FreeSpinsReel StartEngines tile id="Game001FreeSpinsReel2" (Frame=405)
Game001FreeSpinsReel StartEngines tile id="Game001FreeSpinsReel3" (Frame=405)
Game001FreeSpinsReel StartEngines tile id="Game001FreeSpinsReel4" (Frame=405)
Game001FreeSpinsReel StartEngines tile id="Game001FreeSpinsReel5" (Frame=405)
skipSplice=false reelID="Reel1" (Frame=411)
skipSplice=false reelID="Reel2" (Frame=412)
skipSplice=false reelID="Reel3" (Frame=413)
skipSplice=false reelID="Reel4" (Frame=415)
Tests.cs RunFreeSpins currentFreeSpin=1
skipSplice=false reelID="Reel5" (Frame=417)
Tests.cs RunFreeSpins currentFreeSpin=1
Tests.cs RunFreeSpins currentFreeSpin=1
animator animationStateName=winX gameObject=Pivot path=/Game/Machines/Pivot/FreeSpinsMachineParent/Pivot/Game001FreeSpinsMachine(Clone)/Pivot/Bonus Reels/Reels/Pivot/FreeSpinsReel2/Symbol4/Pivot/FreeSpinsSymbol/WinX/Pivot
!activeSelf animator animationStateName=winX gameObject=Pivot path=/Game/Machines/Pivot/FreeSpinsMachineParent/Pivot/Game001FreeSpinsMachine(Clone)/Pivot/Bonus Reels/Reels/Pivot/FreeSpinsReel2/Symbol4/Pivot/FreeSpinsSymbol/WinX/Pivot
Game object with animator is inactive
animator animationStateName=boost gameObject=Pivot path=/Game/Machines/Pivot/FreeSpinsMachineParent/Pivot/Game001FreeSpinsMachine(Clone)/Pivot/Bonus Reels/Reels/Pivot/FreeSpinsReel4/Symbol3/Pivot/FreeSpinsSymbol/Boost/Pivot
!activeSelf animator animationStateName=boost gameObject=Pivot path=/Game/Machines/Pivot/FreeSpinsMachineParent/Pivot/Game001FreeSpinsMachine(Clone)/Pivot/Bonus Reels/Reels/Pivot/FreeSpinsReel4/Symbol3/Pivot/FreeSpinsSymbol/Boost/Pivot
Game object with animator is inactive
Tests.cs RunFreeSpins currentFreeSpin=1
animator animationStateName=boost gameObject=Pivot path=/Game/Machines/Pivot/FreeSpinsMachineParent/Pivot/Game001FreeSpinsMachine(Clone)/Pivot/Bonus Reels/Reels/Pivot/FreeSpinsReel4/Symbol4/Pivot/FreeSpinsSymbol/Boost/Pivot
animator animationStateName=boost gameObject=Pivot path=/Game/Machines/Pivot/FreeSpinsMachineParent/Pivot/Game001FreeSpinsMachine(Clone)/Pivot/Bonus Reels/Reels/Pivot/FreeSpinsReel4/Symbol5/Pivot/FreeSpinsSymbol/Boost/Pivot
Tests.cs RunFreeSpins currentFreeSpin=1
Tests.cs RunFreeSpins currentFreeSpin=1
Tests.cs RunFreeSpins currentFreeSpin=1
Tests.cs RunFreeSpins currentFreeSpin=1
Tests.cs RunFreeSpins currentFreeSpin=1
Tests.cs RunFreeSpins currentFreeSpin=1
animator animationStateName=reset gameObject=Pivot path=/Game/Machines/Pivot/FreeSpinsMachineParent/Pivot/Game001FreeSpinsMachine(Clone)/Pivot/Bonus Reels/Reels/Pivot/FreeSpinsReel2/Symbol4/Pivot/FreeSpinsSymbol/WinX/Pivot
!activeSelf animator animationStateName=reset gameObject=Pivot path=/Game/Machines/Pivot/FreeSpinsMachineParent/Pivot/Game001FreeSpinsMachine(Clone)/Pivot/Bonus Reels/Reels/Pivot/FreeSpinsReel2/Symbol4/Pivot/FreeSpinsSymbol/WinX/Pivot
Game object with animator is inactive
Tests.cs RunFreeSpins currentFreeSpin=1
animator animationStateName=reset gameObject=Pivot path=/Game/Machines/Pivot/FreeSpinsMachineParent/Pivot/Game001FreeSpinsMachine(Clone)/Pivot/Bonus Reels/Reels/Pivot/FreeSpinsReel4/Symbol3/Pivot/FreeSpinsSymbol/Boost/Pivot
!activeSelf animator animationStateName=reset gameObject=Pivot path=/Game/Machines/Pivot/FreeSpinsMachineParent/Pivot/Game001FreeSpinsMachine(Clone)/Pivot/Bonus Reels/Reels/Pivot/FreeSpinsReel4/Symbol3/Pivot/FreeSpinsSymbol/Boost/Pivot
Game object with animator is inactive
animator animationStateName=reset gameObject=Pivot path=/Game/Machines/Pivot/FreeSpinsMachineParent/Pivot/Game001FreeSpinsMachine(Clone)/Pivot/Bonus Reels/Reels/Pivot/FreeSpinsReel4/Symbol4/Pivot/FreeSpinsSymbol/Boost/Pivot
Tests.cs RunFreeSpins currentFreeSpin=1
animator animationStateName=reset gameObject=Pivot path=/Game/Machines/Pivot/FreeSpinsMachineParent/Pivot/Game001FreeSpinsMachine(Clone)/Pivot/Bonus Reels/Reels/Pivot/FreeSpinsReel4/Symbol5/Pivot/FreeSpinsSymbol/Boost/Pivot
Tests.cs RunFreeSpins currentFreeSpin=1
animator animationStateName=win gameObject=Pivot path=/Game/Machines/Pivot/FreeSpinsMachineParent/Pivot/Game001FreeSpinsMachine(Clone)/Pivot/Bonus Reels/Reels/Pivot/FreeSpinsReel1/Symbol4/Pivot/FreeSpinsSymbol/F9/Pivot
animator animationStateName=win gameObject=Pivot path=/Game/Machines/Pivot/FreeSpinsMachineParent/Pivot/Game001FreeSpinsMachine(Clone)/Pivot/Bonus Reels/Reels/Pivot/FreeSpinsReel2/Symbol5/Pivot/FreeSpinsSymbol/WinX/Pivot
animator animationStateName=win gameObject=Pivot path=/Game/Machines/Pivot/FreeSpinsMachineParent/Pivot/Game001FreeSpinsMachine(Clone)/Pivot/Bonus Reels/Reels/Pivot/FreeSpinsReel3/Symbol4/Pivot/FreeSpinsSymbol/F6/Pivot
Tests.cs RunFreeSpins currentFreeSpin=1
Tests.cs RunFreeSpins currentFreeSpin=1
Tests.cs RunFreeSpins currentFreeSpin=1
Tests.cs RunFreeSpins currentFreeSpin=1
Tests.cs RunFreeSpins currentFreeSpin=2
Tests.cs RunFreeSpins currentFreeSpin=2
skipSplice=false reelID="Reel1" (Frame=483)
skipSplice=false reelID="Reel2" (Frame=484)
skipSplice=false reelID="Reel3" (Frame=485)
Tests.cs RunFreeSpins currentFreeSpin=2
skipSplice=false reelID="Reel4" (Frame=487)
Tests.cs RunFreeSpins currentFreeSpin=2
skipSplice=false reelID="Reel5" (Frame=489)
Tests.cs RunFreeSpins currentFreeSpin=2
animator animationStateName=boost gameObject=Pivot path=/Game/Machines/Pivot/FreeSpinsMachineParent/Pivot/Game001FreeSpinsMachine(Clone)/Pivot/Bonus Reels/Reels/Pivot/FreeSpinsReel4/Symbol5/Pivot/FreeSpinsSymbol/Boost/Pivot
!activeSelf animator animationStateName=boost gameObject=Pivot path=/Game/Machines/Pivot/FreeSpinsMachineParent/Pivot/Game001FreeSpinsMachine(Clone)/Pivot/Bonus Reels/Reels/Pivot/FreeSpinsReel4/Symbol5/Pivot/FreeSpinsSymbol/Boost/Pivot
Game object with animator is inactive
Tests.cs RunFreeSpins currentFreeSpin=2
animator animationStateName=winX gameObject=Pivot path=/Game/Machines/Pivot/FreeSpinsMachineParent/Pivot/Game001FreeSpinsMachine(Clone)/Pivot/Bonus Reels/Reels/Pivot/FreeSpinsReel5/Symbol5/Pivot/FreeSpinsSymbol/WinX/Pivot
!activeSelf animator animationStateName=winX gameObject=Pivot path=/Game/Machines/Pivot/FreeSpinsMachineParent/Pivot/Game001FreeSpinsMachine(Clone)/Pivot/Bonus Reels/Reels/Pivot/FreeSpinsReel5/Symbol5/Pivot/FreeSpinsSymbol/WinX/Pivot
Game object with animator is inactive
Tests.cs RunFreeSpins currentFreeSpin=2
Tests.cs RunFreeSpins currentFreeSpin=2
Tests.cs RunFreeSpins currentFreeSpin=2
Tests.cs RunFreeSpins currentFreeSpin=2
animator animationStateName=multiplier gameObject=Pivot path=/Game/Machines/Pivot/FreeSpinsMachineParent/Pivot/Game001FreeSpinsMachine(Clone)/Pivot/Bonus Symbols/Pivot/Column5/Symbols/Pivot/Symbol8/Default/Pivot
Tests.cs RunFreeSpins currentFreeSpin=2
animator animationStateName=reset gameObject=Pivot path=/Game/Machines/Pivot/FreeSpinsMachineParent/Pivot/Game001FreeSpinsMachine(Clone)/Pivot/Bonus Reels/Reels/Pivot/FreeSpinsReel4/Symbol5/Pivot/FreeSpinsSymbol/Boost/Pivot
!activeSelf animator animationStateName=reset gameObject=Pivot path=/Game/Machines/Pivot/FreeSpinsMachineParent/Pivot/Game001FreeSpinsMachine(Clone)/Pivot/Bonus Reels/Reels/Pivot/FreeSpinsReel4/Symbol5/Pivot/FreeSpinsSymbol/Boost/Pivot
Game object with animator is inactive
animator animationStateName=reset gameObject=Pivot path=/Game/Machines/Pivot/FreeSpinsMachineParent/Pivot/Game001FreeSpinsMachine(Clone)/Pivot/Bonus Reels/Reels/Pivot/FreeSpinsReel5/Symbol5/Pivot/FreeSpinsSymbol/WinX/Pivot
!activeSelf animator animationStateName=reset gameObject=Pivot path=/Game/Machines/Pivot/FreeSpinsMachineParent/Pivot/Game001FreeSpinsMachine(Clone)/Pivot/Bonus Reels/Reels/Pivot/FreeSpinsReel5/Symbol5/Pivot/FreeSpinsSymbol/WinX/Pivot
Game object with animator is inactive
Tests.cs RunFreeSpins currentFreeSpin=2
Tests.cs RunFreeSpins currentFreeSpin=2
Tests.cs RunFreeSpins currentFreeSpin=2
Tests.cs RunFreeSpins currentFreeSpin=3
skipSplice=false reelID="Reel1" (Frame=530)
Tests.cs RunFreeSpins currentFreeSpin=3
skipSplice=false reelID="Reel2" (Frame=531)
skipSplice=false reelID="Reel3" (Frame=532)
skipSplice=false reelID="Reel4" (Frame=533)
Tests.cs RunFreeSpins currentFreeSpin=3
skipSplice=false reelID="Reel5" (Frame=536)
Tests.cs RunFreeSpins currentFreeSpin=3
Tests.cs RunFreeSpins currentFreeSpin=3
animator animationStateName=show gameObject=Pivot path=/Game/Machines/Pivot/FreeSpinsMachineParent/Pivot/Game001FreeSpinsMachine(Clone)/Pivot/Bonus Symbols Free Spins Added Frame/Pivot
Tests.cs RunFreeSpins currentFreeSpin=3
Tests.cs RunFreeSpins currentFreeSpin=3
Tests.cs RunFreeSpins currentFreeSpin=3
Tests.cs RunFreeSpins currentFreeSpin=3
Tests.cs RunFreeSpins currentFreeSpin=4
skipSplice=false reelID="Reel1" (Frame=561)
skipSplice=false reelID="Reel2" (Frame=562)
Tests.cs RunFreeSpins currentFreeSpin=4
skipSplice=false reelID="Reel3" (Frame=563)
skipSplice=false reelID="Reel4" (Frame=564)
Tests.cs RunFreeSpins currentFreeSpin=4
skipSplice=true reelID="Reel5" (Frame=567)
Tests.cs RunFreeSpins currentFreeSpin=4
animator animationStateName=boostALL gameObject=Pivot path=/Game/Machines/Pivot/FreeSpinsMachineParent/Pivot/Game001FreeSpinsMachine(Clone)/Pivot/Bonus Reels/Reels/Pivot/FreeSpinsReel2/Symbol3/Pivot/FreeSpinsSymbol/BoostALL/Pivot
Tests.cs RunFreeSpins currentFreeSpin=4
Tests.cs RunFreeSpins currentFreeSpin=4
animator animationStateName=reset gameObject=Pivot path=/Game/Machines/Pivot/FreeSpinsMachineParent/Pivot/Game001FreeSpinsMachine(Clone)/Pivot/Bonus Reels/Reels/Pivot/FreeSpinsReel2/Symbol3/Pivot/FreeSpinsSymbol/BoostALL/Pivot
Tests.cs RunFreeSpins currentFreeSpin=4
Tests.cs RunFreeSpins currentFreeSpin=4
Tests.cs RunFreeSpins currentFreeSpin=5
skipSplice=false reelID="Reel1" (Frame=592)
Tests.cs RunFreeSpins currentFreeSpin=5
skipSplice=false reelID="Reel2" (Frame=593)
skipSplice=false reelID="Reel3" (Frame=594)
skipSplice=false reelID="Reel4" (Frame=596)
Tests.cs RunFreeSpins currentFreeSpin=5
skipSplice=false reelID="Reel5" (Frame=598)
Tests.cs RunFreeSpins currentFreeSpin=5
Tests.cs RunFreeSpins currentFreeSpin=5
animator animationStateName=boost gameObject=Pivot path=/Game/Machines/Pivot/FreeSpinsMachineParent/Pivot/Game001FreeSpinsMachine(Clone)/Pivot/Bonus Reels/Reels/Pivot/FreeSpinsReel5/Symbol4/Pivot/FreeSpinsSymbol/Boost/Pivot
!activeSelf animator animationStateName=boost gameObject=Pivot path=/Game/Machines/Pivot/FreeSpinsMachineParent/Pivot/Game001FreeSpinsMachine(Clone)/Pivot/Bonus Reels/Reels/Pivot/FreeSpinsReel5/Symbol4/Pivot/FreeSpinsSymbol/Boost/Pivot
Game object with animator is inactive
animator animationStateName=boost gameObject=Pivot path=/Game/Machines/Pivot/FreeSpinsMachineParent/Pivot/Game001FreeSpinsMachine(Clone)/Pivot/Bonus Reels/Reels/Pivot/FreeSpinsReel5/Symbol5/Pivot/FreeSpinsSymbol/Boost/Pivot
!activeSelf animator animationStateName=boost gameObject=Pivot path=/Game/Machines/Pivot/FreeSpinsMachineParent/Pivot/Game001FreeSpinsMachine(Clone)/Pivot/Bonus Reels/Reels/Pivot/FreeSpinsReel5/Symbol5/Pivot/FreeSpinsSymbol/Boost/Pivot
Game object with animator is inactive
Tests.cs RunFreeSpins currentFreeSpin=5
Tests.cs RunFreeSpins currentFreeSpin=5
Tests.cs RunFreeSpins currentFreeSpin=5
Tests.cs RunFreeSpins currentFreeSpin=5
animator animationStateName=reset gameObject=Pivot path=/Game/Machines/Pivot/FreeSpinsMachineParent/Pivot/Game001FreeSpinsMachine(Clone)/Pivot/Bonus Reels/Reels/Pivot/FreeSpinsReel5/Symbol4/Pivot/FreeSpinsSymbol/Boost/Pivot
!activeSelf animator animationStateName=reset gameObject=Pivot path=/Game/Machines/Pivot/FreeSpinsMachineParent/Pivot/Game001FreeSpinsMachine(Clone)/Pivot/Bonus Reels/Reels/Pivot/FreeSpinsReel5/Symbol4/Pivot/FreeSpinsSymbol/Boost/Pivot
Game object with animator is inactive
animator animationStateName=reset gameObject=Pivot path=/Game/Machines/Pivot/FreeSpinsMachineParent/Pivot/Game001FreeSpinsMachine(Clone)/Pivot/Bonus Reels/Reels/Pivot/FreeSpinsReel5/Symbol5/Pivot/FreeSpinsSymbol/Boost/Pivot
!activeSelf animator animationStateName=reset gameObject=Pivot path=/Game/Machines/Pivot/FreeSpinsMachineParent/Pivot/Game001FreeSpinsMachine(Clone)/Pivot/Bonus Reels/Reels/Pivot/FreeSpinsReel5/Symbol5/Pivot/FreeSpinsSymbol/Boost/Pivot
Game object with animator is inactive
Tests.cs RunFreeSpins currentFreeSpin=5
animator animationStateName=win gameObject=Pivot path=/Game/Machines/Pivot/FreeSpinsMachineParent/Pivot/Game001FreeSpinsMachine(Clone)/Pivot/Bonus Reels/Reels/Pivot/FreeSpinsReel1/Symbol4/Pivot/FreeSpinsSymbol/F5/Pivot
animator animationStateName=win gameObject=Pivot path=/Game/Machines/Pivot/FreeSpinsMachineParent/Pivot/Game001FreeSpinsMachine(Clone)/Pivot/Bonus Reels/Reels/Pivot/FreeSpinsReel2/Symbol3/Pivot/FreeSpinsSymbol/M1/Pivot
animator animationStateName=win gameObject=Pivot path=/Game/Machines/Pivot/FreeSpinsMachineParent/Pivot/Game001FreeSpinsMachine(Clone)/Pivot/Bonus Reels/Reels/Pivot/FreeSpinsReel3/Symbol4/Pivot/FreeSpinsSymbol/F7/Pivot
animator animationStateName=win gameObject=Pivot path=/Game/Machines/Pivot/FreeSpinsMachineParent/Pivot/Game001FreeSpinsMachine(Clone)/Pivot/Bonus Reels/Reels/Pivot/FreeSpinsReel3/Symbol5/Pivot/FreeSpinsSymbol/F7/Pivot
Tests.cs RunFreeSpins currentFreeSpin=5
Tests.cs RunFreeSpins currentFreeSpin=5
animator animationStateName=win gameObject=Pivot path=/Game/Machines/Pivot/FreeSpinsMachineParent/Pivot/Game001FreeSpinsMachine(Clone)/Pivot/Bonus Reels/Reels/Pivot/FreeSpinsReel1/Symbol3/Pivot/FreeSpinsSymbol/F6/Pivot
animator animationStateName=win gameObject=Pivot path=/Game/Machines/Pivot/FreeSpinsMachineParent/Pivot/Game001FreeSpinsMachine(Clone)/Pivot/Bonus Reels/Reels/Pivot/FreeSpinsReel2/Symbol3/Pivot/FreeSpinsSymbol/M1/Pivot
animator animationStateName=win gameObject=Pivot path=/Game/Machines/Pivot/FreeSpinsMachineParent/Pivot/Game001FreeSpinsMachine(Clone)/Pivot/Bonus Reels/Reels/Pivot/FreeSpinsReel3/Symbol5/Pivot/FreeSpinsSymbol/F7/Pivot
Tests.cs RunFreeSpins currentFreeSpin=5
Tests.cs RunFreeSpins currentFreeSpin=5
animator animationStateName=win gameObject=Pivot path=/Game/Machines/Pivot/FreeSpinsMachineParent/Pivot/Game001FreeSpinsMachine(Clone)/Pivot/Bonus Reels/Reels/Pivot/FreeSpinsReel1/Symbol5/Pivot/FreeSpinsSymbol/F7/Pivot
animator animationStateName=win gameObject=Pivot path=/Game/Machines/Pivot/FreeSpinsMachineParent/Pivot/Game001FreeSpinsMachine(Clone)/Pivot/Bonus Reels/Reels/Pivot/FreeSpinsReel2/Symbol3/Pivot/FreeSpinsSymbol/M1/Pivot
animator animationStateName=win gameObject=Pivot path=/Game/Machines/Pivot/FreeSpinsMachineParent/Pivot/Game001FreeSpinsMachine(Clone)/Pivot/Bonus Reels/Reels/Pivot/FreeSpinsReel2/Symbol5/Pivot/FreeSpinsSymbol/F8/Pivot
Tests.cs RunFreeSpins currentFreeSpin=5
Tests.cs RunFreeSpins currentFreeSpin=5
Tests.cs RunFreeSpins currentFreeSpin=5
Tests.cs RunFreeSpins currentFreeSpin=5
Tests.cs RunFreeSpins currentFreeSpin=6
skipSplice=false reelID="Reel1" (Frame=656)
Tests.cs RunFreeSpins currentFreeSpin=6
skipSplice=false reelID="Reel2" (Frame=657)
skipSplice=false reelID="Reel3" (Frame=658)
skipSplice=false reelID="Reel4" (Frame=659)
Tests.cs RunFreeSpins currentFreeSpin=6
skipSplice=false reelID="Reel5" (Frame=662)
Tests.cs RunFreeSpins currentFreeSpin=6
Tests.cs RunFreeSpins currentFreeSpin=6
animator animationStateName=winX gameObject=Pivot path=/Game/Machines/Pivot/FreeSpinsMachineParent/Pivot/Game001FreeSpinsMachine(Clone)/Pivot/Bonus Reels/Reels/Pivot/FreeSpinsReel1/Symbol3/Pivot/FreeSpinsSymbol/WinX/Pivot
!activeSelf animator animationStateName=winX gameObject=Pivot path=/Game/Machines/Pivot/FreeSpinsMachineParent/Pivot/Game001FreeSpinsMachine(Clone)/Pivot/Bonus Reels/Reels/Pivot/FreeSpinsReel1/Symbol3/Pivot/FreeSpinsSymbol/WinX/Pivot
Game object with animator is inactive
animator animationStateName=winX gameObject=Pivot path=/Game/Machines/Pivot/FreeSpinsMachineParent/Pivot/Game001FreeSpinsMachine(Clone)/Pivot/Bonus Reels/Reels/Pivot/FreeSpinsReel5/Symbol5/Pivot/FreeSpinsSymbol/WinX/Pivot
!activeSelf animator animationStateName=winX gameObject=Pivot path=/Game/Machines/Pivot/FreeSpinsMachineParent/Pivot/Game001FreeSpinsMachine(Clone)/Pivot/Bonus Reels/Reels/Pivot/FreeSpinsReel5/Symbol5/Pivot/FreeSpinsSymbol/WinX/Pivot
Game object with animator is inactive
Tests.cs RunFreeSpins currentFreeSpin=6
Tests.cs RunFreeSpins currentFreeSpin=6
Tests.cs RunFreeSpins currentFreeSpin=6
Tests.cs RunFreeSpins currentFreeSpin=6
Tests.cs RunFreeSpins currentFreeSpin=6
Tests.cs RunFreeSpins currentFreeSpin=6
animator animationStateName=reset gameObject=Pivot path=/Game/Machines/Pivot/FreeSpinsMachineParent/Pivot/Game001FreeSpinsMachine(Clone)/Pivot/Bonus Reels/Reels/Pivot/FreeSpinsReel1/Symbol3/Pivot/FreeSpinsSymbol/WinX/Pivot
!activeSelf animator animationStateName=reset gameObject=Pivot path=/Game/Machines/Pivot/FreeSpinsMachineParent/Pivot/Game001FreeSpinsMachine(Clone)/Pivot/Bonus Reels/Reels/Pivot/FreeSpinsReel1/Symbol3/Pivot/FreeSpinsSymbol/WinX/Pivot
Game object with animator is inactive
Tests.cs RunFreeSpins currentFreeSpin=6
animator animationStateName=reset gameObject=Pivot path=/Game/Machines/Pivot/FreeSpinsMachineParent/Pivot/Game001FreeSpinsMachine(Clone)/Pivot/Bonus Reels/Reels/Pivot/FreeSpinsReel5/Symbol5/Pivot/FreeSpinsSymbol/WinX/Pivot
!activeSelf animator animationStateName=reset gameObject=Pivot path=/Game/Machines/Pivot/FreeSpinsMachineParent/Pivot/Game001FreeSpinsMachine(Clone)/Pivot/Bonus Reels/Reels/Pivot/FreeSpinsReel5/Symbol5/Pivot/FreeSpinsSymbol/WinX/Pivot
Game object with animator is inactive
Tests.cs RunFreeSpins currentFreeSpin=6
animator animationStateName=win gameObject=Pivot path=/Game/Machines/Pivot/FreeSpinsMachineParent/Pivot/Game001FreeSpinsMachine(Clone)/Pivot/Bonus Reels/Reels/Pivot/FreeSpinsReel1/Symbol4/Pivot/FreeSpinsSymbol/WinX/Pivot
animator animationStateName=win gameObject=Pivot path=/Game/Machines/Pivot/FreeSpinsMachineParent/Pivot/Game001FreeSpinsMachine(Clone)/Pivot/Bonus Reels/Reels/Pivot/FreeSpinsReel2/Symbol5/Pivot/FreeSpinsSymbol/F8/Pivot
animator animationStateName=win gameObject=Pivot path=/Game/Machines/Pivot/FreeSpinsMachineParent/Pivot/Game001FreeSpinsMachine(Clone)/Pivot/Bonus Reels/Reels/Pivot/FreeSpinsReel3/Symbol3/Pivot/FreeSpinsSymbol/WD/Pivot
Tests.cs RunFreeSpins currentFreeSpin=6
Tests.cs RunFreeSpins currentFreeSpin=6
animator animationStateName=win gameObject=Pivot path=/Game/Machines/Pivot/FreeSpinsMachineParent/Pivot/Game001FreeSpinsMachine(Clone)/Pivot/Bonus Reels/Reels/Pivot/FreeSpinsReel1/Symbol5/Pivot/FreeSpinsSymbol/M4/Pivot
animator animationStateName=win gameObject=Pivot path=/Game/Machines/Pivot/FreeSpinsMachineParent/Pivot/Game001FreeSpinsMachine(Clone)/Pivot/Bonus Reels/Reels/Pivot/FreeSpinsReel2/Symbol5/Pivot/FreeSpinsSymbol/F8/Pivot
animator animationStateName=win gameObject=Pivot path=/Game/Machines/Pivot/FreeSpinsMachineParent/Pivot/Game001FreeSpinsMachine(Clone)/Pivot/Bonus Reels/Reels/Pivot/FreeSpinsReel3/Symbol3/Pivot/FreeSpinsSymbol/WD/Pivot
Tests.cs RunFreeSpins currentFreeSpin=6
Tests.cs RunFreeSpins currentFreeSpin=6
Tests.cs RunFreeSpins currentFreeSpin=6
Tests.cs RunFreeSpins currentFreeSpin=7
Tests.cs RunFreeSpins currentFreeSpin=7
skipSplice=false reelID="Reel1" (Frame=723)
skipSplice=false reelID="Reel2" (Frame=724)
skipSplice=false reelID="Reel3" (Frame=725)
Tests.cs RunFreeSpins currentFreeSpin=7
skipSplice=false reelID="Reel4" (Frame=726)
Tests.cs RunFreeSpins currentFreeSpin=7
skipSplice=false reelID="Reel5" (Frame=729)
Tests.cs RunFreeSpins currentFreeSpin=7
Tests.cs RunFreeSpins currentFreeSpin=7
animator animationStateName=winX gameObject=Pivot path=/Game/Machines/Pivot/FreeSpinsMachineParent/Pivot/Game001FreeSpinsMachine(Clone)/Pivot/Bonus Reels/Reels/Pivot/FreeSpinsReel3/Symbol3/Pivot/FreeSpinsSymbol/WinX/Pivot
!activeSelf animator animationStateName=winX gameObject=Pivot path=/Game/Machines/Pivot/FreeSpinsMachineParent/Pivot/Game001FreeSpinsMachine(Clone)/Pivot/Bonus Reels/Reels/Pivot/FreeSpinsReel3/Symbol3/Pivot/FreeSpinsSymbol/WinX/Pivot
Game object with animator is inactive
Tests.cs RunFreeSpins currentFreeSpin=7
Tests.cs RunFreeSpins currentFreeSpin=7
Tests.cs RunFreeSpins currentFreeSpin=7
animator animationStateName=multiplier gameObject=Pivot path=/Game/Machines/Pivot/FreeSpinsMachineParent/Pivot/Game001FreeSpinsMachine(Clone)/Pivot/Bonus Symbols/Pivot/Column3/Symbols/Pivot/Symbol7/Default/Pivot
animator animationStateName=reset gameObject=Pivot path=/Game/Machines/Pivot/FreeSpinsMachineParent/Pivot/Game001FreeSpinsMachine(Clone)/Pivot/Bonus Reels/Reels/Pivot/FreeSpinsReel3/Symbol3/Pivot/FreeSpinsSymbol/WinX/Pivot
!activeSelf animator animationStateName=reset gameObject=Pivot path=/Game/Machines/Pivot/FreeSpinsMachineParent/Pivot/Game001FreeSpinsMachine(Clone)/Pivot/Bonus Reels/Reels/Pivot/FreeSpinsReel3/Symbol3/Pivot/FreeSpinsSymbol/WinX/Pivot
Game object with animator is inactive
Tests.cs RunFreeSpins currentFreeSpin=7
Tests.cs RunFreeSpins currentFreeSpin=7
Tests.cs RunFreeSpins currentFreeSpin=7
Tests.cs RunFreeSpins currentFreeSpin=8
Tests.cs RunFreeSpins currentFreeSpin=8
skipSplice=false reelID="Reel1" (Frame=763)
skipSplice=false reelID="Reel2" (Frame=764)
skipSplice=false reelID="Reel3" (Frame=765)
Tests.cs RunFreeSpins currentFreeSpin=8
skipSplice=false reelID="Reel4" (Frame=767)
skipSplice=false reelID="Reel5" (Frame=769)
Tests.cs RunFreeSpins currentFreeSpin=8
Tests.cs RunFreeSpins currentFreeSpin=8
animator animationStateName=boost gameObject=Pivot path=/Game/Machines/Pivot/FreeSpinsMachineParent/Pivot/Game001FreeSpinsMachine(Clone)/Pivot/Bonus Reels/Reels/Pivot/FreeSpinsReel2/Symbol3/Pivot/FreeSpinsSymbol/Boost/Pivot
!activeSelf animator animationStateName=boost gameObject=Pivot path=/Game/Machines/Pivot/FreeSpinsMachineParent/Pivot/Game001FreeSpinsMachine(Clone)/Pivot/Bonus Reels/Reels/Pivot/FreeSpinsReel2/Symbol3/Pivot/FreeSpinsSymbol/Boost/Pivot
Game object with animator is inactive
Tests.cs RunFreeSpins currentFreeSpin=8
animator animationStateName=boost gameObject=Pivot path=/Game/Machines/Pivot/FreeSpinsMachineParent/Pivot/Game001FreeSpinsMachine(Clone)/Pivot/Bonus Reels/Reels/Pivot/FreeSpinsReel4/Symbol5/Pivot/FreeSpinsSymbol/Boost/Pivot
!activeSelf animator animationStateName=boost gameObject=Pivot path=/Game/Machines/Pivot/FreeSpinsMachineParent/Pivot/Game001FreeSpinsMachine(Clone)/Pivot/Bonus Reels/Reels/Pivot/FreeSpinsReel4/Symbol5/Pivot/FreeSpinsSymbol/Boost/Pivot
Game object with animator is inactive
Tests.cs RunFreeSpins currentFreeSpin=8
Tests.cs RunFreeSpins currentFreeSpin=8
Tests.cs RunFreeSpins currentFreeSpin=8
animator animationStateName=reset gameObject=Pivot path=/Game/Machines/Pivot/FreeSpinsMachineParent/Pivot/Game001FreeSpinsMachine(Clone)/Pivot/Bonus Reels/Reels/Pivot/FreeSpinsReel2/Symbol3/Pivot/FreeSpinsSymbol/Boost/Pivot
!activeSelf animator animationStateName=reset gameObject=Pivot path=/Game/Machines/Pivot/FreeSpinsMachineParent/Pivot/Game001FreeSpinsMachine(Clone)/Pivot/Bonus Reels/Reels/Pivot/FreeSpinsReel2/Symbol3/Pivot/FreeSpinsSymbol/Boost/Pivot
Game object with animator is inactive
Tests.cs RunFreeSpins currentFreeSpin=8
animator animationStateName=reset gameObject=Pivot path=/Game/Machines/Pivot/FreeSpinsMachineParent/Pivot/Game001FreeSpinsMachine(Clone)/Pivot/Bonus Reels/Reels/Pivot/FreeSpinsReel4/Symbol5/Pivot/FreeSpinsSymbol/Boost/Pivot
!activeSelf animator animationStateName=reset gameObject=Pivot path=/Game/Machines/Pivot/FreeSpinsMachineParent/Pivot/Game001FreeSpinsMachine(Clone)/Pivot/Bonus Reels/Reels/Pivot/FreeSpinsReel4/Symbol5/Pivot/FreeSpinsSymbol/Boost/Pivot
Game object with animator is inactive
Tests.cs RunFreeSpins currentFreeSpin=8
Tests.cs RunFreeSpins currentFreeSpin=8
Tests.cs RunFreeSpins currentFreeSpin=9
skipSplice=false reelID="Reel1" (Frame=805)
skipSplice=false reelID="Reel2" (Frame=806)
Tests.cs RunFreeSpins currentFreeSpin=9
skipSplice=false reelID="Reel3" (Frame=807)
skipSplice=false reelID="Reel4" (Frame=809)
Tests.cs RunFreeSpins currentFreeSpin=9
skipSplice=false reelID="Reel5" (Frame=811)
Tests.cs RunFreeSpins currentFreeSpin=9
Tests.cs RunFreeSpins currentFreeSpin=9
animator animationStateName=boost gameObject=Pivot path=/Game/Machines/Pivot/FreeSpinsMachineParent/Pivot/Game001FreeSpinsMachine(Clone)/Pivot/Bonus Reels/Reels/Pivot/FreeSpinsReel5/Symbol4/Pivot/FreeSpinsSymbol/Boost/Pivot
!activeSelf animator animationStateName=boost gameObject=Pivot path=/Game/Machines/Pivot/FreeSpinsMachineParent/Pivot/Game001FreeSpinsMachine(Clone)/Pivot/Bonus Reels/Reels/Pivot/FreeSpinsReel5/Symbol4/Pivot/FreeSpinsSymbol/Boost/Pivot
Game object with animator is inactive
Tests.cs RunFreeSpins currentFreeSpin=9
Tests.cs RunFreeSpins currentFreeSpin=9
animator animationStateName=reset gameObject=Pivot path=/Game/Machines/Pivot/FreeSpinsMachineParent/Pivot/Game001FreeSpinsMachine(Clone)/Pivot/Bonus Reels/Reels/Pivot/FreeSpinsReel5/Symbol4/Pivot/FreeSpinsSymbol/Boost/Pivot
!activeSelf animator animationStateName=reset gameObject=Pivot path=/Game/Machines/Pivot/FreeSpinsMachineParent/Pivot/Game001FreeSpinsMachine(Clone)/Pivot/Bonus Reels/Reels/Pivot/FreeSpinsReel5/Symbol4/Pivot/FreeSpinsSymbol/Boost/Pivot
Game object with animator is inactive
Tests.cs RunFreeSpins currentFreeSpin=9
Tests.cs RunFreeSpins currentFreeSpin=9
skipSplice=false reelID="Reel1" (Frame=839)
skipSplice=false reelID="Reel2" (Frame=840)
skipSplice=false reelID="Reel3" (Frame=841)
skipSplice=false reelID="Reel4" (Frame=842)
skipSplice=false reelID="Reel5" (Frame=845)
animator animationStateName=winX gameObject=Pivot path=/Game/Machines/Pivot/FreeSpinsMachineParent/Pivot/Game001FreeSpinsMachine(Clone)/Pivot/Bonus Reels/Reels/Pivot/FreeSpinsReel1/Symbol3/Pivot/FreeSpinsSymbol/WinX/Pivot
!activeSelf animator animationStateName=winX gameObject=Pivot path=/Game/Machines/Pivot/FreeSpinsMachineParent/Pivot/Game001FreeSpinsMachine(Clone)/Pivot/Bonus Reels/Reels/Pivot/FreeSpinsReel1/Symbol3/Pivot/FreeSpinsSymbol/WinX/Pivot
Game object with animator is inactive
animator animationStateName=reset gameObject=Pivot path=/Game/Machines/Pivot/FreeSpinsMachineParent/Pivot/Game001FreeSpinsMachine(Clone)/Pivot/Bonus Reels/Reels/Pivot/FreeSpinsReel1/Symbol3/Pivot/FreeSpinsSymbol/WinX/Pivot
!activeSelf animator animationStateName=reset gameObject=Pivot path=/Game/Machines/Pivot/FreeSpinsMachineParent/Pivot/Game001FreeSpinsMachine(Clone)/Pivot/Bonus Reels/Reels/Pivot/FreeSpinsReel1/Symbol3/Pivot/FreeSpinsSymbol/WinX/Pivot
Game object with animator is inactive
animator animationStateName=show gameObject=Pivot path=/Game/Machines/Pivot/FreeSpinsMachineParent/Pivot/Game001FreeSpinsMachine(Clone)/Pivot/Free Spins Bonus Summary Frame/Pivot
animator animationStateName=multiplier_hide gameObject=Pivot path=/Game/Machines/Pivot/FreeSpinsMachineParent/Pivot/Game001FreeSpinsMachine(Clone)/Pivot/Bonus Symbols/Pivot/Column1/Symbols/Pivot/Symbol1/Default/Pivot
animator animationStateName=multiplier_hide gameObject=Pivot path=/Game/Machines/Pivot/FreeSpinsMachineParent/Pivot/Game001FreeSpinsMachine(Clone)/Pivot/Bonus Symbols/Pivot/Column2/Symbols/Pivot/Symbol1/Default/Pivot
animator animationStateName=multiplier_hide gameObject=Pivot path=/Game/Machines/Pivot/FreeSpinsMachineParent/Pivot/Game001FreeSpinsMachine(Clone)/Pivot/Bonus Symbols/Pivot/Column3/Symbols/Pivot/Symbol1/Default/Pivot
animator animationStateName=multiplier_hide gameObject=Pivot path=/Game/Machines/Pivot/FreeSpinsMachineParent/Pivot/Game001FreeSpinsMachine(Clone)/Pivot/Bonus Symbols/Pivot/Column4/Symbols/Pivot/Symbol1/Default/Pivot
animator animationStateName=multiplier_hide gameObject=Pivot path=/Game/Machines/Pivot/FreeSpinsMachineParent/Pivot/Game001FreeSpinsMachine(Clone)/Pivot/Bonus Symbols/Pivot/Column5/Symbols/Pivot/Symbol1/Default/Pivot
animator animationStateName=multiplier_hide gameObject=Pivot path=/Game/Machines/Pivot/FreeSpinsMachineParent/Pivot/Game001FreeSpinsMachine(Clone)/Pivot/Bonus Symbols/Pivot/Column1/Symbols/Pivot/Symbol2/Default/Pivot
animator animationStateName=multiplier_hide gameObject=Pivot path=/Game/Machines/Pivot/FreeSpinsMachineParent/Pivot/Game001FreeSpinsMachine(Clone)/Pivot/Bonus Symbols/Pivot/Column2/Symbols/Pivot/Symbol2/Default/Pivot
animator animationStateName=multiplier_hide gameObject=Pivot path=/Game/Machines/Pivot/FreeSpinsMachineParent/Pivot/Game001FreeSpinsMachine(Clone)/Pivot/Bonus Symbols/Pivot/Column3/Symbols/Pivot/Symbol2/Default/Pivot
animator animationStateName=multiplier_hide gameObject=Pivot path=/Game/Machines/Pivot/FreeSpinsMachineParent/Pivot/Game001FreeSpinsMachine(Clone)/Pivot/Bonus Symbols/Pivot/Column4/Symbols/Pivot/Symbol2/Default/Pivot
animator animationStateName=multiplier_hide gameObject=Pivot path=/Game/Machines/Pivot/FreeSpinsMachineParent/Pivot/Game001FreeSpinsMachine(Clone)/Pivot/Bonus Symbols/Pivot/Column5/Symbols/Pivot/Symbol2/Default/Pivot
animator animationStateName=multiplier_hide gameObject=Pivot path=/Game/Machines/Pivot/FreeSpinsMachineParent/Pivot/Game001FreeSpinsMachine(Clone)/Pivot/Bonus Symbols/Pivot/Column1/Symbols/Pivot/Symbol3/Default/Pivot
animator animationStateName=multiplier_hide gameObject=Pivot path=/Game/Machines/Pivot/FreeSpinsMachineParent/Pivot/Game001FreeSpinsMachine(Clone)/Pivot/Bonus Symbols/Pivot/Column2/Symbols/Pivot/Symbol3/Default/Pivot
animator animationStateName=multiplier_hide gameObject=Pivot path=/Game/Machines/Pivot/FreeSpinsMachineParent/Pivot/Game001FreeSpinsMachine(Clone)/Pivot/Bonus Symbols/Pivot/Column3/Symbols/Pivot/Symbol3/Default/Pivot
animator animationStateName=multiplier_hide gameObject=Pivot path=/Game/Machines/Pivot/FreeSpinsMachineParent/Pivot/Game001FreeSpinsMachine(Clone)/Pivot/Bonus Symbols/Pivot/Column4/Symbols/Pivot/Symbol3/Default/Pivot
animator animationStateName=multiplier_hide gameObject=Pivot path=/Game/Machines/Pivot/FreeSpinsMachineParent/Pivot/Game001FreeSpinsMachine(Clone)/Pivot/Bonus Symbols/Pivot/Column5/Symbols/Pivot/Symbol3/Default/Pivot
animator animationStateName=multiplier_hide gameObject=Pivot path=/Game/Machines/Pivot/FreeSpinsMachineParent/Pivot/Game001FreeSpinsMachine(Clone)/Pivot/Bonus Symbols/Pivot/Column1/Symbols/Pivot/Symbol4/Default/Pivot
animator animationStateName=multiplier_hide gameObject=Pivot path=/Game/Machines/Pivot/FreeSpinsMachineParent/Pivot/Game001FreeSpinsMachine(Clone)/Pivot/Bonus Symbols/Pivot/Column2/Symbols/Pivot/Symbol4/Default/Pivot
animator animationStateName=multiplier_hide gameObject=Pivot path=/Game/Machines/Pivot/FreeSpinsMachineParent/Pivot/Game001FreeSpinsMachine(Clone)/Pivot/Bonus Symbols/Pivot/Column3/Symbols/Pivot/Symbol4/Default/Pivot
animator animationStateName=multiplier_hide gameObject=Pivot path=/Game/Machines/Pivot/FreeSpinsMachineParent/Pivot/Game001FreeSpinsMachine(Clone)/Pivot/Bonus Symbols/Pivot/Column4/Symbols/Pivot/Symbol4/Default/Pivot
[...]
Tests.cs RunFreeSpins currentFreeSpin=6
animator animationStateName=win gameObject=Pivot path=/Game/Machines/Pivot/FreeSpinsMachineParent/Pivot/Game001FreeSpinsMachine(Clone)/Pivot/Bonus Reels/Reels/Pivot/FreeSpinsReel1/Symbol5/Pivot/FreeSpinsSymbol/WinX/Pivot
animator animationStateName=win gameObject=Pivot path=/Game/Machines/Pivot/FreeSpinsMachineParent/Pivot/Game001FreeSpinsMachine(Clone)/Pivot/Bonus Reels/Reels/Pivot/FreeSpinsReel2/Symbol5/Pivot/FreeSpinsSymbol/M1/Pivot
animator animationStateName=win gameObject=Pivot path=/Game/Machines/Pivot/FreeSpinsMachineParent/Pivot/Game001FreeSpinsMachine(Clone)/Pivot/Bonus Reels/Reels/Pivot/FreeSpinsReel3/Symbol3/Pivot/FreeSpinsSymbol/F7/Pivot
Tests.cs RunFreeSpins currentFreeSpin=6
Tests.cs RunFreeSpins currentFreeSpin=6
Tests.cs RunFreeSpins currentFreeSpin=6
Tests.cs RunFreeSpins currentFreeSpin=6
Tests.cs RunFreeSpins currentFreeSpin=7
Tests.cs RunFreeSpins currentFreeSpin=7
skipSplice=false reelID="Reel1" (Frame=1537)
skipSplice=false reelID="Reel2" (Frame=1538)
skipSplice=false reelID="Reel3" (Frame=1539)
Tests.cs RunFreeSpins currentFreeSpin=7
skipSplice=false reelID="Reel4" (Frame=1541)
Tests.cs RunFreeSpins currentFreeSpin=7
skipSplice=false reelID="Reel5" (Frame=1543)
Tests.cs RunFreeSpins currentFreeSpin=7
Tests.cs RunFreeSpins currentFreeSpin=7
animator animationStateName=winX gameObject=Pivot path=/Game/Machines/Pivot/FreeSpinsMachineParent/Pivot/Game001FreeSpinsMachine(Clone)/Pivot/Bonus Reels/Reels/Pivot/FreeSpinsReel3/Symbol3/Pivot/FreeSpinsSymbol/WinX/Pivot
!activeSelf animator animationStateName=winX gameObject=Pivot path=/Game/Machines/Pivot/FreeSpinsMachineParent/Pivot/Game001FreeSpinsMachine(Clone)/Pivot/Bonus Reels/Reels/Pivot/FreeSpinsReel3/Symbol3/Pivot/FreeSpinsSymbol/WinX/Pivot
Game object with animator is inactive
Tests.cs RunFreeSpins currentFreeSpin=7
Tests.cs RunFreeSpins currentFreeSpin=7
Tests.cs RunFreeSpins currentFreeSpin=7
animator animationStateName=multiplier gameObject=Pivot path=/Game/Machines/Pivot/FreeSpinsMachineParent/Pivot/Game001FreeSpinsMachine(Clone)/Pivot/Bonus Symbols/Pivot/Column3/Symbols/Pivot/Symbol7/Default/Pivot
animator animationStateName=reset gameObject=Pivot path=/Game/Machines/Pivot/FreeSpinsMachineParent/Pivot/Game001FreeSpinsMachine(Clone)/Pivot/Bonus Reels/Reels/Pivot/FreeSpinsReel3/Symbol3/Pivot/FreeSpinsSymbol/WinX/Pivot
!activeSelf animator animationStateName=reset gameObject=Pivot path=/Game/Machines/Pivot/FreeSpinsMachineParent/Pivot/Game001FreeSpinsMachine(Clone)/Pivot/Bonus Reels/Reels/Pivot/FreeSpinsReel3/Symbol3/Pivot/FreeSpinsSymbol/WinX/Pivot
Game object with animator is inactive
Tests.cs RunFreeSpins currentFreeSpin=7
Tests.cs RunFreeSpins currentFreeSpin=7
Tests.cs RunFreeSpins currentFreeSpin=7
Tests.cs RunFreeSpins currentFreeSpin=8
skipSplice=false reelID="Reel1" (Frame=1578)
Tests.cs RunFreeSpins currentFreeSpin=8
skipSplice=false reelID="Reel2" (Frame=1579)
skipSplice=false reelID="Reel3" (Frame=1580)
skipSplice=false reelID="Reel4" (Frame=1582)
Tests.cs RunFreeSpins currentFreeSpin=8
skipSplice=false reelID="Reel5" (Frame=1584)
Tests.cs RunFreeSpins currentFreeSpin=8
Tests.cs RunFreeSpins currentFreeSpin=8
animator animationStateName=boost gameObject=Pivot path=/Game/Machines/Pivot/FreeSpinsMachineParent/Pivot/Game001FreeSpinsMachine(Clone)/Pivot/Bonus Reels/Reels/Pivot/FreeSpinsReel2/Symbol3/Pivot/FreeSpinsSymbol/Boost/Pivot
animator animationStateName=boost gameObject=Pivot path=/Game/Machines/Pivot/FreeSpinsMachineParent/Pivot/Game001FreeSpinsMachine(Clone)/Pivot/Bonus Reels/Reels/Pivot/FreeSpinsReel4/Symbol5/Pivot/FreeSpinsSymbol/Boost/Pivot
Tests.cs RunFreeSpins currentFreeSpin=8
Tests.cs RunFreeSpins currentFreeSpin=8
Tests.cs RunFreeSpins currentFreeSpin=8
Tests.cs RunFreeSpins currentFreeSpin=8
animator animationStateName=reset gameObject=Pivot path=/Game/Machines/Pivot/FreeSpinsMachineParent/Pivot/Game001FreeSpinsMachine(Clone)/Pivot/Bonus Reels/Reels/Pivot/FreeSpinsReel2/Symbol3/Pivot/FreeSpinsSymbol/Boost/Pivot
animator animationStateName=reset gameObject=Pivot path=/Game/Machines/Pivot/FreeSpinsMachineParent/Pivot/Game001FreeSpinsMachine(Clone)/Pivot/Bonus Reels/Reels/Pivot/FreeSpinsReel4/Symbol5/Pivot/FreeSpinsSymbol/Boost/Pivot
Tests.cs RunFreeSpins currentFreeSpin=8
Tests.cs RunFreeSpins currentFreeSpin=8
Tests.cs RunFreeSpins currentFreeSpin=8
Tests.cs RunFreeSpins currentFreeSpin=9
skipSplice=false reelID="Reel1" (Frame=1621)
Tests.cs RunFreeSpins currentFreeSpin=9
skipSplice=false reelID="Reel2" (Frame=1622)
skipSplice=false reelID="Reel3" (Frame=1623)
skipSplice=false reelID="Reel4" (Frame=1624)
Tests.cs RunFreeSpins currentFreeSpin=9
skipSplice=false reelID="Reel5" (Frame=1627)
Tests.cs RunFreeSpins currentFreeSpin=9
Tests.cs RunFreeSpins currentFreeSpin=9
animator animationStateName=boost gameObject=Pivot path=/Game/Machines/Pivot/FreeSpinsMachineParent/Pivot/Game001FreeSpinsMachine(Clone)/Pivot/Bonus Reels/Reels/Pivot/FreeSpinsReel5/Symbol4/Pivot/FreeSpinsSymbol/Boost/Pivot
!activeSelf animator animationStateName=boost gameObject=Pivot path=/Game/Machines/Pivot/FreeSpinsMachineParent/Pivot/Game001FreeSpinsMachine(Clone)/Pivot/Bonus Reels/Reels/Pivot/FreeSpinsReel5/Symbol4/Pivot/FreeSpinsSymbol/Boost/Pivot
Game object with animator is inactive
Tests.cs RunFreeSpins currentFreeSpin=9
Tests.cs RunFreeSpins currentFreeSpin=9
animator animationStateName=reset gameObject=Pivot path=/Game/Machines/Pivot/FreeSpinsMachineParent/Pivot/Game001FreeSpinsMachine(Clone)/Pivot/Bonus Reels/Reels/Pivot/FreeSpinsReel5/Symbol4/Pivot/FreeSpinsSymbol/Boost/Pivot
!activeSelf animator animationStateName=reset gameObject=Pivot path=/Game/Machines/Pivot/FreeSpinsMachineParent/Pivot/Game001FreeSpinsMachine(Clone)/Pivot/Bonus Reels/Reels/Pivot/FreeSpinsReel5/Symbol4/Pivot/FreeSpinsSymbol/Boost/Pivot
Game object with animator is inactive
Tests.cs RunFreeSpins currentFreeSpin=9
Tests.cs RunFreeSpins currentFreeSpin=9
skipSplice=false reelID="Reel1" (Frame=1653)
skipSplice=false reelID="Reel2" (Frame=1654)
skipSplice=true reelID="Reel3" (Frame=1655)
skipSplice=false reelID="Reel4" (Frame=1657)
skipSplice=false reelID="Reel5" (Frame=1659)
animator animationStateName=winX gameObject=Pivot path=/Game/Machines/Pivot/FreeSpinsMachineParent/Pivot/Game001FreeSpinsMachine(Clone)/Pivot/Bonus Reels/Reels/Pivot/FreeSpinsReel1/Symbol3/Pivot/FreeSpinsSymbol/WinX/Pivot
!activeSelf animator animationStateName=winX gameObject=Pivot path=/Game/Machines/Pivot/FreeSpinsMachineParent/Pivot/Game001FreeSpinsMachine(Clone)/Pivot/Bonus Reels/Reels/Pivot/FreeSpinsReel1/Symbol3/Pivot/FreeSpinsSymbol/WinX/Pivot
Game object with animator is inactive
animator animationStateName=reset gameObject=Pivot path=/Game/Machines/Pivot/FreeSpinsMachineParent/Pivot/Game001FreeSpinsMachine(Clone)/Pivot/Bonus Reels/Reels/Pivot/FreeSpinsReel1/Symbol3/Pivot/FreeSpinsSymbol/WinX/Pivot
!activeSelf animator animationStateName=reset gameObject=Pivot path=/Game/Machines/Pivot/FreeSpinsMachineParent/Pivot/Game001FreeSpinsMachine(Clone)/Pivot/Bonus Reels/Reels/Pivot/FreeSpinsReel1/Symbol3/Pivot/FreeSpinsSymbol/WinX/Pivot
Game object with animator is inactive
animator animationStateName=show gameObject=Pivot path=/Game/Machines/Pivot/FreeSpinsMachineParent/Pivot/Game001FreeSpinsMachine(Clone)/Pivot/Free Spins Bonus Summary Frame/Pivot
animator animationStateName=multiplier_hide gameObject=Pivot path=/Game/Machines/Pivot/FreeSpinsMachineParent/Pivot/Game001FreeSpinsMachine(Clone)/Pivot/Bonus Symbols/Pivot/Column1/Symbols/Pivot/Symbol1/Default/Pivot
animator animationStateName=multiplier_hide gameObject=Pivot path=/Game/Machines/Pivot/FreeSpinsMachineParent/Pivot/Game001FreeSpinsMachine(Clone)/Pivot/Bonus Symbols/Pivot/Column2/Symbols/Pivot/Symbol1/Default/Pivot
animator animationStateName=multiplier_hide gameObject=Pivot path=/Game/Machines/Pivot/FreeSpinsMachineParent/Pivot/Game001FreeSpinsMachine(Clone)/Pivot/Bonus Symbols/Pivot/Column3/Symbols/Pivot/Symbol1/Default/Pivot
animator animationStateName=multiplier_hide gameObject=Pivot path=/Game/Machines/Pivot/FreeSpinsMachineParent/Pivot/Game001FreeSpinsMachine(Clone)/Pivot/Bonus Symbols/Pivot/Column4/Symbols/Pivot/Symbol1/Default/Pivot
animator animationStateName=multiplier_hide gameObject=Pivot path=/Game/Machines/Pivot/FreeSpinsMachineParent/Pivot/Game001FreeSpinsMachine(Clone)/Pivot/Bonus Symbols/Pivot/Column5/Symbols/Pivot/Symbol1/Default/Pivot
animator animationStateName=multiplier_hide gameObject=Pivot path=/Game/Machines/Pivot/FreeSpinsMachineParent/Pivot/Game001FreeSpinsMachine(Clone)/Pivot/Bonus Symbols/Pivot/Column1/Symbols/Pivot/Symbol2/Default/Pivot
animator animationStateName=multiplier_hide gameObject=Pivot path=/Game/Machines/Pivot/FreeSpinsMachineParent/Pivot/Game001FreeSpinsMachine(Clone)/Pivot/Bonus Symbols/Pivot/Column2/Symbols/Pivot/Symbol2/Default/Pivot
animator animationStateName=multiplier_hide gameObject=Pivot path=/Game/Machines/Pivot/FreeSpinsMachineParent/Pivot/Game001FreeSpinsMachine(Clone)/Pivot/Bonus Symbols/Pivot/Column3/Symbols/Pivot/Symbol2/Default/Pivot
animator animationStateName=multiplier_hide gameObject=Pivot path=/Game/Machines/Pivot/FreeSpinsMachineParent/Pivot/Game001FreeSpinsMachine(Clone)/Pivot/Bonus Symbols/Pivot/Column4/Symbols/Pivot/Symbol2/Default/Pivot
animator animationStateName=multiplier_hide gameObject=Pivot path=/Game/Machines/Pivot/FreeSpinsMachineParent/Pivot/Game001FreeSpinsMachine(Clone)/Pivot/Bonus Symbols/Pivot/Column5/Symbols/Pivot/Symbol2/Default/Pivot
animator animationStateName=multiplier_hide gameObject=Pivot path=/Game/Machines/Pivot/FreeSpinsMachineParent/Pivot/Game001FreeSpinsMachine(Clone)/Pivot/Bonus Symbols/Pivot/Column1/Symbols/Pivot/Symbol3/Default/Pivot
animator animationStateName=multiplier_hide gameObject=Pivot path=/Game/Machines/Pivot/FreeSpinsMachineParent/Pivot/Game001FreeSpinsMachine(Clone)/Pivot/Bonus Symbols/Pivot/Column2/Symbols/Pivot/Symbol3/Default/Pivot
animator animationStateName=multiplier_hide gameObject=Pivot path=/Game/Machines/Pivot/FreeSpinsMachineParent/Pivot/Game001FreeSpinsMachine(Clone)/Pivot/Bonus Symbols/Pivot/Column3/Symbols/Pivot/Symbol3/Default/Pivot
animator animationStateName=multiplier_hide gameObject=Pivot path=/Game/Machines/Pivot/FreeSpinsMachineParent/Pivot/Game001FreeSpinsMachine(Clone)/Pivot/Bonus Symbols/Pivot/Column4/Symbols/Pivot/Symbol3/Default/Pivot
animator animationStateName=multiplier_hide gameObject=Pivot path=/Game/Machines/Pivot/FreeSpinsMachineParent/Pivot/Game001FreeSpinsMachine(Clone)/Pivot/Bonus Symbols/Pivot/Column5/Symbols/Pivot/Symbol3/Default/Pivot
animator animationStateName=multiplier_hide gameObject=Pivot path=/Game/Machines/Pivot/FreeSpinsMachineParent/Pivot/Game001FreeSpinsMachine(Clone)/Pivot/Bonus Symbols/Pivot/Column1/Symbols/Pivot/Symbol4/Default/Pivot
animator animationStateName=multiplier_hide gameObject=Pivot path=/Game/Machines/Pivot/FreeSpinsMachineParent/Pivot/Game001FreeSpinsMachine(Clone)/Pivot/Bonus Symbols/Pivot/Column2/Symbols/Pivot/Symbol4/Default/Pivot
animator animationStateName=multiplier_hide gameObject=Pivot path=/Game/Machines/Pivot/FreeSpinsMachineParent/Pivot/Game001FreeSpinsMachine(Clone)/Pivot/Bonus Symbols/Pivot/Column3/Symbols/Pivot/Symbol4/Default/Pivot
animator animationStateName=multiplier_hide gameObject=Pivot path=/Game/Machines/Pivot/FreeSpinsMachineParent/Pivot/Game001FreeSpinsMachine(Clone)/Pivot/Bonus Symbols/Pivot/Column4/Symbols/Pivot/Symbol4/Default/Pivot
animator animationStateName=multiplier_hide gameObject=Pivot path=/Game/Machines/Pivot/FreeSpinsMachineParent/Pivot/Game001FreeSpinsMachine(Clone)/Pivot/Bonus Symbols/Pivot/Column5/Symbols/Pivot/Symbol4/Default/Pivot
animator animationStateName=multiplier_hide gameObject=Pivot path=/Game/Machines/Pivot/FreeSpinsMachineParent/Pivot/Game001FreeSpinsMachine(Clone)/Pivot/Bonus Symbols/Pivot/Column1/Symbols/Pivot/Symbol5/Default/Pivot
animator animationStateName=multiplier_hide gameObject=Pivot path=/Game/Machines/Pivot/FreeSpinsMachineParent/Pivot/Game001FreeSpinsMachine(Clone)/Pivot/Bonus Symbols/Pivot/Column2/Symbols/Pivot/Symbol5/Default/Pivot
animator animationStateName=multiplier_hide gameObject=Pivot path=/Game/Machines/Pivot/FreeSpinsMachineParent/Pivot/Game001FreeSpinsMachine(Clone)/Pivot/Bonus Symbols/Pivot/Column3/Symbols/Pivot/Symbol5/Default/Pivot
animator animationStateName=multiplier_hide gameObject=Pivot path=/Game/Machines/Pivot/FreeSpinsMachineParent/Pivot/Game001FreeSpinsMachine(Clone)/Pivot/Bonus Symbols/Pivot/Column4/Symbols/Pivot/Symbol5/Default/Pivot
animator animationStateName=multiplier_hide gameObject=Pivot path=/Game/Machines/Pivot/FreeSpinsMachineParent/Pivot/Game001FreeSpinsMachine(Clone)/Pivot/Bonus Symbols/Pivot/Column5/Symbols/Pivot/Symbol5/Default/Pivot
animator animationStateName=multiplier_hide gameObject=Pivot path=/Game/Machines/Pivot/FreeSpinsMachineParent/Pivot/Game001FreeSpinsMachine(Clone)/Pivot/Bonus Symbols/Pivot/Column1/Symbols/Pivot/Symbol6/Default/Pivot
animator animationStateName=multiplier_hide gameObject=Pivot path=/Game/Machines/Pivot/FreeSpinsMachineParent/Pivot/Game001FreeSpinsMachine(Clone)/Pivot/Bonus Symbols/Pivot/Column2/Symbols/Pivot/Symbol6/Default/Pivot
animator animationStateName=multiplier_hide gameObject=Pivot path=/Game/Machines/Pivot/FreeSpinsMachineParent/Pivot/Game001FreeSpinsMachine(Clone)/Pivot/Bonus Symbols/Pivot/Column3/Symbols/Pivot/Symbol6/Default/Pivot
animator animationStateName=multiplier_hide gameObject=Pivot path=/Game/Machines/Pivot/FreeSpinsMachineParent/Pivot/Game001FreeSpinsMachine(Clone)/Pivot/Bonus Symbols/Pivot/Column4/Symbols/Pivot/Symbol6/Default/Pivot
animator animationStateName=multiplier_hide gameObject=Pivot path=/Game/Machines/Pivot/FreeSpinsMachineParent/Pivot/Game001FreeSpinsMachine(Clone)/Pivot/Bonus Symbols/Pivot/Column5/Symbols/Pivot/Symbol6/Default/Pivot
animator animationStateName=multiplier_hide gameObject=Pivot path=/Game/Machines/Pivot/FreeSpinsMachineParent/Pivot/Game001FreeSpinsMachine(Clone)/Pivot/Bonus Symbols/Pivot/Column1/Symbols/Pivot/Symbol7/Default/Pivot
animator animationStateName=multiplier_hide gameObject=Pivot path=/Game/Machines/Pivot/FreeSpinsMachineParent/Pivot/Game001FreeSpinsMachine(Clone)/Pivot/Bonus Symbols/Pivot/Column2/Symbols/Pivot/Symbol7/Default/Pivot
animator animationStateName=multiplier_hide gameObject=Pivot path=/Game/Machines/Pivot/FreeSpinsMachineParent/Pivot/Game001FreeSpinsMachine(Clone)/Pivot/Bonus Symbols/Pivot/Column3/Symbols/Pivot/Symbol7/Default/Pivot
animator animationStateName=multiplier_hide gameObject=Pivot path=/Game/Machines/Pivot/FreeSpinsMachineParent/Pivot/Game001FreeSpinsMachine(Clone)/Pivot/Bonus Symbols/Pivot/Column4/Symbols/Pivot/Symbol7/Default/Pivot
animator animationStateName=multiplier_hide gameObject=Pivot path=/Game/Machines/Pivot/FreeSpinsMachineParent/Pivot/Game001FreeSpinsMachine(Clone)/Pivot/Bonus Symbols/Pivot/Column5/Symbols/Pivot/Symbol7/Default/Pivot
animator animationStateName=multiplier_hide gameObject=Pivot path=/Game/Machines/Pivot/FreeSpinsMachineParent/Pivot/Game001FreeSpinsMachine(Clone)/Pivot/Bonus Symbols/Pivot/Column1/Symbols/Pivot/Symbol8/Default/Pivot
animator animationStateName=multiplier_hide gameObject=Pivot path=/Game/Machines/Pivot/FreeSpinsMachineParent/Pivot/Game001FreeSpinsMachine(Clone)/Pivot/Bonus Symbols/Pivot/Column2/Symbols/Pivot/Symbol8/Default/Pivot
animator animationStateName=multiplier_hide gameObject=Pivot path=/Game/Machines/Pivot/FreeSpinsMachineParent/Pivot/Game001FreeSpinsMachine(Clone)/Pivot/Bonus Symbols/Pivot/Column3/Symbols/Pivot/Symbol8/Default/Pivot
animator animationStateName=multiplier_hide gameObject=Pivot path=/Game/Machines/Pivot/FreeSpinsMachineParent/Pivot/Game001FreeSpinsMachine(Clone)/Pivot/Bonus Symbols/Pivot/Column4/Symbols/Pivot/Symbol8/Default/Pivot
animator animationStateName=multiplier_hide gameObject=Pivot path=/Game/Machines/Pivot/FreeSpinsMachineParent/Pivot/Game001FreeSpinsMachine(Clone)/Pivot/Bonus Symbols/Pivot/Column5/Symbols/Pivot/Symbol8/Default/Pivot
animator animationStateName=reset gameObject=Pivot path=/Game/Machines/Pivot/FreeSpinsMachineParent/Pivot/Game001FreeSpinsMachine(Clone)/Pivot/Free Spins Bonus Summary Frame/Pivot
animator animationStateName=slide_in gameObject=Pivot path=/Game/ReelOverlays/Pivot/FreeSpinsTriggerOverlayParent/Pivot
animator animationStateName=hide gameObject=Pivot path=/Game/Backgrounds/Pivot/FreeSpinsBackgroundParent/Pivot/Game001FreeSpinsBackground(Clone)/Pivot
animator animationStateName=show gameObject=Pivot path=/Game/Backgrounds/Pivot/BaseGameBackgroundParent/Pivot/Game001BaseGameBackground(Clone)/Pivot
animator animationStateName=slide_out gameObject=Pivot path=/Game/ReelOverlays/Pivot/FreeSpinsTriggerOverlayParent/Pivot
animator animationStateName=free_spins_trigger_fade_out gameObject=Pivot path=/Game/Machines/Pivot/BaseGameMachineParent/Pivot/Game001BaseGameMachine(Clone)/Pivot
Game001BaseGameMachine OnPointerClick tile id="Game001BaseGameMachine" (Frame=1823)
scriptName=Game001Outcome000000004 loaded successfully at frame=1828
animator animationStateName=land gameObject=Pivot path=/Game/Machines/Pivot/BaseGameMachineParent/Pivot/Game001BaseGameMachine(Clone)/Pivot/Reels/Pivot/BaseGameReel2/Symbol5/Pivot/BaseGameSymbol/F7/Pivot
animator animationStateName=win gameObject=Pivot path=/Game/Machines/Pivot/BaseGameMachineParent/Pivot/Game001BaseGameMachine(Clone)/Pivot/Reels/Pivot/BaseGameReel1/Symbol4/Pivot/BaseGameSymbol/F8/Pivot
animator animationStateName=win gameObject=Pivot path=/Game/Machines/Pivot/BaseGameMachineParent/Pivot/Game001BaseGameMachine(Clone)/Pivot/Reels/Pivot/BaseGameReel2/Symbol5/Pivot/BaseGameSymbol/F7/Pivot
animator animationStateName=win gameObject=Pivot path=/Game/Machines/Pivot/BaseGameMachineParent/Pivot/Game001BaseGameMachine(Clone)/Pivot/Reels/Pivot/BaseGameReel3/Symbol4/Pivot/BaseGameSymbol/F5/Pivot
animator animationStateName=win gameObject=Pivot path=/Game/Machines/Pivot/BaseGameMachineParent/Pivot/Game001BaseGameMachine(Clone)/Pivot/Reels/Pivot/BaseGameReel3/Symbol5/Pivot/BaseGameSymbol/F9/Pivot
animator animationStateName=win gameObject=Pivot path=/Game/Machines/Pivot/BaseGameMachineParent/Pivot/Game001BaseGameMachine(Clone)/Pivot/Reels/Pivot/BaseGameReel1/Symbol4/Pivot/BaseGameSymbol/F8/Pivot
animator animationStateName=win gameObject=Pivot path=/Game/Machines/Pivot/BaseGameMachineParent/Pivot/Game001BaseGameMachine(Clone)/Pivot/Reels/Pivot/BaseGameReel2/Symbol5/Pivot/BaseGameSymbol/F7/Pivot
animator animationStateName=win gameObject=Pivot path=/Game/Machines/Pivot/BaseGameMachineParent/Pivot/Game001BaseGameMachine(Clone)/Pivot/Reels/Pivot/BaseGameReel3/Symbol4/Pivot/BaseGameSymbol/F5/Pivot
animator animationStateName=win gameObject=Pivot path=/Game/Machines/Pivot/BaseGameMachineParent/Pivot/Game001BaseGameMachine(Clone)/Pivot/Reels/Pivot/BaseGameReel3/Symbol5/Pivot/BaseGameSymbol/F9/Pivot
animator animationStateName=win gameObject=Pivot path=/Game/Machines/Pivot/BaseGameMachineParent/Pivot/Game001BaseGameMachine(Clone)/Pivot/Reels/Pivot/BaseGameReel1/Symbol4/Pivot/BaseGameSymbol/F8/Pivot
animator animationStateName=win gameObject=Pivot path=/Game/Machines/Pivot/BaseGameMachineParent/Pivot/Game001BaseGameMachine(Clone)/Pivot/Reels/Pivot/BaseGameReel2/Symbol5/Pivot/BaseGameSymbol/F7/Pivot
animator animationStateName=win gameObject=Pivot path=/Game/Machines/Pivot/BaseGameMachineParent/Pivot/Game001BaseGameMachine(Clone)/Pivot/Reels/Pivot/BaseGameReel3/Symbol4/Pivot/BaseGameSymbol/F5/Pivot
animator animationStateName=win gameObject=Pivot path=/Game/Machines/Pivot/BaseGameMachineParent/Pivot/Game001BaseGameMachine(Clone)/Pivot/Reels/Pivot/BaseGameReel3/Symbol5/Pivot/BaseGameSymbol/F9/Pivot
]]></output>
                  </test-case>
                </test-suite>
              </test-suite>
            </test-suite>
          </test-suite>
        </test-suite>
      </test-suite>
    </test-suite>
  </test-suite>
</test-run>