<?xml version="1.0" encoding="utf-8"?>
<test-run id="2" testcasecount="4" result="Failed(Child)" total="4" passed="2" failed="2" inconclusive="0" skipped="0" asserts="0" engine-version="3.5.0.0" clr-version="4.0.30319.42000" start-time="2024-02-19 01:19:03Z" end-time="2024-02-19 01:19:06Z" duration="3.0210828">
  <test-suite type="TestSuite" id="1000" name="Unity" fullname="Unity" runstate="Runnable" testcasecount="5" result="Failed" site="Child" start-time="2024-02-19 01:19:03Z" end-time="2024-02-19 01:19:06Z" duration="3.021083" total="4" passed="2" failed="2" inconclusive="0" skipped="0" asserts="0">
    <properties />
    <failure>
      <message><![CDATA[One or more child tests had errors]]></message>
    </failure>
    <test-suite type="Assembly" id="1014" name="casino.bettr.plugin.Main.Tests.dll" fullname="/Users/rvergis/Documents/External/Bettr/GitHub/bettr-casino/slots-game-plugins/Unity/Library/ScriptAssemblies/casino.bettr.plugin.Main.Tests.dll" runstate="Runnable" testcasecount="4" result="Failed" site="Child" start-time="2024-02-19 01:19:03Z" end-time="2024-02-19 01:19:06Z" duration="3.017043" total="4" passed="2" failed="2" inconclusive="0" skipped="0" asserts="0">
      <properties>
        <property name="_PID" value="29351" />
        <property name="_APPDOMAIN" value="Unity Child Domain" />
        <property name="platform" value="PlayMode" />
      </properties>
      <failure>
        <message><![CDATA[One or more child tests had errors]]></message>
      </failure>
      <test-suite type="TestSuite" id="1015" name="Bettr" fullname="Bettr" runstate="Runnable" testcasecount="4" result="Failed" site="Child" start-time="2024-02-19 01:19:03Z" end-time="2024-02-19 01:19:06Z" duration="3.016612" total="4" passed="2" failed="2" inconclusive="0" skipped="0" asserts="0">
        <properties />
        <failure>
          <message><![CDATA[One or more child tests had errors]]></message>
        </failure>
        <test-suite type="TestSuite" id="1016" name="Runtime" fullname="Bettr.Runtime" runstate="Runnable" testcasecount="4" result="Failed" site="Child" start-time="2024-02-19 01:19:03Z" end-time="2024-02-19 01:19:06Z" duration="3.016327" total="4" passed="2" failed="2" inconclusive="0" skipped="0" asserts="0">
          <properties />
          <failure>
            <message><![CDATA[One or more child tests had errors]]></message>
          </failure>
          <test-suite type="TestSuite" id="1017" name="Plugin" fullname="Bettr.Runtime.Plugin" runstate="Runnable" testcasecount="4" result="Failed" site="Child" start-time="2024-02-19 01:19:03Z" end-time="2024-02-19 01:19:06Z" duration="3.016107" total="4" passed="2" failed="2" inconclusive="0" skipped="0" asserts="0">
            <properties />
            <failure>
              <message><![CDATA[One or more child tests had errors]]></message>
            </failure>
            <test-suite type="TestSuite" id="1018" name="Main" fullname="Bettr.Runtime.Plugin.Main" runstate="Runnable" testcasecount="4" result="Failed" site="Child" start-time="2024-02-19 01:19:03Z" end-time="2024-02-19 01:19:06Z" duration="3.015875" total="4" passed="2" failed="2" inconclusive="0" skipped="0" asserts="0">
              <properties />
              <failure>
                <message><![CDATA[One or more child tests had errors]]></message>
              </failure>
              <test-suite type="TestSuite" id="1019" name="Tests" fullname="Bettr.Runtime.Plugin.Main.Tests" runstate="Runnable" testcasecount="4" result="Failed" site="Child" start-time="2024-02-19 01:19:03Z" end-time="2024-02-19 01:19:06Z" duration="3.015499" total="4" passed="2" failed="2" inconclusive="0" skipped="0" asserts="0">
                <properties />
                <failure>
                  <message><![CDATA[One or more child tests had errors]]></message>
                </failure>
                <test-suite type="TestFixture" id="1009" name="Tests" fullname="Bettr.Runtime.Plugin.Main.Tests.Tests" classname="Bettr.Runtime.Plugin.Main.Tests.Tests" runstate="Runnable" testcasecount="4" result="Failed" site="Child" start-time="2024-02-19 01:19:03Z" end-time="2024-02-19 01:19:06Z" duration="3.014630" total="4" passed="2" failed="2" inconclusive="0" skipped="0" asserts="0">
                  <properties />
                  <failure>
                    <message><![CDATA[One or more child tests had errors]]></message>
                  </failure>
                  <output><![CDATA[GetCommandLineArguments args=/Applications/Unity/2022.3.16f1/Unity.app/Contents/MacOS/Unity,-batchmode,-logFile,/Users/rvergis/Documents/External/Bettr/Logs/UnityUnitTests/logfile.log,-runTests,-projectPath,Unity,-testResults,TestResults/testResultsMain.xml,-testPlatform,playmode,-testFilter,casino.bettr.plugin.Main.Tests,-timeScale=10
Setting Time.timeScale=10
OneTimeSetup
]]></output>
                  <test-case id="1010" name="TestInit" fullname="Bettr.Runtime.Plugin.Main.Tests.Tests.TestInit" methodname="TestInit" classname="Bettr.Runtime.Plugin.Main.Tests.Tests" runstate="Runnable" seed="1249923295" result="Passed" start-time="2024-02-19 01:19:04Z" end-time="2024-02-19 01:19:05Z" duration="1.026621" asserts="0">
                    <properties>
                      <property name="_JOINTYPE" value="UnityCombinatorial" />
                      <property name="Order" value="1" />
                    </properties>
                    <output><![CDATA[UnitySetUp
scriptName=Core loaded successfully at frame=12
scriptName=Math loaded successfully at frame=12
scriptName=Main loaded successfully at frame=12
scriptName=Utils loaded successfully at frame=12
AddScriptsToTable 4 scripts took 0.02526903 seconds
TestLogin
]]></output>
                  </test-case>
                  <test-case id="1011" name="TestLogin" fullname="Bettr.Runtime.Plugin.Main.Tests.Tests.TestLogin" methodname="TestLogin" classname="Bettr.Runtime.Plugin.Main.Tests.Tests" runstate="Runnable" seed="1718719775" result="Failed" start-time="2024-02-19 01:19:05Z" end-time="2024-02-19 01:19:06Z" duration="0.895637" asserts="0">
                    <properties>
                      <property name="_JOINTYPE" value="UnityCombinatorial" />
                      <property name="Order" value="2" />
                    </properties>
                    <failure>
                      <message><![CDATA[Unhandled log message: '[Error] Login error: url=auth/login/anon error=HTTP/1.1 403 Forbidden'. Use UnityEngine.TestTools.LogAssert.Expect]]></message>
                      <stack-trace><![CDATA[
]]></stack-trace>
                    </failure>
                    <output><![CDATA[UnitySetUp
TestLogin
Starting User Login
HTTP/1.1 403 Forbidden
Login error: url=auth/login/anon error=HTTP/1.1 403 Forbidden
uniqueId=EE0DE516-5053-5142-80AC-2D878E91215C
]]></output>
                  </test-case>
                  <test-case id="1012" name="TestRoutineRunner" fullname="Bettr.Runtime.Plugin.Main.Tests.Tests.TestRoutineRunner" methodname="TestRoutineRunner" classname="Bettr.Runtime.Plugin.Main.Tests.Tests" runstate="Runnable" seed="347817422" result="Passed" start-time="2024-02-19 01:19:06Z" end-time="2024-02-19 01:19:06Z" duration="0.460831" asserts="0">
                    <properties>
                      <property name="_JOINTYPE" value="UnityCombinatorial" />
                      <property name="Order" value="3" />
                    </properties>
                    <output><![CDATA[UnitySetUp
TestRoutineRunner
TestRoutineRunner timeElapsed=3.666901
]]></output>
                  </test-case>
                  <test-case id="1013" name="TestLoadMainLobby" fullname="Bettr.Runtime.Plugin.Main.Tests.Tests.TestLoadMainLobby" methodname="TestLoadMainLobby" classname="Bettr.Runtime.Plugin.Main.Tests.Tests" runstate="Runnable" seed="329599365" result="Failed" start-time="2024-02-19 01:19:06Z" end-time="2024-02-19 01:19:06Z" duration="0.102907" asserts="0">
                    <properties>
                      <property name="_JOINTYPE" value="UnityCombinatorial" />
                      <property name="Order" value="4" />
                      <property name="Timeout" value="600000" />
                    </properties>
                    <failure>
                      <message><![CDATA[Unhandled log message: '[Error] Main Error CallStack: "CrayonScript.Interpreter.ScriptRuntimeException: attempt to index "LobbyScene" on a nil value line:[44] source:[Main]
  at CrayonScript.Interpreter.Execution.VM.Processor.Processing_Loop (System.Int32 instructionPtr, System.Int32 endInstructionExclusivePtr) [0x015f1] in <d6bd5e21b6f4484188f82f42c9d0e633>:0 
  at CrayonScript.Interpreter.Execution.VM.Processor.Call (CrayonScript.Interpreter.DynValue function, CrayonScript.Interpreter.DynValue[] args) [0x00086] in <d6bd5e21b6f4484188f82f42c9d0e633>:0 
  at CrayonScript.Code.ScriptRunner+<CallAsyncAction>d__30.MoveNext () [0x0018e] in <d6bd5e21b6f4484188f82f42c9d0e633>:0 
CallStack:
↪BettrAssetController.LoadScene(BettrUser.LobbyScene.BundleName, BettrUser.LobbyScene.BundleVersion, "MainLobbyScene") [44] [Main]" (Frame=58)'. Use UnityEngine.TestTools.LogAssert.Expect]]></message>
                      <stack-trace><![CDATA[
]]></stack-trace>
                    </failure>
                    <output><![CDATA[UnitySetUp
TestLoadMainLobby
LoadLobbyScene starting... (Frame=58)
Main Error CallStack: "CrayonScript.Interpreter.ScriptRuntimeException: attempt to index "LobbyScene" on a nil value line:[44] source:[Main]
  at CrayonScript.Interpreter.Execution.VM.Processor.Processing_Loop (System.Int32 instructionPtr, System.Int32 endInstructionExclusivePtr) [0x015f1] in <d6bd5e21b6f4484188f82f42c9d0e633>:0 
  at CrayonScript.Interpreter.Execution.VM.Processor.Call (CrayonScript.Interpreter.DynValue function, CrayonScript.Interpreter.DynValue[] args) [0x00086] in <d6bd5e21b6f4484188f82f42c9d0e633>:0 
  at CrayonScript.Code.ScriptRunner+<CallAsyncAction>d__30.MoveNext () [0x0018e] in <d6bd5e21b6f4484188f82f42c9d0e633>:0 
CallStack:
↪BettrAssetController.LoadScene(BettrUser.LobbyScene.BundleName, BettrUser.LobbyScene.BundleVersion, "MainLobbyScene") [44] [Main]" (Frame=58)
]]></output>
                  </test-case>
                </test-suite>
              </test-suite>
            </test-suite>
          </test-suite>
        </test-suite>
      </test-suite>
    </test-suite>
  </test-suite>
</test-run>