<?xml version="1.0" encoding="utf-8"?>
<test-run id="2" testcasecount="5" result="Passed" total="5" passed="5" failed="0" inconclusive="0" skipped="0" asserts="0" engine-version="3.5.0.0" clr-version="4.0.30319.42000" start-time="2024-03-22 05:09:32Z" end-time="2024-03-22 05:10:38Z" duration="66.7390618">
  <test-suite type="TestSuite" id="1000" name="Unity" fullname="Unity" runstate="Runnable" testcasecount="6" result="Passed" start-time="2024-03-22 05:09:32Z" end-time="2024-03-22 05:10:38Z" duration="66.739062" total="5" passed="5" failed="0" inconclusive="0" skipped="0" asserts="0">
    <properties />
    <test-suite type="Assembly" id="1015" name="casino.bettr.plugin.Main.Tests.dll" fullname="/Users/rvergis/Documents/External/Bettr/GitHub/bettr-casino/slots-game-plugins/Unity/Library/ScriptAssemblies/casino.bettr.plugin.Main.Tests.dll" runstate="Runnable" testcasecount="5" result="Passed" start-time="2024-03-22 05:09:32Z" end-time="2024-03-22 05:10:38Z" duration="66.735566" total="5" passed="5" failed="0" inconclusive="0" skipped="0" asserts="0">
      <properties>
        <property name="_PID" value="19315" />
        <property name="_APPDOMAIN" value="Unity Child Domain" />
        <property name="platform" value="PlayMode" />
      </properties>
      <test-suite type="TestSuite" id="1016" name="Bettr" fullname="Bettr" runstate="Runnable" testcasecount="5" result="Passed" start-time="2024-03-22 05:09:32Z" end-time="2024-03-22 05:10:38Z" duration="66.735191" total="5" passed="5" failed="0" inconclusive="0" skipped="0" asserts="0">
        <properties />
        <test-suite type="TestSuite" id="1017" name="Runtime" fullname="Bettr.Runtime" runstate="Runnable" testcasecount="5" result="Passed" start-time="2024-03-22 05:09:32Z" end-time="2024-03-22 05:10:38Z" duration="66.734982" total="5" passed="5" failed="0" inconclusive="0" skipped="0" asserts="0">
          <properties />
          <test-suite type="TestSuite" id="1018" name="Plugin" fullname="Bettr.Runtime.Plugin" runstate="Runnable" testcasecount="5" result="Passed" start-time="2024-03-22 05:09:32Z" end-time="2024-03-22 05:10:38Z" duration="66.734767" total="5" passed="5" failed="0" inconclusive="0" skipped="0" asserts="0">
            <properties />
            <test-suite type="TestSuite" id="1019" name="Main" fullname="Bettr.Runtime.Plugin.Main" runstate="Runnable" testcasecount="5" result="Passed" start-time="2024-03-22 05:09:32Z" end-time="2024-03-22 05:10:38Z" duration="66.734539" total="5" passed="5" failed="0" inconclusive="0" skipped="0" asserts="0">
              <properties />
              <test-suite type="TestSuite" id="1020" name="Tests" fullname="Bettr.Runtime.Plugin.Main.Tests" runstate="Runnable" testcasecount="5" result="Passed" start-time="2024-03-22 05:09:32Z" end-time="2024-03-22 05:10:38Z" duration="66.734284" total="5" passed="5" failed="0" inconclusive="0" skipped="0" asserts="0">
                <properties />
                <test-suite type="TestFixture" id="1009" name="Tests" fullname="Bettr.Runtime.Plugin.Main.Tests.Tests" classname="Bettr.Runtime.Plugin.Main.Tests.Tests" runstate="Runnable" testcasecount="5" result="Passed" start-time="2024-03-22 05:09:32Z" end-time="2024-03-22 05:10:38Z" duration="66.733242" total="5" passed="5" failed="0" inconclusive="0" skipped="0" asserts="0">
                  <properties />
                  <output><![CDATA[GetCommandLineArguments args=/Users/rvergis/Documents/External/Applications/Unity/Hub/Editor/2022.3.16f1/Unity.app/Contents/MacOS/Unity,-batchmode,-logFile,/Users/rvergis/Documents/External/Bettr/Logs/UnitTests/logfile.log,-runTests,-projectPath,Unity,-testResults,TestResults/testResultsMain.xml,-testPlatform,playmode,-testFilter,casino.bettr.plugin.Main.Tests,-timeScale=10
Setting Time.timeScale=10
]]></output>
                  <test-case id="1010" name="TestInit" fullname="Bettr.Runtime.Plugin.Main.Tests.Tests.TestInit" methodname="TestInit" classname="Bettr.Runtime.Plugin.Main.Tests.Tests" runstate="Runnable" seed="1679766194" result="Passed" start-time="2024-03-22 05:09:32Z" end-time="2024-03-22 05:09:34Z" duration="2.143506" asserts="0">
                    <properties>
                      <property name="_JOINTYPE" value="UnityCombinatorial" />
                      <property name="Order" value="1" />
                    </properties>
                    <output><![CDATA[OneTimeSetup started
userId=EE0DE516-5053-5142-80AC-2D878E91215C AssetsVersion=latest AssetsBaseURL=https://bettr-casino-assets.s3.us-west-2.amazonaws.com WebAssetsBaseURL=https://bettr-casino-assets.s3.us-west-2.amazonaws.com/assets/latest/iOS WebOutcomesBaseURL=https://bettr-casino-outcomes.s3.us-west-2.amazonaws.com MainBundleName=main MainBundleVariant=v0_1_0
scriptName=Core loaded successfully at frame=12
scriptName=Math loaded successfully at frame=12
scriptName=Main loaded successfully at frame=12
scriptName=Utils loaded successfully at frame=12
AddScriptsToTable 4 scripts took 0.02552152 seconds
OneTimeSetup ended
TestLogin
]]></output>
                  </test-case>
                  <test-case id="1011" name="TestLogin" fullname="Bettr.Runtime.Plugin.Main.Tests.Tests.TestLogin" methodname="TestLogin" classname="Bettr.Runtime.Plugin.Main.Tests.Tests" runstate="Runnable" seed="1058764404" result="Passed" start-time="2024-03-22 05:09:34Z" end-time="2024-03-22 05:09:34Z" duration="0.137965" asserts="0">
                    <properties>
                      <property name="_JOINTYPE" value="UnityCombinatorial" />
                      <property name="Order" value="2" />
                    </properties>
                    <output><![CDATA[TestLogin
Starting User Login
Starting LoadUserBlob
]]></output>
                  </test-case>
                  <test-case id="1012" name="TestRoutineRunner" fullname="Bettr.Runtime.Plugin.Main.Tests.Tests.TestRoutineRunner" methodname="TestRoutineRunner" classname="Bettr.Runtime.Plugin.Main.Tests.Tests" runstate="Runnable" seed="1544820794" result="Passed" start-time="2024-03-22 05:09:34Z" end-time="2024-03-22 05:09:34Z" duration="0.398718" asserts="0">
                    <properties>
                      <property name="_JOINTYPE" value="UnityCombinatorial" />
                      <property name="Order" value="3" />
                    </properties>
                    <output><![CDATA[TestRoutineRunner
TestRoutineRunner timeElapsed=3.002057
]]></output>
                  </test-case>
                  <test-case id="1013" name="TestLoadMainLobby" fullname="Bettr.Runtime.Plugin.Main.Tests.Tests.TestLoadMainLobby" methodname="TestLoadMainLobby" classname="Bettr.Runtime.Plugin.Main.Tests.Tests" runstate="Runnable" seed="612969989" result="Passed" start-time="2024-03-22 05:09:34Z" end-time="2024-03-22 05:09:35Z" duration="0.856169" asserts="0">
                    <properties>
                      <property name="_JOINTYPE" value="UnityCombinatorial" />
                      <property name="Order" value="4" />
                      <property name="Timeout" value="600000" />
                    </properties>
                    <output><![CDATA[TestLoadMainLobby
LoadLobbyScene starting... (Frame=35)
scriptName=MainLobbyBottomBar loaded successfully at frame=36
scriptName=MainLobbyScene loaded successfully at frame=36
scriptName=SettingsPanel loaded successfully at frame=36
scriptName=GiftsPanel loaded successfully at frame=36
scriptName=DefaultLobbyCard loaded successfully at frame=36
AddScriptsToTable 5 scripts took 0.008187771 seconds
DefaultLobbyCard Awake tile id="DefaultLobbyCard" (Frame=40)
DefaultLobbyCard Awake tile id="DefaultLobbyCard" (Frame=40)
DefaultLobbyCard Awake tile id="DefaultLobbyCard" (Frame=40)
DefaultLobbyCard Awake tile id="DefaultLobbyCard" (Frame=40)
DefaultLobbyCard Awake tile id="DefaultLobbyCard" (Frame=40)
DefaultLobbyCard Awake tile id="DefaultLobbyCard" (Frame=40)
DefaultLobbyCard Awake tile id="DefaultLobbyCard" (Frame=40)
DefaultLobbyCard Awake tile id="DefaultLobbyCard" (Frame=40)
DefaultLobbyCard Awake tile id="DefaultLobbyCard" (Frame=40)
DefaultLobbyCard Awake tile id="DefaultLobbyCard" (Frame=40)
DefaultLobbyCard Awake tile id="DefaultLobbyCard" (Frame=40)
DefaultLobbyCard Awake tile id="DefaultLobbyCard" (Frame=40)
DefaultLobbyCard Awake tile id="DefaultLobbyCard" (Frame=40)
DefaultLobbyCard Awake tile id="DefaultLobbyCard" (Frame=40)
DefaultLobbyCard Awake tile id="DefaultLobbyCard" (Frame=40)
DefaultLobbyCard Awake tile id="DefaultLobbyCard" (Frame=40)
DefaultLobbyCard Awake tile id="DefaultLobbyCard" (Frame=40)
DefaultLobbyCard Awake tile id="DefaultLobbyCard" (Frame=40)
DefaultLobbyCard Awake tile id="DefaultLobbyCard" (Frame=40)
DefaultLobbyCard Awake tile id="DefaultLobbyCard" (Frame=40)
DefaultLobbyCard Awake tile id="DefaultLobbyCard" (Frame=40)
DefaultLobbyCard Awake tile id="DefaultLobbyCard" (Frame=40)
DefaultLobbyCard Awake tile id="DefaultLobbyCard" (Frame=40)
DefaultLobbyCard Awake tile id="DefaultLobbyCard" (Frame=40)
DefaultLobbyCard Awake tile id="DefaultLobbyCard" (Frame=40)
DefaultLobbyCard Awake tile id="DefaultLobbyCard" (Frame=40)
DefaultLobbyCard Awake tile id="DefaultLobbyCard" (Frame=40)
DefaultLobbyCard Awake tile id="DefaultLobbyCard" (Frame=40)
DefaultLobbyCard Awake tile id="DefaultLobbyCard" (Frame=40)
DefaultLobbyCard Awake tile id="DefaultLobbyCard" (Frame=40)
DefaultLobbyCard Awake tile id="DefaultLobbyCard" (Frame=40)
DefaultLobbyCard Awake tile id="DefaultLobbyCard" (Frame=40)
DefaultLobbyCard Awake tile id="DefaultLobbyCard" (Frame=40)
DefaultLobbyCard Awake tile id="DefaultLobbyCard" (Frame=40)
DefaultLobbyCard Awake tile id="DefaultLobbyCard" (Frame=40)
DefaultLobbyCard Awake tile id="DefaultLobbyCard" (Frame=40)
DefaultLobbyCard Awake tile id="DefaultLobbyCard" (Frame=40)
DefaultLobbyCard Awake tile id="DefaultLobbyCard" (Frame=40)
DefaultLobbyCard Awake tile id="DefaultLobbyCard" (Frame=40)
DefaultLobbyCard Awake tile id="DefaultLobbyCard" (Frame=40)
DefaultLobbyCard Awake tile id="DefaultLobbyCard" (Frame=40)
DefaultLobbyCard Awake tile id="DefaultLobbyCard" (Frame=40)
DefaultLobbyCard Awake tile id="DefaultLobbyCard" (Frame=40)
DefaultLobbyCard Awake tile id="DefaultLobbyCard" (Frame=40)
DefaultLobbyCard Awake tile id="DefaultLobbyCard" (Frame=40)
DefaultLobbyCard Awake tile id="DefaultLobbyCard" (Frame=40)
DefaultLobbyCard Awake tile id="DefaultLobbyCard" (Frame=40)
DefaultLobbyCard Awake tile id="DefaultLobbyCard" (Frame=40)
DefaultLobbyCard Awake tile id="DefaultLobbyCard" (Frame=40)
DefaultLobbyCard Awake tile id="DefaultLobbyCard" (Frame=40)
DefaultLobbyCard Awake tile id="DefaultLobbyCard" (Frame=40)
DefaultLobbyCard Awake tile id="DefaultLobbyCard" (Frame=40)
DefaultLobbyCard Awake tile id="DefaultLobbyCard" (Frame=40)
DefaultLobbyCard Awake tile id="DefaultLobbyCard" (Frame=40)
DefaultLobbyCard Awake tile id="DefaultLobbyCard" (Frame=40)
DefaultLobbyCard Awake tile id="DefaultLobbyCard" (Frame=40)
DefaultLobbyCard Awake tile id="DefaultLobbyCard" (Frame=40)
DefaultLobbyCard Awake tile id="DefaultLobbyCard" (Frame=40)
DefaultLobbyCard Awake tile id="DefaultLobbyCard" (Frame=40)
DefaultLobbyCard Awake tile id="DefaultLobbyCard" (Frame=40)
DefaultLobbyCard Awake tile id="DefaultLobbyCard" (Frame=40)
DefaultLobbyCard Awake tile id="DefaultLobbyCard" (Frame=40)
DefaultLobbyCard Awake tile id="DefaultLobbyCard" (Frame=40)
DefaultLobbyCard Awake tile id="DefaultLobbyCard" (Frame=40)
DefaultLobbyCard Awake tile id="DefaultLobbyCard" (Frame=40)
DefaultLobbyCard Awake tile id="DefaultLobbyCard" (Frame=40)
DefaultLobbyCard Awake tile id="DefaultLobbyCard" (Frame=40)
DefaultLobbyCard Awake tile id="DefaultLobbyCard" (Frame=40)
DefaultLobbyCard Awake tile id="DefaultLobbyCard" (Frame=40)
DefaultLobbyCard Awake tile id="DefaultLobbyCard" (Frame=40)
DefaultLobbyCard Awake tile id="DefaultLobbyCard" (Frame=40)
DefaultLobbyCard Awake tile id="DefaultLobbyCard" (Frame=40)
DefaultLobbyCard Awake tile id="DefaultLobbyCard" (Frame=40)
DefaultLobbyCard Awake tile id="DefaultLobbyCard" (Frame=40)
DefaultLobbyCard Awake tile id="DefaultLobbyCard" (Frame=40)
DefaultLobbyCard Awake tile id="DefaultLobbyCard" (Frame=40)
DefaultLobbyCard Awake tile id="DefaultLobbyCard" (Frame=40)
DefaultLobbyCard Awake tile id="DefaultLobbyCard" (Frame=40)
DefaultLobbyCard Awake tile id="DefaultLobbyCard" (Frame=40)
DefaultLobbyCard Awake tile id="DefaultLobbyCard" (Frame=40)
DefaultLobbyCard Awake tile id="DefaultLobbyCard" (Frame=40)
DefaultLobbyCard Awake tile id="DefaultLobbyCard" (Frame=40)
DefaultLobbyCard Awake tile id="DefaultLobbyCard" (Frame=40)
DefaultLobbyCard Awake tile id="DefaultLobbyCard" (Frame=40)
DefaultLobbyCard Awake tile id="DefaultLobbyCard" (Frame=40)
DefaultLobbyCard Awake tile id="DefaultLobbyCard" (Frame=40)
DefaultLobbyCard Awake tile id="DefaultLobbyCard" (Frame=40)
DefaultLobbyCard Awake tile id="DefaultLobbyCard" (Frame=40)
DefaultLobbyCard Awake tile id="DefaultLobbyCard" (Frame=40)
DefaultLobbyCard Awake tile id="DefaultLobbyCard" (Frame=40)
DefaultLobbyCard Awake tile id="DefaultLobbyCard" (Frame=40)
DefaultLobbyCard Awake tile id="DefaultLobbyCard" (Frame=40)
DefaultLobbyCard Awake tile id="DefaultLobbyCard" (Frame=40)
DefaultLobbyCard Awake tile id="DefaultLobbyCard" (Frame=40)
DefaultLobbyCard Awake tile id="DefaultLobbyCard" (Frame=40)
DefaultLobbyCard Awake tile id="DefaultLobbyCard" (Frame=40)
DefaultLobbyCard Awake tile id="DefaultLobbyCard" (Frame=40)
MainLobbyScene Starting... (Frame=40)
LoadLobbyCards invoked (Frame=40)
LoadApp lobbyCard cardCount=9 (Frame=40)
LoadApp lobbyCard=Bettr.Core.BettrLobbyCardConfig lobbyCard.MachineName="Game001" lobbyCard.MaterialName="Game001LobbyCardMaterial" (Frame=40)
LoadApp lobbyCardGameObject="NewReleaseGameLobbyCard" (Frame=40)
LoadApp lobbyCard=Bettr.Core.BettrLobbyCardConfig lobbyCard.MachineName="Game002" lobbyCard.MaterialName="Game002LobbyCardMaterial" (Frame=40)
LoadApp lobbyCardGameObject="GameLobbyCard" (Frame=40)
LoadApp lobbyCard=Bettr.Core.BettrLobbyCardConfig lobbyCard.MachineName="Game003" lobbyCard.MaterialName="Game003LobbyCardMaterial" (Frame=40)
LoadApp lobbyCardGameObject="GameLobbyCard" (Frame=40)
LoadApp lobbyCard=Bettr.Core.BettrLobbyCardConfig lobbyCard.MachineName="Game004" lobbyCard.MaterialName="Game004LobbyCardMaterial" (Frame=40)
LoadApp lobbyCardGameObject="GameLobbyCard" (Frame=40)
LoadApp lobbyCard=Bettr.Core.BettrLobbyCardConfig lobbyCard.MachineName="Game005" lobbyCard.MaterialName="Game005LobbyCardMaterial" (Frame=40)
LoadApp lobbyCardGameObject="GameLobbyCard" (Frame=40)
LoadApp lobbyCard=Bettr.Core.BettrLobbyCardConfig lobbyCard.MachineName="Game006" lobbyCard.MaterialName="Game006LobbyCardMaterial" (Frame=40)
LoadApp lobbyCardGameObject="GameLobbyCard" (Frame=40)
LoadApp lobbyCard=Bettr.Core.BettrLobbyCardConfig lobbyCard.MachineName="Game007" lobbyCard.MaterialName="Game007LobbyCardMaterial" (Frame=40)
LoadApp lobbyCardGameObject="GameLobbyCard" (Frame=40)
LoadApp lobbyCard=Bettr.Core.BettrLobbyCardConfig lobbyCard.MachineName="Game008" lobbyCard.MaterialName="Game008LobbyCardMaterial" (Frame=40)
LoadApp lobbyCardGameObject="GameLobbyCard" (Frame=40)
LoadApp lobbyCard=Bettr.Core.BettrLobbyCardConfig lobbyCard.MachineName="Game009" lobbyCard.MaterialName="Game009LobbyCardMaterial" (Frame=40)
LoadApp lobbyCardGameObject="GameLobbyCard" (Frame=40)
DefaultLobbyCard Start tile id="DefaultLobbyCard" (Frame=40)
DefaultLobbyCard Start tile id="DefaultLobbyCard" (Frame=40)
DefaultLobbyCard Start tile id="DefaultLobbyCard" (Frame=40)
DefaultLobbyCard Start tile id="DefaultLobbyCard" (Frame=40)
DefaultLobbyCard Start tile id="DefaultLobbyCard" (Frame=40)
DefaultLobbyCard Start tile id="DefaultLobbyCard" (Frame=40)
DefaultLobbyCard Start tile id="DefaultLobbyCard" (Frame=40)
DefaultLobbyCard Start tile id="DefaultLobbyCard" (Frame=40)
DefaultLobbyCard Start tile id="DefaultLobbyCard" (Frame=40)
DefaultLobbyCard Start tile id="DefaultLobbyCard" (Frame=40)
DefaultLobbyCard Start tile id="DefaultLobbyCard" (Frame=40)
DefaultLobbyCard Start tile id="DefaultLobbyCard" (Frame=40)
DefaultLobbyCard Start tile id="DefaultLobbyCard" (Frame=40)
DefaultLobbyCard Start tile id="DefaultLobbyCard" (Frame=40)
DefaultLobbyCard Start tile id="DefaultLobbyCard" (Frame=40)
DefaultLobbyCard Start tile id="DefaultLobbyCard" (Frame=40)
DefaultLobbyCard Start tile id="DefaultLobbyCard" (Frame=40)
DefaultLobbyCard Start tile id="DefaultLobbyCard" (Frame=40)
DefaultLobbyCard Start tile id="DefaultLobbyCard" (Frame=40)
DefaultLobbyCard Start tile id="DefaultLobbyCard" (Frame=40)
DefaultLobbyCard Start tile id="DefaultLobbyCard" (Frame=40)
DefaultLobbyCard Start tile id="DefaultLobbyCard" (Frame=40)
DefaultLobbyCard Start tile id="DefaultLobbyCard" (Frame=40)
DefaultLobbyCard Start tile id="DefaultLobbyCard" (Frame=40)
DefaultLobbyCard Start tile id="DefaultLobbyCard" (Frame=40)
DefaultLobbyCard Start tile id="DefaultLobbyCard" (Frame=40)
DefaultLobbyCard Start tile id="DefaultLobbyCard" (Frame=40)
DefaultLobbyCard Start tile id="DefaultLobbyCard" (Frame=40)
DefaultLobbyCard Start tile id="DefaultLobbyCard" (Frame=40)
DefaultLobbyCard Start tile id="DefaultLobbyCard" (Frame=40)
DefaultLobbyCard Start tile id="DefaultLobbyCard" (Frame=40)
DefaultLobbyCard Start tile id="DefaultLobbyCard" (Frame=40)
DefaultLobbyCard Start tile id="DefaultLobbyCard" (Frame=40)
DefaultLobbyCard Start tile id="DefaultLobbyCard" (Frame=40)
DefaultLobbyCard Start tile id="DefaultLobbyCard" (Frame=40)
DefaultLobbyCard Start tile id="DefaultLobbyCard" (Frame=40)
DefaultLobbyCard Start tile id="DefaultLobbyCard" (Frame=40)
DefaultLobbyCard Start tile id="DefaultLobbyCard" (Frame=40)
DefaultLobbyCard Start tile id="DefaultLobbyCard" (Frame=40)
DefaultLobbyCard Start tile id="DefaultLobbyCard" (Frame=40)
DefaultLobbyCard Start tile id="DefaultLobbyCard" (Frame=40)
DefaultLobbyCard Start tile id="DefaultLobbyCard" (Frame=40)
DefaultLobbyCard Start tile id="DefaultLobbyCard" (Frame=40)
DefaultLobbyCard Start tile id="DefaultLobbyCard" (Frame=40)
DefaultLobbyCard Start tile id="DefaultLobbyCard" (Frame=40)
DefaultLobbyCard Start tile id="DefaultLobbyCard" (Frame=40)
DefaultLobbyCard Start tile id="DefaultLobbyCard" (Frame=40)
DefaultLobbyCard Start tile id="DefaultLobbyCard" (Frame=40)
DefaultLobbyCard Start tile id="DefaultLobbyCard" (Frame=40)
DefaultLobbyCard Start tile id="DefaultLobbyCard" (Frame=40)
DefaultLobbyCard Start tile id="DefaultLobbyCard" (Frame=40)
DefaultLobbyCard Start tile id="DefaultLobbyCard" (Frame=40)
DefaultLobbyCard Start tile id="DefaultLobbyCard" (Frame=40)
DefaultLobbyCard Start tile id="DefaultLobbyCard" (Frame=40)
DefaultLobbyCard Start tile id="DefaultLobbyCard" (Frame=40)
DefaultLobbyCard Start tile id="DefaultLobbyCard" (Frame=40)
DefaultLobbyCard Start tile id="DefaultLobbyCard" (Frame=40)
DefaultLobbyCard Start tile id="DefaultLobbyCard" (Frame=40)
DefaultLobbyCard Start tile id="DefaultLobbyCard" (Frame=40)
DefaultLobbyCard Start tile id="DefaultLobbyCard" (Frame=40)
DefaultLobbyCard Start tile id="DefaultLobbyCard" (Frame=40)
DefaultLobbyCard Start tile id="DefaultLobbyCard" (Frame=40)
DefaultLobbyCard Start tile id="DefaultLobbyCard" (Frame=40)
DefaultLobbyCard Start tile id="DefaultLobbyCard" (Frame=40)
DefaultLobbyCard Start tile id="DefaultLobbyCard" (Frame=40)
DefaultLobbyCard Start tile id="DefaultLobbyCard" (Frame=40)
DefaultLobbyCard Start tile id="DefaultLobbyCard" (Frame=40)
DefaultLobbyCard Start tile id="DefaultLobbyCard" (Frame=40)
DefaultLobbyCard Start tile id="DefaultLobbyCard" (Frame=40)
DefaultLobbyCard Start tile id="DefaultLobbyCard" (Frame=40)
DefaultLobbyCard Start tile id="DefaultLobbyCard" (Frame=40)
DefaultLobbyCard Start tile id="DefaultLobbyCard" (Frame=40)
DefaultLobbyCard Start tile id="DefaultLobbyCard" (Frame=40)
DefaultLobbyCard Start tile id="DefaultLobbyCard" (Frame=40)
DefaultLobbyCard Start tile id="DefaultLobbyCard" (Frame=40)
DefaultLobbyCard Start tile id="DefaultLobbyCard" (Frame=40)
DefaultLobbyCard Start tile id="DefaultLobbyCard" (Frame=40)
DefaultLobbyCard Start tile id="DefaultLobbyCard" (Frame=40)
DefaultLobbyCard Start tile id="DefaultLobbyCard" (Frame=40)
DefaultLobbyCard Start tile id="DefaultLobbyCard" (Frame=40)
DefaultLobbyCard Start tile id="DefaultLobbyCard" (Frame=40)
DefaultLobbyCard Start tile id="DefaultLobbyCard" (Frame=40)
DefaultLobbyCard Start tile id="DefaultLobbyCard" (Frame=40)
DefaultLobbyCard Start tile id="DefaultLobbyCard" (Frame=40)
DefaultLobbyCard Start tile id="DefaultLobbyCard" (Frame=40)
DefaultLobbyCard Start tile id="DefaultLobbyCard" (Frame=40)
DefaultLobbyCard Start tile id="DefaultLobbyCard" (Frame=40)
DefaultLobbyCard Start tile id="DefaultLobbyCard" (Frame=40)
DefaultLobbyCard Start tile id="DefaultLobbyCard" (Frame=40)
DefaultLobbyCard Start tile id="DefaultLobbyCard" (Frame=40)
DefaultLobbyCard Start tile id="DefaultLobbyCard" (Frame=40)
DefaultLobbyCard Start tile id="DefaultLobbyCard" (Frame=40)
DefaultLobbyCard Start tile id="DefaultLobbyCard" (Frame=40)
DefaultLobbyCard Start tile id="DefaultLobbyCard" (Frame=40)
DefaultLobbyCard Start tile id="DefaultLobbyCard" (Frame=40)
DefaultLobbyCard Start tile id="DefaultLobbyCard" (Frame=40)
DefaultLobbyCard Start tile id="DefaultLobbyCard" (Frame=40)
scriptName=Game001LobbyCard loaded successfully at frame=41
AddScriptsToTable 1 scripts took 0.0008020401 seconds
]]></output>
                  </test-case>
                  <test-case id="1014" name="TestGame001" fullname="Bettr.Runtime.Plugin.Main.Tests.Tests.TestGame001" methodname="TestGame001" classname="Bettr.Runtime.Plugin.Main.Tests.Tests" runstate="Runnable" seed="974993247" result="Passed" start-time="2024-03-22 05:09:35Z" end-time="2024-03-22 05:10:38Z" duration="63.184994" asserts="0">
                    <properties>
                      <property name="_JOINTYPE" value="UnityCombinatorial" />
                      <property name="Order" value="5" />
                      <property name="Timeout" value="600000" />
                    </properties>
                    <output><![CDATA[LoadLobbyScene starting... (Frame=53)
DefaultLobbyCard Awake tile id="DefaultLobbyCard" (Frame=58)
DefaultLobbyCard Awake tile id="DefaultLobbyCard" (Frame=58)
DefaultLobbyCard Awake tile id="DefaultLobbyCard" (Frame=58)
DefaultLobbyCard Awake tile id="DefaultLobbyCard" (Frame=58)
DefaultLobbyCard Awake tile id="DefaultLobbyCard" (Frame=58)
DefaultLobbyCard Awake tile id="DefaultLobbyCard" (Frame=58)
DefaultLobbyCard Awake tile id="DefaultLobbyCard" (Frame=58)
DefaultLobbyCard Awake tile id="DefaultLobbyCard" (Frame=58)
DefaultLobbyCard Awake tile id="DefaultLobbyCard" (Frame=58)
DefaultLobbyCard Awake tile id="DefaultLobbyCard" (Frame=58)
DefaultLobbyCard Awake tile id="DefaultLobbyCard" (Frame=58)
DefaultLobbyCard Awake tile id="DefaultLobbyCard" (Frame=58)
DefaultLobbyCard Awake tile id="DefaultLobbyCard" (Frame=58)
DefaultLobbyCard Awake tile id="DefaultLobbyCard" (Frame=58)
DefaultLobbyCard Awake tile id="DefaultLobbyCard" (Frame=58)
DefaultLobbyCard Awake tile id="DefaultLobbyCard" (Frame=58)
DefaultLobbyCard Awake tile id="DefaultLobbyCard" (Frame=58)
DefaultLobbyCard Awake tile id="DefaultLobbyCard" (Frame=58)
DefaultLobbyCard Awake tile id="DefaultLobbyCard" (Frame=58)
DefaultLobbyCard Awake tile id="DefaultLobbyCard" (Frame=58)
DefaultLobbyCard Awake tile id="DefaultLobbyCard" (Frame=58)
DefaultLobbyCard Awake tile id="DefaultLobbyCard" (Frame=58)
DefaultLobbyCard Awake tile id="DefaultLobbyCard" (Frame=58)
DefaultLobbyCard Awake tile id="DefaultLobbyCard" (Frame=58)
DefaultLobbyCard Awake tile id="DefaultLobbyCard" (Frame=58)
DefaultLobbyCard Awake tile id="DefaultLobbyCard" (Frame=58)
DefaultLobbyCard Awake tile id="DefaultLobbyCard" (Frame=58)
DefaultLobbyCard Awake tile id="DefaultLobbyCard" (Frame=58)
DefaultLobbyCard Awake tile id="DefaultLobbyCard" (Frame=58)
DefaultLobbyCard Awake tile id="DefaultLobbyCard" (Frame=58)
DefaultLobbyCard Awake tile id="DefaultLobbyCard" (Frame=58)
DefaultLobbyCard Awake tile id="DefaultLobbyCard" (Frame=58)
DefaultLobbyCard Awake tile id="DefaultLobbyCard" (Frame=58)
DefaultLobbyCard Awake tile id="DefaultLobbyCard" (Frame=58)
DefaultLobbyCard Awake tile id="DefaultLobbyCard" (Frame=58)
DefaultLobbyCard Awake tile id="DefaultLobbyCard" (Frame=58)
DefaultLobbyCard Awake tile id="DefaultLobbyCard" (Frame=58)
DefaultLobbyCard Awake tile id="DefaultLobbyCard" (Frame=58)
DefaultLobbyCard Awake tile id="DefaultLobbyCard" (Frame=58)
DefaultLobbyCard Awake tile id="DefaultLobbyCard" (Frame=58)
DefaultLobbyCard Awake tile id="DefaultLobbyCard" (Frame=58)
DefaultLobbyCard Awake tile id="DefaultLobbyCard" (Frame=58)
DefaultLobbyCard Awake tile id="DefaultLobbyCard" (Frame=58)
DefaultLobbyCard Awake tile id="DefaultLobbyCard" (Frame=58)
DefaultLobbyCard Awake tile id="DefaultLobbyCard" (Frame=58)
DefaultLobbyCard Awake tile id="DefaultLobbyCard" (Frame=58)
DefaultLobbyCard Awake tile id="DefaultLobbyCard" (Frame=58)
DefaultLobbyCard Awake tile id="DefaultLobbyCard" (Frame=58)
DefaultLobbyCard Awake tile id="DefaultLobbyCard" (Frame=58)
DefaultLobbyCard Awake tile id="DefaultLobbyCard" (Frame=58)
DefaultLobbyCard Awake tile id="DefaultLobbyCard" (Frame=58)
DefaultLobbyCard Awake tile id="DefaultLobbyCard" (Frame=58)
DefaultLobbyCard Awake tile id="DefaultLobbyCard" (Frame=58)
DefaultLobbyCard Awake tile id="DefaultLobbyCard" (Frame=58)
DefaultLobbyCard Awake tile id="DefaultLobbyCard" (Frame=58)
DefaultLobbyCard Awake tile id="DefaultLobbyCard" (Frame=58)
DefaultLobbyCard Awake tile id="DefaultLobbyCard" (Frame=58)
DefaultLobbyCard Awake tile id="DefaultLobbyCard" (Frame=58)
DefaultLobbyCard Awake tile id="DefaultLobbyCard" (Frame=58)
DefaultLobbyCard Awake tile id="DefaultLobbyCard" (Frame=58)
DefaultLobbyCard Awake tile id="DefaultLobbyCard" (Frame=58)
DefaultLobbyCard Awake tile id="DefaultLobbyCard" (Frame=58)
DefaultLobbyCard Awake tile id="DefaultLobbyCard" (Frame=58)
DefaultLobbyCard Awake tile id="DefaultLobbyCard" (Frame=58)
DefaultLobbyCard Awake tile id="DefaultLobbyCard" (Frame=58)
DefaultLobbyCard Awake tile id="DefaultLobbyCard" (Frame=58)
DefaultLobbyCard Awake tile id="DefaultLobbyCard" (Frame=58)
DefaultLobbyCard Awake tile id="DefaultLobbyCard" (Frame=58)
DefaultLobbyCard Awake tile id="DefaultLobbyCard" (Frame=58)
DefaultLobbyCard Awake tile id="DefaultLobbyCard" (Frame=58)
DefaultLobbyCard Awake tile id="DefaultLobbyCard" (Frame=58)
DefaultLobbyCard Awake tile id="DefaultLobbyCard" (Frame=58)
DefaultLobbyCard Awake tile id="DefaultLobbyCard" (Frame=58)
DefaultLobbyCard Awake tile id="DefaultLobbyCard" (Frame=58)
DefaultLobbyCard Awake tile id="DefaultLobbyCard" (Frame=58)
DefaultLobbyCard Awake tile id="DefaultLobbyCard" (Frame=58)
DefaultLobbyCard Awake tile id="DefaultLobbyCard" (Frame=58)
DefaultLobbyCard Awake tile id="DefaultLobbyCard" (Frame=58)
DefaultLobbyCard Awake tile id="DefaultLobbyCard" (Frame=58)
DefaultLobbyCard Awake tile id="DefaultLobbyCard" (Frame=58)
DefaultLobbyCard Awake tile id="DefaultLobbyCard" (Frame=58)
DefaultLobbyCard Awake tile id="DefaultLobbyCard" (Frame=58)
DefaultLobbyCard Awake tile id="DefaultLobbyCard" (Frame=58)
DefaultLobbyCard Awake tile id="DefaultLobbyCard" (Frame=58)
DefaultLobbyCard Awake tile id="DefaultLobbyCard" (Frame=58)
DefaultLobbyCard Awake tile id="DefaultLobbyCard" (Frame=58)
DefaultLobbyCard Awake tile id="DefaultLobbyCard" (Frame=58)
DefaultLobbyCard Awake tile id="DefaultLobbyCard" (Frame=58)
DefaultLobbyCard Awake tile id="DefaultLobbyCard" (Frame=58)
DefaultLobbyCard Awake tile id="DefaultLobbyCard" (Frame=58)
DefaultLobbyCard Awake tile id="DefaultLobbyCard" (Frame=58)
DefaultLobbyCard Awake tile id="DefaultLobbyCard" (Frame=58)
DefaultLobbyCard Awake tile id="DefaultLobbyCard" (Frame=58)
DefaultLobbyCard Awake tile id="DefaultLobbyCard" (Frame=58)
DefaultLobbyCard Awake tile id="DefaultLobbyCard" (Frame=58)
DefaultLobbyCard Awake tile id="DefaultLobbyCard" (Frame=58)
DefaultLobbyCard Awake tile id="DefaultLobbyCard" (Frame=58)
MainLobbyScene Starting... (Frame=58)
LoadLobbyCards invoked (Frame=58)
LoadApp lobbyCard cardCount=9 (Frame=58)
LoadApp lobbyCard=Bettr.Core.BettrLobbyCardConfig lobbyCard.MachineName="Game001" lobbyCard.MaterialName="Game001LobbyCardMaterial" (Frame=58)
LoadApp lobbyCardGameObject="NewReleaseGameLobbyCard" (Frame=58)
LoadApp lobbyCard=Bettr.Core.BettrLobbyCardConfig lobbyCard.MachineName="Game002" lobbyCard.MaterialName="Game002LobbyCardMaterial" (Frame=58)
LoadApp lobbyCardGameObject="GameLobbyCard" (Frame=58)
LoadApp lobbyCard=Bettr.Core.BettrLobbyCardConfig lobbyCard.MachineName="Game003" lobbyCard.MaterialName="Game003LobbyCardMaterial" (Frame=58)
LoadApp lobbyCardGameObject="GameLobbyCard" (Frame=58)
LoadApp lobbyCard=Bettr.Core.BettrLobbyCardConfig lobbyCard.MachineName="Game004" lobbyCard.MaterialName="Game004LobbyCardMaterial" (Frame=58)
LoadApp lobbyCardGameObject="GameLobbyCard" (Frame=58)
LoadApp lobbyCard=Bettr.Core.BettrLobbyCardConfig lobbyCard.MachineName="Game005" lobbyCard.MaterialName="Game005LobbyCardMaterial" (Frame=58)
LoadApp lobbyCardGameObject="GameLobbyCard" (Frame=58)
LoadApp lobbyCard=Bettr.Core.BettrLobbyCardConfig lobbyCard.MachineName="Game006" lobbyCard.MaterialName="Game006LobbyCardMaterial" (Frame=58)
LoadApp lobbyCardGameObject="GameLobbyCard" (Frame=58)
LoadApp lobbyCard=Bettr.Core.BettrLobbyCardConfig lobbyCard.MachineName="Game007" lobbyCard.MaterialName="Game007LobbyCardMaterial" (Frame=58)
LoadApp lobbyCardGameObject="GameLobbyCard" (Frame=58)
LoadApp lobbyCard=Bettr.Core.BettrLobbyCardConfig lobbyCard.MachineName="Game008" lobbyCard.MaterialName="Game008LobbyCardMaterial" (Frame=58)
LoadApp lobbyCardGameObject="GameLobbyCard" (Frame=58)
LoadApp lobbyCard=Bettr.Core.BettrLobbyCardConfig lobbyCard.MachineName="Game009" lobbyCard.MaterialName="Game009LobbyCardMaterial" (Frame=58)
LoadApp lobbyCardGameObject="GameLobbyCard" (Frame=58)
DefaultLobbyCard Start tile id="DefaultLobbyCard" (Frame=58)
DefaultLobbyCard Start tile id="DefaultLobbyCard" (Frame=58)
DefaultLobbyCard Start tile id="DefaultLobbyCard" (Frame=58)
DefaultLobbyCard Start tile id="DefaultLobbyCard" (Frame=58)
DefaultLobbyCard Start tile id="DefaultLobbyCard" (Frame=58)
DefaultLobbyCard Start tile id="DefaultLobbyCard" (Frame=58)
DefaultLobbyCard Start tile id="DefaultLobbyCard" (Frame=58)
DefaultLobbyCard Start tile id="DefaultLobbyCard" (Frame=58)
DefaultLobbyCard Start tile id="DefaultLobbyCard" (Frame=58)
DefaultLobbyCard Start tile id="DefaultLobbyCard" (Frame=58)
DefaultLobbyCard Start tile id="DefaultLobbyCard" (Frame=58)
DefaultLobbyCard Start tile id="DefaultLobbyCard" (Frame=58)
DefaultLobbyCard Start tile id="DefaultLobbyCard" (Frame=58)
DefaultLobbyCard Start tile id="DefaultLobbyCard" (Frame=58)
DefaultLobbyCard Start tile id="DefaultLobbyCard" (Frame=58)
DefaultLobbyCard Start tile id="DefaultLobbyCard" (Frame=58)
DefaultLobbyCard Start tile id="DefaultLobbyCard" (Frame=58)
DefaultLobbyCard Start tile id="DefaultLobbyCard" (Frame=58)
DefaultLobbyCard Start tile id="DefaultLobbyCard" (Frame=58)
DefaultLobbyCard Start tile id="DefaultLobbyCard" (Frame=58)
DefaultLobbyCard Start tile id="DefaultLobbyCard" (Frame=58)
DefaultLobbyCard Start tile id="DefaultLobbyCard" (Frame=58)
DefaultLobbyCard Start tile id="DefaultLobbyCard" (Frame=58)
DefaultLobbyCard Start tile id="DefaultLobbyCard" (Frame=58)
DefaultLobbyCard Start tile id="DefaultLobbyCard" (Frame=58)
DefaultLobbyCard Start tile id="DefaultLobbyCard" (Frame=58)
DefaultLobbyCard Start tile id="DefaultLobbyCard" (Frame=58)
DefaultLobbyCard Start tile id="DefaultLobbyCard" (Frame=58)
DefaultLobbyCard Start tile id="DefaultLobbyCard" (Frame=58)
DefaultLobbyCard Start tile id="DefaultLobbyCard" (Frame=58)
DefaultLobbyCard Start tile id="DefaultLobbyCard" (Frame=58)
DefaultLobbyCard Start tile id="DefaultLobbyCard" (Frame=58)
DefaultLobbyCard Start tile id="DefaultLobbyCard" (Frame=58)
DefaultLobbyCard Start tile id="DefaultLobbyCard" (Frame=58)
DefaultLobbyCard Start tile id="DefaultLobbyCard" (Frame=58)
DefaultLobbyCard Start tile id="DefaultLobbyCard" (Frame=58)
DefaultLobbyCard Start tile id="DefaultLobbyCard" (Frame=58)
DefaultLobbyCard Start tile id="DefaultLobbyCard" (Frame=58)
DefaultLobbyCard Start tile id="DefaultLobbyCard" (Frame=58)
DefaultLobbyCard Start tile id="DefaultLobbyCard" (Frame=58)
DefaultLobbyCard Start tile id="DefaultLobbyCard" (Frame=58)
DefaultLobbyCard Start tile id="DefaultLobbyCard" (Frame=58)
DefaultLobbyCard Start tile id="DefaultLobbyCard" (Frame=58)
DefaultLobbyCard Start tile id="DefaultLobbyCard" (Frame=58)
DefaultLobbyCard Start tile id="DefaultLobbyCard" (Frame=58)
DefaultLobbyCard Start tile id="DefaultLobbyCard" (Frame=58)
DefaultLobbyCard Start tile id="DefaultLobbyCard" (Frame=58)
DefaultLobbyCard Start tile id="DefaultLobbyCard" (Frame=58)
DefaultLobbyCard Start tile id="DefaultLobbyCard" (Frame=58)
DefaultLobbyCard Start tile id="DefaultLobbyCard" (Frame=58)
DefaultLobbyCard Start tile id="DefaultLobbyCard" (Frame=58)
DefaultLobbyCard Start tile id="DefaultLobbyCard" (Frame=58)
DefaultLobbyCard Start tile id="DefaultLobbyCard" (Frame=58)
DefaultLobbyCard Start tile id="DefaultLobbyCard" (Frame=58)
DefaultLobbyCard Start tile id="DefaultLobbyCard" (Frame=58)
DefaultLobbyCard Start tile id="DefaultLobbyCard" (Frame=58)
DefaultLobbyCard Start tile id="DefaultLobbyCard" (Frame=58)
DefaultLobbyCard Start tile id="DefaultLobbyCard" (Frame=58)
DefaultLobbyCard Start tile id="DefaultLobbyCard" (Frame=58)
DefaultLobbyCard Start tile id="DefaultLobbyCard" (Frame=58)
DefaultLobbyCard Start tile id="DefaultLobbyCard" (Frame=58)
DefaultLobbyCard Start tile id="DefaultLobbyCard" (Frame=58)
DefaultLobbyCard Start tile id="DefaultLobbyCard" (Frame=58)
DefaultLobbyCard Start tile id="DefaultLobbyCard" (Frame=58)
DefaultLobbyCard Start tile id="DefaultLobbyCard" (Frame=58)
DefaultLobbyCard Start tile id="DefaultLobbyCard" (Frame=58)
DefaultLobbyCard Start tile id="DefaultLobbyCard" (Frame=58)
DefaultLobbyCard Start tile id="DefaultLobbyCard" (Frame=58)
DefaultLobbyCard Start tile id="DefaultLobbyCard" (Frame=58)
DefaultLobbyCard Start tile id="DefaultLobbyCard" (Frame=58)
DefaultLobbyCard Start tile id="DefaultLobbyCard" (Frame=58)
DefaultLobbyCard Start tile id="DefaultLobbyCard" (Frame=58)
DefaultLobbyCard Start tile id="DefaultLobbyCard" (Frame=58)
DefaultLobbyCard Start tile id="DefaultLobbyCard" (Frame=58)
DefaultLobbyCard Start tile id="DefaultLobbyCard" (Frame=58)
DefaultLobbyCard Start tile id="DefaultLobbyCard" (Frame=58)
DefaultLobbyCard Start tile id="DefaultLobbyCard" (Frame=58)
DefaultLobbyCard Start tile id="DefaultLobbyCard" (Frame=58)
DefaultLobbyCard Start tile id="DefaultLobbyCard" (Frame=58)
DefaultLobbyCard Start tile id="DefaultLobbyCard" (Frame=58)
DefaultLobbyCard Start tile id="DefaultLobbyCard" (Frame=58)
DefaultLobbyCard Start tile id="DefaultLobbyCard" (Frame=58)
DefaultLobbyCard Start tile id="DefaultLobbyCard" (Frame=58)
DefaultLobbyCard Start tile id="DefaultLobbyCard" (Frame=58)
DefaultLobbyCard Start tile id="DefaultLobbyCard" (Frame=58)
DefaultLobbyCard Start tile id="DefaultLobbyCard" (Frame=58)
DefaultLobbyCard Start tile id="DefaultLobbyCard" (Frame=58)
DefaultLobbyCard Start tile id="DefaultLobbyCard" (Frame=58)
DefaultLobbyCard Start tile id="DefaultLobbyCard" (Frame=58)
DefaultLobbyCard Start tile id="DefaultLobbyCard" (Frame=58)
DefaultLobbyCard Start tile id="DefaultLobbyCard" (Frame=58)
DefaultLobbyCard Start tile id="DefaultLobbyCard" (Frame=58)
DefaultLobbyCard Start tile id="DefaultLobbyCard" (Frame=58)
DefaultLobbyCard Start tile id="DefaultLobbyCard" (Frame=58)
DefaultLobbyCard Start tile id="DefaultLobbyCard" (Frame=58)
DefaultLobbyCard Start tile id="DefaultLobbyCard" (Frame=58)
DefaultLobbyCard Start tile id="DefaultLobbyCard" (Frame=58)
DefaultLobbyCard OnPointerClick tile id="DefaultLobbyCard" (Frame=68)
scriptName=Game001BaseGameReel loaded successfully at frame=69
scriptName=Game001FreeSpinsReel4 loaded successfully at frame=69
scriptName=Game001BaseGameReel2 loaded successfully at frame=69
scriptName=Game001BaseGameReel1 loaded successfully at frame=69
scriptName=Game001FreeSpinsReel5 loaded successfully at frame=69
scriptName=Game001FreeSpinsReel3 loaded successfully at frame=69
scriptName=Game001FreeSpinsReel2 loaded successfully at frame=69
scriptName=Game001BaseGameMachine loaded successfully at frame=69
scriptName=Game001Debug loaded successfully at frame=69
scriptName=Game001BaseGameReel5 loaded successfully at frame=69
scriptName=Game001WheelMachine loaded successfully at frame=69
scriptName=Game001FreeSpinsReel loaded successfully at frame=69
scriptName=Game001Models loaded successfully at frame=69
scriptName=Game001BaseGameReel4 loaded successfully at frame=69
scriptName=Game001FreeSpinsReel1 loaded successfully at frame=69
scriptName=Game001BaseGameReel3 loaded successfully at frame=69
scriptName=Game001FreeSpinsMachine loaded successfully at frame=69
scriptName=Game001FreeSpinsBackground loaded successfully at frame=69
scriptName=Game001 loaded successfully at frame=69
scriptName=Game001BaseGameBackground loaded successfully at frame=69
AddScriptsToTable 20 scripts took 0.1271071 seconds
Game001 Awake tile id="Game001" (Frame=73)
Game001:Start tile id="Game001" (Frame=73)
Game001:LoadBaseGameBackgroundPrefab tile id="Game001" (Frame=73)
Game001BaseGameBackground Awake tile id="Game001BaseGameBackground" (Frame=75)
Game001:LoadFreeSpinsBackgroundPrefab tile id="Game001" (Frame=75)
Game001FreeSpinsBackground Awake tile id="Game001FreeSpinsBackground" (Frame=77)
animator animationStateName=start gameObject=Pivot path=/Game/Backgrounds/Pivot/BaseGameBackgroundParent/Pivot/Game001BaseGameBackground(Clone)/Pivot
Game001BaseGameMachine Awake tile id="Game001BaseGameMachine" (Frame=87)
Game001BaseGameReel Awake tile id="Game001BaseGameReel1" (Frame=87)
Game001BaseGameReel Awake tile id="Game001BaseGameReel2" (Frame=87)
Game001BaseGameReel Awake tile id="Game001BaseGameReel3" (Frame=87)
Game001BaseGameReel Awake tile id="Game001BaseGameReel4" (Frame=87)
Game001BaseGameReel Awake tile id="Game001BaseGameReel5" (Frame=87)
animator animationStateName=start gameObject=Pivot path=/Game/Machines/Pivot/BaseGameMachineParent/Pivot/Game001BaseGameMachine(Clone)/Pivot
Game001BaseGameReel Start tile id="Game001BaseGameReel1" (Frame=87)
Game001BaseGameReel Start tile id="Game001BaseGameReel2" (Frame=87)
Game001BaseGameReel Start tile id="Game001BaseGameReel3" (Frame=87)
Game001BaseGameReel Start tile id="Game001BaseGameReel4" (Frame=87)
Game001BaseGameReel Start tile id="Game001BaseGameReel5" (Frame=87)
Game001BaseGameReel StartEngines tile id="Game001BaseGameReel1" (Frame=89)
Game001BaseGameReel StartEngines tile id="Game001BaseGameReel2" (Frame=89)
Game001BaseGameReel StartEngines tile id="Game001BaseGameReel3" (Frame=89)
Game001BaseGameReel StartEngines tile id="Game001BaseGameReel4" (Frame=89)
Game001BaseGameReel StartEngines tile id="Game001BaseGameReel5" (Frame=89)
Game001BaseGameMachine OnPointerClick tile id="Game001BaseGameMachine" (Frame=89)
scriptName=Game001Outcome000000001 loaded successfully at frame=96
animator animationStateName=win gameObject=Pivot path=/Game/Machines/Pivot/BaseGameMachineParent/Pivot/Game001BaseGameMachine(Clone)/Pivot/Reels/Pivot/BaseGameReel1/Symbol3/Pivot/BaseGameSymbol/F6/Pivot
animator animationStateName=win gameObject=Pivot path=/Game/Machines/Pivot/BaseGameMachineParent/Pivot/Game001BaseGameMachine(Clone)/Pivot/Reels/Pivot/BaseGameReel2/Symbol4/Pivot/BaseGameSymbol/WD/Pivot
animator animationStateName=win gameObject=Pivot path=/Game/Machines/Pivot/BaseGameMachineParent/Pivot/Game001BaseGameMachine(Clone)/Pivot/Reels/Pivot/BaseGameReel3/Symbol3/Pivot/BaseGameSymbol/F6/Pivot
animator animationStateName=win gameObject=Pivot path=/Game/Machines/Pivot/BaseGameMachineParent/Pivot/Game001BaseGameMachine(Clone)/Pivot/Reels/Pivot/BaseGameReel1/Symbol4/Pivot/BaseGameSymbol/F5/Pivot
animator animationStateName=win gameObject=Pivot path=/Game/Machines/Pivot/BaseGameMachineParent/Pivot/Game001BaseGameMachine(Clone)/Pivot/Reels/Pivot/BaseGameReel2/Symbol5/Pivot/BaseGameSymbol/F8/Pivot
animator animationStateName=win gameObject=Pivot path=/Game/Machines/Pivot/BaseGameMachineParent/Pivot/Game001BaseGameMachine(Clone)/Pivot/Reels/Pivot/BaseGameReel3/Symbol4/Pivot/BaseGameSymbol/F5/Pivot
animator animationStateName=win gameObject=Pivot path=/Game/Machines/Pivot/BaseGameMachineParent/Pivot/Game001BaseGameMachine(Clone)/Pivot/Reels/Pivot/BaseGameReel1/Symbol3/Pivot/BaseGameSymbol/F6/Pivot
animator animationStateName=win gameObject=Pivot path=/Game/Machines/Pivot/BaseGameMachineParent/Pivot/Game001BaseGameMachine(Clone)/Pivot/Reels/Pivot/BaseGameReel2/Symbol4/Pivot/BaseGameSymbol/WD/Pivot
animator animationStateName=win gameObject=Pivot path=/Game/Machines/Pivot/BaseGameMachineParent/Pivot/Game001BaseGameMachine(Clone)/Pivot/Reels/Pivot/BaseGameReel3/Symbol3/Pivot/BaseGameSymbol/F6/Pivot
animator animationStateName=win gameObject=Pivot path=/Game/Machines/Pivot/BaseGameMachineParent/Pivot/Game001BaseGameMachine(Clone)/Pivot/Reels/Pivot/BaseGameReel1/Symbol4/Pivot/BaseGameSymbol/F5/Pivot
animator animationStateName=win gameObject=Pivot path=/Game/Machines/Pivot/BaseGameMachineParent/Pivot/Game001BaseGameMachine(Clone)/Pivot/Reels/Pivot/BaseGameReel2/Symbol5/Pivot/BaseGameSymbol/F8/Pivot
animator animationStateName=win gameObject=Pivot path=/Game/Machines/Pivot/BaseGameMachineParent/Pivot/Game001BaseGameMachine(Clone)/Pivot/Reels/Pivot/BaseGameReel3/Symbol4/Pivot/BaseGameSymbol/F5/Pivot
animator animationStateName=win gameObject=Pivot path=/Game/Machines/Pivot/BaseGameMachineParent/Pivot/Game001BaseGameMachine(Clone)/Pivot/Reels/Pivot/BaseGameReel1/Symbol3/Pivot/BaseGameSymbol/F6/Pivot
animator animationStateName=win gameObject=Pivot path=/Game/Machines/Pivot/BaseGameMachineParent/Pivot/Game001BaseGameMachine(Clone)/Pivot/Reels/Pivot/BaseGameReel2/Symbol4/Pivot/BaseGameSymbol/WD/Pivot
animator animationStateName=win gameObject=Pivot path=/Game/Machines/Pivot/BaseGameMachineParent/Pivot/Game001BaseGameMachine(Clone)/Pivot/Reels/Pivot/BaseGameReel3/Symbol3/Pivot/BaseGameSymbol/F6/Pivot
animator animationStateName=win gameObject=Pivot path=/Game/Machines/Pivot/BaseGameMachineParent/Pivot/Game001BaseGameMachine(Clone)/Pivot/Reels/Pivot/BaseGameReel1/Symbol4/Pivot/BaseGameSymbol/F5/Pivot
animator animationStateName=win gameObject=Pivot path=/Game/Machines/Pivot/BaseGameMachineParent/Pivot/Game001BaseGameMachine(Clone)/Pivot/Reels/Pivot/BaseGameReel2/Symbol5/Pivot/BaseGameSymbol/F8/Pivot
animator animationStateName=win gameObject=Pivot path=/Game/Machines/Pivot/BaseGameMachineParent/Pivot/Game001BaseGameMachine(Clone)/Pivot/Reels/Pivot/BaseGameReel3/Symbol4/Pivot/BaseGameSymbol/F5/Pivot
Game001BaseGameMachine OnPointerClick tile id="Game001BaseGameMachine" (Frame=165)
scriptName=Game001Outcome000000002 loaded successfully at frame=171
animator animationStateName=win gameObject=Pivot path=/Game/Machines/Pivot/BaseGameMachineParent/Pivot/Game001BaseGameMachine(Clone)/Pivot/Reels/Pivot/BaseGameReel1/Symbol3/Pivot/BaseGameSymbol/F5/Pivot
animator animationStateName=win gameObject=Pivot path=/Game/Machines/Pivot/BaseGameMachineParent/Pivot/Game001BaseGameMachine(Clone)/Pivot/Reels/Pivot/BaseGameReel2/Symbol4/Pivot/BaseGameSymbol/F5/Pivot
animator animationStateName=win gameObject=Pivot path=/Game/Machines/Pivot/BaseGameMachineParent/Pivot/Game001BaseGameMachine(Clone)/Pivot/Reels/Pivot/BaseGameReel3/Symbol3/Pivot/BaseGameSymbol/F5/Pivot
animator animationStateName=win gameObject=Pivot path=/Game/Machines/Pivot/BaseGameMachineParent/Pivot/Game001BaseGameMachine(Clone)/Pivot/Reels/Pivot/BaseGameReel1/Symbol3/Pivot/BaseGameSymbol/F5/Pivot
animator animationStateName=win gameObject=Pivot path=/Game/Machines/Pivot/BaseGameMachineParent/Pivot/Game001BaseGameMachine(Clone)/Pivot/Reels/Pivot/BaseGameReel2/Symbol4/Pivot/BaseGameSymbol/F5/Pivot
animator animationStateName=win gameObject=Pivot path=/Game/Machines/Pivot/BaseGameMachineParent/Pivot/Game001BaseGameMachine(Clone)/Pivot/Reels/Pivot/BaseGameReel3/Symbol3/Pivot/BaseGameSymbol/F5/Pivot
animator animationStateName=win gameObject=Pivot path=/Game/Machines/Pivot/BaseGameMachineParent/Pivot/Game001BaseGameMachine(Clone)/Pivot/Reels/Pivot/BaseGameReel1/Symbol3/Pivot/BaseGameSymbol/F5/Pivot
animator animationStateName=win gameObject=Pivot path=/Game/Machines/Pivot/BaseGameMachineParent/Pivot/Game001BaseGameMachine(Clone)/Pivot/Reels/Pivot/BaseGameReel2/Symbol4/Pivot/BaseGameSymbol/F5/Pivot
animator animationStateName=win gameObject=Pivot path=/Game/Machines/Pivot/BaseGameMachineParent/Pivot/Game001BaseGameMachine(Clone)/Pivot/Reels/Pivot/BaseGameReel3/Symbol3/Pivot/BaseGameSymbol/F5/Pivot
Game001BaseGameMachine OnPointerClick tile id="Game001BaseGameMachine" (Frame=222)
scriptName=Game001Outcome000000003 loaded successfully at frame=228
animator animationStateName=freespinstrigger gameObject=Pivot path=/Game/Backgrounds/Pivot/BaseGameBackgroundParent/Pivot/Game001BaseGameBackground(Clone)/Pivot
animator animationStateName=free_spins_trigger_fade_in gameObject=Pivot path=/Game/Machines/Pivot/BaseGameMachineParent/Pivot/Game001BaseGameMachine(Clone)/Pivot
animator animationStateName=slide_in gameObject=Pivot path=/Game/ReelOverlays/Pivot/FreeSpinsTriggerOverlayParent/Pivot
animator animationStateName=hide gameObject=Pivot path=/Game/Backgrounds/Pivot/BaseGameBackgroundParent/Pivot/Game001BaseGameBackground(Clone)/Pivot
animator animationStateName=slide_out gameObject=Pivot path=/Game/ReelOverlays/Pivot/FreeSpinsTriggerOverlayParent/Pivot
animator animationStateName=start gameObject=Pivot path=/Game/Backgrounds/Pivot/FreeSpinsBackgroundParent/Pivot/Game001FreeSpinsBackground(Clone)/Pivot
Game001FreeSpinsMachine Awake tile id="Game001FreeSpinsMachine" (Frame=284)
Game001FreeSpinsReel Awake tile id="Game001FreeSpinsReel1" (Frame=284)
Game001FreeSpinsReel Awake tile id="Game001FreeSpinsReel2" (Frame=284)
Game001FreeSpinsReel Awake tile id="Game001FreeSpinsReel3" (Frame=284)
Game001FreeSpinsReel Awake tile id="Game001FreeSpinsReel4" (Frame=284)
Game001FreeSpinsReel Awake tile id="Game001FreeSpinsReel5" (Frame=284)
animator animationStateName=overlay_fade_in gameObject=Pivot path=/Game/Machines/Pivot/FreeSpinsMachineParent/Pivot/Game001FreeSpinsMachine(Clone)/Pivot
Game001FreeSpinsMachine Start tile id="Game001FreeSpinsMachine" (Frame=284)
Game001FreeSpinsReel Start tile id="Game001FreeSpinsReel1" (Frame=284)
Game001FreeSpinsReel Start tile id="Game001FreeSpinsReel2" (Frame=284)
Game001FreeSpinsReel Start tile id="Game001FreeSpinsReel3" (Frame=284)
Game001FreeSpinsReel Start tile id="Game001FreeSpinsReel4" (Frame=284)
Game001FreeSpinsReel Start tile id="Game001FreeSpinsReel5" (Frame=284)
animator animationStateName=start gameObject=Pivot path=/Game/Machines/Pivot/FreeSpinsMachineParent/Pivot/Game001FreeSpinsMachine(Clone)/Pivot/Bonus Symbols Background/Pivot
animator animationStateName=hide gameObject=Pivot path=/Game/Machines/Pivot/FreeSpinsMachineParent/Pivot/Game001FreeSpinsMachine(Clone)/Pivot/Bonus Symbols Background/Pivot
animator animationStateName=overlay_fade_out gameObject=Pivot path=/Game/Machines/Pivot/FreeSpinsMachineParent/Pivot/Game001FreeSpinsMachine(Clone)/Pivot
animator animationStateName=spin_button_fade_in gameObject=Pivot path=/Game/Machines/Pivot/FreeSpinsMachineParent/Pivot/Game001FreeSpinsMachine(Clone)/Pivot
Game001FreeSpinsMachine OnPointerClick tile id="Game001FreeSpinsMachine" param="spin" (Frame=416)
animator animationStateName=spin_button_fade_out gameObject=Pivot path=/Game/Machines/Pivot/FreeSpinsMachineParent/Pivot/Game001FreeSpinsMachine(Clone)/Pivot
Game001FreeSpinsReel StartEngines tile id="Game001FreeSpinsReel1" (Frame=422)
Game001FreeSpinsReel StartEngines tile id="Game001FreeSpinsReel2" (Frame=422)
Game001FreeSpinsReel StartEngines tile id="Game001FreeSpinsReel3" (Frame=422)
Game001FreeSpinsReel StartEngines tile id="Game001FreeSpinsReel4" (Frame=422)
Game001FreeSpinsReel StartEngines tile id="Game001FreeSpinsReel5" (Frame=422)
skipSplice=false reelID="Reel1" (Frame=427)
skipSplice=false reelID="Reel2" (Frame=428)
skipSplice=false reelID="Reel3" (Frame=429)
skipSplice=false reelID="Reel4" (Frame=431)
skipSplice=false reelID="Reel5" (Frame=433)
Tests.cs RunFreeSpins currentFreeSpin=1
Tests.cs RunFreeSpins currentFreeSpin=1
animator animationStateName=winX gameObject=Pivot path=/Game/Machines/Pivot/FreeSpinsMachineParent/Pivot/Game001FreeSpinsMachine(Clone)/Pivot/Bonus Reels/Reels/Pivot/FreeSpinsReel2/Symbol4/Pivot/FreeSpinsSymbol/WinX/Pivot
animator animationStateName=boost gameObject=Pivot path=/Game/Machines/Pivot/FreeSpinsMachineParent/Pivot/Game001FreeSpinsMachine(Clone)/Pivot/Bonus Reels/Reels/Pivot/FreeSpinsReel4/Symbol3/Pivot/FreeSpinsSymbol/Boost/Pivot
!activeSelf animator animationStateName=boost gameObject=Pivot path=/Game/Machines/Pivot/FreeSpinsMachineParent/Pivot/Game001FreeSpinsMachine(Clone)/Pivot/Bonus Reels/Reels/Pivot/FreeSpinsReel4/Symbol3/Pivot/FreeSpinsSymbol/Boost/Pivot
Game object with animator is inactive
Tests.cs RunFreeSpins currentFreeSpin=1
animator animationStateName=boost gameObject=Pivot path=/Game/Machines/Pivot/FreeSpinsMachineParent/Pivot/Game001FreeSpinsMachine(Clone)/Pivot/Bonus Reels/Reels/Pivot/FreeSpinsReel4/Symbol4/Pivot/FreeSpinsSymbol/Boost/Pivot
animator animationStateName=boost gameObject=Pivot path=/Game/Machines/Pivot/FreeSpinsMachineParent/Pivot/Game001FreeSpinsMachine(Clone)/Pivot/Bonus Reels/Reels/Pivot/FreeSpinsReel4/Symbol5/Pivot/FreeSpinsSymbol/Boost/Pivot
Tests.cs RunFreeSpins currentFreeSpin=1
Tests.cs RunFreeSpins currentFreeSpin=1
Tests.cs RunFreeSpins currentFreeSpin=1
Tests.cs RunFreeSpins currentFreeSpin=1
Tests.cs RunFreeSpins currentFreeSpin=1
Tests.cs RunFreeSpins currentFreeSpin=1
Tests.cs RunFreeSpins currentFreeSpin=1
animator animationStateName=reset gameObject=Pivot path=/Game/Machines/Pivot/FreeSpinsMachineParent/Pivot/Game001FreeSpinsMachine(Clone)/Pivot/Bonus Reels/Reels/Pivot/FreeSpinsReel2/Symbol4/Pivot/FreeSpinsSymbol/WinX/Pivot
Tests.cs RunFreeSpins currentFreeSpin=1
animator animationStateName=reset gameObject=Pivot path=/Game/Machines/Pivot/FreeSpinsMachineParent/Pivot/Game001FreeSpinsMachine(Clone)/Pivot/Bonus Reels/Reels/Pivot/FreeSpinsReel4/Symbol3/Pivot/FreeSpinsSymbol/Boost/Pivot
!activeSelf animator animationStateName=reset gameObject=Pivot path=/Game/Machines/Pivot/FreeSpinsMachineParent/Pivot/Game001FreeSpinsMachine(Clone)/Pivot/Bonus Reels/Reels/Pivot/FreeSpinsReel4/Symbol3/Pivot/FreeSpinsSymbol/Boost/Pivot
Game object with animator is inactive
animator animationStateName=reset gameObject=Pivot path=/Game/Machines/Pivot/FreeSpinsMachineParent/Pivot/Game001FreeSpinsMachine(Clone)/Pivot/Bonus Reels/Reels/Pivot/FreeSpinsReel4/Symbol4/Pivot/FreeSpinsSymbol/Boost/Pivot
Tests.cs RunFreeSpins currentFreeSpin=1
animator animationStateName=reset gameObject=Pivot path=/Game/Machines/Pivot/FreeSpinsMachineParent/Pivot/Game001FreeSpinsMachine(Clone)/Pivot/Bonus Reels/Reels/Pivot/FreeSpinsReel4/Symbol5/Pivot/FreeSpinsSymbol/Boost/Pivot
Tests.cs RunFreeSpins currentFreeSpin=1
animator animationStateName=win gameObject=Pivot path=/Game/Machines/Pivot/FreeSpinsMachineParent/Pivot/Game001FreeSpinsMachine(Clone)/Pivot/Bonus Reels/Reels/Pivot/FreeSpinsReel1/Symbol4/Pivot/FreeSpinsSymbol/F9/Pivot
animator animationStateName=win gameObject=Pivot path=/Game/Machines/Pivot/FreeSpinsMachineParent/Pivot/Game001FreeSpinsMachine(Clone)/Pivot/Bonus Reels/Reels/Pivot/FreeSpinsReel2/Symbol5/Pivot/FreeSpinsSymbol/F5/Pivot
animator animationStateName=win gameObject=Pivot path=/Game/Machines/Pivot/FreeSpinsMachineParent/Pivot/Game001FreeSpinsMachine(Clone)/Pivot/Bonus Reels/Reels/Pivot/FreeSpinsReel3/Symbol4/Pivot/FreeSpinsSymbol/F6/Pivot
Tests.cs RunFreeSpins currentFreeSpin=1
Tests.cs RunFreeSpins currentFreeSpin=1
Tests.cs RunFreeSpins currentFreeSpin=1
Tests.cs RunFreeSpins currentFreeSpin=1
Tests.cs RunFreeSpins currentFreeSpin=2
skipSplice=false reelID="Reel1" (Frame=499)
skipSplice=false reelID="Reel2" (Frame=500)
Tests.cs RunFreeSpins currentFreeSpin=2
skipSplice=false reelID="Reel3" (Frame=501)
skipSplice=false reelID="Reel4" (Frame=503)
Tests.cs RunFreeSpins currentFreeSpin=2
skipSplice=false reelID="Reel5" (Frame=505)
Tests.cs RunFreeSpins currentFreeSpin=2
Tests.cs RunFreeSpins currentFreeSpin=2
animator animationStateName=boost gameObject=Pivot path=/Game/Machines/Pivot/FreeSpinsMachineParent/Pivot/Game001FreeSpinsMachine(Clone)/Pivot/Bonus Reels/Reels/Pivot/FreeSpinsReel4/Symbol5/Pivot/FreeSpinsSymbol/Boost/Pivot
!activeSelf animator animationStateName=boost gameObject=Pivot path=/Game/Machines/Pivot/FreeSpinsMachineParent/Pivot/Game001FreeSpinsMachine(Clone)/Pivot/Bonus Reels/Reels/Pivot/FreeSpinsReel4/Symbol5/Pivot/FreeSpinsSymbol/Boost/Pivot
Game object with animator is inactive
animator animationStateName=winX gameObject=Pivot path=/Game/Machines/Pivot/FreeSpinsMachineParent/Pivot/Game001FreeSpinsMachine(Clone)/Pivot/Bonus Reels/Reels/Pivot/FreeSpinsReel5/Symbol5/Pivot/FreeSpinsSymbol/WinX/Pivot
!activeSelf animator animationStateName=winX gameObject=Pivot path=/Game/Machines/Pivot/FreeSpinsMachineParent/Pivot/Game001FreeSpinsMachine(Clone)/Pivot/Bonus Reels/Reels/Pivot/FreeSpinsReel5/Symbol5/Pivot/FreeSpinsSymbol/WinX/Pivot
Game object with animator is inactive
Tests.cs RunFreeSpins currentFreeSpin=2
Tests.cs RunFreeSpins currentFreeSpin=2
Tests.cs RunFreeSpins currentFreeSpin=2
Tests.cs RunFreeSpins currentFreeSpin=2
animator animationStateName=multiplier gameObject=Pivot path=/Game/Machines/Pivot/FreeSpinsMachineParent/Pivot/Game001FreeSpinsMachine(Clone)/Pivot/Bonus Symbols/Pivot/Column5/Symbols/Pivot/Symbol8/Default/Pivot
Tests.cs RunFreeSpins currentFreeSpin=2
animator animationStateName=reset gameObject=Pivot path=/Game/Machines/Pivot/FreeSpinsMachineParent/Pivot/Game001FreeSpinsMachine(Clone)/Pivot/Bonus Reels/Reels/Pivot/FreeSpinsReel4/Symbol5/Pivot/FreeSpinsSymbol/Boost/Pivot
!activeSelf animator animationStateName=reset gameObject=Pivot path=/Game/Machines/Pivot/FreeSpinsMachineParent/Pivot/Game001FreeSpinsMachine(Clone)/Pivot/Bonus Reels/Reels/Pivot/FreeSpinsReel4/Symbol5/Pivot/FreeSpinsSymbol/Boost/Pivot
Game object with animator is inactive
animator animationStateName=reset gameObject=Pivot path=/Game/Machines/Pivot/FreeSpinsMachineParent/Pivot/Game001FreeSpinsMachine(Clone)/Pivot/Bonus Reels/Reels/Pivot/FreeSpinsReel5/Symbol5/Pivot/FreeSpinsSymbol/WinX/Pivot
!activeSelf animator animationStateName=reset gameObject=Pivot path=/Game/Machines/Pivot/FreeSpinsMachineParent/Pivot/Game001FreeSpinsMachine(Clone)/Pivot/Bonus Reels/Reels/Pivot/FreeSpinsReel5/Symbol5/Pivot/FreeSpinsSymbol/WinX/Pivot
Game object with animator is inactive
Tests.cs RunFreeSpins currentFreeSpin=2
Tests.cs RunFreeSpins currentFreeSpin=2
Tests.cs RunFreeSpins currentFreeSpin=2
Tests.cs RunFreeSpins currentFreeSpin=3
skipSplice=false reelID="Reel1" (Frame=546)
skipSplice=false reelID="Reel2" (Frame=547)
Tests.cs RunFreeSpins currentFreeSpin=3
skipSplice=false reelID="Reel3" (Frame=548)
skipSplice=false reelID="Reel4" (Frame=549)
Tests.cs RunFreeSpins currentFreeSpin=3
skipSplice=false reelID="Reel5" (Frame=552)
Tests.cs RunFreeSpins currentFreeSpin=3
Tests.cs RunFreeSpins currentFreeSpin=3
animator animationStateName=show gameObject=Pivot path=/Game/Machines/Pivot/FreeSpinsMachineParent/Pivot/Game001FreeSpinsMachine(Clone)/Pivot/Bonus Symbols Free Spins Added Frame/Pivot
Tests.cs RunFreeSpins currentFreeSpin=3
Tests.cs RunFreeSpins currentFreeSpin=3
Tests.cs RunFreeSpins currentFreeSpin=3
Tests.cs RunFreeSpins currentFreeSpin=4
Tests.cs RunFreeSpins currentFreeSpin=4
skipSplice=false reelID="Reel1" (Frame=578)
skipSplice=false reelID="Reel2" (Frame=579)
skipSplice=false reelID="Reel3" (Frame=580)
Tests.cs RunFreeSpins currentFreeSpin=4
skipSplice=false reelID="Reel4" (Frame=581)
Tests.cs RunFreeSpins currentFreeSpin=4
skipSplice=false reelID="Reel5" (Frame=584)
Tests.cs RunFreeSpins currentFreeSpin=4
Tests.cs RunFreeSpins currentFreeSpin=4
animator animationStateName=boostALL gameObject=Pivot path=/Game/Machines/Pivot/FreeSpinsMachineParent/Pivot/Game001FreeSpinsMachine(Clone)/Pivot/Bonus Reels/Reels/Pivot/FreeSpinsReel2/Symbol3/Pivot/FreeSpinsSymbol/BoostALL/Pivot
!activeSelf animator animationStateName=boostALL gameObject=Pivot path=/Game/Machines/Pivot/FreeSpinsMachineParent/Pivot/Game001FreeSpinsMachine(Clone)/Pivot/Bonus Reels/Reels/Pivot/FreeSpinsReel2/Symbol3/Pivot/FreeSpinsSymbol/BoostALL/Pivot
Game object with animator is inactive
Tests.cs RunFreeSpins currentFreeSpin=4
Tests.cs RunFreeSpins currentFreeSpin=4
animator animationStateName=reset gameObject=Pivot path=/Game/Machines/Pivot/FreeSpinsMachineParent/Pivot/Game001FreeSpinsMachine(Clone)/Pivot/Bonus Reels/Reels/Pivot/FreeSpinsReel2/Symbol3/Pivot/FreeSpinsSymbol/BoostALL/Pivot
!activeSelf animator animationStateName=reset gameObject=Pivot path=/Game/Machines/Pivot/FreeSpinsMachineParent/Pivot/Game001FreeSpinsMachine(Clone)/Pivot/Bonus Reels/Reels/Pivot/FreeSpinsReel2/Symbol3/Pivot/FreeSpinsSymbol/BoostALL/Pivot
Game object with animator is inactive
Tests.cs RunFreeSpins currentFreeSpin=4
Tests.cs RunFreeSpins currentFreeSpin=4
Tests.cs RunFreeSpins currentFreeSpin=5
skipSplice=false reelID="Reel1" (Frame=610)
Tests.cs RunFreeSpins currentFreeSpin=5
skipSplice=false reelID="Reel2" (Frame=611)
skipSplice=false reelID="Reel3" (Frame=612)
skipSplice=false reelID="Reel4" (Frame=613)
Tests.cs RunFreeSpins currentFreeSpin=5
skipSplice=false reelID="Reel5" (Frame=616)
Tests.cs RunFreeSpins currentFreeSpin=5
Tests.cs RunFreeSpins currentFreeSpin=5
animator animationStateName=boost gameObject=Pivot path=/Game/Machines/Pivot/FreeSpinsMachineParent/Pivot/Game001FreeSpinsMachine(Clone)/Pivot/Bonus Reels/Reels/Pivot/FreeSpinsReel5/Symbol4/Pivot/FreeSpinsSymbol/Boost/Pivot
!activeSelf animator animationStateName=boost gameObject=Pivot path=/Game/Machines/Pivot/FreeSpinsMachineParent/Pivot/Game001FreeSpinsMachine(Clone)/Pivot/Bonus Reels/Reels/Pivot/FreeSpinsReel5/Symbol4/Pivot/FreeSpinsSymbol/Boost/Pivot
Game object with animator is inactive
Tests.cs RunFreeSpins currentFreeSpin=5
animator animationStateName=boost gameObject=Pivot path=/Game/Machines/Pivot/FreeSpinsMachineParent/Pivot/Game001FreeSpinsMachine(Clone)/Pivot/Bonus Reels/Reels/Pivot/FreeSpinsReel5/Symbol5/Pivot/FreeSpinsSymbol/Boost/Pivot
Tests.cs RunFreeSpins currentFreeSpin=5
Tests.cs RunFreeSpins currentFreeSpin=5
Tests.cs RunFreeSpins currentFreeSpin=5
animator animationStateName=reset gameObject=Pivot path=/Game/Machines/Pivot/FreeSpinsMachineParent/Pivot/Game001FreeSpinsMachine(Clone)/Pivot/Bonus Reels/Reels/Pivot/FreeSpinsReel5/Symbol4/Pivot/FreeSpinsSymbol/Boost/Pivot
!activeSelf animator animationStateName=reset gameObject=Pivot path=/Game/Machines/Pivot/FreeSpinsMachineParent/Pivot/Game001FreeSpinsMachine(Clone)/Pivot/Bonus Reels/Reels/Pivot/FreeSpinsReel5/Symbol4/Pivot/FreeSpinsSymbol/Boost/Pivot
Game object with animator is inactive
animator animationStateName=reset gameObject=Pivot path=/Game/Machines/Pivot/FreeSpinsMachineParent/Pivot/Game001FreeSpinsMachine(Clone)/Pivot/Bonus Reels/Reels/Pivot/FreeSpinsReel5/Symbol5/Pivot/FreeSpinsSymbol/Boost/Pivot
Tests.cs RunFreeSpins currentFreeSpin=5
Tests.cs RunFreeSpins currentFreeSpin=5
animator animationStateName=win gameObject=Pivot path=/Game/Machines/Pivot/FreeSpinsMachineParent/Pivot/Game001FreeSpinsMachine(Clone)/Pivot/Bonus Reels/Reels/Pivot/FreeSpinsReel1/Symbol4/Pivot/FreeSpinsSymbol/F6/Pivot
animator animationStateName=win gameObject=Pivot path=/Game/Machines/Pivot/FreeSpinsMachineParent/Pivot/Game001FreeSpinsMachine(Clone)/Pivot/Bonus Reels/Reels/Pivot/FreeSpinsReel2/Symbol3/Pivot/FreeSpinsSymbol/M1/Pivot
animator animationStateName=win gameObject=Pivot path=/Game/Machines/Pivot/FreeSpinsMachineParent/Pivot/Game001FreeSpinsMachine(Clone)/Pivot/Bonus Reels/Reels/Pivot/FreeSpinsReel3/Symbol4/Pivot/FreeSpinsSymbol/F7/Pivot
animator animationStateName=win gameObject=Pivot path=/Game/Machines/Pivot/FreeSpinsMachineParent/Pivot/Game001FreeSpinsMachine(Clone)/Pivot/Bonus Reels/Reels/Pivot/FreeSpinsReel3/Symbol5/Pivot/FreeSpinsSymbol/F5/Pivot
Tests.cs RunFreeSpins currentFreeSpin=5
Tests.cs RunFreeSpins currentFreeSpin=5
animator animationStateName=win gameObject=Pivot path=/Game/Machines/Pivot/FreeSpinsMachineParent/Pivot/Game001FreeSpinsMachine(Clone)/Pivot/Bonus Reels/Reels/Pivot/FreeSpinsReel1/Symbol3/Pivot/FreeSpinsSymbol/M2/Pivot
animator animationStateName=win gameObject=Pivot path=/Game/Machines/Pivot/FreeSpinsMachineParent/Pivot/Game001FreeSpinsMachine(Clone)/Pivot/Bonus Reels/Reels/Pivot/FreeSpinsReel2/Symbol3/Pivot/FreeSpinsSymbol/M1/Pivot
animator animationStateName=win gameObject=Pivot path=/Game/Machines/Pivot/FreeSpinsMachineParent/Pivot/Game001FreeSpinsMachine(Clone)/Pivot/Bonus Reels/Reels/Pivot/FreeSpinsReel3/Symbol5/Pivot/FreeSpinsSymbol/F5/Pivot
Tests.cs RunFreeSpins currentFreeSpin=5
Tests.cs RunFreeSpins currentFreeSpin=5
animator animationStateName=win gameObject=Pivot path=/Game/Machines/Pivot/FreeSpinsMachineParent/Pivot/Game001FreeSpinsMachine(Clone)/Pivot/Bonus Reels/Reels/Pivot/FreeSpinsReel1/Symbol5/Pivot/FreeSpinsSymbol/F5/Pivot
animator animationStateName=win gameObject=Pivot path=/Game/Machines/Pivot/FreeSpinsMachineParent/Pivot/Game001FreeSpinsMachine(Clone)/Pivot/Bonus Reels/Reels/Pivot/FreeSpinsReel2/Symbol3/Pivot/FreeSpinsSymbol/M1/Pivot
animator animationStateName=win gameObject=Pivot path=/Game/Machines/Pivot/FreeSpinsMachineParent/Pivot/Game001FreeSpinsMachine(Clone)/Pivot/Bonus Reels/Reels/Pivot/FreeSpinsReel2/Symbol5/Pivot/FreeSpinsSymbol/F8/Pivot
Tests.cs RunFreeSpins currentFreeSpin=5
Tests.cs RunFreeSpins currentFreeSpin=5
Tests.cs RunFreeSpins currentFreeSpin=5
Tests.cs RunFreeSpins currentFreeSpin=6
Tests.cs RunFreeSpins currentFreeSpin=6
skipSplice=false reelID="Reel1" (Frame=676)
skipSplice=false reelID="Reel2" (Frame=677)
Tests.cs RunFreeSpins currentFreeSpin=6
skipSplice=false reelID="Reel3" (Frame=678)
skipSplice=false reelID="Reel4" (Frame=680)
Tests.cs RunFreeSpins currentFreeSpin=6
skipSplice=false reelID="Reel5" (Frame=682)
Tests.cs RunFreeSpins currentFreeSpin=6
Tests.cs RunFreeSpins currentFreeSpin=6
animator animationStateName=winX gameObject=Pivot path=/Game/Machines/Pivot/FreeSpinsMachineParent/Pivot/Game001FreeSpinsMachine(Clone)/Pivot/Bonus Reels/Reels/Pivot/FreeSpinsReel1/Symbol3/Pivot/FreeSpinsSymbol/WinX/Pivot
!activeSelf animator animationStateName=winX gameObject=Pivot path=/Game/Machines/Pivot/FreeSpinsMachineParent/Pivot/Game001FreeSpinsMachine(Clone)/Pivot/Bonus Reels/Reels/Pivot/FreeSpinsReel1/Symbol3/Pivot/FreeSpinsSymbol/WinX/Pivot
Game object with animator is inactive
animator animationStateName=winX gameObject=Pivot path=/Game/Machines/Pivot/FreeSpinsMachineParent/Pivot/Game001FreeSpinsMachine(Clone)/Pivot/Bonus Reels/Reels/Pivot/FreeSpinsReel5/Symbol5/Pivot/FreeSpinsSymbol/WinX/Pivot
!activeSelf animator animationStateName=winX gameObject=Pivot path=/Game/Machines/Pivot/FreeSpinsMachineParent/Pivot/Game001FreeSpinsMachine(Clone)/Pivot/Bonus Reels/Reels/Pivot/FreeSpinsReel5/Symbol5/Pivot/FreeSpinsSymbol/WinX/Pivot
Game object with animator is inactive
Tests.cs RunFreeSpins currentFreeSpin=6
Tests.cs RunFreeSpins currentFreeSpin=6
Tests.cs RunFreeSpins currentFreeSpin=6
Tests.cs RunFreeSpins currentFreeSpin=6
Tests.cs RunFreeSpins currentFreeSpin=6
Tests.cs RunFreeSpins currentFreeSpin=6
animator animationStateName=reset gameObject=Pivot path=/Game/Machines/Pivot/FreeSpinsMachineParent/Pivot/Game001FreeSpinsMachine(Clone)/Pivot/Bonus Reels/Reels/Pivot/FreeSpinsReel1/Symbol3/Pivot/FreeSpinsSymbol/WinX/Pivot
!activeSelf animator animationStateName=reset gameObject=Pivot path=/Game/Machines/Pivot/FreeSpinsMachineParent/Pivot/Game001FreeSpinsMachine(Clone)/Pivot/Bonus Reels/Reels/Pivot/FreeSpinsReel1/Symbol3/Pivot/FreeSpinsSymbol/WinX/Pivot
Game object with animator is inactive
animator animationStateName=reset gameObject=Pivot path=/Game/Machines/Pivot/FreeSpinsMachineParent/Pivot/Game001FreeSpinsMachine(Clone)/Pivot/Bonus Reels/Reels/Pivot/FreeSpinsReel5/Symbol5/Pivot/FreeSpinsSymbol/WinX/Pivot
!activeSelf animator animationStateName=reset gameObject=Pivot path=/Game/Machines/Pivot/FreeSpinsMachineParent/Pivot/Game001FreeSpinsMachine(Clone)/Pivot/Bonus Reels/Reels/Pivot/FreeSpinsReel5/Symbol5/Pivot/FreeSpinsSymbol/WinX/Pivot
Game object with animator is inactive
Tests.cs RunFreeSpins currentFreeSpin=6
Tests.cs RunFreeSpins currentFreeSpin=6
animator animationStateName=win gameObject=Pivot path=/Game/Machines/Pivot/FreeSpinsMachineParent/Pivot/Game001FreeSpinsMachine(Clone)/Pivot/Bonus Reels/Reels/Pivot/FreeSpinsReel1/Symbol4/Pivot/FreeSpinsSymbol/WinX/Pivot
animator animationStateName=win gameObject=Pivot path=/Game/Machines/Pivot/FreeSpinsMachineParent/Pivot/Game001FreeSpinsMachine(Clone)/Pivot/Bonus Reels/Reels/Pivot/FreeSpinsReel2/Symbol5/Pivot/FreeSpinsSymbol/M1/Pivot
animator animationStateName=win gameObject=Pivot path=/Game/Machines/Pivot/FreeSpinsMachineParent/Pivot/Game001FreeSpinsMachine(Clone)/Pivot/Bonus Reels/Reels/Pivot/FreeSpinsReel3/Symbol3/Pivot/FreeSpinsSymbol/F5/Pivot
Tests.cs RunFreeSpins currentFreeSpin=6
Tests.cs RunFreeSpins currentFreeSpin=6
animator animationStateName=win gameObject=Pivot path=/Game/Machines/Pivot/FreeSpinsMachineParent/Pivot/Game001FreeSpinsMachine(Clone)/Pivot/Bonus Reels/Reels/Pivot/FreeSpinsReel1/Symbol5/Pivot/FreeSpinsSymbol/M4/Pivot
animator animationStateName=win gameObject=Pivot path=/Game/Machines/Pivot/FreeSpinsMachineParent/Pivot/Game001FreeSpinsMachine(Clone)/Pivot/Bonus Reels/Reels/Pivot/FreeSpinsReel2/Symbol5/Pivot/FreeSpinsSymbol/M1/Pivot
animator animationStateName=win gameObject=Pivot path=/Game/Machines/Pivot/FreeSpinsMachineParent/Pivot/Game001FreeSpinsMachine(Clone)/Pivot/Bonus Reels/Reels/Pivot/FreeSpinsReel3/Symbol3/Pivot/FreeSpinsSymbol/F5/Pivot
Tests.cs RunFreeSpins currentFreeSpin=6
Tests.cs RunFreeSpins currentFreeSpin=6
Tests.cs RunFreeSpins currentFreeSpin=6
Tests.cs RunFreeSpins currentFreeSpin=6
Tests.cs RunFreeSpins currentFreeSpin=7
skipSplice=true reelID="Reel1" (Frame=744)
Tests.cs RunFreeSpins currentFreeSpin=7
skipSplice=false reelID="Reel2" (Frame=745)
skipSplice=false reelID="Reel3" (Frame=746)
skipSplice=false reelID="Reel4" (Frame=748)
Tests.cs RunFreeSpins currentFreeSpin=7
skipSplice=false reelID="Reel5" (Frame=750)
Tests.cs RunFreeSpins currentFreeSpin=7
Tests.cs RunFreeSpins currentFreeSpin=7
animator animationStateName=winX gameObject=Pivot path=/Game/Machines/Pivot/FreeSpinsMachineParent/Pivot/Game001FreeSpinsMachine(Clone)/Pivot/Bonus Reels/Reels/Pivot/FreeSpinsReel3/Symbol3/Pivot/FreeSpinsSymbol/WinX/Pivot
!activeSelf animator animationStateName=winX gameObject=Pivot path=/Game/Machines/Pivot/FreeSpinsMachineParent/Pivot/Game001FreeSpinsMachine(Clone)/Pivot/Bonus Reels/Reels/Pivot/FreeSpinsReel3/Symbol3/Pivot/FreeSpinsSymbol/WinX/Pivot
Game object with animator is inactive
Tests.cs RunFreeSpins currentFreeSpin=7
Tests.cs RunFreeSpins currentFreeSpin=7
Tests.cs RunFreeSpins currentFreeSpin=7
animator animationStateName=multiplier gameObject=Pivot path=/Game/Machines/Pivot/FreeSpinsMachineParent/Pivot/Game001FreeSpinsMachine(Clone)/Pivot/Bonus Symbols/Pivot/Column3/Symbols/Pivot/Symbol7/Default/Pivot
animator animationStateName=reset gameObject=Pivot path=/Game/Machines/Pivot/FreeSpinsMachineParent/Pivot/Game001FreeSpinsMachine(Clone)/Pivot/Bonus Reels/Reels/Pivot/FreeSpinsReel3/Symbol3/Pivot/FreeSpinsSymbol/WinX/Pivot
!activeSelf animator animationStateName=reset gameObject=Pivot path=/Game/Machines/Pivot/FreeSpinsMachineParent/Pivot/Game001FreeSpinsMachine(Clone)/Pivot/Bonus Reels/Reels/Pivot/FreeSpinsReel3/Symbol3/Pivot/FreeSpinsSymbol/WinX/Pivot
Game object with animator is inactive
Tests.cs RunFreeSpins currentFreeSpin=7
Tests.cs RunFreeSpins currentFreeSpin=7
Tests.cs RunFreeSpins currentFreeSpin=7
Tests.cs RunFreeSpins currentFreeSpin=8
skipSplice=false reelID="Reel1" (Frame=782)
skipSplice=false reelID="Reel2" (Frame=783)
skipSplice=true reelID="Reel3" (Frame=784)
Tests.cs RunFreeSpins currentFreeSpin=8
skipSplice=false reelID="Reel4" (Frame=786)
Tests.cs RunFreeSpins currentFreeSpin=8
skipSplice=false reelID="Reel5" (Frame=788)
Tests.cs RunFreeSpins currentFreeSpin=8
Tests.cs RunFreeSpins currentFreeSpin=8
animator animationStateName=boost gameObject=Pivot path=/Game/Machines/Pivot/FreeSpinsMachineParent/Pivot/Game001FreeSpinsMachine(Clone)/Pivot/Bonus Reels/Reels/Pivot/FreeSpinsReel2/Symbol3/Pivot/FreeSpinsSymbol/Boost/Pivot
Tests.cs RunFreeSpins currentFreeSpin=8
animator animationStateName=boost gameObject=Pivot path=/Game/Machines/Pivot/FreeSpinsMachineParent/Pivot/Game001FreeSpinsMachine(Clone)/Pivot/Bonus Reels/Reels/Pivot/FreeSpinsReel4/Symbol5/Pivot/FreeSpinsSymbol/Boost/Pivot
!activeSelf animator animationStateName=boost gameObject=Pivot path=/Game/Machines/Pivot/FreeSpinsMachineParent/Pivot/Game001FreeSpinsMachine(Clone)/Pivot/Bonus Reels/Reels/Pivot/FreeSpinsReel4/Symbol5/Pivot/FreeSpinsSymbol/Boost/Pivot
Game object with animator is inactive
Tests.cs RunFreeSpins currentFreeSpin=8
Tests.cs RunFreeSpins currentFreeSpin=8
animator animationStateName=reset gameObject=Pivot path=/Game/Machines/Pivot/FreeSpinsMachineParent/Pivot/Game001FreeSpinsMachine(Clone)/Pivot/Bonus Reels/Reels/Pivot/FreeSpinsReel2/Symbol3/Pivot/FreeSpinsSymbol/Boost/Pivot
Tests.cs RunFreeSpins currentFreeSpin=8
animator animationStateName=reset gameObject=Pivot path=/Game/Machines/Pivot/FreeSpinsMachineParent/Pivot/Game001FreeSpinsMachine(Clone)/Pivot/Bonus Reels/Reels/Pivot/FreeSpinsReel4/Symbol5/Pivot/FreeSpinsSymbol/Boost/Pivot
!activeSelf animator animationStateName=reset gameObject=Pivot path=/Game/Machines/Pivot/FreeSpinsMachineParent/Pivot/Game001FreeSpinsMachine(Clone)/Pivot/Bonus Reels/Reels/Pivot/FreeSpinsReel4/Symbol5/Pivot/FreeSpinsSymbol/Boost/Pivot
Game object with animator is inactive
Tests.cs RunFreeSpins currentFreeSpin=8
Tests.cs RunFreeSpins currentFreeSpin=8
Tests.cs RunFreeSpins currentFreeSpin=9
Tests.cs RunFreeSpins currentFreeSpin=9
skipSplice=false reelID="Reel1" (Frame=823)
skipSplice=false reelID="Reel2" (Frame=824)
skipSplice=false reelID="Reel3" (Frame=825)
Tests.cs RunFreeSpins currentFreeSpin=9
skipSplice=false reelID="Reel4" (Frame=827)
skipSplice=false reelID="Reel5" (Frame=829)
Tests.cs RunFreeSpins currentFreeSpin=9
Tests.cs RunFreeSpins currentFreeSpin=9
animator animationStateName=boost gameObject=Pivot path=/Game/Machines/Pivot/FreeSpinsMachineParent/Pivot/Game001FreeSpinsMachine(Clone)/Pivot/Bonus Reels/Reels/Pivot/FreeSpinsReel5/Symbol4/Pivot/FreeSpinsSymbol/Boost/Pivot
!activeSelf animator animationStateName=boost gameObject=Pivot path=/Game/Machines/Pivot/FreeSpinsMachineParent/Pivot/Game001FreeSpinsMachine(Clone)/Pivot/Bonus Reels/Reels/Pivot/FreeSpinsReel5/Symbol4/Pivot/FreeSpinsSymbol/Boost/Pivot
Game object with animator is inactive
Tests.cs RunFreeSpins currentFreeSpin=9
Tests.cs RunFreeSpins currentFreeSpin=9
animator animationStateName=reset gameObject=Pivot path=/Game/Machines/Pivot/FreeSpinsMachineParent/Pivot/Game001FreeSpinsMachine(Clone)/Pivot/Bonus Reels/Reels/Pivot/FreeSpinsReel5/Symbol4/Pivot/FreeSpinsSymbol/Boost/Pivot
!activeSelf animator animationStateName=reset gameObject=Pivot path=/Game/Machines/Pivot/FreeSpinsMachineParent/Pivot/Game001FreeSpinsMachine(Clone)/Pivot/Bonus Reels/Reels/Pivot/FreeSpinsReel5/Symbol4/Pivot/FreeSpinsSymbol/Boost/Pivot
Game object with animator is inactive
Tests.cs RunFreeSpins currentFreeSpin=9
Tests.cs RunFreeSpins currentFreeSpin=9
skipSplice=false reelID="Reel1" (Frame=858)
skipSplice=false reelID="Reel2" (Frame=859)
skipSplice=false reelID="Reel3" (Frame=860)
skipSplice=false reelID="Reel4" (Frame=862)
skipSplice=false reelID="Reel5" (Frame=864)
animator animationStateName=winX gameObject=Pivot path=/Game/Machines/Pivot/FreeSpinsMachineParent/Pivot/Game001FreeSpinsMachine(Clone)/Pivot/Bonus Reels/Reels/Pivot/FreeSpinsReel1/Symbol3/Pivot/FreeSpinsSymbol/WinX/Pivot
!activeSelf animator animationStateName=winX gameObject=Pivot path=/Game/Machines/Pivot/FreeSpinsMachineParent/Pivot/Game001FreeSpinsMachine(Clone)/Pivot/Bonus Reels/Reels/Pivot/FreeSpinsReel1/Symbol3/Pivot/FreeSpinsSymbol/WinX/Pivot
Game object with animator is inactive
animator animationStateName=reset gameObject=Pivot path=/Game/Machines/Pivot/FreeSpinsMachineParent/Pivot/Game001FreeSpinsMachine(Clone)/Pivot/Bonus Reels/Reels/Pivot/FreeSpinsReel1/Symbol3/Pivot/FreeSpinsSymbol/WinX/Pivot
!activeSelf animator animationStateName=reset gameObject=Pivot path=/Game/Machines/Pivot/FreeSpinsMachineParent/Pivot/Game001FreeSpinsMachine(Clone)/Pivot/Bonus Reels/Reels/Pivot/FreeSpinsReel1/Symbol3/Pivot/FreeSpinsSymbol/WinX/Pivot
Game object with animator is inactive
animator animationStateName=show gameObject=Pivot path=/Game/Machines/Pivot/FreeSpinsMachineParent/Pivot/Game001FreeSpinsMachine(Clone)/Pivot/Free Spins Bonus Summary Frame/Pivot
animator animationStateName=multiplier_hide gameObject=Pivot path=/Game/Machines/Pivot/FreeSpinsMachineParent/Pivot/Game001FreeSpinsMachine(Clone)/Pivot/Bonus Symbols/Pivot/Column1/Symbols/Pivot/Symbol1/Default/Pivot
animator animationStateName=multiplier_hide gameObject=Pivot path=/Game/Machines/Pivot/FreeSpinsMachineParent/Pivot/Game001FreeSpinsMachine(Clone)/Pivot/Bonus Symbols/Pivot/Column2/Symbols/Pivot/Symbol1/Default/Pivot
animator animationStateName=multiplier_hide gameObject=Pivot path=/Game/Machines/Pivot/FreeSpinsMachineParent/Pivot/Game001FreeSpinsMachine(Clone)/Pivot/Bonus Symbols/Pivot/Column3/Symbols/Pivot/Symbol1/Default/Pivot
animator animationStateName=multiplier_hide gameObject=Pivot path=/Game/Machines/Pivot/FreeSpinsMachineParent/Pivot/Game001FreeSpinsMachine(Clone)/Pivot/Bonus Symbols/Pivot/Column4/Symbols/Pivot/Symbol1/Default/Pivot
animator animationStateName=multiplier_hide gameObject=Pivot path=/Game/Machines/Pivot/FreeSpinsMachineParent/Pivot/Game001FreeSpinsMachine(Clone)/Pivot/Bonus Symbols/Pivot/Column5/Symbols/Pivot/Symbol1/Default/Pivot
animator animationStateName=multiplier_hide gameObject=Pivot path=/Game/Machines/Pivot/FreeSpinsMachineParent/Pivot/Game001FreeSpinsMachine(Clone)/Pivot/Bonus Symbols/Pivot/Column1/Symbols/Pivot/Symbol2/Default/Pivot
animator animationStateName=multiplier_hide gameObject=Pivot path=/Game/Machines/Pivot/FreeSpinsMachineParent/Pivot/Game001FreeSpinsMachine(Clone)/Pivot/Bonus Symbols/Pivot/Column2/Symbols/Pivot/Symbol2/Default/Pivot
animator animationStateName=multiplier_hide gameObject=Pivot path=/Game/Machines/Pivot/FreeSpinsMachineParent/Pivot/Game001FreeSpinsMachine(Clone)/Pivot/Bonus Symbols/Pivot/Column3/Symbols/Pivot/Symbol2/Default/Pivot
animator animationStateName=multiplier_hide gameObject=Pivot path=/Game/Machines/Pivot/FreeSpinsMachineParent/Pivot/Game001FreeSpinsMachine(Clone)/Pivot/Bonus Symbols/Pivot/Column4/Symbols/Pivot/Symbol2/Default/Pivot
animator animationStateName=multiplier_hide gameObject=Pivot path=/Game/Machines/Pivot/FreeSpinsMachineParent/Pivot/Game001FreeSpinsMachine(Clone)/Pivot/Bonus Symbols/Pivot/Column5/Symbols/Pivot/Symbol2/Default/Pivot
animator animationStateName=multiplier_hide gameObject=Pivot path=/Game/Machines/Pivot/FreeSpinsMachineParent/Pivot/Game001FreeSpinsMachine(Clone)/Pivot/Bonus Symbols/Pivot/Column1/Symbols/Pivot/Symbol3/Default/Pivot
animator animationStateName=multiplier_hide gameObject=Pivot path=/Game/Machines/Pivot/FreeSpinsMachineParent/Pivot/Game001FreeSpinsMachine(Clone)/Pivot/Bonus Symbols/Pivot/Column2/Symbols/Pivot/Symbol3/Default/Pivot
animator animationStateName=multiplier_hide gameObject=Pivot path=/Game/Machines/Pivot/FreeSpinsMachineParent/Pivot/Game001FreeSpinsMachine(Clone)/Pivot/Bonus Symbols/Pivot/Column3/Symbols/Pivot/Symbol3/Default/Pivot
animator animationStateName=multiplier_hide gameObject=Pivot path=/Game/Machines/Pivot/FreeSpinsMachineParent/Pivot/Game001FreeSpinsMachine(Clone)/Pivot/Bonus Symbols/Pivot/Column4/Symbols/Pivot/Symbol3/Default/Pivot
animator animationStateName=multiplier_hide gameObject=Pivot path=/Game/Machines/Pivot/FreeSpinsMachineParent/Pivot/Game001FreeSpinsMachine(Clone)/Pivot/Bonus Symbols/Pivot/Column5/Symbols/Pivot/Symbol3/Default/Pivot
animator animationStateName=multiplier_hide gameObject=Pivot path=/Game/Machines/Pivot/FreeSpinsMachineParent/Pivot/Game001FreeSpinsMachine(Clone)/Pivot/Bonus Symbols/Pivot/Column1/Symbols/Pivot/Symbol4/Default/Pivot
animator animationStateName=multiplier_hide gameObject=Pivot path=/Game/Machines/Pivot/FreeSpinsMachineParent/Pivot/Game001FreeSpinsMachine(Clone)/Pivot/Bonus Symbols/Pivot/Column2/Symbols/Pivot/Symbol4/Default/Pivot
animator animationStateName=multiplier_hide gameObject=Pivot path=/Game/Machines/Pivot/FreeSpinsMachineParent/Pivot/Game001FreeSpinsMachine(Clone)/Pivot/Bonus Symbols/Pivot/Column3/Symbols/Pivot/Symbol4/Default/Pivot
animator animationStateName=multiplier_hide gameObject=Pivot path=/Game/Machines/Pivot/FreeSpinsMachineParent/Pivot/Game001FreeSpinsMachine(Clone)/Pivot/Bonus Symbols/Pivot/Column4/Symbols/Pivot/Symbol4/Default/Pivot
animator animationStateName=multiplier_hide gameObject=Pivot path=/Game/Machines/Pivot/FreeSpinsMachineParent/Pivot/Game001FreeSpinsMachine(Clone)/Pivot/Bonus Symbols/Pivot/Column5/Symbols/Pivot/Symbol4/Default/Pivot
animator animationStateName=multiplier_hide gameObject=Pivot path=/Game/Machines/Pivot/FreeSpinsMachineParent/Pivot/Game001FreeSpinsMachine(Clone)/Pivot/Bonus Symbols/Pivot/Column1/Symbols/Pivot/Symbol5/Default/Pivot
animator animationStateName=multiplier_hide gameObject=Pivot path=/Game/Machines/Pivot/FreeSpinsMachineParent/Pivot/Game001FreeSpinsMachine(Clone)/Pivot/Bonus Symbols/Pivot/Column2/Symbols/Pivot/Symbol5/Default/Pivot
animator animationStateName=multiplier_hide gameObject=Pivot path=/Game/Machines/Pivot/FreeSpinsMachineParent/Pivot/Game001FreeSpinsMachine(Clone)/Pivot/Bonus Symbols/Pivot/Column3/Symbols/Pivot/Symbol5/Default/Pivot
animator animationStateName=multiplier_hide gameObject=Pivot path=/Game/Machines/Pivot/FreeSpinsMachineParent/Pivot/Game001FreeSpinsMachine(Clone)/Pivot/Bonus Symbols/Pivot/Column4/Symbols/Pivot/Symbol5/Default/Pivot
animator animationStateName=multiplier_hide gameObject=Pivot path=/Game/Machines/Pivot/FreeSpinsMachineParent/Pivot/Game001FreeSpinsMachine(Clone)/Pivot/Bonus Symbols/Pivot/Column5/Symbols/Pivot/Symbol5/Default/Pivot
animator animationStateName=multiplier_hide gameObject=Pivot path=/Game/Machines/Pivot/FreeSpinsMachineParent/Pivot/Game001FreeSpinsMachine(Clone)/Pivot/Bonus Symbols/Pivot/Column1/Symbols/Pivot/Symbol6/Default/Pivot
animator animationStateName=multiplier_hide gameObject=Pivot path=/Game/Machines/Pivot/FreeSpinsMachineParent/Pivot/Game001FreeSpinsMachine(Clone)/Pivot/Bonus Symbols/Pivot/Column2/Symbols/Pivot/Symbol6/Default/Pivot
animator animationStateName=multiplier_hide gameObject=Pivot path=/Game/Machines/Pivot/FreeSpinsMachineParent/Pivot/Game001FreeSpinsMachine(Clone)/Pivot/Bonus Symbols/Pivot/Column3/Symbols/Pivot/Symbol6/Default/Pivot
animator animationStateName=multiplier_hide gameObject=Pivot path=/Game/Machines/Pivot/FreeSpinsMachineParent/Pivot/Game001FreeSpinsMachine(Clone)/Pivot/Bonus Symbols/Pivot/Column4/Symbols/Pivot/Symbol6/Default/Pivot
animator animationStateName=multiplier_hide gameObject=Pivot path=/Game/Machines/Pivot/FreeSpinsMachineParent/Pivot/Game001FreeSpinsMachine(Clone)/Pivot/Bonus Symbols/Pivot/Column5/Symbols/Pivot/Symbol6/Default/Pivot
animator animationStateName=multiplier_hide gameObject=Pivot path=/Game/Machines/Pivot/FreeSpinsMachineParent/Pivot/Game001FreeSpinsMachine(Clone)/Pivot/Bonus Symbols/Pivot/Column1/Symbols/Pivot/Symbol7/Default/Pivot
[...]
animator animationStateName=win gameObject=Pivot path=/Game/Machines/Pivot/FreeSpinsMachineParent/Pivot/Game001FreeSpinsMachine(Clone)/Pivot/Bonus Reels/Reels/Pivot/FreeSpinsReel3/Symbol3/Pivot/FreeSpinsSymbol/F5/Pivot
Tests.cs RunFreeSpins currentFreeSpin=6
Tests.cs RunFreeSpins currentFreeSpin=6
Tests.cs RunFreeSpins currentFreeSpin=6
Tests.cs RunFreeSpins currentFreeSpin=6
Tests.cs RunFreeSpins currentFreeSpin=7
skipSplice=false reelID="Reel1" (Frame=1552)
skipSplice=false reelID="Reel2" (Frame=1553)
Tests.cs RunFreeSpins currentFreeSpin=7
skipSplice=false reelID="Reel3" (Frame=1554)
skipSplice=false reelID="Reel4" (Frame=1556)
Tests.cs RunFreeSpins currentFreeSpin=7
skipSplice=false reelID="Reel5" (Frame=1558)
Tests.cs RunFreeSpins currentFreeSpin=7
Tests.cs RunFreeSpins currentFreeSpin=7
animator animationStateName=winX gameObject=Pivot path=/Game/Machines/Pivot/FreeSpinsMachineParent/Pivot/Game001FreeSpinsMachine(Clone)/Pivot/Bonus Reels/Reels/Pivot/FreeSpinsReel3/Symbol3/Pivot/FreeSpinsSymbol/WinX/Pivot
!activeSelf animator animationStateName=winX gameObject=Pivot path=/Game/Machines/Pivot/FreeSpinsMachineParent/Pivot/Game001FreeSpinsMachine(Clone)/Pivot/Bonus Reels/Reels/Pivot/FreeSpinsReel3/Symbol3/Pivot/FreeSpinsSymbol/WinX/Pivot
Game object with animator is inactive
Tests.cs RunFreeSpins currentFreeSpin=7
Tests.cs RunFreeSpins currentFreeSpin=7
Tests.cs RunFreeSpins currentFreeSpin=7
animator animationStateName=multiplier gameObject=Pivot path=/Game/Machines/Pivot/FreeSpinsMachineParent/Pivot/Game001FreeSpinsMachine(Clone)/Pivot/Bonus Symbols/Pivot/Column3/Symbols/Pivot/Symbol7/Default/Pivot
animator animationStateName=reset gameObject=Pivot path=/Game/Machines/Pivot/FreeSpinsMachineParent/Pivot/Game001FreeSpinsMachine(Clone)/Pivot/Bonus Reels/Reels/Pivot/FreeSpinsReel3/Symbol3/Pivot/FreeSpinsSymbol/WinX/Pivot
!activeSelf animator animationStateName=reset gameObject=Pivot path=/Game/Machines/Pivot/FreeSpinsMachineParent/Pivot/Game001FreeSpinsMachine(Clone)/Pivot/Bonus Reels/Reels/Pivot/FreeSpinsReel3/Symbol3/Pivot/FreeSpinsSymbol/WinX/Pivot
Game object with animator is inactive
Tests.cs RunFreeSpins currentFreeSpin=7
Tests.cs RunFreeSpins currentFreeSpin=7
Tests.cs RunFreeSpins currentFreeSpin=7
Tests.cs RunFreeSpins currentFreeSpin=8
skipSplice=false reelID="Reel1" (Frame=1590)
skipSplice=false reelID="Reel2" (Frame=1591)
skipSplice=false reelID="Reel3" (Frame=1592)
Tests.cs RunFreeSpins currentFreeSpin=8
skipSplice=false reelID="Reel4" (Frame=1593)
skipSplice=false reelID="Reel5" (Frame=1596)
Tests.cs RunFreeSpins currentFreeSpin=8
Tests.cs RunFreeSpins currentFreeSpin=8
animator animationStateName=boost gameObject=Pivot path=/Game/Machines/Pivot/FreeSpinsMachineParent/Pivot/Game001FreeSpinsMachine(Clone)/Pivot/Bonus Reels/Reels/Pivot/FreeSpinsReel2/Symbol3/Pivot/FreeSpinsSymbol/Boost/Pivot
!activeSelf animator animationStateName=boost gameObject=Pivot path=/Game/Machines/Pivot/FreeSpinsMachineParent/Pivot/Game001FreeSpinsMachine(Clone)/Pivot/Bonus Reels/Reels/Pivot/FreeSpinsReel2/Symbol3/Pivot/FreeSpinsSymbol/Boost/Pivot
Game object with animator is inactive
Tests.cs RunFreeSpins currentFreeSpin=8
animator animationStateName=boost gameObject=Pivot path=/Game/Machines/Pivot/FreeSpinsMachineParent/Pivot/Game001FreeSpinsMachine(Clone)/Pivot/Bonus Reels/Reels/Pivot/FreeSpinsReel4/Symbol5/Pivot/FreeSpinsSymbol/Boost/Pivot
Tests.cs RunFreeSpins currentFreeSpin=8
Tests.cs RunFreeSpins currentFreeSpin=8
Tests.cs RunFreeSpins currentFreeSpin=8
animator animationStateName=reset gameObject=Pivot path=/Game/Machines/Pivot/FreeSpinsMachineParent/Pivot/Game001FreeSpinsMachine(Clone)/Pivot/Bonus Reels/Reels/Pivot/FreeSpinsReel2/Symbol3/Pivot/FreeSpinsSymbol/Boost/Pivot
!activeSelf animator animationStateName=reset gameObject=Pivot path=/Game/Machines/Pivot/FreeSpinsMachineParent/Pivot/Game001FreeSpinsMachine(Clone)/Pivot/Bonus Reels/Reels/Pivot/FreeSpinsReel2/Symbol3/Pivot/FreeSpinsSymbol/Boost/Pivot
Game object with animator is inactive
Tests.cs RunFreeSpins currentFreeSpin=8
animator animationStateName=reset gameObject=Pivot path=/Game/Machines/Pivot/FreeSpinsMachineParent/Pivot/Game001FreeSpinsMachine(Clone)/Pivot/Bonus Reels/Reels/Pivot/FreeSpinsReel4/Symbol5/Pivot/FreeSpinsSymbol/Boost/Pivot
Tests.cs RunFreeSpins currentFreeSpin=8
Tests.cs RunFreeSpins currentFreeSpin=8
Tests.cs RunFreeSpins currentFreeSpin=9
skipSplice=false reelID="Reel1" (Frame=1631)
skipSplice=false reelID="Reel2" (Frame=1632)
skipSplice=false reelID="Reel3" (Frame=1633)
Tests.cs RunFreeSpins currentFreeSpin=9
skipSplice=false reelID="Reel4" (Frame=1635)
Tests.cs RunFreeSpins currentFreeSpin=9
skipSplice=false reelID="Reel5" (Frame=1637)
Tests.cs RunFreeSpins currentFreeSpin=9
animator animationStateName=boost gameObject=Pivot path=/Game/Machines/Pivot/FreeSpinsMachineParent/Pivot/Game001FreeSpinsMachine(Clone)/Pivot/Bonus Reels/Reels/Pivot/FreeSpinsReel5/Symbol4/Pivot/FreeSpinsSymbol/Boost/Pivot
!activeSelf animator animationStateName=boost gameObject=Pivot path=/Game/Machines/Pivot/FreeSpinsMachineParent/Pivot/Game001FreeSpinsMachine(Clone)/Pivot/Bonus Reels/Reels/Pivot/FreeSpinsReel5/Symbol4/Pivot/FreeSpinsSymbol/Boost/Pivot
Game object with animator is inactive
Tests.cs RunFreeSpins currentFreeSpin=9
Tests.cs RunFreeSpins currentFreeSpin=9
animator animationStateName=reset gameObject=Pivot path=/Game/Machines/Pivot/FreeSpinsMachineParent/Pivot/Game001FreeSpinsMachine(Clone)/Pivot/Bonus Reels/Reels/Pivot/FreeSpinsReel5/Symbol4/Pivot/FreeSpinsSymbol/Boost/Pivot
!activeSelf animator animationStateName=reset gameObject=Pivot path=/Game/Machines/Pivot/FreeSpinsMachineParent/Pivot/Game001FreeSpinsMachine(Clone)/Pivot/Bonus Reels/Reels/Pivot/FreeSpinsReel5/Symbol4/Pivot/FreeSpinsSymbol/Boost/Pivot
Game object with animator is inactive
Tests.cs RunFreeSpins currentFreeSpin=9
Tests.cs RunFreeSpins currentFreeSpin=9
Tests.cs RunFreeSpins currentFreeSpin=9
skipSplice=false reelID="Reel1" (Frame=1665)
skipSplice=false reelID="Reel2" (Frame=1666)
skipSplice=false reelID="Reel3" (Frame=1667)
skipSplice=false reelID="Reel4" (Frame=1668)
skipSplice=false reelID="Reel5" (Frame=1671)
animator animationStateName=winX gameObject=Pivot path=/Game/Machines/Pivot/FreeSpinsMachineParent/Pivot/Game001FreeSpinsMachine(Clone)/Pivot/Bonus Reels/Reels/Pivot/FreeSpinsReel1/Symbol3/Pivot/FreeSpinsSymbol/WinX/Pivot
!activeSelf animator animationStateName=winX gameObject=Pivot path=/Game/Machines/Pivot/FreeSpinsMachineParent/Pivot/Game001FreeSpinsMachine(Clone)/Pivot/Bonus Reels/Reels/Pivot/FreeSpinsReel1/Symbol3/Pivot/FreeSpinsSymbol/WinX/Pivot
Game object with animator is inactive
animator animationStateName=reset gameObject=Pivot path=/Game/Machines/Pivot/FreeSpinsMachineParent/Pivot/Game001FreeSpinsMachine(Clone)/Pivot/Bonus Reels/Reels/Pivot/FreeSpinsReel1/Symbol3/Pivot/FreeSpinsSymbol/WinX/Pivot
!activeSelf animator animationStateName=reset gameObject=Pivot path=/Game/Machines/Pivot/FreeSpinsMachineParent/Pivot/Game001FreeSpinsMachine(Clone)/Pivot/Bonus Reels/Reels/Pivot/FreeSpinsReel1/Symbol3/Pivot/FreeSpinsSymbol/WinX/Pivot
Game object with animator is inactive
animator animationStateName=show gameObject=Pivot path=/Game/Machines/Pivot/FreeSpinsMachineParent/Pivot/Game001FreeSpinsMachine(Clone)/Pivot/Free Spins Bonus Summary Frame/Pivot
animator animationStateName=multiplier_hide gameObject=Pivot path=/Game/Machines/Pivot/FreeSpinsMachineParent/Pivot/Game001FreeSpinsMachine(Clone)/Pivot/Bonus Symbols/Pivot/Column1/Symbols/Pivot/Symbol1/Default/Pivot
animator animationStateName=multiplier_hide gameObject=Pivot path=/Game/Machines/Pivot/FreeSpinsMachineParent/Pivot/Game001FreeSpinsMachine(Clone)/Pivot/Bonus Symbols/Pivot/Column2/Symbols/Pivot/Symbol1/Default/Pivot
animator animationStateName=multiplier_hide gameObject=Pivot path=/Game/Machines/Pivot/FreeSpinsMachineParent/Pivot/Game001FreeSpinsMachine(Clone)/Pivot/Bonus Symbols/Pivot/Column3/Symbols/Pivot/Symbol1/Default/Pivot
animator animationStateName=multiplier_hide gameObject=Pivot path=/Game/Machines/Pivot/FreeSpinsMachineParent/Pivot/Game001FreeSpinsMachine(Clone)/Pivot/Bonus Symbols/Pivot/Column4/Symbols/Pivot/Symbol1/Default/Pivot
animator animationStateName=multiplier_hide gameObject=Pivot path=/Game/Machines/Pivot/FreeSpinsMachineParent/Pivot/Game001FreeSpinsMachine(Clone)/Pivot/Bonus Symbols/Pivot/Column5/Symbols/Pivot/Symbol1/Default/Pivot
animator animationStateName=multiplier_hide gameObject=Pivot path=/Game/Machines/Pivot/FreeSpinsMachineParent/Pivot/Game001FreeSpinsMachine(Clone)/Pivot/Bonus Symbols/Pivot/Column1/Symbols/Pivot/Symbol2/Default/Pivot
animator animationStateName=multiplier_hide gameObject=Pivot path=/Game/Machines/Pivot/FreeSpinsMachineParent/Pivot/Game001FreeSpinsMachine(Clone)/Pivot/Bonus Symbols/Pivot/Column2/Symbols/Pivot/Symbol2/Default/Pivot
animator animationStateName=multiplier_hide gameObject=Pivot path=/Game/Machines/Pivot/FreeSpinsMachineParent/Pivot/Game001FreeSpinsMachine(Clone)/Pivot/Bonus Symbols/Pivot/Column3/Symbols/Pivot/Symbol2/Default/Pivot
animator animationStateName=multiplier_hide gameObject=Pivot path=/Game/Machines/Pivot/FreeSpinsMachineParent/Pivot/Game001FreeSpinsMachine(Clone)/Pivot/Bonus Symbols/Pivot/Column4/Symbols/Pivot/Symbol2/Default/Pivot
animator animationStateName=multiplier_hide gameObject=Pivot path=/Game/Machines/Pivot/FreeSpinsMachineParent/Pivot/Game001FreeSpinsMachine(Clone)/Pivot/Bonus Symbols/Pivot/Column5/Symbols/Pivot/Symbol2/Default/Pivot
animator animationStateName=multiplier_hide gameObject=Pivot path=/Game/Machines/Pivot/FreeSpinsMachineParent/Pivot/Game001FreeSpinsMachine(Clone)/Pivot/Bonus Symbols/Pivot/Column1/Symbols/Pivot/Symbol3/Default/Pivot
animator animationStateName=multiplier_hide gameObject=Pivot path=/Game/Machines/Pivot/FreeSpinsMachineParent/Pivot/Game001FreeSpinsMachine(Clone)/Pivot/Bonus Symbols/Pivot/Column2/Symbols/Pivot/Symbol3/Default/Pivot
animator animationStateName=multiplier_hide gameObject=Pivot path=/Game/Machines/Pivot/FreeSpinsMachineParent/Pivot/Game001FreeSpinsMachine(Clone)/Pivot/Bonus Symbols/Pivot/Column3/Symbols/Pivot/Symbol3/Default/Pivot
animator animationStateName=multiplier_hide gameObject=Pivot path=/Game/Machines/Pivot/FreeSpinsMachineParent/Pivot/Game001FreeSpinsMachine(Clone)/Pivot/Bonus Symbols/Pivot/Column4/Symbols/Pivot/Symbol3/Default/Pivot
animator animationStateName=multiplier_hide gameObject=Pivot path=/Game/Machines/Pivot/FreeSpinsMachineParent/Pivot/Game001FreeSpinsMachine(Clone)/Pivot/Bonus Symbols/Pivot/Column5/Symbols/Pivot/Symbol3/Default/Pivot
animator animationStateName=multiplier_hide gameObject=Pivot path=/Game/Machines/Pivot/FreeSpinsMachineParent/Pivot/Game001FreeSpinsMachine(Clone)/Pivot/Bonus Symbols/Pivot/Column1/Symbols/Pivot/Symbol4/Default/Pivot
animator animationStateName=multiplier_hide gameObject=Pivot path=/Game/Machines/Pivot/FreeSpinsMachineParent/Pivot/Game001FreeSpinsMachine(Clone)/Pivot/Bonus Symbols/Pivot/Column2/Symbols/Pivot/Symbol4/Default/Pivot
animator animationStateName=multiplier_hide gameObject=Pivot path=/Game/Machines/Pivot/FreeSpinsMachineParent/Pivot/Game001FreeSpinsMachine(Clone)/Pivot/Bonus Symbols/Pivot/Column3/Symbols/Pivot/Symbol4/Default/Pivot
animator animationStateName=multiplier_hide gameObject=Pivot path=/Game/Machines/Pivot/FreeSpinsMachineParent/Pivot/Game001FreeSpinsMachine(Clone)/Pivot/Bonus Symbols/Pivot/Column4/Symbols/Pivot/Symbol4/Default/Pivot
animator animationStateName=multiplier_hide gameObject=Pivot path=/Game/Machines/Pivot/FreeSpinsMachineParent/Pivot/Game001FreeSpinsMachine(Clone)/Pivot/Bonus Symbols/Pivot/Column5/Symbols/Pivot/Symbol4/Default/Pivot
animator animationStateName=multiplier_hide gameObject=Pivot path=/Game/Machines/Pivot/FreeSpinsMachineParent/Pivot/Game001FreeSpinsMachine(Clone)/Pivot/Bonus Symbols/Pivot/Column1/Symbols/Pivot/Symbol5/Default/Pivot
animator animationStateName=multiplier_hide gameObject=Pivot path=/Game/Machines/Pivot/FreeSpinsMachineParent/Pivot/Game001FreeSpinsMachine(Clone)/Pivot/Bonus Symbols/Pivot/Column2/Symbols/Pivot/Symbol5/Default/Pivot
animator animationStateName=multiplier_hide gameObject=Pivot path=/Game/Machines/Pivot/FreeSpinsMachineParent/Pivot/Game001FreeSpinsMachine(Clone)/Pivot/Bonus Symbols/Pivot/Column3/Symbols/Pivot/Symbol5/Default/Pivot
animator animationStateName=multiplier_hide gameObject=Pivot path=/Game/Machines/Pivot/FreeSpinsMachineParent/Pivot/Game001FreeSpinsMachine(Clone)/Pivot/Bonus Symbols/Pivot/Column4/Symbols/Pivot/Symbol5/Default/Pivot
animator animationStateName=multiplier_hide gameObject=Pivot path=/Game/Machines/Pivot/FreeSpinsMachineParent/Pivot/Game001FreeSpinsMachine(Clone)/Pivot/Bonus Symbols/Pivot/Column5/Symbols/Pivot/Symbol5/Default/Pivot
animator animationStateName=multiplier_hide gameObject=Pivot path=/Game/Machines/Pivot/FreeSpinsMachineParent/Pivot/Game001FreeSpinsMachine(Clone)/Pivot/Bonus Symbols/Pivot/Column1/Symbols/Pivot/Symbol6/Default/Pivot
animator animationStateName=multiplier_hide gameObject=Pivot path=/Game/Machines/Pivot/FreeSpinsMachineParent/Pivot/Game001FreeSpinsMachine(Clone)/Pivot/Bonus Symbols/Pivot/Column2/Symbols/Pivot/Symbol6/Default/Pivot
animator animationStateName=multiplier_hide gameObject=Pivot path=/Game/Machines/Pivot/FreeSpinsMachineParent/Pivot/Game001FreeSpinsMachine(Clone)/Pivot/Bonus Symbols/Pivot/Column3/Symbols/Pivot/Symbol6/Default/Pivot
animator animationStateName=multiplier_hide gameObject=Pivot path=/Game/Machines/Pivot/FreeSpinsMachineParent/Pivot/Game001FreeSpinsMachine(Clone)/Pivot/Bonus Symbols/Pivot/Column4/Symbols/Pivot/Symbol6/Default/Pivot
animator animationStateName=multiplier_hide gameObject=Pivot path=/Game/Machines/Pivot/FreeSpinsMachineParent/Pivot/Game001FreeSpinsMachine(Clone)/Pivot/Bonus Symbols/Pivot/Column5/Symbols/Pivot/Symbol6/Default/Pivot
animator animationStateName=multiplier_hide gameObject=Pivot path=/Game/Machines/Pivot/FreeSpinsMachineParent/Pivot/Game001FreeSpinsMachine(Clone)/Pivot/Bonus Symbols/Pivot/Column1/Symbols/Pivot/Symbol7/Default/Pivot
animator animationStateName=multiplier_hide gameObject=Pivot path=/Game/Machines/Pivot/FreeSpinsMachineParent/Pivot/Game001FreeSpinsMachine(Clone)/Pivot/Bonus Symbols/Pivot/Column2/Symbols/Pivot/Symbol7/Default/Pivot
animator animationStateName=multiplier_hide gameObject=Pivot path=/Game/Machines/Pivot/FreeSpinsMachineParent/Pivot/Game001FreeSpinsMachine(Clone)/Pivot/Bonus Symbols/Pivot/Column3/Symbols/Pivot/Symbol7/Default/Pivot
animator animationStateName=multiplier_hide gameObject=Pivot path=/Game/Machines/Pivot/FreeSpinsMachineParent/Pivot/Game001FreeSpinsMachine(Clone)/Pivot/Bonus Symbols/Pivot/Column4/Symbols/Pivot/Symbol7/Default/Pivot
animator animationStateName=multiplier_hide gameObject=Pivot path=/Game/Machines/Pivot/FreeSpinsMachineParent/Pivot/Game001FreeSpinsMachine(Clone)/Pivot/Bonus Symbols/Pivot/Column5/Symbols/Pivot/Symbol7/Default/Pivot
animator animationStateName=multiplier_hide gameObject=Pivot path=/Game/Machines/Pivot/FreeSpinsMachineParent/Pivot/Game001FreeSpinsMachine(Clone)/Pivot/Bonus Symbols/Pivot/Column1/Symbols/Pivot/Symbol8/Default/Pivot
animator animationStateName=multiplier_hide gameObject=Pivot path=/Game/Machines/Pivot/FreeSpinsMachineParent/Pivot/Game001FreeSpinsMachine(Clone)/Pivot/Bonus Symbols/Pivot/Column2/Symbols/Pivot/Symbol8/Default/Pivot
animator animationStateName=multiplier_hide gameObject=Pivot path=/Game/Machines/Pivot/FreeSpinsMachineParent/Pivot/Game001FreeSpinsMachine(Clone)/Pivot/Bonus Symbols/Pivot/Column3/Symbols/Pivot/Symbol8/Default/Pivot
animator animationStateName=multiplier_hide gameObject=Pivot path=/Game/Machines/Pivot/FreeSpinsMachineParent/Pivot/Game001FreeSpinsMachine(Clone)/Pivot/Bonus Symbols/Pivot/Column4/Symbols/Pivot/Symbol8/Default/Pivot
animator animationStateName=multiplier_hide gameObject=Pivot path=/Game/Machines/Pivot/FreeSpinsMachineParent/Pivot/Game001FreeSpinsMachine(Clone)/Pivot/Bonus Symbols/Pivot/Column5/Symbols/Pivot/Symbol8/Default/Pivot
animator animationStateName=reset gameObject=Pivot path=/Game/Machines/Pivot/FreeSpinsMachineParent/Pivot/Game001FreeSpinsMachine(Clone)/Pivot/Free Spins Bonus Summary Frame/Pivot
animator animationStateName=slide_in gameObject=Pivot path=/Game/ReelOverlays/Pivot/FreeSpinsTriggerOverlayParent/Pivot
animator animationStateName=hide gameObject=Pivot path=/Game/Backgrounds/Pivot/FreeSpinsBackgroundParent/Pivot/Game001FreeSpinsBackground(Clone)/Pivot
animator animationStateName=show gameObject=Pivot path=/Game/Backgrounds/Pivot/BaseGameBackgroundParent/Pivot/Game001BaseGameBackground(Clone)/Pivot
animator animationStateName=slide_out gameObject=Pivot path=/Game/ReelOverlays/Pivot/FreeSpinsTriggerOverlayParent/Pivot
animator animationStateName=free_spins_trigger_fade_out gameObject=Pivot path=/Game/Machines/Pivot/BaseGameMachineParent/Pivot/Game001BaseGameMachine(Clone)/Pivot
Game001BaseGameMachine OnPointerClick tile id="Game001BaseGameMachine" (Frame=1836)
scriptName=Game001Outcome000000004 loaded successfully at frame=1842
animator animationStateName=land gameObject=Pivot path=/Game/Machines/Pivot/BaseGameMachineParent/Pivot/Game001BaseGameMachine(Clone)/Pivot/Reels/Pivot/BaseGameReel2/Symbol5/Pivot/BaseGameSymbol/F6/Pivot
animator animationStateName=win gameObject=Pivot path=/Game/Machines/Pivot/BaseGameMachineParent/Pivot/Game001BaseGameMachine(Clone)/Pivot/Reels/Pivot/BaseGameReel1/Symbol4/Pivot/BaseGameSymbol/F7/Pivot
animator animationStateName=win gameObject=Pivot path=/Game/Machines/Pivot/BaseGameMachineParent/Pivot/Game001BaseGameMachine(Clone)/Pivot/Reels/Pivot/BaseGameReel2/Symbol5/Pivot/BaseGameSymbol/F6/Pivot
animator animationStateName=win gameObject=Pivot path=/Game/Machines/Pivot/BaseGameMachineParent/Pivot/Game001BaseGameMachine(Clone)/Pivot/Reels/Pivot/BaseGameReel3/Symbol4/Pivot/BaseGameSymbol/F5/Pivot
animator animationStateName=win gameObject=Pivot path=/Game/Machines/Pivot/BaseGameMachineParent/Pivot/Game001BaseGameMachine(Clone)/Pivot/Reels/Pivot/BaseGameReel3/Symbol5/Pivot/BaseGameSymbol/F9/Pivot
animator animationStateName=win gameObject=Pivot path=/Game/Machines/Pivot/BaseGameMachineParent/Pivot/Game001BaseGameMachine(Clone)/Pivot/Reels/Pivot/BaseGameReel1/Symbol4/Pivot/BaseGameSymbol/F7/Pivot
animator animationStateName=win gameObject=Pivot path=/Game/Machines/Pivot/BaseGameMachineParent/Pivot/Game001BaseGameMachine(Clone)/Pivot/Reels/Pivot/BaseGameReel2/Symbol5/Pivot/BaseGameSymbol/F6/Pivot
animator animationStateName=win gameObject=Pivot path=/Game/Machines/Pivot/BaseGameMachineParent/Pivot/Game001BaseGameMachine(Clone)/Pivot/Reels/Pivot/BaseGameReel3/Symbol4/Pivot/BaseGameSymbol/F5/Pivot
animator animationStateName=win gameObject=Pivot path=/Game/Machines/Pivot/BaseGameMachineParent/Pivot/Game001BaseGameMachine(Clone)/Pivot/Reels/Pivot/BaseGameReel3/Symbol5/Pivot/BaseGameSymbol/F9/Pivot
animator animationStateName=win gameObject=Pivot path=/Game/Machines/Pivot/BaseGameMachineParent/Pivot/Game001BaseGameMachine(Clone)/Pivot/Reels/Pivot/BaseGameReel1/Symbol4/Pivot/BaseGameSymbol/F7/Pivot
animator animationStateName=win gameObject=Pivot path=/Game/Machines/Pivot/BaseGameMachineParent/Pivot/Game001BaseGameMachine(Clone)/Pivot/Reels/Pivot/BaseGameReel2/Symbol5/Pivot/BaseGameSymbol/F6/Pivot
animator animationStateName=win gameObject=Pivot path=/Game/Machines/Pivot/BaseGameMachineParent/Pivot/Game001BaseGameMachine(Clone)/Pivot/Reels/Pivot/BaseGameReel3/Symbol4/Pivot/BaseGameSymbol/F5/Pivot
animator animationStateName=win gameObject=Pivot path=/Game/Machines/Pivot/BaseGameMachineParent/Pivot/Game001BaseGameMachine(Clone)/Pivot/Reels/Pivot/BaseGameReel3/Symbol5/Pivot/BaseGameSymbol/F9/Pivot
]]></output>
                  </test-case>
                </test-suite>
              </test-suite>
            </test-suite>
          </test-suite>
        </test-suite>
      </test-suite>
    </test-suite>
  </test-suite>
</test-run>