<?xml version="1.0" encoding="utf-8"?>
<test-run id="2" testcasecount="1" result="Passed" total="1" passed="1" failed="0" inconclusive="0" skipped="0" asserts="0" engine-version="3.5.0.0" clr-version="4.0.30319.42000" start-time="2024-02-06 05:06:42Z" end-time="2024-02-06 05:06:47Z" duration="5.2067212">
  <test-suite type="TestSuite" id="1000" name="Unity" fullname="Unity" runstate="Runnable" testcasecount="5" result="Passed" start-time="2024-02-06 05:06:42Z" end-time="2024-02-06 05:06:47Z" duration="5.206721" total="1" passed="1" failed="0" inconclusive="0" skipped="0" asserts="0">
    <properties />
    <test-suite type="Assembly" id="1003" name="casino.bettr.plugin.Core.Tests.dll" fullname="/Users/rvergis/Documents/External/Bettr/GitHub/bettr-casino/slots-game-plugins/Unity/Library/ScriptAssemblies/casino.bettr.plugin.Core.Tests.dll" runstate="Runnable" testcasecount="1" result="Passed" start-time="2024-02-06 05:06:42Z" end-time="2024-02-06 05:06:47Z" duration="5.202820" total="1" passed="1" failed="0" inconclusive="0" skipped="0" asserts="0">
      <properties>
        <property name="_PID" value="15007" />
        <property name="_APPDOMAIN" value="Unity Child Domain" />
        <property name="platform" value="PlayMode" />
      </properties>
      <test-suite type="TestSuite" id="1004" name="Bettr" fullname="Bettr" runstate="Runnable" testcasecount="1" result="Passed" start-time="2024-02-06 05:06:42Z" end-time="2024-02-06 05:06:47Z" duration="5.202385" total="1" passed="1" failed="0" inconclusive="0" skipped="0" asserts="0">
        <properties />
        <test-suite type="TestSuite" id="1005" name="Runtime" fullname="Bettr.Runtime" runstate="Runnable" testcasecount="1" result="Passed" start-time="2024-02-06 05:06:42Z" end-time="2024-02-06 05:06:47Z" duration="5.202069" total="1" passed="1" failed="0" inconclusive="0" skipped="0" asserts="0">
          <properties />
          <test-suite type="TestSuite" id="1006" name="Plugin" fullname="Bettr.Runtime.Plugin" runstate="Runnable" testcasecount="1" result="Passed" start-time="2024-02-06 05:06:42Z" end-time="2024-02-06 05:06:47Z" duration="5.201727" total="1" passed="1" failed="0" inconclusive="0" skipped="0" asserts="0">
            <properties />
            <test-suite type="TestSuite" id="1007" name="Core" fullname="Bettr.Runtime.Plugin.Core" runstate="Runnable" testcasecount="1" result="Passed" start-time="2024-02-06 05:06:42Z" end-time="2024-02-06 05:06:47Z" duration="5.201400" total="1" passed="1" failed="0" inconclusive="0" skipped="0" asserts="0">
              <properties />
              <test-suite type="TestSuite" id="1008" name="Tests" fullname="Bettr.Runtime.Plugin.Core.Tests" runstate="Runnable" testcasecount="1" result="Passed" start-time="2024-02-06 05:06:42Z" end-time="2024-02-06 05:06:47Z" duration="5.201052" total="1" passed="1" failed="0" inconclusive="0" skipped="0" asserts="0">
                <properties />
                <test-suite type="TestFixture" id="1001" name="Tests" fullname="Bettr.Runtime.Plugin.Core.Tests.Tests" classname="Bettr.Runtime.Plugin.Core.Tests.Tests" runstate="Runnable" testcasecount="1" result="Passed" start-time="2024-02-06 05:06:42Z" end-time="2024-02-06 05:06:47Z" duration="5.200339" total="1" passed="1" failed="0" inconclusive="0" skipped="0" asserts="0">
                  <properties />
                  <output><![CDATA[OneTimeSetUp
]]></output>
                  <test-case id="1002" name="TestDisplayCounters" fullname="Bettr.Runtime.Plugin.Core.Tests.Tests.TestDisplayCounters" methodname="TestDisplayCounters" classname="Bettr.Runtime.Plugin.Core.Tests.Tests" runstate="Runnable" seed="981275426" result="Passed" start-time="2024-02-06 05:06:42Z" end-time="2024-02-06 05:06:47Z" duration="5.191425" asserts="0">
                    <properties>
                      <property name="_JOINTYPE" value="UnityCombinatorial" />
                      <property name="Order" value="1" />
                    </properties>
                    <output><![CDATA[Start TestDisplayCounters
]]></output>
                  </test-case>
                </test-suite>
              </test-suite>
            </test-suite>
          </test-suite>
        </test-suite>
      </test-suite>
    </test-suite>
  </test-suite>
</test-run>