<?xml version="1.0" encoding="utf-8"?>
<test-run id="2" testcasecount="4" result="Passed" total="4" passed="4" failed="0" inconclusive="0" skipped="0" asserts="0" engine-version="3.5.0.0" clr-version="4.0.30319.42000" start-time="2024-02-21 17:52:05Z" end-time="2024-02-21 17:53:11Z" duration="65.1696629">
  <test-suite type="TestSuite" id="1000" name="Unity" fullname="Unity" runstate="Runnable" testcasecount="5" result="Passed" start-time="2024-02-21 17:52:05Z" end-time="2024-02-21 17:53:11Z" duration="65.169663" total="4" passed="4" failed="0" inconclusive="0" skipped="0" asserts="0">
    <properties />
    <test-suite type="Assembly" id="1014" name="casino.bettr.plugin.Main.Tests.dll" fullname="/Users/rvergis/Documents/External/Bettr/GitHub/bettr-casino/slots-game-plugins/Unity/Library/ScriptAssemblies/casino.bettr.plugin.Main.Tests.dll" runstate="Runnable" testcasecount="4" result="Passed" start-time="2024-02-21 17:52:05Z" end-time="2024-02-21 17:53:11Z" duration="65.166056" total="4" passed="4" failed="0" inconclusive="0" skipped="0" asserts="0">
      <properties>
        <property name="_PID" value="42078" />
        <property name="_APPDOMAIN" value="Unity Child Domain" />
        <property name="platform" value="PlayMode" />
      </properties>
      <test-suite type="TestSuite" id="1015" name="Bettr" fullname="Bettr" runstate="Runnable" testcasecount="4" result="Passed" start-time="2024-02-21 17:52:05Z" end-time="2024-02-21 17:53:11Z" duration="65.165722" total="4" passed="4" failed="0" inconclusive="0" skipped="0" asserts="0">
        <properties />
        <test-suite type="TestSuite" id="1016" name="Runtime" fullname="Bettr.Runtime" runstate="Runnable" testcasecount="4" result="Passed" start-time="2024-02-21 17:52:05Z" end-time="2024-02-21 17:53:11Z" duration="65.165520" total="4" passed="4" failed="0" inconclusive="0" skipped="0" asserts="0">
          <properties />
          <test-suite type="TestSuite" id="1017" name="Plugin" fullname="Bettr.Runtime.Plugin" runstate="Runnable" testcasecount="4" result="Passed" start-time="2024-02-21 17:52:05Z" end-time="2024-02-21 17:53:11Z" duration="65.165292" total="4" passed="4" failed="0" inconclusive="0" skipped="0" asserts="0">
            <properties />
            <test-suite type="TestSuite" id="1018" name="Main" fullname="Bettr.Runtime.Plugin.Main" runstate="Runnable" testcasecount="4" result="Passed" start-time="2024-02-21 17:52:05Z" end-time="2024-02-21 17:53:11Z" duration="65.165075" total="4" passed="4" failed="0" inconclusive="0" skipped="0" asserts="0">
              <properties />
              <test-suite type="TestSuite" id="1019" name="Tests" fullname="Bettr.Runtime.Plugin.Main.Tests" runstate="Runnable" testcasecount="4" result="Passed" start-time="2024-02-21 17:52:05Z" end-time="2024-02-21 17:53:11Z" duration="65.164666" total="4" passed="4" failed="0" inconclusive="0" skipped="0" asserts="0">
                <properties />
                <test-suite type="TestFixture" id="1009" name="Tests" fullname="Bettr.Runtime.Plugin.Main.Tests.Tests" classname="Bettr.Runtime.Plugin.Main.Tests.Tests" runstate="Runnable" testcasecount="4" result="Passed" start-time="2024-02-21 17:52:05Z" end-time="2024-02-21 17:53:11Z" duration="65.163347" total="4" passed="4" failed="0" inconclusive="0" skipped="0" asserts="0">
                  <properties />
                  <output><![CDATA[GetCommandLineArguments args=/Users/rvergis/Documents/External/Applications/Unity/Hub/Editor/2022.3.16f1/Unity.app/Contents/MacOS/Unity,-batchmode,-logFile,/Users/rvergis/Documents/External/Bettr/Logs/UnitTests/logfile.log,-runTests,-projectPath,Unity,-testResults,TestResults/testResultsMain.xml,-testPlatform,playmode,-testFilter,casino.bettr.plugin.Main.Tests,-timeScale=10
Setting Time.timeScale=10
]]></output>
                  <test-case id="1010" name="TestInit" fullname="Bettr.Runtime.Plugin.Main.Tests.Tests.TestInit" methodname="TestInit" classname="Bettr.Runtime.Plugin.Main.Tests.Tests" runstate="Runnable" seed="1171684285" result="Passed" start-time="2024-02-21 17:52:05Z" end-time="2024-02-21 17:52:07Z" duration="1.451112" asserts="0">
                    <properties>
                      <property name="_JOINTYPE" value="UnityCombinatorial" />
                      <property name="Order" value="1" />
                    </properties>
                    <output><![CDATA[OneTimeSetup started
userId=EE0DE516-5053-5142-80AC-2D878E91215C AssetsVersion=latest AssetsBaseURL=https://bettr-casino-assets.s3.us-west-2.amazonaws.com WebAssetsBaseURL=https://bettr-casino-assets.s3.us-west-2.amazonaws.com/developers/nyi501/assets/iOS WebOutcomesBaseURL=https://bettr-casino-outcomes.s3.us-west-2.amazonaws.com MainBundleName=main MainBundleVariant=v0_1_0
scriptName=Core loaded successfully at frame=12
scriptName=Math loaded successfully at frame=12
scriptName=Main loaded successfully at frame=12
scriptName=Utils loaded successfully at frame=12
AddScriptsToTable 4 scripts took 0.02406788 seconds
OneTimeSetup ended
TestLogin
]]></output>
                  </test-case>
                  <test-case id="1011" name="TestLogin" fullname="Bettr.Runtime.Plugin.Main.Tests.Tests.TestLogin" methodname="TestLogin" classname="Bettr.Runtime.Plugin.Main.Tests.Tests" runstate="Runnable" seed="570307536" result="Passed" start-time="2024-02-21 17:52:07Z" end-time="2024-02-21 17:52:07Z" duration="0.129633" asserts="0">
                    <properties>
                      <property name="_JOINTYPE" value="UnityCombinatorial" />
                      <property name="Order" value="2" />
                    </properties>
                    <output><![CDATA[TestLogin
Starting User Login
Starting LoadUserBlob
uniqueId=EE0DE516-5053-5142-80AC-2D878E91215C
]]></output>
                  </test-case>
                  <test-case id="1012" name="TestRoutineRunner" fullname="Bettr.Runtime.Plugin.Main.Tests.Tests.TestRoutineRunner" methodname="TestRoutineRunner" classname="Bettr.Runtime.Plugin.Main.Tests.Tests" runstate="Runnable" seed="187953064" result="Passed" start-time="2024-02-21 17:52:07Z" end-time="2024-02-21 17:52:07Z" duration="0.465611" asserts="0">
                    <properties>
                      <property name="_JOINTYPE" value="UnityCombinatorial" />
                      <property name="Order" value="3" />
                    </properties>
                    <output><![CDATA[TestRoutineRunner
TestRoutineRunner timeElapsed=3.662813
]]></output>
                  </test-case>
                  <test-case id="1013" name="TestLoadMainLobby" fullname="Bettr.Runtime.Plugin.Main.Tests.Tests.TestLoadMainLobby" methodname="TestLoadMainLobby" classname="Bettr.Runtime.Plugin.Main.Tests.Tests" runstate="Runnable" seed="51196275" result="Passed" start-time="2024-02-21 17:52:07Z" end-time="2024-02-21 17:53:11Z" duration="63.105989" asserts="0">
                    <properties>
                      <property name="_JOINTYPE" value="UnityCombinatorial" />
                      <property name="Order" value="4" />
                      <property name="Timeout" value="600000" />
                    </properties>
                    <output><![CDATA[TestLoadMainLobby
LoadLobbyScene starting... (Frame=37)
scriptName=MainLobbyBottomBar loaded successfully at frame=38
scriptName=MainLobbyScene loaded successfully at frame=38
scriptName=SettingsPanel loaded successfully at frame=38
AddScriptsToTable 3 scripts took 0.003567219 seconds
MainLobbyScene Starting... (Frame=42)
LoadLobbyCards invoked (Frame=42)
LoadApp lobbyCard cardCount=2 (Frame=42)
scriptName=Game002LobbyCard loaded successfully at frame=43
scriptName=Game001LobbyCard loaded successfully at frame=43
AddScriptsToTable 2 scripts took 0.001058102 seconds
Game001LobbyCard Awake tile id="Game001LobbyCard" (Frame=44)
Game002LobbyCard Awake tile id="Game002LobbyCard" (Frame=44)
Game001LobbyCard Start tile id="Game001LobbyCard" (Frame=44)
Game002LobbyCard Start tile id="Game002LobbyCard" (Frame=44)
Game001LobbyCard OnPointerClick tile id="Game001LobbyCard" (Frame=52)
Game001LobbyCard:LoadMachineScene ... Scene Load starting... (Frame=52)
scriptName=Game001BaseGameReel loaded successfully at frame=53
scriptName=Game001FreeSpinsReel4 loaded successfully at frame=53
scriptName=Game001BaseGameReel2 loaded successfully at frame=53
scriptName=Game001BaseGameReel1 loaded successfully at frame=53
scriptName=Game001FreeSpinsReel5 loaded successfully at frame=53
scriptName=Game001FreeSpinsReel3 loaded successfully at frame=53
scriptName=Game001FreeSpinsReel2 loaded successfully at frame=53
scriptName=Game001BaseGameMachine loaded successfully at frame=53
scriptName=Game001Debug loaded successfully at frame=53
scriptName=Game001BaseGameReel5 loaded successfully at frame=53
scriptName=Game001WheelMachine loaded successfully at frame=53
scriptName=Game001FreeSpinsReel loaded successfully at frame=53
scriptName=Game001Models loaded successfully at frame=53
scriptName=Game001BaseGameReel4 loaded successfully at frame=53
scriptName=Game001FreeSpinsReel1 loaded successfully at frame=53
scriptName=Game001BaseGameReel3 loaded successfully at frame=53
scriptName=Game001FreeSpinsMachine loaded successfully at frame=53
scriptName=Game001FreeSpinsBackground loaded successfully at frame=53
scriptName=Game001 loaded successfully at frame=53
scriptName=Game001BaseGameBackground loaded successfully at frame=53
AddScriptsToTable 20 scripts took 0.1148725 seconds
Game001 Awake tile id="Game001" (Frame=57)
Game001:Start tile id="Game001" (Frame=57)
Game001:LoadBaseGameBackgroundPrefab tile id="Game001" (Frame=57)
Game001BaseGameBackground Awake tile id="Game001BaseGameBackground" (Frame=59)
Game001:LoadFreeSpinsBackgroundPrefab tile id="Game001" (Frame=59)
Game001FreeSpinsBackground Awake tile id="Game001FreeSpinsBackground" (Frame=61)
animator animationStateName=start gameObject=Pivot path=/Game/Backgrounds/Pivot/BaseGameBackgroundParent/Pivot/Game001BaseGameBackground(Clone)/Pivot
Game001BaseGameMachine Awake tile id="Game001BaseGameMachine" (Frame=71)
Game001BaseGameReel Awake tile id="Game001BaseGameReel1" (Frame=71)
Game001BaseGameReel Awake tile id="Game001BaseGameReel2" (Frame=71)
Game001BaseGameReel Awake tile id="Game001BaseGameReel3" (Frame=71)
Game001BaseGameReel Awake tile id="Game001BaseGameReel4" (Frame=71)
Game001BaseGameReel Awake tile id="Game001BaseGameReel5" (Frame=71)
animator animationStateName=start gameObject=Pivot path=/Game/Machines/Pivot/BaseGameMachineParent/Pivot/Game001BaseGameMachine(Clone)/Pivot
Game001BaseGameReel Start tile id="Game001BaseGameReel1" (Frame=71)
Game001BaseGameReel Start tile id="Game001BaseGameReel2" (Frame=71)
Game001BaseGameReel Start tile id="Game001BaseGameReel3" (Frame=71)
Game001BaseGameReel Start tile id="Game001BaseGameReel4" (Frame=71)
Game001BaseGameReel Start tile id="Game001BaseGameReel5" (Frame=71)
Game001BaseGameReel StartEngines tile id="Game001BaseGameReel1" (Frame=73)
Game001BaseGameReel StartEngines tile id="Game001BaseGameReel2" (Frame=73)
Game001BaseGameReel StartEngines tile id="Game001BaseGameReel3" (Frame=73)
Game001BaseGameReel StartEngines tile id="Game001BaseGameReel4" (Frame=73)
Game001BaseGameReel StartEngines tile id="Game001BaseGameReel5" (Frame=73)
Game001BaseGameMachine OnPointerClick tile id="Game001BaseGameMachine" (Frame=73)
scriptName=Game001Outcome000000001 loaded successfully at frame=81
animator animationStateName=win gameObject=Pivot path=/Game/Machines/Pivot/BaseGameMachineParent/Pivot/Game001BaseGameMachine(Clone)/Pivot/Reels/Pivot/BaseGameReel1/Symbol3/Pivot/BaseGameSymbol/F6/Pivot
animator animationStateName=win gameObject=Pivot path=/Game/Machines/Pivot/BaseGameMachineParent/Pivot/Game001BaseGameMachine(Clone)/Pivot/Reels/Pivot/BaseGameReel2/Symbol4/Pivot/BaseGameSymbol/WD/Pivot
animator animationStateName=win gameObject=Pivot path=/Game/Machines/Pivot/BaseGameMachineParent/Pivot/Game001BaseGameMachine(Clone)/Pivot/Reels/Pivot/BaseGameReel3/Symbol3/Pivot/BaseGameSymbol/F6/Pivot
animator animationStateName=win gameObject=Pivot path=/Game/Machines/Pivot/BaseGameMachineParent/Pivot/Game001BaseGameMachine(Clone)/Pivot/Reels/Pivot/BaseGameReel1/Symbol4/Pivot/BaseGameSymbol/F5/Pivot
animator animationStateName=win gameObject=Pivot path=/Game/Machines/Pivot/BaseGameMachineParent/Pivot/Game001BaseGameMachine(Clone)/Pivot/Reels/Pivot/BaseGameReel2/Symbol5/Pivot/BaseGameSymbol/F8/Pivot
animator animationStateName=win gameObject=Pivot path=/Game/Machines/Pivot/BaseGameMachineParent/Pivot/Game001BaseGameMachine(Clone)/Pivot/Reels/Pivot/BaseGameReel3/Symbol4/Pivot/BaseGameSymbol/F5/Pivot
animator animationStateName=win gameObject=Pivot path=/Game/Machines/Pivot/BaseGameMachineParent/Pivot/Game001BaseGameMachine(Clone)/Pivot/Reels/Pivot/BaseGameReel1/Symbol3/Pivot/BaseGameSymbol/F6/Pivot
animator animationStateName=win gameObject=Pivot path=/Game/Machines/Pivot/BaseGameMachineParent/Pivot/Game001BaseGameMachine(Clone)/Pivot/Reels/Pivot/BaseGameReel2/Symbol4/Pivot/BaseGameSymbol/WD/Pivot
animator animationStateName=win gameObject=Pivot path=/Game/Machines/Pivot/BaseGameMachineParent/Pivot/Game001BaseGameMachine(Clone)/Pivot/Reels/Pivot/BaseGameReel3/Symbol3/Pivot/BaseGameSymbol/F6/Pivot
animator animationStateName=win gameObject=Pivot path=/Game/Machines/Pivot/BaseGameMachineParent/Pivot/Game001BaseGameMachine(Clone)/Pivot/Reels/Pivot/BaseGameReel1/Symbol4/Pivot/BaseGameSymbol/F5/Pivot
animator animationStateName=win gameObject=Pivot path=/Game/Machines/Pivot/BaseGameMachineParent/Pivot/Game001BaseGameMachine(Clone)/Pivot/Reels/Pivot/BaseGameReel2/Symbol5/Pivot/BaseGameSymbol/F8/Pivot
animator animationStateName=win gameObject=Pivot path=/Game/Machines/Pivot/BaseGameMachineParent/Pivot/Game001BaseGameMachine(Clone)/Pivot/Reels/Pivot/BaseGameReel3/Symbol4/Pivot/BaseGameSymbol/F5/Pivot
animator animationStateName=win gameObject=Pivot path=/Game/Machines/Pivot/BaseGameMachineParent/Pivot/Game001BaseGameMachine(Clone)/Pivot/Reels/Pivot/BaseGameReel1/Symbol3/Pivot/BaseGameSymbol/F6/Pivot
animator animationStateName=win gameObject=Pivot path=/Game/Machines/Pivot/BaseGameMachineParent/Pivot/Game001BaseGameMachine(Clone)/Pivot/Reels/Pivot/BaseGameReel2/Symbol4/Pivot/BaseGameSymbol/WD/Pivot
animator animationStateName=win gameObject=Pivot path=/Game/Machines/Pivot/BaseGameMachineParent/Pivot/Game001BaseGameMachine(Clone)/Pivot/Reels/Pivot/BaseGameReel3/Symbol3/Pivot/BaseGameSymbol/F6/Pivot
animator animationStateName=win gameObject=Pivot path=/Game/Machines/Pivot/BaseGameMachineParent/Pivot/Game001BaseGameMachine(Clone)/Pivot/Reels/Pivot/BaseGameReel1/Symbol4/Pivot/BaseGameSymbol/F5/Pivot
animator animationStateName=win gameObject=Pivot path=/Game/Machines/Pivot/BaseGameMachineParent/Pivot/Game001BaseGameMachine(Clone)/Pivot/Reels/Pivot/BaseGameReel2/Symbol5/Pivot/BaseGameSymbol/F8/Pivot
animator animationStateName=win gameObject=Pivot path=/Game/Machines/Pivot/BaseGameMachineParent/Pivot/Game001BaseGameMachine(Clone)/Pivot/Reels/Pivot/BaseGameReel3/Symbol4/Pivot/BaseGameSymbol/F5/Pivot
Game001BaseGameMachine OnPointerClick tile id="Game001BaseGameMachine" (Frame=151)
scriptName=Game001Outcome000000002 loaded successfully at frame=158
animator animationStateName=win gameObject=Pivot path=/Game/Machines/Pivot/BaseGameMachineParent/Pivot/Game001BaseGameMachine(Clone)/Pivot/Reels/Pivot/BaseGameReel1/Symbol3/Pivot/BaseGameSymbol/F5/Pivot
animator animationStateName=win gameObject=Pivot path=/Game/Machines/Pivot/BaseGameMachineParent/Pivot/Game001BaseGameMachine(Clone)/Pivot/Reels/Pivot/BaseGameReel2/Symbol4/Pivot/BaseGameSymbol/F5/Pivot
animator animationStateName=win gameObject=Pivot path=/Game/Machines/Pivot/BaseGameMachineParent/Pivot/Game001BaseGameMachine(Clone)/Pivot/Reels/Pivot/BaseGameReel3/Symbol3/Pivot/BaseGameSymbol/F5/Pivot
animator animationStateName=win gameObject=Pivot path=/Game/Machines/Pivot/BaseGameMachineParent/Pivot/Game001BaseGameMachine(Clone)/Pivot/Reels/Pivot/BaseGameReel1/Symbol3/Pivot/BaseGameSymbol/F5/Pivot
animator animationStateName=win gameObject=Pivot path=/Game/Machines/Pivot/BaseGameMachineParent/Pivot/Game001BaseGameMachine(Clone)/Pivot/Reels/Pivot/BaseGameReel2/Symbol4/Pivot/BaseGameSymbol/F5/Pivot
animator animationStateName=win gameObject=Pivot path=/Game/Machines/Pivot/BaseGameMachineParent/Pivot/Game001BaseGameMachine(Clone)/Pivot/Reels/Pivot/BaseGameReel3/Symbol3/Pivot/BaseGameSymbol/F5/Pivot
animator animationStateName=win gameObject=Pivot path=/Game/Machines/Pivot/BaseGameMachineParent/Pivot/Game001BaseGameMachine(Clone)/Pivot/Reels/Pivot/BaseGameReel1/Symbol3/Pivot/BaseGameSymbol/F5/Pivot
animator animationStateName=win gameObject=Pivot path=/Game/Machines/Pivot/BaseGameMachineParent/Pivot/Game001BaseGameMachine(Clone)/Pivot/Reels/Pivot/BaseGameReel2/Symbol4/Pivot/BaseGameSymbol/F5/Pivot
animator animationStateName=win gameObject=Pivot path=/Game/Machines/Pivot/BaseGameMachineParent/Pivot/Game001BaseGameMachine(Clone)/Pivot/Reels/Pivot/BaseGameReel3/Symbol3/Pivot/BaseGameSymbol/F5/Pivot
Game001BaseGameMachine OnPointerClick tile id="Game001BaseGameMachine" (Frame=207)
scriptName=Game001Outcome000000003 loaded successfully at frame=214
animator animationStateName=freespinstrigger gameObject=Pivot path=/Game/Backgrounds/Pivot/BaseGameBackgroundParent/Pivot/Game001BaseGameBackground(Clone)/Pivot
animator animationStateName=free_spins_trigger_fade_in gameObject=Pivot path=/Game/Machines/Pivot/BaseGameMachineParent/Pivot/Game001BaseGameMachine(Clone)/Pivot
animator animationStateName=slide_in gameObject=Pivot path=/Game/ReelOverlays/Pivot/FreeSpinsTriggerOverlayParent/Pivot
animator animationStateName=hide gameObject=Pivot path=/Game/Backgrounds/Pivot/BaseGameBackgroundParent/Pivot/Game001BaseGameBackground(Clone)/Pivot
animator animationStateName=slide_out gameObject=Pivot path=/Game/ReelOverlays/Pivot/FreeSpinsTriggerOverlayParent/Pivot
animator animationStateName=start gameObject=Pivot path=/Game/Backgrounds/Pivot/FreeSpinsBackgroundParent/Pivot/Game001FreeSpinsBackground(Clone)/Pivot
Game001FreeSpinsMachine Awake tile id="Game001FreeSpinsMachine" (Frame=269)
Game001FreeSpinsReel Awake tile id="Game001FreeSpinsReel1" (Frame=269)
Game001FreeSpinsReel Awake tile id="Game001FreeSpinsReel2" (Frame=269)
Game001FreeSpinsReel Awake tile id="Game001FreeSpinsReel3" (Frame=269)
Game001FreeSpinsReel Awake tile id="Game001FreeSpinsReel4" (Frame=269)
Game001FreeSpinsReel Awake tile id="Game001FreeSpinsReel5" (Frame=269)
animator animationStateName=overlay_fade_in gameObject=Pivot path=/Game/Machines/Pivot/FreeSpinsMachineParent/Pivot/Game001FreeSpinsMachine(Clone)/Pivot
Game001FreeSpinsMachine Start tile id="Game001FreeSpinsMachine" (Frame=269)
Game001FreeSpinsReel Start tile id="Game001FreeSpinsReel1" (Frame=269)
Game001FreeSpinsReel Start tile id="Game001FreeSpinsReel2" (Frame=269)
Game001FreeSpinsReel Start tile id="Game001FreeSpinsReel3" (Frame=269)
Game001FreeSpinsReel Start tile id="Game001FreeSpinsReel4" (Frame=269)
Game001FreeSpinsReel Start tile id="Game001FreeSpinsReel5" (Frame=269)
animator animationStateName=start gameObject=Pivot path=/Game/Machines/Pivot/FreeSpinsMachineParent/Pivot/Game001FreeSpinsMachine(Clone)/Pivot/Bonus Symbols Background/Pivot
animator animationStateName=hide gameObject=Pivot path=/Game/Machines/Pivot/FreeSpinsMachineParent/Pivot/Game001FreeSpinsMachine(Clone)/Pivot/Bonus Symbols Background/Pivot
animator animationStateName=overlay_fade_out gameObject=Pivot path=/Game/Machines/Pivot/FreeSpinsMachineParent/Pivot/Game001FreeSpinsMachine(Clone)/Pivot
animator animationStateName=spin_button_fade_in gameObject=Pivot path=/Game/Machines/Pivot/FreeSpinsMachineParent/Pivot/Game001FreeSpinsMachine(Clone)/Pivot
Game001FreeSpinsMachine OnPointerClick tile id="Game001FreeSpinsMachine" param="spin" (Frame=400)
animator animationStateName=spin_button_fade_out gameObject=Pivot path=/Game/Machines/Pivot/FreeSpinsMachineParent/Pivot/Game001FreeSpinsMachine(Clone)/Pivot
Game001FreeSpinsReel StartEngines tile id="Game001FreeSpinsReel1" (Frame=406)
Game001FreeSpinsReel StartEngines tile id="Game001FreeSpinsReel2" (Frame=406)
Game001FreeSpinsReel StartEngines tile id="Game001FreeSpinsReel3" (Frame=406)
Game001FreeSpinsReel StartEngines tile id="Game001FreeSpinsReel4" (Frame=406)
Game001FreeSpinsReel StartEngines tile id="Game001FreeSpinsReel5" (Frame=406)
skipSplice=false reelID="Reel1" (Frame=411)
skipSplice=false reelID="Reel2" (Frame=412)
skipSplice=false reelID="Reel3" (Frame=413)
skipSplice=false reelID="Reel4" (Frame=415)
skipSplice=false reelID="Reel5" (Frame=417)
Tests.cs RunFreeSpins currentFreeSpin=1
Tests.cs RunFreeSpins currentFreeSpin=1
animator animationStateName=winX gameObject=Pivot path=/Game/Machines/Pivot/FreeSpinsMachineParent/Pivot/Game001FreeSpinsMachine(Clone)/Pivot/Bonus Reels/Reels/Pivot/FreeSpinsReel2/Symbol4/Pivot/FreeSpinsSymbol/WinX/Pivot
Tests.cs RunFreeSpins currentFreeSpin=1
animator animationStateName=boost gameObject=Pivot path=/Game/Machines/Pivot/FreeSpinsMachineParent/Pivot/Game001FreeSpinsMachine(Clone)/Pivot/Bonus Reels/Reels/Pivot/FreeSpinsReel4/Symbol3/Pivot/FreeSpinsSymbol/Boost/Pivot
!activeSelf animator animationStateName=boost gameObject=Pivot path=/Game/Machines/Pivot/FreeSpinsMachineParent/Pivot/Game001FreeSpinsMachine(Clone)/Pivot/Bonus Reels/Reels/Pivot/FreeSpinsReel4/Symbol3/Pivot/FreeSpinsSymbol/Boost/Pivot
Game object with animator is inactive
animator animationStateName=boost gameObject=Pivot path=/Game/Machines/Pivot/FreeSpinsMachineParent/Pivot/Game001FreeSpinsMachine(Clone)/Pivot/Bonus Reels/Reels/Pivot/FreeSpinsReel4/Symbol4/Pivot/FreeSpinsSymbol/Boost/Pivot
!activeSelf animator animationStateName=boost gameObject=Pivot path=/Game/Machines/Pivot/FreeSpinsMachineParent/Pivot/Game001FreeSpinsMachine(Clone)/Pivot/Bonus Reels/Reels/Pivot/FreeSpinsReel4/Symbol4/Pivot/FreeSpinsSymbol/Boost/Pivot
Game object with animator is inactive
Tests.cs RunFreeSpins currentFreeSpin=1
animator animationStateName=boost gameObject=Pivot path=/Game/Machines/Pivot/FreeSpinsMachineParent/Pivot/Game001FreeSpinsMachine(Clone)/Pivot/Bonus Reels/Reels/Pivot/FreeSpinsReel4/Symbol5/Pivot/FreeSpinsSymbol/Boost/Pivot
!activeSelf animator animationStateName=boost gameObject=Pivot path=/Game/Machines/Pivot/FreeSpinsMachineParent/Pivot/Game001FreeSpinsMachine(Clone)/Pivot/Bonus Reels/Reels/Pivot/FreeSpinsReel4/Symbol5/Pivot/FreeSpinsSymbol/Boost/Pivot
Game object with animator is inactive
Tests.cs RunFreeSpins currentFreeSpin=1
Tests.cs RunFreeSpins currentFreeSpin=1
Tests.cs RunFreeSpins currentFreeSpin=1
Tests.cs RunFreeSpins currentFreeSpin=1
Tests.cs RunFreeSpins currentFreeSpin=1
Tests.cs RunFreeSpins currentFreeSpin=1
Tests.cs RunFreeSpins currentFreeSpin=1
animator animationStateName=reset gameObject=Pivot path=/Game/Machines/Pivot/FreeSpinsMachineParent/Pivot/Game001FreeSpinsMachine(Clone)/Pivot/Bonus Reels/Reels/Pivot/FreeSpinsReel2/Symbol4/Pivot/FreeSpinsSymbol/WinX/Pivot
animator animationStateName=reset gameObject=Pivot path=/Game/Machines/Pivot/FreeSpinsMachineParent/Pivot/Game001FreeSpinsMachine(Clone)/Pivot/Bonus Reels/Reels/Pivot/FreeSpinsReel4/Symbol3/Pivot/FreeSpinsSymbol/Boost/Pivot
!activeSelf animator animationStateName=reset gameObject=Pivot path=/Game/Machines/Pivot/FreeSpinsMachineParent/Pivot/Game001FreeSpinsMachine(Clone)/Pivot/Bonus Reels/Reels/Pivot/FreeSpinsReel4/Symbol3/Pivot/FreeSpinsSymbol/Boost/Pivot
Game object with animator is inactive
Tests.cs RunFreeSpins currentFreeSpin=1
animator animationStateName=reset gameObject=Pivot path=/Game/Machines/Pivot/FreeSpinsMachineParent/Pivot/Game001FreeSpinsMachine(Clone)/Pivot/Bonus Reels/Reels/Pivot/FreeSpinsReel4/Symbol4/Pivot/FreeSpinsSymbol/Boost/Pivot
!activeSelf animator animationStateName=reset gameObject=Pivot path=/Game/Machines/Pivot/FreeSpinsMachineParent/Pivot/Game001FreeSpinsMachine(Clone)/Pivot/Bonus Reels/Reels/Pivot/FreeSpinsReel4/Symbol4/Pivot/FreeSpinsSymbol/Boost/Pivot
Game object with animator is inactive
Tests.cs RunFreeSpins currentFreeSpin=1
animator animationStateName=reset gameObject=Pivot path=/Game/Machines/Pivot/FreeSpinsMachineParent/Pivot/Game001FreeSpinsMachine(Clone)/Pivot/Bonus Reels/Reels/Pivot/FreeSpinsReel4/Symbol5/Pivot/FreeSpinsSymbol/Boost/Pivot
!activeSelf animator animationStateName=reset gameObject=Pivot path=/Game/Machines/Pivot/FreeSpinsMachineParent/Pivot/Game001FreeSpinsMachine(Clone)/Pivot/Bonus Reels/Reels/Pivot/FreeSpinsReel4/Symbol5/Pivot/FreeSpinsSymbol/Boost/Pivot
Game object with animator is inactive
Tests.cs RunFreeSpins currentFreeSpin=1
animator animationStateName=win gameObject=Pivot path=/Game/Machines/Pivot/FreeSpinsMachineParent/Pivot/Game001FreeSpinsMachine(Clone)/Pivot/Bonus Reels/Reels/Pivot/FreeSpinsReel1/Symbol4/Pivot/FreeSpinsSymbol/F5/Pivot
animator animationStateName=win gameObject=Pivot path=/Game/Machines/Pivot/FreeSpinsMachineParent/Pivot/Game001FreeSpinsMachine(Clone)/Pivot/Bonus Reels/Reels/Pivot/FreeSpinsReel2/Symbol5/Pivot/FreeSpinsSymbol/F5/Pivot
animator animationStateName=win gameObject=Pivot path=/Game/Machines/Pivot/FreeSpinsMachineParent/Pivot/Game001FreeSpinsMachine(Clone)/Pivot/Bonus Reels/Reels/Pivot/FreeSpinsReel3/Symbol4/Pivot/FreeSpinsSymbol/F5/Pivot
Tests.cs RunFreeSpins currentFreeSpin=1
Tests.cs RunFreeSpins currentFreeSpin=1
Tests.cs RunFreeSpins currentFreeSpin=1
Tests.cs RunFreeSpins currentFreeSpin=1
Tests.cs RunFreeSpins currentFreeSpin=2
Tests.cs RunFreeSpins currentFreeSpin=2
skipSplice=false reelID="Reel1" (Frame=486)
skipSplice=false reelID="Reel2" (Frame=487)
skipSplice=false reelID="Reel3" (Frame=488)
Tests.cs RunFreeSpins currentFreeSpin=2
skipSplice=false reelID="Reel4" (Frame=490)
skipSplice=false reelID="Reel5" (Frame=492)
Tests.cs RunFreeSpins currentFreeSpin=2
Tests.cs RunFreeSpins currentFreeSpin=2
animator animationStateName=boost gameObject=Pivot path=/Game/Machines/Pivot/FreeSpinsMachineParent/Pivot/Game001FreeSpinsMachine(Clone)/Pivot/Bonus Reels/Reels/Pivot/FreeSpinsReel4/Symbol5/Pivot/FreeSpinsSymbol/Boost/Pivot
!activeSelf animator animationStateName=boost gameObject=Pivot path=/Game/Machines/Pivot/FreeSpinsMachineParent/Pivot/Game001FreeSpinsMachine(Clone)/Pivot/Bonus Reels/Reels/Pivot/FreeSpinsReel4/Symbol5/Pivot/FreeSpinsSymbol/Boost/Pivot
Game object with animator is inactive
Tests.cs RunFreeSpins currentFreeSpin=2
animator animationStateName=winX gameObject=Pivot path=/Game/Machines/Pivot/FreeSpinsMachineParent/Pivot/Game001FreeSpinsMachine(Clone)/Pivot/Bonus Reels/Reels/Pivot/FreeSpinsReel5/Symbol5/Pivot/FreeSpinsSymbol/WinX/Pivot
!activeSelf animator animationStateName=winX gameObject=Pivot path=/Game/Machines/Pivot/FreeSpinsMachineParent/Pivot/Game001FreeSpinsMachine(Clone)/Pivot/Bonus Reels/Reels/Pivot/FreeSpinsReel5/Symbol5/Pivot/FreeSpinsSymbol/WinX/Pivot
Game object with animator is inactive
Tests.cs RunFreeSpins currentFreeSpin=2
Tests.cs RunFreeSpins currentFreeSpin=2
Tests.cs RunFreeSpins currentFreeSpin=2
Tests.cs RunFreeSpins currentFreeSpin=2
animator animationStateName=multiplier gameObject=Pivot path=/Game/Machines/Pivot/FreeSpinsMachineParent/Pivot/Game001FreeSpinsMachine(Clone)/Pivot/Bonus Symbols/Pivot/Column5/Symbols/Pivot/Symbol8/Default/Pivot
Tests.cs RunFreeSpins currentFreeSpin=2
animator animationStateName=reset gameObject=Pivot path=/Game/Machines/Pivot/FreeSpinsMachineParent/Pivot/Game001FreeSpinsMachine(Clone)/Pivot/Bonus Reels/Reels/Pivot/FreeSpinsReel4/Symbol5/Pivot/FreeSpinsSymbol/Boost/Pivot
!activeSelf animator animationStateName=reset gameObject=Pivot path=/Game/Machines/Pivot/FreeSpinsMachineParent/Pivot/Game001FreeSpinsMachine(Clone)/Pivot/Bonus Reels/Reels/Pivot/FreeSpinsReel4/Symbol5/Pivot/FreeSpinsSymbol/Boost/Pivot
Game object with animator is inactive
animator animationStateName=reset gameObject=Pivot path=/Game/Machines/Pivot/FreeSpinsMachineParent/Pivot/Game001FreeSpinsMachine(Clone)/Pivot/Bonus Reels/Reels/Pivot/FreeSpinsReel5/Symbol5/Pivot/FreeSpinsSymbol/WinX/Pivot
!activeSelf animator animationStateName=reset gameObject=Pivot path=/Game/Machines/Pivot/FreeSpinsMachineParent/Pivot/Game001FreeSpinsMachine(Clone)/Pivot/Bonus Reels/Reels/Pivot/FreeSpinsReel5/Symbol5/Pivot/FreeSpinsSymbol/WinX/Pivot
Game object with animator is inactive
Tests.cs RunFreeSpins currentFreeSpin=2
Tests.cs RunFreeSpins currentFreeSpin=2
Tests.cs RunFreeSpins currentFreeSpin=2
Tests.cs RunFreeSpins currentFreeSpin=3
skipSplice=false reelID="Reel1" (Frame=533)
skipSplice=false reelID="Reel2" (Frame=534)
Tests.cs RunFreeSpins currentFreeSpin=3
skipSplice=false reelID="Reel3" (Frame=535)
skipSplice=false reelID="Reel4" (Frame=537)
Tests.cs RunFreeSpins currentFreeSpin=3
skipSplice=false reelID="Reel5" (Frame=538)
Tests.cs RunFreeSpins currentFreeSpin=3
Tests.cs RunFreeSpins currentFreeSpin=3
animator animationStateName=show gameObject=Pivot path=/Game/Machines/Pivot/FreeSpinsMachineParent/Pivot/Game001FreeSpinsMachine(Clone)/Pivot/Bonus Symbols Free Spins Added Frame/Pivot
Tests.cs RunFreeSpins currentFreeSpin=3
Tests.cs RunFreeSpins currentFreeSpin=3
Tests.cs RunFreeSpins currentFreeSpin=3
Tests.cs RunFreeSpins currentFreeSpin=3
Tests.cs RunFreeSpins currentFreeSpin=4
skipSplice=false reelID="Reel1" (Frame=564)
Tests.cs RunFreeSpins currentFreeSpin=4
skipSplice=false reelID="Reel2" (Frame=565)
skipSplice=false reelID="Reel3" (Frame=566)
skipSplice=true reelID="Reel4" (Frame=568)
Tests.cs RunFreeSpins currentFreeSpin=4
skipSplice=false reelID="Reel5" (Frame=570)
Tests.cs RunFreeSpins currentFreeSpin=4
Tests.cs RunFreeSpins currentFreeSpin=4
animator animationStateName=boostALL gameObject=Pivot path=/Game/Machines/Pivot/FreeSpinsMachineParent/Pivot/Game001FreeSpinsMachine(Clone)/Pivot/Bonus Reels/Reels/Pivot/FreeSpinsReel2/Symbol3/Pivot/FreeSpinsSymbol/BoostALL/Pivot
!activeSelf animator animationStateName=boostALL gameObject=Pivot path=/Game/Machines/Pivot/FreeSpinsMachineParent/Pivot/Game001FreeSpinsMachine(Clone)/Pivot/Bonus Reels/Reels/Pivot/FreeSpinsReel2/Symbol3/Pivot/FreeSpinsSymbol/BoostALL/Pivot
Game object with animator is inactive
Tests.cs RunFreeSpins currentFreeSpin=4
Tests.cs RunFreeSpins currentFreeSpin=4
animator animationStateName=reset gameObject=Pivot path=/Game/Machines/Pivot/FreeSpinsMachineParent/Pivot/Game001FreeSpinsMachine(Clone)/Pivot/Bonus Reels/Reels/Pivot/FreeSpinsReel2/Symbol3/Pivot/FreeSpinsSymbol/BoostALL/Pivot
!activeSelf animator animationStateName=reset gameObject=Pivot path=/Game/Machines/Pivot/FreeSpinsMachineParent/Pivot/Game001FreeSpinsMachine(Clone)/Pivot/Bonus Reels/Reels/Pivot/FreeSpinsReel2/Symbol3/Pivot/FreeSpinsSymbol/BoostALL/Pivot
Game object with animator is inactive
Tests.cs RunFreeSpins currentFreeSpin=4
Tests.cs RunFreeSpins currentFreeSpin=4
Tests.cs RunFreeSpins currentFreeSpin=5
skipSplice=false reelID="Reel1" (Frame=597)
Tests.cs RunFreeSpins currentFreeSpin=5
skipSplice=false reelID="Reel2" (Frame=598)
skipSplice=false reelID="Reel3" (Frame=599)
skipSplice=false reelID="Reel4" (Frame=600)
Tests.cs RunFreeSpins currentFreeSpin=5
skipSplice=false reelID="Reel5" (Frame=603)
Tests.cs RunFreeSpins currentFreeSpin=5
Tests.cs RunFreeSpins currentFreeSpin=5
animator animationStateName=boost gameObject=Pivot path=/Game/Machines/Pivot/FreeSpinsMachineParent/Pivot/Game001FreeSpinsMachine(Clone)/Pivot/Bonus Reels/Reels/Pivot/FreeSpinsReel5/Symbol4/Pivot/FreeSpinsSymbol/Boost/Pivot
!activeSelf animator animationStateName=boost gameObject=Pivot path=/Game/Machines/Pivot/FreeSpinsMachineParent/Pivot/Game001FreeSpinsMachine(Clone)/Pivot/Bonus Reels/Reels/Pivot/FreeSpinsReel5/Symbol4/Pivot/FreeSpinsSymbol/Boost/Pivot
Game object with animator is inactive
Tests.cs RunFreeSpins currentFreeSpin=5
animator animationStateName=boost gameObject=Pivot path=/Game/Machines/Pivot/FreeSpinsMachineParent/Pivot/Game001FreeSpinsMachine(Clone)/Pivot/Bonus Reels/Reels/Pivot/FreeSpinsReel5/Symbol5/Pivot/FreeSpinsSymbol/Boost/Pivot
Tests.cs RunFreeSpins currentFreeSpin=5
Tests.cs RunFreeSpins currentFreeSpin=5
Tests.cs RunFreeSpins currentFreeSpin=5
animator animationStateName=reset gameObject=Pivot path=/Game/Machines/Pivot/FreeSpinsMachineParent/Pivot/Game001FreeSpinsMachine(Clone)/Pivot/Bonus Reels/Reels/Pivot/FreeSpinsReel5/Symbol4/Pivot/FreeSpinsSymbol/Boost/Pivot
!activeSelf animator animationStateName=reset gameObject=Pivot path=/Game/Machines/Pivot/FreeSpinsMachineParent/Pivot/Game001FreeSpinsMachine(Clone)/Pivot/Bonus Reels/Reels/Pivot/FreeSpinsReel5/Symbol4/Pivot/FreeSpinsSymbol/Boost/Pivot
Game object with animator is inactive
Tests.cs RunFreeSpins currentFreeSpin=5
animator animationStateName=reset gameObject=Pivot path=/Game/Machines/Pivot/FreeSpinsMachineParent/Pivot/Game001FreeSpinsMachine(Clone)/Pivot/Bonus Reels/Reels/Pivot/FreeSpinsReel5/Symbol5/Pivot/FreeSpinsSymbol/Boost/Pivot
Tests.cs RunFreeSpins currentFreeSpin=5
animator animationStateName=win gameObject=Pivot path=/Game/Machines/Pivot/FreeSpinsMachineParent/Pivot/Game001FreeSpinsMachine(Clone)/Pivot/Bonus Reels/Reels/Pivot/FreeSpinsReel1/Symbol4/Pivot/FreeSpinsSymbol/F6/Pivot
animator animationStateName=win gameObject=Pivot path=/Game/Machines/Pivot/FreeSpinsMachineParent/Pivot/Game001FreeSpinsMachine(Clone)/Pivot/Bonus Reels/Reels/Pivot/FreeSpinsReel2/Symbol3/Pivot/FreeSpinsSymbol/M1/Pivot
animator animationStateName=win gameObject=Pivot path=/Game/Machines/Pivot/FreeSpinsMachineParent/Pivot/Game001FreeSpinsMachine(Clone)/Pivot/Bonus Reels/Reels/Pivot/FreeSpinsReel3/Symbol4/Pivot/FreeSpinsSymbol/F7/Pivot
animator animationStateName=win gameObject=Pivot path=/Game/Machines/Pivot/FreeSpinsMachineParent/Pivot/Game001FreeSpinsMachine(Clone)/Pivot/Bonus Reels/Reels/Pivot/FreeSpinsReel3/Symbol5/Pivot/FreeSpinsSymbol/F5/Pivot
Tests.cs RunFreeSpins currentFreeSpin=5
Tests.cs RunFreeSpins currentFreeSpin=5
animator animationStateName=win gameObject=Pivot path=/Game/Machines/Pivot/FreeSpinsMachineParent/Pivot/Game001FreeSpinsMachine(Clone)/Pivot/Bonus Reels/Reels/Pivot/FreeSpinsReel1/Symbol3/Pivot/FreeSpinsSymbol/M2/Pivot
animator animationStateName=win gameObject=Pivot path=/Game/Machines/Pivot/FreeSpinsMachineParent/Pivot/Game001FreeSpinsMachine(Clone)/Pivot/Bonus Reels/Reels/Pivot/FreeSpinsReel2/Symbol3/Pivot/FreeSpinsSymbol/M1/Pivot
animator animationStateName=win gameObject=Pivot path=/Game/Machines/Pivot/FreeSpinsMachineParent/Pivot/Game001FreeSpinsMachine(Clone)/Pivot/Bonus Reels/Reels/Pivot/FreeSpinsReel3/Symbol5/Pivot/FreeSpinsSymbol/F5/Pivot
Tests.cs RunFreeSpins currentFreeSpin=5
Tests.cs RunFreeSpins currentFreeSpin=5
animator animationStateName=win gameObject=Pivot path=/Game/Machines/Pivot/FreeSpinsMachineParent/Pivot/Game001FreeSpinsMachine(Clone)/Pivot/Bonus Reels/Reels/Pivot/FreeSpinsReel1/Symbol5/Pivot/FreeSpinsSymbol/F5/Pivot
animator animationStateName=win gameObject=Pivot path=/Game/Machines/Pivot/FreeSpinsMachineParent/Pivot/Game001FreeSpinsMachine(Clone)/Pivot/Bonus Reels/Reels/Pivot/FreeSpinsReel2/Symbol3/Pivot/FreeSpinsSymbol/M1/Pivot
animator animationStateName=win gameObject=Pivot path=/Game/Machines/Pivot/FreeSpinsMachineParent/Pivot/Game001FreeSpinsMachine(Clone)/Pivot/Bonus Reels/Reels/Pivot/FreeSpinsReel2/Symbol5/Pivot/FreeSpinsSymbol/F8/Pivot
Tests.cs RunFreeSpins currentFreeSpin=5
Tests.cs RunFreeSpins currentFreeSpin=5
Tests.cs RunFreeSpins currentFreeSpin=5
Tests.cs RunFreeSpins currentFreeSpin=6
skipSplice=false reelID="Reel1" (Frame=662)
Tests.cs RunFreeSpins currentFreeSpin=6
skipSplice=false reelID="Reel2" (Frame=663)
skipSplice=false reelID="Reel3" (Frame=664)
skipSplice=false reelID="Reel4" (Frame=665)
Tests.cs RunFreeSpins currentFreeSpin=6
skipSplice=false reelID="Reel5" (Frame=668)
Tests.cs RunFreeSpins currentFreeSpin=6
Tests.cs RunFreeSpins currentFreeSpin=6
animator animationStateName=winX gameObject=Pivot path=/Game/Machines/Pivot/FreeSpinsMachineParent/Pivot/Game001FreeSpinsMachine(Clone)/Pivot/Bonus Reels/Reels/Pivot/FreeSpinsReel1/Symbol3/Pivot/FreeSpinsSymbol/WinX/Pivot
!activeSelf animator animationStateName=winX gameObject=Pivot path=/Game/Machines/Pivot/FreeSpinsMachineParent/Pivot/Game001FreeSpinsMachine(Clone)/Pivot/Bonus Reels/Reels/Pivot/FreeSpinsReel1/Symbol3/Pivot/FreeSpinsSymbol/WinX/Pivot
Game object with animator is inactive
Tests.cs RunFreeSpins currentFreeSpin=6
animator animationStateName=winX gameObject=Pivot path=/Game/Machines/Pivot/FreeSpinsMachineParent/Pivot/Game001FreeSpinsMachine(Clone)/Pivot/Bonus Reels/Reels/Pivot/FreeSpinsReel5/Symbol5/Pivot/FreeSpinsSymbol/WinX/Pivot
!activeSelf animator animationStateName=winX gameObject=Pivot path=/Game/Machines/Pivot/FreeSpinsMachineParent/Pivot/Game001FreeSpinsMachine(Clone)/Pivot/Bonus Reels/Reels/Pivot/FreeSpinsReel5/Symbol5/Pivot/FreeSpinsSymbol/WinX/Pivot
Game object with animator is inactive
Tests.cs RunFreeSpins currentFreeSpin=6
Tests.cs RunFreeSpins currentFreeSpin=6
Tests.cs RunFreeSpins currentFreeSpin=6
Tests.cs RunFreeSpins currentFreeSpin=6
Tests.cs RunFreeSpins currentFreeSpin=6
animator animationStateName=reset gameObject=Pivot path=/Game/Machines/Pivot/FreeSpinsMachineParent/Pivot/Game001FreeSpinsMachine(Clone)/Pivot/Bonus Reels/Reels/Pivot/FreeSpinsReel1/Symbol3/Pivot/FreeSpinsSymbol/WinX/Pivot
!activeSelf animator animationStateName=reset gameObject=Pivot path=/Game/Machines/Pivot/FreeSpinsMachineParent/Pivot/Game001FreeSpinsMachine(Clone)/Pivot/Bonus Reels/Reels/Pivot/FreeSpinsReel1/Symbol3/Pivot/FreeSpinsSymbol/WinX/Pivot
Game object with animator is inactive
animator animationStateName=reset gameObject=Pivot path=/Game/Machines/Pivot/FreeSpinsMachineParent/Pivot/Game001FreeSpinsMachine(Clone)/Pivot/Bonus Reels/Reels/Pivot/FreeSpinsReel5/Symbol5/Pivot/FreeSpinsSymbol/WinX/Pivot
!activeSelf animator animationStateName=reset gameObject=Pivot path=/Game/Machines/Pivot/FreeSpinsMachineParent/Pivot/Game001FreeSpinsMachine(Clone)/Pivot/Bonus Reels/Reels/Pivot/FreeSpinsReel5/Symbol5/Pivot/FreeSpinsSymbol/WinX/Pivot
Game object with animator is inactive
Tests.cs RunFreeSpins currentFreeSpin=6
Tests.cs RunFreeSpins currentFreeSpin=6
animator animationStateName=win gameObject=Pivot path=/Game/Machines/Pivot/FreeSpinsMachineParent/Pivot/Game001FreeSpinsMachine(Clone)/Pivot/Bonus Reels/Reels/Pivot/FreeSpinsReel1/Symbol4/Pivot/FreeSpinsSymbol/WinX/Pivot
animator animationStateName=win gameObject=Pivot path=/Game/Machines/Pivot/FreeSpinsMachineParent/Pivot/Game001FreeSpinsMachine(Clone)/Pivot/Bonus Reels/Reels/Pivot/FreeSpinsReel2/Symbol5/Pivot/FreeSpinsSymbol/M1/Pivot
animator animationStateName=win gameObject=Pivot path=/Game/Machines/Pivot/FreeSpinsMachineParent/Pivot/Game001FreeSpinsMachine(Clone)/Pivot/Bonus Reels/Reels/Pivot/FreeSpinsReel3/Symbol3/Pivot/FreeSpinsSymbol/F5/Pivot
Tests.cs RunFreeSpins currentFreeSpin=6
animator animationStateName=win gameObject=Pivot path=/Game/Machines/Pivot/FreeSpinsMachineParent/Pivot/Game001FreeSpinsMachine(Clone)/Pivot/Bonus Reels/Reels/Pivot/FreeSpinsReel1/Symbol5/Pivot/FreeSpinsSymbol/M4/Pivot
animator animationStateName=win gameObject=Pivot path=/Game/Machines/Pivot/FreeSpinsMachineParent/Pivot/Game001FreeSpinsMachine(Clone)/Pivot/Bonus Reels/Reels/Pivot/FreeSpinsReel2/Symbol5/Pivot/FreeSpinsSymbol/M1/Pivot
animator animationStateName=win gameObject=Pivot path=/Game/Machines/Pivot/FreeSpinsMachineParent/Pivot/Game001FreeSpinsMachine(Clone)/Pivot/Bonus Reels/Reels/Pivot/FreeSpinsReel3/Symbol3/Pivot/FreeSpinsSymbol/F5/Pivot
Tests.cs RunFreeSpins currentFreeSpin=6
Tests.cs RunFreeSpins currentFreeSpin=6
Tests.cs RunFreeSpins currentFreeSpin=6
Tests.cs RunFreeSpins currentFreeSpin=6
Tests.cs RunFreeSpins currentFreeSpin=7
Tests.cs RunFreeSpins currentFreeSpin=7
skipSplice=true reelID="Reel1" (Frame=728)
skipSplice=false reelID="Reel2" (Frame=729)
skipSplice=false reelID="Reel3" (Frame=730)
Tests.cs RunFreeSpins currentFreeSpin=7
skipSplice=false reelID="Reel4" (Frame=731)
Tests.cs RunFreeSpins currentFreeSpin=7
skipSplice=false reelID="Reel5" (Frame=734)
Tests.cs RunFreeSpins currentFreeSpin=7
animator animationStateName=winX gameObject=Pivot path=/Game/Machines/Pivot/FreeSpinsMachineParent/Pivot/Game001FreeSpinsMachine(Clone)/Pivot/Bonus Reels/Reels/Pivot/FreeSpinsReel3/Symbol3/Pivot/FreeSpinsSymbol/WinX/Pivot
Tests.cs RunFreeSpins currentFreeSpin=7
Tests.cs RunFreeSpins currentFreeSpin=7
Tests.cs RunFreeSpins currentFreeSpin=7
animator animationStateName=multiplier gameObject=Pivot path=/Game/Machines/Pivot/FreeSpinsMachineParent/Pivot/Game001FreeSpinsMachine(Clone)/Pivot/Bonus Symbols/Pivot/Column3/Symbols/Pivot/Symbol7/Default/Pivot
Tests.cs RunFreeSpins currentFreeSpin=7
animator animationStateName=reset gameObject=Pivot path=/Game/Machines/Pivot/FreeSpinsMachineParent/Pivot/Game001FreeSpinsMachine(Clone)/Pivot/Bonus Reels/Reels/Pivot/FreeSpinsReel3/Symbol3/Pivot/FreeSpinsSymbol/WinX/Pivot
Tests.cs RunFreeSpins currentFreeSpin=7
Tests.cs RunFreeSpins currentFreeSpin=7
Tests.cs RunFreeSpins currentFreeSpin=8
Tests.cs RunFreeSpins currentFreeSpin=8
skipSplice=false reelID="Reel1" (Frame=767)
skipSplice=false reelID="Reel2" (Frame=768)
skipSplice=false reelID="Reel3" (Frame=769)
Tests.cs RunFreeSpins currentFreeSpin=8
skipSplice=false reelID="Reel4" (Frame=771)
Tests.cs RunFreeSpins currentFreeSpin=8
skipSplice=false reelID="Reel5" (Frame=773)
Tests.cs RunFreeSpins currentFreeSpin=8
animator animationStateName=boost gameObject=Pivot path=/Game/Machines/Pivot/FreeSpinsMachineParent/Pivot/Game001FreeSpinsMachine(Clone)/Pivot/Bonus Reels/Reels/Pivot/FreeSpinsReel2/Symbol3/Pivot/FreeSpinsSymbol/Boost/Pivot
Tests.cs RunFreeSpins currentFreeSpin=8
animator animationStateName=boost gameObject=Pivot path=/Game/Machines/Pivot/FreeSpinsMachineParent/Pivot/Game001FreeSpinsMachine(Clone)/Pivot/Bonus Reels/Reels/Pivot/FreeSpinsReel4/Symbol5/Pivot/FreeSpinsSymbol/Boost/Pivot
!activeSelf animator animationStateName=boost gameObject=Pivot path=/Game/Machines/Pivot/FreeSpinsMachineParent/Pivot/Game001FreeSpinsMachine(Clone)/Pivot/Bonus Reels/Reels/Pivot/FreeSpinsReel4/Symbol5/Pivot/FreeSpinsSymbol/Boost/Pivot
Game object with animator is inactive
Tests.cs RunFreeSpins currentFreeSpin=8
Tests.cs RunFreeSpins currentFreeSpin=8
Tests.cs RunFreeSpins currentFreeSpin=8
animator animationStateName=reset gameObject=Pivot path=/Game/Machines/Pivot/FreeSpinsMachineParent/Pivot/Game001FreeSpinsMachine(Clone)/Pivot/Bonus Reels/Reels/Pivot/FreeSpinsReel2/Symbol3/Pivot/FreeSpinsSymbol/Boost/Pivot
Tests.cs RunFreeSpins currentFreeSpin=8
animator animationStateName=reset gameObject=Pivot path=/Game/Machines/Pivot/FreeSpinsMachineParent/Pivot/Game001FreeSpinsMachine(Clone)/Pivot/Bonus Reels/Reels/Pivot/FreeSpinsReel4/Symbol5/Pivot/FreeSpinsSymbol/Boost/Pivot
!activeSelf animator animationStateName=reset gameObject=Pivot path=/Game/Machines/Pivot/FreeSpinsMachineParent/Pivot/Game001FreeSpinsMachine(Clone)/Pivot/Bonus Reels/Reels/Pivot/FreeSpinsReel4/Symbol5/Pivot/FreeSpinsSymbol/Boost/Pivot
Game object with animator is inactive
Tests.cs RunFreeSpins currentFreeSpin=8
Tests.cs RunFreeSpins currentFreeSpin=8
Tests.cs RunFreeSpins currentFreeSpin=9
Tests.cs RunFreeSpins currentFreeSpin=9
skipSplice=false reelID="Reel1" (Frame=809)
skipSplice=false reelID="Reel2" (Frame=810)
Tests.cs RunFreeSpins currentFreeSpin=9
skipSplice=false reelID="Reel3" (Frame=811)
skipSplice=false reelID="Reel4" (Frame=813)
Tests.cs RunFreeSpins currentFreeSpin=9
skipSplice=false reelID="Reel5" (Frame=815)
Tests.cs RunFreeSpins currentFreeSpin=9
animator animationStateName=boost gameObject=Pivot path=/Game/Machines/Pivot/FreeSpinsMachineParent/Pivot/Game001FreeSpinsMachine(Clone)/Pivot/Bonus Reels/Reels/Pivot/FreeSpinsReel5/Symbol4/Pivot/FreeSpinsSymbol/Boost/Pivot
!activeSelf animator animationStateName=boost gameObject=Pivot path=/Game/Machines/Pivot/FreeSpinsMachineParent/Pivot/Game001FreeSpinsMachine(Clone)/Pivot/Bonus Reels/Reels/Pivot/FreeSpinsReel5/Symbol4/Pivot/FreeSpinsSymbol/Boost/Pivot
Game object with animator is inactive
Tests.cs RunFreeSpins currentFreeSpin=9
Tests.cs RunFreeSpins currentFreeSpin=9
animator animationStateName=reset gameObject=Pivot path=/Game/Machines/Pivot/FreeSpinsMachineParent/Pivot/Game001FreeSpinsMachine(Clone)/Pivot/Bonus Reels/Reels/Pivot/FreeSpinsReel5/Symbol4/Pivot/FreeSpinsSymbol/Boost/Pivot
!activeSelf animator animationStateName=reset gameObject=Pivot path=/Game/Machines/Pivot/FreeSpinsMachineParent/Pivot/Game001FreeSpinsMachine(Clone)/Pivot/Bonus Reels/Reels/Pivot/FreeSpinsReel5/Symbol4/Pivot/FreeSpinsSymbol/Boost/Pivot
Game object with animator is inactive
Tests.cs RunFreeSpins currentFreeSpin=9
Tests.cs RunFreeSpins currentFreeSpin=9
Tests.cs RunFreeSpins currentFreeSpin=9
skipSplice=false reelID="Reel1" (Frame=843)
skipSplice=false reelID="Reel2" (Frame=844)
skipSplice=false reelID="Reel3" (Frame=845)
skipSplice=false reelID="Reel4" (Frame=846)
skipSplice=false reelID="Reel5" (Frame=849)
animator animationStateName=winX gameObject=Pivot path=/Game/Machines/Pivot/FreeSpinsMachineParent/Pivot/Game001FreeSpinsMachine(Clone)/Pivot/Bonus Reels/Reels/Pivot/FreeSpinsReel1/Symbol3/Pivot/FreeSpinsSymbol/WinX/Pivot
!activeSelf animator animationStateName=winX gameObject=Pivot path=/Game/Machines/Pivot/FreeSpinsMachineParent/Pivot/Game001FreeSpinsMachine(Clone)/Pivot/Bonus Reels/Reels/Pivot/FreeSpinsReel1/Symbol3/Pivot/FreeSpinsSymbol/WinX/Pivot
Game object with animator is inactive
animator animationStateName=reset gameObject=Pivot path=/Game/Machines/Pivot/FreeSpinsMachineParent/Pivot/Game001FreeSpinsMachine(Clone)/Pivot/Bonus Reels/Reels/Pivot/FreeSpinsReel1/Symbol3/Pivot/FreeSpinsSymbol/WinX/Pivot
!activeSelf animator animationStateName=reset gameObject=Pivot path=/Game/Machines/Pivot/FreeSpinsMachineParent/Pivot/Game001FreeSpinsMachine(Clone)/Pivot/Bonus Reels/Reels/Pivot/FreeSpinsReel1/Symbol3/Pivot/FreeSpinsSymbol/WinX/Pivot
Game object with animator is inactive
animator animationStateName=show gameObject=Pivot path=/Game/Machines/Pivot/FreeSpinsMachineParent/Pivot/Game001FreeSpinsMachine(Clone)/Pivot/Free Spins Bonus Summary Frame/Pivot
animator animationStateName=multiplier_hide gameObject=Pivot path=/Game/Machines/Pivot/FreeSpinsMachineParent/Pivot/Game001FreeSpinsMachine(Clone)/Pivot/Bonus Symbols/Pivot/Column1/Symbols/Pivot/Symbol1/Default/Pivot
animator animationStateName=multiplier_hide gameObject=Pivot path=/Game/Machines/Pivot/FreeSpinsMachineParent/Pivot/Game001FreeSpinsMachine(Clone)/Pivot/Bonus Symbols/Pivot/Column2/Symbols/Pivot/Symbol1/Default/Pivot
animator animationStateName=multiplier_hide gameObject=Pivot path=/Game/Machines/Pivot/FreeSpinsMachineParent/Pivot/Game001FreeSpinsMachine(Clone)/Pivot/Bonus Symbols/Pivot/Column3/Symbols/Pivot/Symbol1/Default/Pivot
animator animationStateName=multiplier_hide gameObject=Pivot path=/Game/Machines/Pivot/FreeSpinsMachineParent/Pivot/Game001FreeSpinsMachine(Clone)/Pivot/Bonus Symbols/Pivot/Column4/Symbols/Pivot/Symbol1/Default/Pivot
animator animationStateName=multiplier_hide gameObject=Pivot path=/Game/Machines/Pivot/FreeSpinsMachineParent/Pivot/Game001FreeSpinsMachine(Clone)/Pivot/Bonus Symbols/Pivot/Column5/Symbols/Pivot/Symbol1/Default/Pivot
animator animationStateName=multiplier_hide gameObject=Pivot path=/Game/Machines/Pivot/FreeSpinsMachineParent/Pivot/Game001FreeSpinsMachine(Clone)/Pivot/Bonus Symbols/Pivot/Column1/Symbols/Pivot/Symbol2/Default/Pivot
animator animationStateName=multiplier_hide gameObject=Pivot path=/Game/Machines/Pivot/FreeSpinsMachineParent/Pivot/Game001FreeSpinsMachine(Clone)/Pivot/Bonus Symbols/Pivot/Column2/Symbols/Pivot/Symbol2/Default/Pivot
animator animationStateName=multiplier_hide gameObject=Pivot path=/Game/Machines/Pivot/FreeSpinsMachineParent/Pivot/Game001FreeSpinsMachine(Clone)/Pivot/Bonus Symbols/Pivot/Column3/Symbols/Pivot/Symbol2/Default/Pivot
animator animationStateName=multiplier_hide gameObject=Pivot path=/Game/Machines/Pivot/FreeSpinsMachineParent/Pivot/Game001FreeSpinsMachine(Clone)/Pivot/Bonus Symbols/Pivot/Column4/Symbols/Pivot/Symbol2/Default/Pivot
animator animationStateName=multiplier_hide gameObject=Pivot path=/Game/Machines/Pivot/FreeSpinsMachineParent/Pivot/Game001FreeSpinsMachine(Clone)/Pivot/Bonus Symbols/Pivot/Column5/Symbols/Pivot/Symbol2/Default/Pivot
animator animationStateName=multiplier_hide gameObject=Pivot path=/Game/Machines/Pivot/FreeSpinsMachineParent/Pivot/Game001FreeSpinsMachine(Clone)/Pivot/Bonus Symbols/Pivot/Column1/Symbols/Pivot/Symbol3/Default/Pivot
animator animationStateName=multiplier_hide gameObject=Pivot path=/Game/Machines/Pivot/FreeSpinsMachineParent/Pivot/Game001FreeSpinsMachine(Clone)/Pivot/Bonus Symbols/Pivot/Column2/Symbols/Pivot/Symbol3/Default/Pivot
animator animationStateName=multiplier_hide gameObject=Pivot path=/Game/Machines/Pivot/FreeSpinsMachineParent/Pivot/Game001FreeSpinsMachine(Clone)/Pivot/Bonus Symbols/Pivot/Column3/Symbols/Pivot/Symbol3/Default/Pivot
animator animationStateName=multiplier_hide gameObject=Pivot path=/Game/Machines/Pivot/FreeSpinsMachineParent/Pivot/Game001FreeSpinsMachine(Clone)/Pivot/Bonus Symbols/Pivot/Column4/Symbols/Pivot/Symbol3/Default/Pivot
animator animationStateName=multiplier_hide gameObject=Pivot path=/Game/Machines/Pivot/FreeSpinsMachineParent/Pivot/Game001FreeSpinsMachine(Clone)/Pivot/Bonus Symbols/Pivot/Column5/Symbols/Pivot/Symbol3/Default/Pivot
animator animationStateName=multiplier_hide gameObject=Pivot path=/Game/Machines/Pivot/FreeSpinsMachineParent/Pivot/Game001FreeSpinsMachine(Clone)/Pivot/Bonus Symbols/Pivot/Column1/Symbols/Pivot/Symbol4/Default/Pivot
animator animationStateName=multiplier_hide gameObject=Pivot path=/Game/Machines/Pivot/FreeSpinsMachineParent/Pivot/Game001FreeSpinsMachine(Clone)/Pivot/Bonus Symbols/Pivot/Column2/Symbols/Pivot/Symbol4/Default/Pivot
animator animationStateName=multiplier_hide gameObject=Pivot path=/Game/Machines/Pivot/FreeSpinsMachineParent/Pivot/Game001FreeSpinsMachine(Clone)/Pivot/Bonus Symbols/Pivot/Column3/Symbols/Pivot/Symbol4/Default/Pivot
animator animationStateName=multiplier_hide gameObject=Pivot path=/Game/Machines/Pivot/FreeSpinsMachineParent/Pivot/Game001FreeSpinsMachine(Clone)/Pivot/Bonus Symbols/Pivot/Column4/Symbols/Pivot/Symbol4/Default/Pivot
animator animationStateName=multiplier_hide gameObject=Pivot path=/Game/Machines/Pivot/FreeSpinsMachineParent/Pivot/Game001FreeSpinsMachine(Clone)/Pivot/Bonus Symbols/Pivot/Column5/Symbols/Pivot/Symbol4/Default/Pivot
animator animationStateName=multiplier_hide gameObject=Pivot path=/Game/Machines/Pivot/FreeSpinsMachineParent/Pivot/Game001FreeSpinsMachine(Clone)/Pivot/Bonus Symbols/Pivot/Column1/Symbols/Pivot/Symbol5/Default/Pivot
animator animationStateName=multiplier_hide gameObject=Pivot path=/Game/Machines/Pivot/FreeSpinsMachineParent/Pivot/Game001FreeSpinsMachine(Clone)/Pivot/Bonus Symbols/Pivot/Column2/Symbols/Pivot/Symbol5/Default/Pivot
animator animationStateName=multiplier_hide gameObject=Pivot path=/Game/Machines/Pivot/FreeSpinsMachineParent/Pivot/Game001FreeSpinsMachine(Clone)/Pivot/Bonus Symbols/Pivot/Column3/Symbols/Pivot/Symbol5/Default/Pivot
animator animationStateName=multiplier_hide gameObject=Pivot path=/Game/Machines/Pivot/FreeSpinsMachineParent/Pivot/Game001FreeSpinsMachine(Clone)/Pivot/Bonus Symbols/Pivot/Column4/Symbols/Pivot/Symbol5/Default/Pivot
animator animationStateName=multiplier_hide gameObject=Pivot path=/Game/Machines/Pivot/FreeSpinsMachineParent/Pivot/Game001FreeSpinsMachine(Clone)/Pivot/Bonus Symbols/Pivot/Column5/Symbols/Pivot/Symbol5/Default/Pivot
animator animationStateName=multiplier_hide gameObject=Pivot path=/Game/Machines/Pivot/FreeSpinsMachineParent/Pivot/Game001FreeSpinsMachine(Clone)/Pivot/Bonus Symbols/Pivot/Column1/Symbols/Pivot/Symbol6/Default/Pivot
animator animationStateName=multiplier_hide gameObject=Pivot path=/Game/Machines/Pivot/FreeSpinsMachineParent/Pivot/Game001FreeSpinsMachine(Clone)/Pivot/Bonus Symbols/Pivot/Column2/Symbols/Pivot/Symbol6/Default/Pivot
animator animationStateName=multiplier_hide gameObject=Pivot path=/Game/Machines/Pivot/FreeSpinsMachineParent/Pivot/Game001FreeSpinsMachine(Clone)/Pivot/Bonus Symbols/Pivot/Column3/Symbols/Pivot/Symbol6/Default/Pivot
animator animationStateName=multiplier_hide gameObject=Pivot path=/Game/Machines/Pivot/FreeSpinsMachineParent/Pivot/Game001FreeSpinsMachine(Clone)/Pivot/Bonus Symbols/Pivot/Column4/Symbols/Pivot/Symbol6/Default/Pivot
animator animationStateName=multiplier_hide gameObject=Pivot path=/Game/Machines/Pivot/FreeSpinsMachineParent/Pivot/Game001FreeSpinsMachine(Clone)/Pivot/Bonus Symbols/Pivot/Column5/Symbols/Pivot/Symbol6/Default/Pivot
animator animationStateName=multiplier_hide gameObject=Pivot path=/Game/Machines/Pivot/FreeSpinsMachineParent/Pivot/Game001FreeSpinsMachine(Clone)/Pivot/Bonus Symbols/Pivot/Column1/Symbols/Pivot/Symbol7/Default/Pivot
animator animationStateName=multiplier_hide gameObject=Pivot path=/Game/Machines/Pivot/FreeSpinsMachineParent/Pivot/Game001FreeSpinsMachine(Clone)/Pivot/Bonus Symbols/Pivot/Column2/Symbols/Pivot/Symbol7/Default/Pivot
animator animationStateName=multiplier_hide gameObject=Pivot path=/Game/Machines/Pivot/FreeSpinsMachineParent/Pivot/Game001FreeSpinsMachine(Clone)/Pivot/Bonus Symbols/Pivot/Column3/Symbols/Pivot/Symbol7/Default/Pivot
animator animationStateName=multiplier_hide gameObject=Pivot path=/Game/Machines/Pivot/FreeSpinsMachineParent/Pivot/Game001FreeSpinsMachine(Clone)/Pivot/Bonus Symbols/Pivot/Column4/Symbols/Pivot/Symbol7/Default/Pivot
animator animationStateName=multiplier_hide gameObject=Pivot path=/Game/Machines/Pivot/FreeSpinsMachineParent/Pivot/Game001FreeSpinsMachine(Clone)/Pivot/Bonus Symbols/Pivot/Column5/Symbols/Pivot/Symbol7/Default/Pivot
animator animationStateName=multiplier_hide gameObject=Pivot path=/Game/Machines/Pivot/FreeSpinsMachineParent/Pivot/Game001FreeSpinsMachine(Clone)/Pivot/Bonus Symbols/Pivot/Column1/Symbols/Pivot/Symbol8/Default/Pivot
animator animationStateName=multiplier_hide gameObject=Pivot path=/Game/Machines/Pivot/FreeSpinsMachineParent/Pivot/Game001FreeSpinsMachine(Clone)/Pivot/Bonus Symbols/Pivot/Column2/Symbols/Pivot/Symbol8/Default/Pivot
animator animationStateName=multiplier_hide gameObject=Pivot path=/Game/Machines/Pivot/FreeSpinsMachineParent/Pivot/Game001FreeSpinsMachine(Clone)/Pivot/Bonus Symbols/Pivot/Column3/Symbols/Pivot/Symbol8/Default/Pivot
animator animationStateName=multiplier_hide gameObject=Pivot path=/Game/Machines/Pivot/FreeSpinsMachineParent/Pivot/Game001FreeSpinsMachine(Clone)/Pivot/Bonus Symbols/Pivot/Column4/Symbols/Pivot/Symbol8/Default/Pivot
animator animationStateName=multiplier_hide gameObject=Pivot path=/Game/Machines/Pivot/FreeSpinsMachineParent/Pivot/Game001FreeSpinsMachine(Clone)/Pivot/Bonus Symbols/Pivot/Column5/Symbols/Pivot/Symbol8/Default/Pivot
animator animationStateName=reset gameObject=Pivot path=/Game/Machines/Pivot/FreeSpinsMachineParent/Pivot/Game001FreeSpinsMachine(Clone)/Pivot/Free Spins Bonus Summary Frame/Pivot
animator animationStateName=slide_in gameObject=Pivot path=/Game/ReelOverlays/Pivot/FreeSpinsTriggerOverlayParent/Pivot
animator animationStateName=hide gameObject=Pivot path=/Game/Backgrounds/Pivot/FreeSpinsBackgroundParent/Pivot/Game001FreeSpinsBackground(Clone)/Pivot
animator animationStateName=show gameObject=Pivot path=/Game/Backgrounds/Pivot/BaseGameBackgroundParent/Pivot/Game001BaseGameBackground(Clone)/Pivot
animator animationStateName=slide_out gameObject=Pivot path=/Game/ReelOverlays/Pivot/FreeSpinsTriggerOverlayParent/Pivot
animator animationStateName=free_spins_trigger_fade_out gameObject=Pivot path=/Game/Machines/Pivot/BaseGameMachineParent/Pivot/Game001BaseGameMachine(Clone)/Pivot
Game001BaseGameMachine OnPointerClick tile id="Game001BaseGameMachine" (Frame=1018)
scriptName=Game001Outcome000000003 loaded successfully at frame=1024
animator animationStateName=freespinstrigger gameObject=Pivot path=/Game/Backgrounds/Pivot/BaseGameBackgroundParent/Pivot/Game001BaseGameBackground(Clone)/Pivot
animator animationStateName=free_spins_trigger_fade_in gameObject=Pivot path=/Game/Machines/Pivot/BaseGameMachineParent/Pivot/Game001BaseGameMachine(Clone)/Pivot
animator animationStateName=slide_in gameObject=Pivot path=/Game/ReelOverlays/Pivot/FreeSpinsTriggerOverlayParent/Pivot
animator animationStateName=hide gameObject=Pivot path=/Game/Backgrounds/Pivot/BaseGameBackgroundParent/Pivot/Game001BaseGameBackground(Clone)/Pivot
animator animationStateName=slide_out gameObject=Pivot path=/Game/ReelOverlays/Pivot/FreeSpinsTriggerOverlayParent/Pivot
animator animationStateName=start gameObject=Pivot path=/Game/Backgrounds/Pivot/FreeSpinsBackgroundParent/Pivot/Game001FreeSpinsBackground(Clone)/Pivot
animator animationStateName=overlay_fade_in gameObject=Pivot path=/Game/Machines/Pivot/FreeSpinsMachineParent/Pivot/Game001FreeSpinsMachine(Clone)/Pivot
animator animationStateName=start gameObject=Pivot path=/Game/Machines/Pivot/FreeSpinsMachineParent/Pivot/Game001FreeSpinsMachine(Clone)/Pivot/Bonus Symbols Background/Pivot
animator animationStateName=hide gameObject=Pivot path=/Game/Machines/Pivot/FreeSpinsMachineParent/Pivot/Game001FreeSpinsMachine(Clone)/Pivot/Bonus Symbols Background/Pivot
animator animationStateName=overlay_fade_out gameObject=Pivot path=/Game/Machines/Pivot/FreeSpinsMachineParent/Pivot/Game001FreeSpinsMachine(Clone)/Pivot
animator animationStateName=spin_button_fade_in gameObject=Pivot path=/Game/Machines/Pivot/FreeSpinsMachineParent/Pivot/Game001FreeSpinsMachine(Clone)/Pivot
Game001FreeSpinsMachine OnPointerClick tile id="Game001FreeSpinsMachine" param="spin" (Frame=1212)
animator animationStateName=spin_button_fade_out gameObject=Pivot path=/Game/Machines/Pivot/FreeSpinsMachineParent/Pivot/Game001FreeSpinsMachine(Clone)/Pivot
Game001FreeSpinsReel StartEngines tile id="Game001FreeSpinsReel1" (Frame=1218)
Game001FreeSpinsReel StartEngines tile id="Game001FreeSpinsReel2" (Frame=1218)
Game001FreeSpinsReel StartEngines tile id="Game001FreeSpinsReel3" (Frame=1218)
Game001FreeSpinsReel StartEngines tile id="Game001FreeSpinsReel4" (Frame=1218)
Game001FreeSpinsReel StartEngines tile id="Game001FreeSpinsReel5" (Frame=1218)
skipSplice=false reelID="Reel1" (Frame=1224)
skipSplice=false reelID="Reel2" (Frame=1225)
skipSplice=false reelID="Reel3" (Frame=1226)
skipSplice=false reelID="Reel4" (Frame=1227)
skipSplice=false reelID="Reel5" (Frame=1230)
Tests.cs RunFreeSpins currentFreeSpin=1
Tests.cs RunFreeSpins currentFreeSpin=1
animator animationStateName=winX gameObject=Pivot path=/Game/Machines/Pivot/FreeSpinsMachineParent/Pivot/Game001FreeSpinsMachine(Clone)/Pivot/Bonus Reels/Reels/Pivot/FreeSpinsReel2/Symbol4/Pivot/FreeSpinsSymbol/WinX/Pivot
!activeSelf animator animationStateName=winX gameObject=Pivot path=/Game/Machines/Pivot/FreeSpinsMachineParent/Pivot/Game001FreeSpinsMachine(Clone)/Pivot/Bonus Reels/Reels/Pivot/FreeSpinsReel2/Symbol4/Pivot/FreeSpinsSymbol/WinX/Pivot
Game object with animator is inactive
Tests.cs RunFreeSpins currentFreeSpin=1
animator animationStateName=boost gameObject=Pivot path=/Game/Machines/Pivot/FreeSpinsMachineParent/Pivot/Game001FreeSpinsMachine(Clone)/Pivot/Bonus Reels/Reels/Pivot/FreeSpinsReel4/Symbol3/Pivot/FreeSpinsSymbol/Boost/Pivot
animator animationStateName=boost gameObject=Pivot path=/Game/Machines/Pivot/FreeSpinsMachineParent/Pivot/Game001FreeSpinsMachine(Clone)/Pivot/Bonus Reels/Reels/Pivot/FreeSpinsReel4/Symbol4/Pivot/FreeSpinsSymbol/Boost/Pivot
Tests.cs RunFreeSpins currentFreeSpin=1
animator animationStateName=boost gameObject=Pivot path=/Game/Machines/Pivot/FreeSpinsMachineParent/Pivot/Game001FreeSpinsMachine(Clone)/Pivot/Bonus Reels/Reels/Pivot/FreeSpinsReel4/Symbol5/Pivot/FreeSpinsSymbol/Boost/Pivot
Tests.cs RunFreeSpins currentFreeSpin=1
Tests.cs RunFreeSpins currentFreeSpin=1
Tests.cs RunFreeSpins currentFreeSpin=1
Tests.cs RunFreeSpins currentFreeSpin=1
Tests.cs RunFreeSpins currentFreeSpin=1
Tests.cs RunFreeSpins currentFreeSpin=1
animator animationStateName=reset gameObject=Pivot path=/Game/Machines/Pivot/FreeSpinsMachineParent/Pivot/Game001FreeSpinsMachine(Clone)/Pivot/Bonus Reels/Reels/Pivot/FreeSpinsReel2/Symbol4/Pivot/FreeSpinsSymbol/WinX/Pivot
!activeSelf animator animationStateName=reset gameObject=Pivot path=/Game/Machines/Pivot/FreeSpinsMachineParent/Pivot/Game001FreeSpinsMachine(Clone)/Pivot/Bonus Reels/Reels/Pivot/FreeSpinsReel2/Symbol4/Pivot/FreeSpinsSymbol/WinX/Pivot
Game object with animator is inactive
Tests.cs RunFreeSpins currentFreeSpin=1
animator animationStateName=reset gameObject=Pivot path=/Game/Machines/Pivot/FreeSpinsMachineParent/Pivot/Game001FreeSpinsMachine(Clone)/Pivot/Bonus Reels/Reels/Pivot/FreeSpinsReel4/Symbol3/Pivot/FreeSpinsSymbol/Boost/Pivot
animator animationStateName=reset gameObject=Pivot path=/Game/Machines/Pivot/FreeSpinsMachineParent/Pivot/Game001FreeSpinsMachine(Clone)/Pivot/Bonus Reels/Reels/Pivot/FreeSpinsReel4/Symbol4/Pivot/FreeSpinsSymbol/Boost/Pivot
Tests.cs RunFreeSpins currentFreeSpin=1
animator animationStateName=reset gameObject=Pivot path=/Game/Machines/Pivot/FreeSpinsMachineParent/Pivot/Game001FreeSpinsMachine(Clone)/Pivot/Bonus Reels/Reels/Pivot/FreeSpinsReel4/Symbol5/Pivot/FreeSpinsSymbol/Boost/Pivot
Tests.cs RunFreeSpins currentFreeSpin=1
animator animationStateName=win gameObject=Pivot path=/Game/Machines/Pivot/FreeSpinsMachineParent/Pivot/Game001FreeSpinsMachine(Clone)/Pivot/Bonus Reels/Reels/Pivot/FreeSpinsReel1/Symbol4/Pivot/FreeSpinsSymbol/F9/Pivot
animator animationStateName=win gameObject=Pivot path=/Game/Machines/Pivot/FreeSpinsMachineParent/Pivot/Game001FreeSpinsMachine(Clone)/Pivot/Bonus Reels/Reels/Pivot/FreeSpinsReel2/Symbol5/Pivot/FreeSpinsSymbol/WinX/Pivot
animator animationStateName=win gameObject=Pivot path=/Game/Machines/Pivot/FreeSpinsMachineParent/Pivot/Game001FreeSpinsMachine(Clone)/Pivot/Bonus Reels/Reels/Pivot/FreeSpinsReel3/Symbol4/Pivot/FreeSpinsSymbol/F6/Pivot
Tests.cs RunFreeSpins currentFreeSpin=1
Tests.cs RunFreeSpins currentFreeSpin=1
Tests.cs RunFreeSpins currentFreeSpin=1
Tests.cs RunFreeSpins currentFreeSpin=1
Tests.cs RunFreeSpins currentFreeSpin=2
skipSplice=false reelID="Reel1" (Frame=1296)
skipSplice=false reelID="Reel2" (Frame=1297)
Tests.cs RunFreeSpins currentFreeSpin=2
skipSplice=false reelID="Reel3" (Frame=1298)
skipSplice=false reelID="Reel4" (Frame=1300)
Tests.cs RunFreeSpins currentFreeSpin=2
skipSplice=false reelID="Reel5" (Frame=1302)
Tests.cs RunFreeSpins currentFreeSpin=2
animator animationStateName=boost gameObject=Pivot path=/Game/Machines/Pivot/FreeSpinsMachineParent/Pivot/Game001FreeSpinsMachine(Clone)/Pivot/Bonus Reels/Reels/Pivot/FreeSpinsReel4/Symbol5/Pivot/FreeSpinsSymbol/Boost/Pivot
!activeSelf animator animationStateName=boost gameObject=Pivot path=/Game/Machines/Pivot/FreeSpinsMachineParent/Pivot/Game001FreeSpinsMachine(Clone)/Pivot/Bonus Reels/Reels/Pivot/FreeSpinsReel4/Symbol5/Pivot/FreeSpinsSymbol/Boost/Pivot
Game object with animator is inactive
Tests.cs RunFreeSpins currentFreeSpin=2
animator animationStateName=winX gameObject=Pivot path=/Game/Machines/Pivot/FreeSpinsMachineParent/Pivot/Game001FreeSpinsMachine(Clone)/Pivot/Bonus Reels/Reels/Pivot/FreeSpinsReel5/Symbol5/Pivot/FreeSpinsSymbol/WinX/Pivot
!activeSelf animator animationStateName=winX gameObject=Pivot path=/Game/Machines/Pivot/FreeSpinsMachineParent/Pivot/Game001FreeSpinsMachine(Clone)/Pivot/Bonus Reels/Reels/Pivot/FreeSpinsReel5/Symbol5/Pivot/FreeSpinsSymbol/WinX/Pivot
Game object with animator is inactive
Tests.cs RunFreeSpins currentFreeSpin=2
Tests.cs RunFreeSpins currentFreeSpin=2
Tests.cs RunFreeSpins currentFreeSpin=2
Tests.cs RunFreeSpins currentFreeSpin=2
animator animationStateName=multiplier gameObject=Pivot path=/Game/Machines/Pivot/FreeSpinsMachineParent/Pivot/Game001FreeSpinsMachine(Clone)/Pivot/Bonus Symbols/Pivot/Column5/Symbols/Pivot/Symbol8/Default/Pivot
animator animationStateName=reset gameObject=Pivot path=/Game/Machines/Pivot/FreeSpinsMachineParent/Pivot/Game001FreeSpinsMachine(Clone)/Pivot/Bonus Reels/Reels/Pivot/FreeSpinsReel4/Symbol5/Pivot/FreeSpinsSymbol/Boost/Pivot
!activeSelf animator animationStateName=reset gameObject=Pivot path=/Game/Machines/Pivot/FreeSpinsMachineParent/Pivot/Game001FreeSpinsMachine(Clone)/Pivot/Bonus Reels/Reels/Pivot/FreeSpinsReel4/Symbol5/Pivot/FreeSpinsSymbol/Boost/Pivot
Game object with animator is inactive
Tests.cs RunFreeSpins currentFreeSpin=2
animator animationStateName=reset gameObject=Pivot path=/Game/Machines/Pivot/FreeSpinsMachineParent/Pivot/Game001FreeSpinsMachine(Clone)/Pivot/Bonus Reels/Reels/Pivot/FreeSpinsReel5/Symbol5/Pivot/FreeSpinsSymbol/WinX/Pivot
!activeSelf animator animationStateName=reset gameObject=Pivot path=/Game/Machines/Pivot/FreeSpinsMachineParent/Pivot/Game001FreeSpinsMachine(Clone)/Pivot/Bonus Reels/Reels/Pivot/FreeSpinsReel5/Symbol5/Pivot/FreeSpinsSymbol/WinX/Pivot
Game object with animator is inactive
Tests.cs RunFreeSpins currentFreeSpin=2
Tests.cs RunFreeSpins currentFreeSpin=2
Tests.cs RunFreeSpins currentFreeSpin=3
Tests.cs RunFreeSpins currentFreeSpin=3
skipSplice=false reelID="Reel1" (Frame=1343)
skipSplice=false reelID="Reel2" (Frame=1344)
skipSplice=false reelID="Reel3" (Frame=1345)
Tests.cs RunFreeSpins currentFreeSpin=3
skipSplice=false reelID="Reel4" (Frame=1347)
Tests.cs RunFreeSpins currentFreeSpin=3
skipSplice=false reelID="Reel5" (Frame=1349)
Tests.cs RunFreeSpins currentFreeSpin=3
Tests.cs RunFreeSpins currentFreeSpin=3
animator animationStateName=show gameObject=Pivot path=/Game/Machines/Pivot/FreeSpinsMachineParent/Pivot/Game001FreeSpinsMachine(Clone)/Pivot/Bonus Symbols Free Spins Added Frame/Pivot
Tests.cs RunFreeSpins currentFreeSpin=3
Tests.cs RunFreeSpins currentFreeSpin=3
Tests.cs RunFreeSpins currentFreeSpin=3
Tests.cs RunFreeSpins currentFreeSpin=4
Tests.cs RunFreeSpins currentFreeSpin=4
skipSplice=false reelID="Reel1" (Frame=1375)
skipSplice=false reelID="Reel2" (Frame=1376)
Tests.cs RunFreeSpins currentFreeSpin=4
skipSplice=false reelID="Reel3" (Frame=1377)
skipSplice=true reelID="Reel4" (Frame=1379)
Tests.cs RunFreeSpins currentFreeSpin=4
skipSplice=false reelID="Reel5" (Frame=1381)
Tests.cs RunFreeSpins currentFreeSpin=4
Tests.cs RunFreeSpins currentFreeSpin=4
animator animationStateName=boostALL gameObject=Pivot path=/Game/Machines/Pivot/FreeSpinsMachineParent/Pivot/Game001FreeSpinsMachine(Clone)/Pivot/Bonus Reels/Reels/Pivot/FreeSpinsReel2/Symbol3/Pivot/FreeSpinsSymbol/BoostALL/Pivot
!activeSelf animator animationStateName=boostALL gameObject=Pivot path=/Game/Machines/Pivot/FreeSpinsMachineParent/Pivot/Game001FreeSpinsMachine(Clone)/Pivot/Bonus Reels/Reels/Pivot/FreeSpinsReel2/Symbol3/Pivot/FreeSpinsSymbol/BoostALL/Pivot
Game object with animator is inactive
Tests.cs RunFreeSpins currentFreeSpin=4
Tests.cs RunFreeSpins currentFreeSpin=4
animator animationStateName=reset gameObject=Pivot path=/Game/Machines/Pivot/FreeSpinsMachineParent/Pivot/Game001FreeSpinsMachine(Clone)/Pivot/Bonus Reels/Reels/Pivot/FreeSpinsReel2/Symbol3/Pivot/FreeSpinsSymbol/BoostALL/Pivot
!activeSelf animator animationStateName=reset gameObject=Pivot path=/Game/Machines/Pivot/FreeSpinsMachineParent/Pivot/Game001FreeSpinsMachine(Clone)/Pivot/Bonus Reels/Reels/Pivot/FreeSpinsReel2/Symbol3/Pivot/FreeSpinsSymbol/BoostALL/Pivot
Game object with animator is inactive
Tests.cs RunFreeSpins currentFreeSpin=4
Tests.cs RunFreeSpins currentFreeSpin=4
Tests.cs RunFreeSpins currentFreeSpin=5
Tests.cs RunFreeSpins currentFreeSpin=5
skipSplice=false reelID="Reel1" (Frame=1409)
skipSplice=false reelID="Reel2" (Frame=1410)
skipSplice=false reelID="Reel3" (Frame=1411)
Tests.cs RunFreeSpins currentFreeSpin=5
skipSplice=false reelID="Reel4" (Frame=1412)
skipSplice=false reelID="Reel5" (Frame=1415)
Tests.cs RunFreeSpins currentFreeSpin=5
Tests.cs RunFreeSpins currentFreeSpin=5
animator animationStateName=boost gameObject=Pivot path=/Game/Machines/Pivot/FreeSpinsMachineParent/Pivot/Game001FreeSpinsMachine(Clone)/Pivot/Bonus Reels/Reels/Pivot/FreeSpinsReel5/Symbol4/Pivot/FreeSpinsSymbol/Boost/Pivot
!activeSelf animator animationStateName=boost gameObject=Pivot path=/Game/Machines/Pivot/FreeSpinsMachineParent/Pivot/Game001FreeSpinsMachine(Clone)/Pivot/Bonus Reels/Reels/Pivot/FreeSpinsReel5/Symbol4/Pivot/FreeSpinsSymbol/Boost/Pivot
Game object with animator is inactive
Tests.cs RunFreeSpins currentFreeSpin=5
animator animationStateName=boost gameObject=Pivot path=/Game/Machines/Pivot/FreeSpinsMachineParent/Pivot/Game001FreeSpinsMachine(Clone)/Pivot/Bonus Reels/Reels/Pivot/FreeSpinsReel5/Symbol5/Pivot/FreeSpinsSymbol/Boost/Pivot
Tests.cs RunFreeSpins currentFreeSpin=5
Tests.cs RunFreeSpins currentFreeSpin=5
animator animationStateName=reset gameObject=Pivot path=/Game/Machines/Pivot/FreeSpinsMachineParent/Pivot/Game001FreeSpinsMachine(Clone)/Pivot/Bonus Reels/Reels/Pivot/FreeSpinsReel5/Symbol4/Pivot/FreeSpinsSymbol/Boost/Pivot
!activeSelf animator animationStateName=reset gameObject=Pivot path=/Game/Machines/Pivot/FreeSpinsMachineParent/Pivot/Game001FreeSpinsMachine(Clone)/Pivot/Bonus Reels/Reels/Pivot/FreeSpinsReel5/Symbol4/Pivot/FreeSpinsSymbol/Boost/Pivot
Game object with animator is inactive
Tests.cs RunFreeSpins currentFreeSpin=5
animator animationStateName=reset gameObject=Pivot path=/Game/Machines/Pivot/FreeSpinsMachineParent/Pivot/Game001FreeSpinsMachine(Clone)/Pivot/Bonus Reels/Reels/Pivot/FreeSpinsReel5/Symbol5/Pivot/FreeSpinsSymbol/Boost/Pivot
Tests.cs RunFreeSpins currentFreeSpin=5
animator animationStateName=win gameObject=Pivot path=/Game/Machines/Pivot/FreeSpinsMachineParent/Pivot/Game001FreeSpinsMachine(Clone)/Pivot/Bonus Reels/Reels/Pivot/FreeSpinsReel1/Symbol4/Pivot/FreeSpinsSymbol/F6/Pivot
animator animationStateName=win gameObject=Pivot path=/Game/Machines/Pivot/FreeSpinsMachineParent/Pivot/Game001FreeSpinsMachine(Clone)/Pivot/Bonus Reels/Reels/Pivot/FreeSpinsReel2/Symbol3/Pivot/FreeSpinsSymbol/M1/Pivot
animator animationStateName=win gameObject=Pivot path=/Game/Machines/Pivot/FreeSpinsMachineParent/Pivot/Game001FreeSpinsMachine(Clone)/Pivot/Bonus Reels/Reels/Pivot/FreeSpinsReel3/Symbol4/Pivot/FreeSpinsSymbol/F7/Pivot
animator animationStateName=win gameObject=Pivot path=/Game/Machines/Pivot/FreeSpinsMachineParent/Pivot/Game001FreeSpinsMachine(Clone)/Pivot/Bonus Reels/Reels/Pivot/FreeSpinsReel3/Symbol5/Pivot/FreeSpinsSymbol/F5/Pivot
Tests.cs RunFreeSpins currentFreeSpin=5
Tests.cs RunFreeSpins currentFreeSpin=5
animator animationStateName=win gameObject=Pivot path=/Game/Machines/Pivot/FreeSpinsMachineParent/Pivot/Game001FreeSpinsMachine(Clone)/Pivot/Bonus Reels/Reels/Pivot/FreeSpinsReel1/Symbol3/Pivot/FreeSpinsSymbol/M2/Pivot
animator animationStateName=win gameObject=Pivot path=/Game/Machines/Pivot/FreeSpinsMachineParent/Pivot/Game001FreeSpinsMachine(Clone)/Pivot/Bonus Reels/Reels/Pivot/FreeSpinsReel2/Symbol3/Pivot/FreeSpinsSymbol/M1/Pivot
animator animationStateName=win gameObject=Pivot path=/Game/Machines/Pivot/FreeSpinsMachineParent/Pivot/Game001FreeSpinsMachine(Clone)/Pivot/Bonus Reels/Reels/Pivot/FreeSpinsReel3/Symbol5/Pivot/FreeSpinsSymbol/F5/Pivot
Tests.cs RunFreeSpins currentFreeSpin=5
Tests.cs RunFreeSpins currentFreeSpin=5
animator animationStateName=win gameObject=Pivot path=/Game/Machines/Pivot/FreeSpinsMachineParent/Pivot/Game001FreeSpinsMachine(Clone)/Pivot/Bonus Reels/Reels/Pivot/FreeSpinsReel1/Symbol5/Pivot/FreeSpinsSymbol/F5/Pivot
animator animationStateName=win gameObject=Pivot path=/Game/Machines/Pivot/FreeSpinsMachineParent/Pivot/Game001FreeSpinsMachine(Clone)/Pivot/Bonus Reels/Reels/Pivot/FreeSpinsReel2/Symbol3/Pivot/FreeSpinsSymbol/M1/Pivot
animator animationStateName=win gameObject=Pivot path=/Game/Machines/Pivot/FreeSpinsMachineParent/Pivot/Game001FreeSpinsMachine(Clone)/Pivot/Bonus Reels/Reels/Pivot/FreeSpinsReel2/Symbol5/Pivot/FreeSpinsSymbol/F8/Pivot
Tests.cs RunFreeSpins currentFreeSpin=5
Tests.cs RunFreeSpins currentFreeSpin=5
Tests.cs RunFreeSpins currentFreeSpin=5
Tests.cs RunFreeSpins currentFreeSpin=5
Tests.cs RunFreeSpins currentFreeSpin=6
skipSplice=false reelID="Reel1" (Frame=1473)
skipSplice=false reelID="Reel2" (Frame=1474)
Tests.cs RunFreeSpins currentFreeSpin=6
skipSplice=false reelID="Reel3" (Frame=1475)
skipSplice=false reelID="Reel4" (Frame=1477)
Tests.cs RunFreeSpins currentFreeSpin=6
skipSplice=false reelID="Reel5" (Frame=1479)
Tests.cs RunFreeSpins currentFreeSpin=6
Tests.cs RunFreeSpins currentFreeSpin=6
animator animationStateName=winX gameObject=Pivot path=/Game/Machines/Pivot/FreeSpinsMachineParent/Pivot/Game001FreeSpinsMachine(Clone)/Pivot/Bonus Reels/Reels/Pivot/FreeSpinsReel1/Symbol3/Pivot/FreeSpinsSymbol/WinX/Pivot
!activeSelf animator animationStateName=winX gameObject=Pivot path=/Game/Machines/Pivot/FreeSpinsMachineParent/Pivot/Game001FreeSpinsMachine(Clone)/Pivot/Bonus Reels/Reels/Pivot/FreeSpinsReel1/Symbol3/Pivot/FreeSpinsSymbol/WinX/Pivot
Game object with animator is inactive
animator animationStateName=winX gameObject=Pivot path=/Game/Machines/Pivot/FreeSpinsMachineParent/Pivot/Game001FreeSpinsMachine(Clone)/Pivot/Bonus Reels/Reels/Pivot/FreeSpinsReel5/Symbol5/Pivot/FreeSpinsSymbol/WinX/Pivot
!activeSelf animator animationStateName=winX gameObject=Pivot path=/Game/Machines/Pivot/FreeSpinsMachineParent/Pivot/Game001FreeSpinsMachine(Clone)/Pivot/Bonus Reels/Reels/Pivot/FreeSpinsReel5/Symbol5/Pivot/FreeSpinsSymbol/WinX/Pivot
Game object with animator is inactive
Tests.cs RunFreeSpins currentFreeSpin=6
Tests.cs RunFreeSpins currentFreeSpin=6
Tests.cs RunFreeSpins currentFreeSpin=6
Tests.cs RunFreeSpins currentFreeSpin=6
Tests.cs RunFreeSpins currentFreeSpin=6
animator animationStateName=reset gameObject=Pivot path=/Game/Machines/Pivot/FreeSpinsMachineParent/Pivot/Game001FreeSpinsMachine(Clone)/Pivot/Bonus Reels/Reels/Pivot/FreeSpinsReel1/Symbol3/Pivot/FreeSpinsSymbol/WinX/Pivot
!activeSelf animator animationStateName=reset gameObject=Pivot path=/Game/Machines/Pivot/FreeSpinsMachineParent/Pivot/Game001FreeSpinsMachine(Clone)/Pivot/Bonus Reels/Reels/Pivot/FreeSpinsReel1/Symbol3/Pivot/FreeSpinsSymbol/WinX/Pivot
Game object with animator is inactive
Tests.cs RunFreeSpins currentFreeSpin=6
animator animationStateName=reset gameObject=Pivot path=/Game/Machines/Pivot/FreeSpinsMachineParent/Pivot/Game001FreeSpinsMachine(Clone)/Pivot/Bonus Reels/Reels/Pivot/FreeSpinsReel5/Symbol5/Pivot/FreeSpinsSymbol/WinX/Pivot
!activeSelf animator animationStateName=reset gameObject=Pivot path=/Game/Machines/Pivot/FreeSpinsMachineParent/Pivot/Game001FreeSpinsMachine(Clone)/Pivot/Bonus Reels/Reels/Pivot/FreeSpinsReel5/Symbol5/Pivot/FreeSpinsSymbol/WinX/Pivot
Game object with animator is inactive
Tests.cs RunFreeSpins currentFreeSpin=6
animator animationStateName=win gameObject=Pivot path=/Game/Machines/Pivot/FreeSpinsMachineParent/Pivot/Game001FreeSpinsMachine(Clone)/Pivot/Bonus Reels/Reels/Pivot/FreeSpinsReel1/Symbol4/Pivot/FreeSpinsSymbol/WinX/Pivot
animator animationStateName=win gameObject=Pivot path=/Game/Machines/Pivot/FreeSpinsMachineParent/Pivot/Game001FreeSpinsMachine(Clone)/Pivot/Bonus Reels/Reels/Pivot/FreeSpinsReel2/Symbol5/Pivot/FreeSpinsSymbol/M1/Pivot
animator animationStateName=win gameObject=Pivot path=/Game/Machines/Pivot/FreeSpinsMachineParent/Pivot/Game001FreeSpinsMachine(Clone)/Pivot/Bonus Reels/Reels/Pivot/FreeSpinsReel3/Symbol3/Pivot/FreeSpinsSymbol/F7/Pivot
Tests.cs RunFreeSpins currentFreeSpin=6
Tests.cs RunFreeSpins currentFreeSpin=6
animator animationStateName=win gameObject=Pivot path=/Game/Machines/Pivot/FreeSpinsMachineParent/Pivot/Game001FreeSpinsMachine(Clone)/Pivot/Bonus Reels/Reels/Pivot/FreeSpinsReel1/Symbol5/Pivot/FreeSpinsSymbol/M4/Pivot
animator animationStateName=win gameObject=Pivot path=/Game/Machines/Pivot/FreeSpinsMachineParent/Pivot/Game001FreeSpinsMachine(Clone)/Pivot/Bonus Reels/Reels/Pivot/FreeSpinsReel2/Symbol5/Pivot/FreeSpinsSymbol/M1/Pivot
animator animationStateName=win gameObject=Pivot path=/Game/Machines/Pivot/FreeSpinsMachineParent/Pivot/Game001FreeSpinsMachine(Clone)/Pivot/Bonus Reels/Reels/Pivot/FreeSpinsReel3/Symbol3/Pivot/FreeSpinsSymbol/F7/Pivot
Tests.cs RunFreeSpins currentFreeSpin=6
Tests.cs RunFreeSpins currentFreeSpin=6
Tests.cs RunFreeSpins currentFreeSpin=6
Tests.cs RunFreeSpins currentFreeSpin=6
Tests.cs RunFreeSpins currentFreeSpin=7
skipSplice=false reelID="Reel1" (Frame=1538)
Tests.cs RunFreeSpins currentFreeSpin=7
skipSplice=false reelID="Reel2" (Frame=1539)
skipSplice=false reelID="Reel3" (Frame=1540)
Tests.cs RunFreeSpins currentFreeSpin=7
skipSplice=false reelID="Reel4" (Frame=1542)
skipSplice=false reelID="Reel5" (Frame=1544)
Tests.cs RunFreeSpins currentFreeSpin=7
Tests.cs RunFreeSpins currentFreeSpin=7
animator animationStateName=winX gameObject=Pivot path=/Game/Machines/Pivot/FreeSpinsMachineParent/Pivot/Game001FreeSpinsMachine(Clone)/Pivot/Bonus Reels/Reels/Pivot/FreeSpinsReel3/Symbol3/Pivot/FreeSpinsSymbol/WinX/Pivot
!activeSelf animator animationStateName=winX gameObject=Pivot path=/Game/Machines/Pivot/FreeSpinsMachineParent/Pivot/Game001FreeSpinsMachine(Clone)/Pivot/Bonus Reels/Reels/Pivot/FreeSpinsReel3/Symbol3/Pivot/FreeSpinsSymbol/WinX/Pivot
Game object with animator is inactive
Tests.cs RunFreeSpins currentFreeSpin=7
Tests.cs RunFreeSpins currentFreeSpin=7
Tests.cs RunFreeSpins currentFreeSpin=7
animator animationStateName=multiplier gameObject=Pivot path=/Game/Machines/Pivot/FreeSpinsMachineParent/Pivot/Game001FreeSpinsMachine(Clone)/Pivot/Bonus Symbols/Pivot/Column3/Symbols/Pivot/Symbol7/Default/Pivot
animator animationStateName=reset gameObject=Pivot path=/Game/Machines/Pivot/FreeSpinsMachineParent/Pivot/Game001FreeSpinsMachine(Clone)/Pivot/Bonus Reels/Reels/Pivot/FreeSpinsReel3/Symbol3/Pivot/FreeSpinsSymbol/WinX/Pivot
!activeSelf animator animationStateName=reset gameObject=Pivot path=/Game/Machines/Pivot/FreeSpinsMachineParent/Pivot/Game001FreeSpinsMachine(Clone)/Pivot/Bonus Reels/Reels/Pivot/FreeSpinsReel3/Symbol3/Pivot/FreeSpinsSymbol/WinX/Pivot
Game object with animator is inactive
Tests.cs RunFreeSpins currentFreeSpin=7
Tests.cs RunFreeSpins currentFreeSpin=7
Tests.cs RunFreeSpins currentFreeSpin=7
Tests.cs RunFreeSpins currentFreeSpin=8
skipSplice=false reelID="Reel1" (Frame=1576)
skipSplice=false reelID="Reel2" (Frame=1577)
Tests.cs RunFreeSpins currentFreeSpin=8
skipSplice=false reelID="Reel3" (Frame=1578)
skipSplice=false reelID="Reel4" (Frame=1579)
Tests.cs RunFreeSpins currentFreeSpin=8
skipSplice=false reelID="Reel5" (Frame=1582)
Tests.cs RunFreeSpins currentFreeSpin=8
Tests.cs RunFreeSpins currentFreeSpin=8
animator animationStateName=boost gameObject=Pivot path=/Game/Machines/Pivot/FreeSpinsMachineParent/Pivot/Game001FreeSpinsMachine(Clone)/Pivot/Bonus Reels/Reels/Pivot/FreeSpinsReel2/Symbol3/Pivot/FreeSpinsSymbol/Boost/Pivot
!activeSelf animator animationStateName=boost gameObject=Pivot path=/Game/Machines/Pivot/FreeSpinsMachineParent/Pivot/Game001FreeSpinsMachine(Clone)/Pivot/Bonus Reels/Reels/Pivot/FreeSpinsReel2/Symbol3/Pivot/FreeSpinsSymbol/Boost/Pivot
Game object with animator is inactive
Tests.cs RunFreeSpins currentFreeSpin=8
animator animationStateName=boost gameObject=Pivot path=/Game/Machines/Pivot/FreeSpinsMachineParent/Pivot/Game001FreeSpinsMachine(Clone)/Pivot/Bonus Reels/Reels/Pivot/FreeSpinsReel4/Symbol5/Pivot/FreeSpinsSymbol/Boost/Pivot
!activeSelf animator animationStateName=boost gameObject=Pivot path=/Game/Machines/Pivot/FreeSpinsMachineParent/Pivot/Game001FreeSpinsMachine(Clone)/Pivot/Bonus Reels/Reels/Pivot/FreeSpinsReel4/Symbol5/Pivot/FreeSpinsSymbol/Boost/Pivot
Game object with animator is inactive
Tests.cs RunFreeSpins currentFreeSpin=8
Tests.cs RunFreeSpins currentFreeSpin=8
Tests.cs RunFreeSpins currentFreeSpin=8
animator animationStateName=reset gameObject=Pivot path=/Game/Machines/Pivot/FreeSpinsMachineParent/Pivot/Game001FreeSpinsMachine(Clone)/Pivot/Bonus Reels/Reels/Pivot/FreeSpinsReel2/Symbol3/Pivot/FreeSpinsSymbol/Boost/Pivot
!activeSelf animator animationStateName=reset gameObject=Pivot path=/Game/Machines/Pivot/FreeSpinsMachineParent/Pivot/Game001FreeSpinsMachine(Clone)/Pivot/Bonus Reels/Reels/Pivot/FreeSpinsReel2/Symbol3/Pivot/FreeSpinsSymbol/Boost/Pivot
Game object with animator is inactive
animator animationStateName=reset gameObject=Pivot path=/Game/Machines/Pivot/FreeSpinsMachineParent/Pivot/Game001FreeSpinsMachine(Clone)/Pivot/Bonus Reels/Reels/Pivot/FreeSpinsReel4/Symbol5/Pivot/FreeSpinsSymbol/Boost/Pivot
!activeSelf animator animationStateName=reset gameObject=Pivot path=/Game/Machines/Pivot/FreeSpinsMachineParent/Pivot/Game001FreeSpinsMachine(Clone)/Pivot/Bonus Reels/Reels/Pivot/FreeSpinsReel4/Symbol5/Pivot/FreeSpinsSymbol/Boost/Pivot
Game object with animator is inactive
Tests.cs RunFreeSpins currentFreeSpin=8
Tests.cs RunFreeSpins currentFreeSpin=8
Tests.cs RunFreeSpins currentFreeSpin=8
Tests.cs RunFreeSpins currentFreeSpin=9
skipSplice=false reelID="Reel1" (Frame=1619)
Tests.cs RunFreeSpins currentFreeSpin=9
skipSplice=false reelID="Reel2" (Frame=1620)
skipSplice=false reelID="Reel3" (Frame=1621)
skipSplice=false reelID="Reel4" (Frame=1622)
Tests.cs RunFreeSpins currentFreeSpin=9
skipSplice=false reelID="Reel5" (Frame=1625)
Tests.cs RunFreeSpins currentFreeSpin=9
Tests.cs RunFreeSpins currentFreeSpin=9
animator animationStateName=boost gameObject=Pivot path=/Game/Machines/Pivot/FreeSpinsMachineParent/Pivot/Game001FreeSpinsMachine(Clone)/Pivot/Bonus Reels/Reels/Pivot/FreeSpinsReel5/Symbol4/Pivot/FreeSpinsSymbol/Boost/Pivot
!activeSelf animator animationStateName=boost gameObject=Pivot path=/Game/Machines/Pivot/FreeSpinsMachineParent/Pivot/Game001FreeSpinsMachine(Clone)/Pivot/Bonus Reels/Reels/Pivot/FreeSpinsReel5/Symbol4/Pivot/FreeSpinsSymbol/Boost/Pivot
Game object with animator is inactive
Tests.cs RunFreeSpins currentFreeSpin=9
Tests.cs RunFreeSpins currentFreeSpin=9
animator animationStateName=reset gameObject=Pivot path=/Game/Machines/Pivot/FreeSpinsMachineParent/Pivot/Game001FreeSpinsMachine(Clone)/Pivot/Bonus Reels/Reels/Pivot/FreeSpinsReel5/Symbol4/Pivot/FreeSpinsSymbol/Boost/Pivot
!activeSelf animator animationStateName=reset gameObject=Pivot path=/Game/Machines/Pivot/FreeSpinsMachineParent/Pivot/Game001FreeSpinsMachine(Clone)/Pivot/Bonus Reels/Reels/Pivot/FreeSpinsReel5/Symbol4/Pivot/FreeSpinsSymbol/Boost/Pivot
Game object with animator is inactive
Tests.cs RunFreeSpins currentFreeSpin=9
Tests.cs RunFreeSpins currentFreeSpin=9
skipSplice=false reelID="Reel1" (Frame=1652)
skipSplice=false reelID="Reel2" (Frame=1653)
skipSplice=false reelID="Reel3" (Frame=1654)
skipSplice=false reelID="Reel4" (Frame=1655)
skipSplice=false reelID="Reel5" (Frame=1658)
animator animationStateName=winX gameObject=Pivot path=/Game/Machines/Pivot/FreeSpinsMachineParent/Pivot/Game001FreeSpinsMachine(Clone)/Pivot/Bonus Reels/Reels/Pivot/FreeSpinsReel1/Symbol3/Pivot/FreeSpinsSymbol/WinX/Pivot
!activeSelf animator animationStateName=winX gameObject=Pivot path=/Game/Machines/Pivot/FreeSpinsMachineParent/Pivot/Game001FreeSpinsMachine(Clone)/Pivot/Bonus Reels/Reels/Pivot/FreeSpinsReel1/Symbol3/Pivot/FreeSpinsSymbol/WinX/Pivot
Game object with animator is inactive
animator animationStateName=reset gameObject=Pivot path=/Game/Machines/Pivot/FreeSpinsMachineParent/Pivot/Game001FreeSpinsMachine(Clone)/Pivot/Bonus Reels/Reels/Pivot/FreeSpinsReel1/Symbol3/Pivot/FreeSpinsSymbol/WinX/Pivot
!activeSelf animator animationStateName=reset gameObject=Pivot path=/Game/Machines/Pivot/FreeSpinsMachineParent/Pivot/Game001FreeSpinsMachine(Clone)/Pivot/Bonus Reels/Reels/Pivot/FreeSpinsReel1/Symbol3/Pivot/FreeSpinsSymbol/WinX/Pivot
Game object with animator is inactive
animator animationStateName=show gameObject=Pivot path=/Game/Machines/Pivot/FreeSpinsMachineParent/Pivot/Game001FreeSpinsMachine(Clone)/Pivot/Free Spins Bonus Summary Frame/Pivot
animator animationStateName=multiplier_hide gameObject=Pivot path=/Game/Machines/Pivot/FreeSpinsMachineParent/Pivot/Game001FreeSpinsMachine(Clone)/Pivot/Bonus Symbols/Pivot/Column1/Symbols/Pivot/Symbol1/Default/Pivot
animator animationStateName=multiplier_hide gameObject=Pivot path=/Game/Machines/Pivot/FreeSpinsMachineParent/Pivot/Game001FreeSpinsMachine(Clone)/Pivot/Bonus Symbols/Pivot/Column2/Symbols/Pivot/Symbol1/Default/Pivot
animator animationStateName=multiplier_hide gameObject=Pivot path=/Game/Machines/Pivot/FreeSpinsMachineParent/Pivot/Game001FreeSpinsMachine(Clone)/Pivot/Bonus Symbols/Pivot/Column3/Symbols/Pivot/Symbol1/Default/Pivot
animator animationStateName=multiplier_hide gameObject=Pivot path=/Game/Machines/Pivot/FreeSpinsMachineParent/Pivot/Game001FreeSpinsMachine(Clone)/Pivot/Bonus Symbols/Pivot/Column4/Symbols/Pivot/Symbol1/Default/Pivot
animator animationStateName=multiplier_hide gameObject=Pivot path=/Game/Machines/Pivot/FreeSpinsMachineParent/Pivot/Game001FreeSpinsMachine(Clone)/Pivot/Bonus Symbols/Pivot/Column5/Symbols/Pivot/Symbol1/Default/Pivot
animator animationStateName=multiplier_hide gameObject=Pivot path=/Game/Machines/Pivot/FreeSpinsMachineParent/Pivot/Game001FreeSpinsMachine(Clone)/Pivot/Bonus Symbols/Pivot/Column1/Symbols/Pivot/Symbol2/Default/Pivot
animator animationStateName=multiplier_hide gameObject=Pivot path=/Game/Machines/Pivot/FreeSpinsMachineParent/Pivot/Game001FreeSpinsMachine(Clone)/Pivot/Bonus Symbols/Pivot/Column2/Symbols/Pivot/Symbol2/Default/Pivot
animator animationStateName=multiplier_hide gameObject=Pivot path=/Game/Machines/Pivot/FreeSpinsMachineParent/Pivot/Game001FreeSpinsMachine(Clone)/Pivot/Bonus Symbols/Pivot/Column3/Symbols/Pivot/Symbol2/Default/Pivot
animator animationStateName=multiplier_hide gameObject=Pivot path=/Game/Machines/Pivot/FreeSpinsMachineParent/Pivot/Game001FreeSpinsMachine(Clone)/Pivot/Bonus Symbols/Pivot/Column4/Symbols/Pivot/Symbol2/Default/Pivot
animator animationStateName=multiplier_hide gameObject=Pivot path=/Game/Machines/Pivot/FreeSpinsMachineParent/Pivot/Game001FreeSpinsMachine(Clone)/Pivot/Bonus Symbols/Pivot/Column5/Symbols/Pivot/Symbol2/Default/Pivot
animator animationStateName=multiplier_hide gameObject=Pivot path=/Game/Machines/Pivot/FreeSpinsMachineParent/Pivot/Game001FreeSpinsMachine(Clone)/Pivot/Bonus Symbols/Pivot/Column1/Symbols/Pivot/Symbol3/Default/Pivot
animator animationStateName=multiplier_hide gameObject=Pivot path=/Game/Machines/Pivot/FreeSpinsMachineParent/Pivot/Game001FreeSpinsMachine(Clone)/Pivot/Bonus Symbols/Pivot/Column2/Symbols/Pivot/Symbol3/Default/Pivot
animator animationStateName=multiplier_hide gameObject=Pivot path=/Game/Machines/Pivot/FreeSpinsMachineParent/Pivot/Game001FreeSpinsMachine(Clone)/Pivot/Bonus Symbols/Pivot/Column3/Symbols/Pivot/Symbol3/Default/Pivot
animator animationStateName=multiplier_hide gameObject=Pivot path=/Game/Machines/Pivot/FreeSpinsMachineParent/Pivot/Game001FreeSpinsMachine(Clone)/Pivot/Bonus Symbols/Pivot/Column4/Symbols/Pivot/Symbol3/Default/Pivot
animator animationStateName=multiplier_hide gameObject=Pivot path=/Game/Machines/Pivot/FreeSpinsMachineParent/Pivot/Game001FreeSpinsMachine(Clone)/Pivot/Bonus Symbols/Pivot/Column5/Symbols/Pivot/Symbol3/Default/Pivot
animator animationStateName=multiplier_hide gameObject=Pivot path=/Game/Machines/Pivot/FreeSpinsMachineParent/Pivot/Game001FreeSpinsMachine(Clone)/Pivot/Bonus Symbols/Pivot/Column1/Symbols/Pivot/Symbol4/Default/Pivot
animator animationStateName=multiplier_hide gameObject=Pivot path=/Game/Machines/Pivot/FreeSpinsMachineParent/Pivot/Game001FreeSpinsMachine(Clone)/Pivot/Bonus Symbols/Pivot/Column2/Symbols/Pivot/Symbol4/Default/Pivot
animator animationStateName=multiplier_hide gameObject=Pivot path=/Game/Machines/Pivot/FreeSpinsMachineParent/Pivot/Game001FreeSpinsMachine(Clone)/Pivot/Bonus Symbols/Pivot/Column3/Symbols/Pivot/Symbol4/Default/Pivot
animator animationStateName=multiplier_hide gameObject=Pivot path=/Game/Machines/Pivot/FreeSpinsMachineParent/Pivot/Game001FreeSpinsMachine(Clone)/Pivot/Bonus Symbols/Pivot/Column4/Symbols/Pivot/Symbol4/Default/Pivot
animator animationStateName=multiplier_hide gameObject=Pivot path=/Game/Machines/Pivot/FreeSpinsMachineParent/Pivot/Game001FreeSpinsMachine(Clone)/Pivot/Bonus Symbols/Pivot/Column5/Symbols/Pivot/Symbol4/Default/Pivot
animator animationStateName=multiplier_hide gameObject=Pivot path=/Game/Machines/Pivot/FreeSpinsMachineParent/Pivot/Game001FreeSpinsMachine(Clone)/Pivot/Bonus Symbols/Pivot/Column1/Symbols/Pivot/Symbol5/Default/Pivot
animator animationStateName=multiplier_hide gameObject=Pivot path=/Game/Machines/Pivot/FreeSpinsMachineParent/Pivot/Game001FreeSpinsMachine(Clone)/Pivot/Bonus Symbols/Pivot/Column2/Symbols/Pivot/Symbol5/Default/Pivot
animator animationStateName=multiplier_hide gameObject=Pivot path=/Game/Machines/Pivot/FreeSpinsMachineParent/Pivot/Game001FreeSpinsMachine(Clone)/Pivot/Bonus Symbols/Pivot/Column3/Symbols/Pivot/Symbol5/Default/Pivot
animator animationStateName=multiplier_hide gameObject=Pivot path=/Game/Machines/Pivot/FreeSpinsMachineParent/Pivot/Game001FreeSpinsMachine(Clone)/Pivot/Bonus Symbols/Pivot/Column4/Symbols/Pivot/Symbol5/Default/Pivot
animator animationStateName=multiplier_hide gameObject=Pivot path=/Game/Machines/Pivot/FreeSpinsMachineParent/Pivot/Game001FreeSpinsMachine(Clone)/Pivot/Bonus Symbols/Pivot/Column5/Symbols/Pivot/Symbol5/Default/Pivot
animator animationStateName=multiplier_hide gameObject=Pivot path=/Game/Machines/Pivot/FreeSpinsMachineParent/Pivot/Game001FreeSpinsMachine(Clone)/Pivot/Bonus Symbols/Pivot/Column1/Symbols/Pivot/Symbol6/Default/Pivot
animator animationStateName=multiplier_hide gameObject=Pivot path=/Game/Machines/Pivot/FreeSpinsMachineParent/Pivot/Game001FreeSpinsMachine(Clone)/Pivot/Bonus Symbols/Pivot/Column2/Symbols/Pivot/Symbol6/Default/Pivot
animator animationStateName=multiplier_hide gameObject=Pivot path=/Game/Machines/Pivot/FreeSpinsMachineParent/Pivot/Game001FreeSpinsMachine(Clone)/Pivot/Bonus Symbols/Pivot/Column3/Symbols/Pivot/Symbol6/Default/Pivot
animator animationStateName=multiplier_hide gameObject=Pivot path=/Game/Machines/Pivot/FreeSpinsMachineParent/Pivot/Game001FreeSpinsMachine(Clone)/Pivot/Bonus Symbols/Pivot/Column4/Symbols/Pivot/Symbol6/Default/Pivot
animator animationStateName=multiplier_hide gameObject=Pivot path=/Game/Machines/Pivot/FreeSpinsMachineParent/Pivot/Game001FreeSpinsMachine(Clone)/Pivot/Bonus Symbols/Pivot/Column5/Symbols/Pivot/Symbol6/Default/Pivot
animator animationStateName=multiplier_hide gameObject=Pivot path=/Game/Machines/Pivot/FreeSpinsMachineParent/Pivot/Game001FreeSpinsMachine(Clone)/Pivot/Bonus Symbols/Pivot/Column1/Symbols/Pivot/Symbol7/Default/Pivot
animator animationStateName=multiplier_hide gameObject=Pivot path=/Game/Machines/Pivot/FreeSpinsMachineParent/Pivot/Game001FreeSpinsMachine(Clone)/Pivot/Bonus Symbols/Pivot/Column2/Symbols/Pivot/Symbol7/Default/Pivot
animator animationStateName=multiplier_hide gameObject=Pivot path=/Game/Machines/Pivot/FreeSpinsMachineParent/Pivot/Game001FreeSpinsMachine(Clone)/Pivot/Bonus Symbols/Pivot/Column3/Symbols/Pivot/Symbol7/Default/Pivot
animator animationStateName=multiplier_hide gameObject=Pivot path=/Game/Machines/Pivot/FreeSpinsMachineParent/Pivot/Game001FreeSpinsMachine(Clone)/Pivot/Bonus Symbols/Pivot/Column4/Symbols/Pivot/Symbol7/Default/Pivot
animator animationStateName=multiplier_hide gameObject=Pivot path=/Game/Machines/Pivot/FreeSpinsMachineParent/Pivot/Game001FreeSpinsMachine(Clone)/Pivot/Bonus Symbols/Pivot/Column5/Symbols/Pivot/Symbol7/Default/Pivot
animator animationStateName=multiplier_hide gameObject=Pivot path=/Game/Machines/Pivot/FreeSpinsMachineParent/Pivot/Game001FreeSpinsMachine(Clone)/Pivot/Bonus Symbols/Pivot/Column1/Symbols/Pivot/Symbol8/Default/Pivot
animator animationStateName=multiplier_hide gameObject=Pivot path=/Game/Machines/Pivot/FreeSpinsMachineParent/Pivot/Game001FreeSpinsMachine(Clone)/Pivot/Bonus Symbols/Pivot/Column2/Symbols/Pivot/Symbol8/Default/Pivot
animator animationStateName=multiplier_hide gameObject=Pivot path=/Game/Machines/Pivot/FreeSpinsMachineParent/Pivot/Game001FreeSpinsMachine(Clone)/Pivot/Bonus Symbols/Pivot/Column3/Symbols/Pivot/Symbol8/Default/Pivot
animator animationStateName=multiplier_hide gameObject=Pivot path=/Game/Machines/Pivot/FreeSpinsMachineParent/Pivot/Game001FreeSpinsMachine(Clone)/Pivot/Bonus Symbols/Pivot/Column4/Symbols/Pivot/Symbol8/Default/Pivot
animator animationStateName=multiplier_hide gameObject=Pivot path=/Game/Machines/Pivot/FreeSpinsMachineParent/Pivot/Game001FreeSpinsMachine(Clone)/Pivot/Bonus Symbols/Pivot/Column5/Symbols/Pivot/Symbol8/Default/Pivot
animator animationStateName=reset gameObject=Pivot path=/Game/Machines/Pivot/FreeSpinsMachineParent/Pivot/Game001FreeSpinsMachine(Clone)/Pivot/Free Spins Bonus Summary Frame/Pivot
animator animationStateName=slide_in gameObject=Pivot path=/Game/ReelOverlays/Pivot/FreeSpinsTriggerOverlayParent/Pivot
animator animationStateName=hide gameObject=Pivot path=/Game/Backgrounds/Pivot/FreeSpinsBackgroundParent/Pivot/Game001FreeSpinsBackground(Clone)/Pivot
animator animationStateName=show gameObject=Pivot path=/Game/Backgrounds/Pivot/BaseGameBackgroundParent/Pivot/Game001BaseGameBackground(Clone)/Pivot
animator animationStateName=slide_out gameObject=Pivot path=/Game/ReelOverlays/Pivot/FreeSpinsTriggerOverlayParent/Pivot
animator animationStateName=free_spins_trigger_fade_out gameObject=Pivot path=/Game/Machines/Pivot/BaseGameMachineParent/Pivot/Game001BaseGameMachine(Clone)/Pivot
Game001BaseGameMachine OnPointerClick tile id="Game001BaseGameMachine" (Frame=1824)
scriptName=Game001Outcome000000004 loaded successfully at frame=1830
animator animationStateName=land gameObject=Pivot path=/Game/Machines/Pivot/BaseGameMachineParent/Pivot/Game001BaseGameMachine(Clone)/Pivot/Reels/Pivot/BaseGameReel2/Symbol5/Pivot/BaseGameSymbol/F6/Pivot
animator animationStateName=win gameObject=Pivot path=/Game/Machines/Pivot/BaseGameMachineParent/Pivot/Game001BaseGameMachine(Clone)/Pivot/Reels/Pivot/BaseGameReel1/Symbol4/Pivot/BaseGameSymbol/F8/Pivot
animator animationStateName=win gameObject=Pivot path=/Game/Machines/Pivot/BaseGameMachineParent/Pivot/Game001BaseGameMachine(Clone)/Pivot/Reels/Pivot/BaseGameReel2/Symbol5/Pivot/BaseGameSymbol/F6/Pivot
animator animationStateName=win gameObject=Pivot path=/Game/Machines/Pivot/BaseGameMachineParent/Pivot/Game001BaseGameMachine(Clone)/Pivot/Reels/Pivot/BaseGameReel3/Symbol4/Pivot/BaseGameSymbol/F5/Pivot
animator animationStateName=win gameObject=Pivot path=/Game/Machines/Pivot/BaseGameMachineParent/Pivot/Game001BaseGameMachine(Clone)/Pivot/Reels/Pivot/BaseGameReel3/Symbol5/Pivot/BaseGameSymbol/F9/Pivot
animator animationStateName=win gameObject=Pivot path=/Game/Machines/Pivot/BaseGameMachineParent/Pivot/Game001BaseGameMachine(Clone)/Pivot/Reels/Pivot/BaseGameReel1/Symbol4/Pivot/BaseGameSymbol/F8/Pivot
animator animationStateName=win gameObject=Pivot path=/Game/Machines/Pivot/BaseGameMachineParent/Pivot/Game001BaseGameMachine(Clone)/Pivot/Reels/Pivot/BaseGameReel2/Symbol5/Pivot/BaseGameSymbol/F6/Pivot
animator animationStateName=win gameObject=Pivot path=/Game/Machines/Pivot/BaseGameMachineParent/Pivot/Game001BaseGameMachine(Clone)/Pivot/Reels/Pivot/BaseGameReel3/Symbol4/Pivot/BaseGameSymbol/F5/Pivot
animator animationStateName=win gameObject=Pivot path=/Game/Machines/Pivot/BaseGameMachineParent/Pivot/Game001BaseGameMachine(Clone)/Pivot/Reels/Pivot/BaseGameReel3/Symbol5/Pivot/BaseGameSymbol/F9/Pivot
animator animationStateName=win gameObject=Pivot path=/Game/Machines/Pivot/BaseGameMachineParent/Pivot/Game001BaseGameMachine(Clone)/Pivot/Reels/Pivot/BaseGameReel1/Symbol4/Pivot/BaseGameSymbol/F8/Pivot
animator animationStateName=win gameObject=Pivot path=/Game/Machines/Pivot/BaseGameMachineParent/Pivot/Game001BaseGameMachine(Clone)/Pivot/Reels/Pivot/BaseGameReel2/Symbol5/Pivot/BaseGameSymbol/F6/Pivot
animator animationStateName=win gameObject=Pivot path=/Game/Machines/Pivot/BaseGameMachineParent/Pivot/Game001BaseGameMachine(Clone)/Pivot/Reels/Pivot/BaseGameReel3/Symbol4/Pivot/BaseGameSymbol/F5/Pivot
animator animationStateName=win gameObject=Pivot path=/Game/Machines/Pivot/BaseGameMachineParent/Pivot/Game001BaseGameMachine(Clone)/Pivot/Reels/Pivot/BaseGameReel3/Symbol5/Pivot/BaseGameSymbol/F9/Pivot
]]></output>
                  </test-case>
                </test-suite>
              </test-suite>
            </test-suite>
          </test-suite>
        </test-suite>
      </test-suite>
    </test-suite>
  </test-suite>
</test-run>