<?xml version="1.0" encoding="utf-8"?>
<test-run id="2" testcasecount="4" result="Passed" total="4" passed="4" failed="0" inconclusive="0" skipped="0" asserts="0" engine-version="3.5.0.0" clr-version="4.0.30319.42000" start-time="2024-02-08 22:00:57Z" end-time="2024-02-08 22:02:03Z" duration="66.2159098">
  <test-suite type="TestSuite" id="1000" name="Unity" fullname="Unity" runstate="Runnable" testcasecount="5" result="Passed" start-time="2024-02-08 22:00:57Z" end-time="2024-02-08 22:02:03Z" duration="66.215910" total="4" passed="4" failed="0" inconclusive="0" skipped="0" asserts="0">
    <properties />
    <test-suite type="Assembly" id="1014" name="casino.bettr.plugin.Main.Tests.dll" fullname="/Users/rvergis/Documents/External/Bettr/GitHub/bettr-casino/slots-game-plugins/Unity/Library/ScriptAssemblies/casino.bettr.plugin.Main.Tests.dll" runstate="Runnable" testcasecount="4" result="Passed" start-time="2024-02-08 22:00:57Z" end-time="2024-02-08 22:02:03Z" duration="66.212193" total="4" passed="4" failed="0" inconclusive="0" skipped="0" asserts="0">
      <properties>
        <property name="_PID" value="81176" />
        <property name="_APPDOMAIN" value="Unity Child Domain" />
        <property name="platform" value="PlayMode" />
      </properties>
      <test-suite type="TestSuite" id="1015" name="Bettr" fullname="Bettr" runstate="Runnable" testcasecount="4" result="Passed" start-time="2024-02-08 22:00:57Z" end-time="2024-02-08 22:02:03Z" duration="66.211825" total="4" passed="4" failed="0" inconclusive="0" skipped="0" asserts="0">
        <properties />
        <test-suite type="TestSuite" id="1016" name="Runtime" fullname="Bettr.Runtime" runstate="Runnable" testcasecount="4" result="Passed" start-time="2024-02-08 22:00:57Z" end-time="2024-02-08 22:02:03Z" duration="66.211622" total="4" passed="4" failed="0" inconclusive="0" skipped="0" asserts="0">
          <properties />
          <test-suite type="TestSuite" id="1017" name="Plugin" fullname="Bettr.Runtime.Plugin" runstate="Runnable" testcasecount="4" result="Passed" start-time="2024-02-08 22:00:57Z" end-time="2024-02-08 22:02:03Z" duration="66.211422" total="4" passed="4" failed="0" inconclusive="0" skipped="0" asserts="0">
            <properties />
            <test-suite type="TestSuite" id="1018" name="Main" fullname="Bettr.Runtime.Plugin.Main" runstate="Runnable" testcasecount="4" result="Passed" start-time="2024-02-08 22:00:57Z" end-time="2024-02-08 22:02:03Z" duration="66.211192" total="4" passed="4" failed="0" inconclusive="0" skipped="0" asserts="0">
              <properties />
              <test-suite type="TestSuite" id="1019" name="Tests" fullname="Bettr.Runtime.Plugin.Main.Tests" runstate="Runnable" testcasecount="4" result="Passed" start-time="2024-02-08 22:00:57Z" end-time="2024-02-08 22:02:03Z" duration="66.210945" total="4" passed="4" failed="0" inconclusive="0" skipped="0" asserts="0">
                <properties />
                <test-suite type="TestFixture" id="1009" name="Tests" fullname="Bettr.Runtime.Plugin.Main.Tests.Tests" classname="Bettr.Runtime.Plugin.Main.Tests.Tests" runstate="Runnable" testcasecount="4" result="Passed" start-time="2024-02-08 22:00:57Z" end-time="2024-02-08 22:02:03Z" duration="66.209967" total="4" passed="4" failed="0" inconclusive="0" skipped="0" asserts="0">
                  <properties />
                  <output><![CDATA[GetCommandLineArguments args=/Users/rvergis/Documents/External/Applications/Unity/Hub/Editor/2022.3.16f1/Unity.app/Contents/MacOS/Unity,-batchmode,-logFile,/Users/rvergis/Documents/External/Bettr/Logs/UnitTests/logfile.log,-runTests,-projectPath,Unity,-testResults,TestResults/testResultsMain.xml,-testPlatform,playmode,-testFilter,casino.bettr.plugin.Main.Tests,-timeScale=10
Setting Time.timeScale=10
OneTimeSetup
]]></output>
                  <test-case id="1010" name="TestInit" fullname="Bettr.Runtime.Plugin.Main.Tests.Tests.TestInit" methodname="TestInit" classname="Bettr.Runtime.Plugin.Main.Tests.Tests" runstate="Runnable" seed="679998776" result="Passed" start-time="2024-02-08 22:00:57Z" end-time="2024-02-08 22:00:59Z" duration="1.612481" asserts="0">
                    <properties>
                      <property name="_JOINTYPE" value="UnityCombinatorial" />
                      <property name="Order" value="1" />
                    </properties>
                    <output><![CDATA[UnitySetUp
scriptName=Core loaded successfully at frame=12
scriptName=Main loaded successfully at frame=12
scriptName=Utils loaded successfully at frame=12
AddScriptsToTable 3 scripts took 0.02317405 seconds
TestLogin
]]></output>
                  </test-case>
                  <test-case id="1011" name="TestLogin" fullname="Bettr.Runtime.Plugin.Main.Tests.Tests.TestLogin" methodname="TestLogin" classname="Bettr.Runtime.Plugin.Main.Tests.Tests" runstate="Runnable" seed="1920248419" result="Passed" start-time="2024-02-08 22:00:59Z" end-time="2024-02-08 22:00:59Z" duration="0.627522" asserts="0">
                    <properties>
                      <property name="_JOINTYPE" value="UnityCombinatorial" />
                      <property name="Order" value="2" />
                    </properties>
                    <output><![CDATA[UnitySetUp
TestLogin
Starting User Login
uniqueId=EE0DE516-5053-5142-80AC-2D878E91215C
]]></output>
                  </test-case>
                  <test-case id="1012" name="TestRoutineRunner" fullname="Bettr.Runtime.Plugin.Main.Tests.Tests.TestRoutineRunner" methodname="TestRoutineRunner" classname="Bettr.Runtime.Plugin.Main.Tests.Tests" runstate="Runnable" seed="1607232421" result="Passed" start-time="2024-02-08 22:00:59Z" end-time="2024-02-08 22:01:00Z" duration="0.434716" asserts="0">
                    <properties>
                      <property name="_JOINTYPE" value="UnityCombinatorial" />
                      <property name="Order" value="3" />
                    </properties>
                    <output><![CDATA[UnitySetUp
TestRoutineRunner
TestRoutineRunner timeElapsed=3.666958
]]></output>
                  </test-case>
                  <test-case id="1013" name="TestLoadMainLobby" fullname="Bettr.Runtime.Plugin.Main.Tests.Tests.TestLoadMainLobby" methodname="TestLoadMainLobby" classname="Bettr.Runtime.Plugin.Main.Tests.Tests" runstate="Runnable" seed="205855688" result="Passed" start-time="2024-02-08 22:01:00Z" end-time="2024-02-08 22:02:03Z" duration="63.049420" asserts="0">
                    <properties>
                      <property name="_JOINTYPE" value="UnityCombinatorial" />
                      <property name="Order" value="4" />
                      <property name="Timeout" value="600000" />
                    </properties>
                    <output><![CDATA[UnitySetUp
TestLoadMainLobby
LoadLobbyScene starting... (Frame=50)
scriptName=MainLobbyScene loaded successfully at frame=51
AddScriptsToTable 1 scripts took 0.002872467 seconds
MainLobbyScene Starting... (Frame=55)
LoadLobbyCards invoked (Frame=55)
LoadApp lobbyCard cardCount=2 (Frame=55)
scriptName=Game002LobbyCard loaded successfully at frame=56
scriptName=Game001LobbyCard loaded successfully at frame=56
AddScriptsToTable 2 scripts took 0.0009841919 seconds
Game001LobbyCard Awake tile id="Game001LobbyCard" (Frame=57)
Game002LobbyCard Awake tile id="Game002LobbyCard" (Frame=57)
Game001LobbyCard Start tile id="Game001LobbyCard" (Frame=57)
Game002LobbyCard Start tile id="Game002LobbyCard" (Frame=57)
Game001LobbyCard OnPointerClick tile id="Game001LobbyCard" (Frame=65)
Game001LobbyCard:LoadMachineScene ... Scene Load starting... (Frame=65)
scriptName=Game001BaseGameReel loaded successfully at frame=66
scriptName=Game001FreeSpinsReel4 loaded successfully at frame=66
scriptName=Game001BaseGameReel2 loaded successfully at frame=66
scriptName=Game001BaseGameReel1 loaded successfully at frame=66
scriptName=Game001FreeSpinsReel5 loaded successfully at frame=66
scriptName=Game001FreeSpinsReel3 loaded successfully at frame=66
scriptName=Game001FreeSpinsReel2 loaded successfully at frame=66
scriptName=Game001BaseGameMachine loaded successfully at frame=66
scriptName=Game001Debug loaded successfully at frame=66
scriptName=Game001BaseGameReel5 loaded successfully at frame=66
scriptName=Game001WheelMachine loaded successfully at frame=66
scriptName=Game001FreeSpinsReel loaded successfully at frame=66
scriptName=Game001Models loaded successfully at frame=66
scriptName=Game001BaseGameReel4 loaded successfully at frame=66
scriptName=Game001FreeSpinsReel1 loaded successfully at frame=66
scriptName=Game001BaseGameReel3 loaded successfully at frame=66
scriptName=Game001FreeSpinsMachine loaded successfully at frame=66
scriptName=Game001FreeSpinsBackground loaded successfully at frame=66
scriptName=Game001 loaded successfully at frame=66
scriptName=Game001BaseGameBackground loaded successfully at frame=66
AddScriptsToTable 20 scripts took 0.120718 seconds
Game001 Awake tile id="Game001" (Frame=70)
Game001:Start tile id="Game001" (Frame=70)
Game001:LoadBaseGameBackgroundPrefab tile id="Game001" (Frame=70)
Game001BaseGameBackground Awake tile id="Game001BaseGameBackground" (Frame=72)
Game001:LoadFreeSpinsBackgroundPrefab tile id="Game001" (Frame=72)
Game001FreeSpinsBackground Awake tile id="Game001FreeSpinsBackground" (Frame=74)
animator animationStateName=start gameObject=Pivot path=/Game/Backgrounds/Pivot/BaseGameBackgroundParent/Pivot/Game001BaseGameBackground(Clone)/Pivot
Game001BaseGameMachine Awake tile id="Game001BaseGameMachine" (Frame=85)
Game001BaseGameReel Awake tile id="Game001BaseGameReel1" (Frame=85)
Game001BaseGameReel Awake tile id="Game001BaseGameReel2" (Frame=85)
Game001BaseGameReel Awake tile id="Game001BaseGameReel3" (Frame=85)
Game001BaseGameReel Awake tile id="Game001BaseGameReel4" (Frame=85)
Game001BaseGameReel Awake tile id="Game001BaseGameReel5" (Frame=85)
animator animationStateName=start gameObject=Pivot path=/Game/Machines/Pivot/BaseGameMachineParent/Pivot/Game001BaseGameMachine(Clone)/Pivot
Game001BaseGameReel Start tile id="Game001BaseGameReel1" (Frame=85)
Game001BaseGameReel Start tile id="Game001BaseGameReel2" (Frame=85)
Game001BaseGameReel Start tile id="Game001BaseGameReel3" (Frame=85)
Game001BaseGameReel Start tile id="Game001BaseGameReel4" (Frame=85)
Game001BaseGameReel Start tile id="Game001BaseGameReel5" (Frame=85)
Game001BaseGameReel StartEngines tile id="Game001BaseGameReel1" (Frame=87)
Game001BaseGameReel StartEngines tile id="Game001BaseGameReel2" (Frame=87)
Game001BaseGameReel StartEngines tile id="Game001BaseGameReel3" (Frame=87)
Game001BaseGameReel StartEngines tile id="Game001BaseGameReel4" (Frame=87)
Game001BaseGameReel StartEngines tile id="Game001BaseGameReel5" (Frame=87)
Game001BaseGameMachine OnPointerClick tile id="Game001BaseGameMachine" (Frame=87)
scriptName=Game001Outcome000000001 loaded successfully at frame=95
animator animationStateName=win gameObject=Pivot path=/Game/Machines/Pivot/BaseGameMachineParent/Pivot/Game001BaseGameMachine(Clone)/Pivot/Reels/Pivot/BaseGameReel1/Symbol3/Pivot/BaseGameSymbol/F6/Pivot
animator animationStateName=win gameObject=Pivot path=/Game/Machines/Pivot/BaseGameMachineParent/Pivot/Game001BaseGameMachine(Clone)/Pivot/Reels/Pivot/BaseGameReel2/Symbol4/Pivot/BaseGameSymbol/F8/Pivot
animator animationStateName=win gameObject=Pivot path=/Game/Machines/Pivot/BaseGameMachineParent/Pivot/Game001BaseGameMachine(Clone)/Pivot/Reels/Pivot/BaseGameReel3/Symbol3/Pivot/BaseGameSymbol/F6/Pivot
animator animationStateName=win gameObject=Pivot path=/Game/Machines/Pivot/BaseGameMachineParent/Pivot/Game001BaseGameMachine(Clone)/Pivot/Reels/Pivot/BaseGameReel1/Symbol4/Pivot/BaseGameSymbol/F5/Pivot
animator animationStateName=win gameObject=Pivot path=/Game/Machines/Pivot/BaseGameMachineParent/Pivot/Game001BaseGameMachine(Clone)/Pivot/Reels/Pivot/BaseGameReel2/Symbol5/Pivot/BaseGameSymbol/F5/Pivot
animator animationStateName=win gameObject=Pivot path=/Game/Machines/Pivot/BaseGameMachineParent/Pivot/Game001BaseGameMachine(Clone)/Pivot/Reels/Pivot/BaseGameReel3/Symbol4/Pivot/BaseGameSymbol/F5/Pivot
animator animationStateName=win gameObject=Pivot path=/Game/Machines/Pivot/BaseGameMachineParent/Pivot/Game001BaseGameMachine(Clone)/Pivot/Reels/Pivot/BaseGameReel1/Symbol3/Pivot/BaseGameSymbol/F6/Pivot
animator animationStateName=win gameObject=Pivot path=/Game/Machines/Pivot/BaseGameMachineParent/Pivot/Game001BaseGameMachine(Clone)/Pivot/Reels/Pivot/BaseGameReel2/Symbol4/Pivot/BaseGameSymbol/F8/Pivot
animator animationStateName=win gameObject=Pivot path=/Game/Machines/Pivot/BaseGameMachineParent/Pivot/Game001BaseGameMachine(Clone)/Pivot/Reels/Pivot/BaseGameReel3/Symbol3/Pivot/BaseGameSymbol/F6/Pivot
animator animationStateName=win gameObject=Pivot path=/Game/Machines/Pivot/BaseGameMachineParent/Pivot/Game001BaseGameMachine(Clone)/Pivot/Reels/Pivot/BaseGameReel1/Symbol4/Pivot/BaseGameSymbol/F5/Pivot
animator animationStateName=win gameObject=Pivot path=/Game/Machines/Pivot/BaseGameMachineParent/Pivot/Game001BaseGameMachine(Clone)/Pivot/Reels/Pivot/BaseGameReel2/Symbol5/Pivot/BaseGameSymbol/F5/Pivot
animator animationStateName=win gameObject=Pivot path=/Game/Machines/Pivot/BaseGameMachineParent/Pivot/Game001BaseGameMachine(Clone)/Pivot/Reels/Pivot/BaseGameReel3/Symbol4/Pivot/BaseGameSymbol/F5/Pivot
animator animationStateName=win gameObject=Pivot path=/Game/Machines/Pivot/BaseGameMachineParent/Pivot/Game001BaseGameMachine(Clone)/Pivot/Reels/Pivot/BaseGameReel1/Symbol3/Pivot/BaseGameSymbol/F6/Pivot
animator animationStateName=win gameObject=Pivot path=/Game/Machines/Pivot/BaseGameMachineParent/Pivot/Game001BaseGameMachine(Clone)/Pivot/Reels/Pivot/BaseGameReel2/Symbol4/Pivot/BaseGameSymbol/F8/Pivot
animator animationStateName=win gameObject=Pivot path=/Game/Machines/Pivot/BaseGameMachineParent/Pivot/Game001BaseGameMachine(Clone)/Pivot/Reels/Pivot/BaseGameReel3/Symbol3/Pivot/BaseGameSymbol/F6/Pivot
animator animationStateName=win gameObject=Pivot path=/Game/Machines/Pivot/BaseGameMachineParent/Pivot/Game001BaseGameMachine(Clone)/Pivot/Reels/Pivot/BaseGameReel1/Symbol4/Pivot/BaseGameSymbol/F5/Pivot
animator animationStateName=win gameObject=Pivot path=/Game/Machines/Pivot/BaseGameMachineParent/Pivot/Game001BaseGameMachine(Clone)/Pivot/Reels/Pivot/BaseGameReel2/Symbol5/Pivot/BaseGameSymbol/F5/Pivot
animator animationStateName=win gameObject=Pivot path=/Game/Machines/Pivot/BaseGameMachineParent/Pivot/Game001BaseGameMachine(Clone)/Pivot/Reels/Pivot/BaseGameReel3/Symbol4/Pivot/BaseGameSymbol/F5/Pivot
Game001BaseGameMachine OnPointerClick tile id="Game001BaseGameMachine" (Frame=166)
scriptName=Game001Outcome000000002 loaded successfully at frame=173
animator animationStateName=win gameObject=Pivot path=/Game/Machines/Pivot/BaseGameMachineParent/Pivot/Game001BaseGameMachine(Clone)/Pivot/Reels/Pivot/BaseGameReel1/Symbol3/Pivot/BaseGameSymbol/F5/Pivot
animator animationStateName=win gameObject=Pivot path=/Game/Machines/Pivot/BaseGameMachineParent/Pivot/Game001BaseGameMachine(Clone)/Pivot/Reels/Pivot/BaseGameReel2/Symbol4/Pivot/BaseGameSymbol/F5/Pivot
animator animationStateName=win gameObject=Pivot path=/Game/Machines/Pivot/BaseGameMachineParent/Pivot/Game001BaseGameMachine(Clone)/Pivot/Reels/Pivot/BaseGameReel3/Symbol3/Pivot/BaseGameSymbol/F5/Pivot
animator animationStateName=win gameObject=Pivot path=/Game/Machines/Pivot/BaseGameMachineParent/Pivot/Game001BaseGameMachine(Clone)/Pivot/Reels/Pivot/BaseGameReel1/Symbol3/Pivot/BaseGameSymbol/F5/Pivot
animator animationStateName=win gameObject=Pivot path=/Game/Machines/Pivot/BaseGameMachineParent/Pivot/Game001BaseGameMachine(Clone)/Pivot/Reels/Pivot/BaseGameReel2/Symbol4/Pivot/BaseGameSymbol/F5/Pivot
animator animationStateName=win gameObject=Pivot path=/Game/Machines/Pivot/BaseGameMachineParent/Pivot/Game001BaseGameMachine(Clone)/Pivot/Reels/Pivot/BaseGameReel3/Symbol3/Pivot/BaseGameSymbol/F5/Pivot
animator animationStateName=win gameObject=Pivot path=/Game/Machines/Pivot/BaseGameMachineParent/Pivot/Game001BaseGameMachine(Clone)/Pivot/Reels/Pivot/BaseGameReel1/Symbol3/Pivot/BaseGameSymbol/F5/Pivot
animator animationStateName=win gameObject=Pivot path=/Game/Machines/Pivot/BaseGameMachineParent/Pivot/Game001BaseGameMachine(Clone)/Pivot/Reels/Pivot/BaseGameReel2/Symbol4/Pivot/BaseGameSymbol/F5/Pivot
animator animationStateName=win gameObject=Pivot path=/Game/Machines/Pivot/BaseGameMachineParent/Pivot/Game001BaseGameMachine(Clone)/Pivot/Reels/Pivot/BaseGameReel3/Symbol3/Pivot/BaseGameSymbol/F5/Pivot
Game001BaseGameMachine OnPointerClick tile id="Game001BaseGameMachine" (Frame=223)
scriptName=Game001Outcome000000003 loaded successfully at frame=230
animator animationStateName=freespinstrigger gameObject=Pivot path=/Game/Backgrounds/Pivot/BaseGameBackgroundParent/Pivot/Game001BaseGameBackground(Clone)/Pivot
animator animationStateName=free_spins_trigger_fade_in gameObject=Pivot path=/Game/Machines/Pivot/BaseGameMachineParent/Pivot/Game001BaseGameMachine(Clone)/Pivot
animator animationStateName=slide_in gameObject=Pivot path=/Game/ReelOverlays/Pivot/FreeSpinsTriggerOverlayParent/Pivot
animator animationStateName=hide gameObject=Pivot path=/Game/Backgrounds/Pivot/BaseGameBackgroundParent/Pivot/Game001BaseGameBackground(Clone)/Pivot
animator animationStateName=slide_out gameObject=Pivot path=/Game/ReelOverlays/Pivot/FreeSpinsTriggerOverlayParent/Pivot
animator animationStateName=start gameObject=Pivot path=/Game/Backgrounds/Pivot/FreeSpinsBackgroundParent/Pivot/Game001FreeSpinsBackground(Clone)/Pivot
Game001FreeSpinsMachine Awake tile id="Game001FreeSpinsMachine" (Frame=285)
Game001FreeSpinsReel Awake tile id="Game001FreeSpinsReel1" (Frame=285)
Game001FreeSpinsReel Awake tile id="Game001FreeSpinsReel2" (Frame=285)
Game001FreeSpinsReel Awake tile id="Game001FreeSpinsReel3" (Frame=285)
Game001FreeSpinsReel Awake tile id="Game001FreeSpinsReel4" (Frame=285)
Game001FreeSpinsReel Awake tile id="Game001FreeSpinsReel5" (Frame=285)
animator animationStateName=overlay_fade_in gameObject=Pivot path=/Game/Machines/Pivot/FreeSpinsMachineParent/Pivot/Game001FreeSpinsMachine(Clone)/Pivot
Game001FreeSpinsMachine Start tile id="Game001FreeSpinsMachine" (Frame=285)
Game001FreeSpinsReel Start tile id="Game001FreeSpinsReel1" (Frame=285)
Game001FreeSpinsReel Start tile id="Game001FreeSpinsReel2" (Frame=285)
Game001FreeSpinsReel Start tile id="Game001FreeSpinsReel3" (Frame=285)
Game001FreeSpinsReel Start tile id="Game001FreeSpinsReel4" (Frame=285)
Game001FreeSpinsReel Start tile id="Game001FreeSpinsReel5" (Frame=285)
animator animationStateName=start gameObject=Pivot path=/Game/Machines/Pivot/FreeSpinsMachineParent/Pivot/Game001FreeSpinsMachine(Clone)/Pivot/Bonus Symbols Background/Pivot
animator animationStateName=hide gameObject=Pivot path=/Game/Machines/Pivot/FreeSpinsMachineParent/Pivot/Game001FreeSpinsMachine(Clone)/Pivot/Bonus Symbols Background/Pivot
animator animationStateName=overlay_fade_out gameObject=Pivot path=/Game/Machines/Pivot/FreeSpinsMachineParent/Pivot/Game001FreeSpinsMachine(Clone)/Pivot
animator animationStateName=spin_button_fade_in gameObject=Pivot path=/Game/Machines/Pivot/FreeSpinsMachineParent/Pivot/Game001FreeSpinsMachine(Clone)/Pivot
Game001FreeSpinsMachine OnPointerClick tile id="Game001FreeSpinsMachine" param="spin" (Frame=416)
animator animationStateName=spin_button_fade_out gameObject=Pivot path=/Game/Machines/Pivot/FreeSpinsMachineParent/Pivot/Game001FreeSpinsMachine(Clone)/Pivot
Game001FreeSpinsReel StartEngines tile id="Game001FreeSpinsReel1" (Frame=422)
Game001FreeSpinsReel StartEngines tile id="Game001FreeSpinsReel2" (Frame=422)
Game001FreeSpinsReel StartEngines tile id="Game001FreeSpinsReel3" (Frame=422)
Game001FreeSpinsReel StartEngines tile id="Game001FreeSpinsReel4" (Frame=422)
Game001FreeSpinsReel StartEngines tile id="Game001FreeSpinsReel5" (Frame=422)
skipSplice=false reelID="Reel1" (Frame=428)
skipSplice=false reelID="Reel2" (Frame=429)
skipSplice=false reelID="Reel3" (Frame=430)
skipSplice=false reelID="Reel4" (Frame=432)
skipSplice=false reelID="Reel5" (Frame=434)
Tests.cs RunFreeSpins currentFreeSpin=1
Tests.cs RunFreeSpins currentFreeSpin=1
animator animationStateName=winX gameObject=Pivot path=/Game/Machines/Pivot/FreeSpinsMachineParent/Pivot/Game001FreeSpinsMachine(Clone)/Pivot/Bonus Reels/Reels/Pivot/FreeSpinsReel2/Symbol4/Pivot/FreeSpinsSymbol/WinX/Pivot
!activeSelf animator animationStateName=winX gameObject=Pivot path=/Game/Machines/Pivot/FreeSpinsMachineParent/Pivot/Game001FreeSpinsMachine(Clone)/Pivot/Bonus Reels/Reels/Pivot/FreeSpinsReel2/Symbol4/Pivot/FreeSpinsSymbol/WinX/Pivot
Game object with animator is inactive
Tests.cs RunFreeSpins currentFreeSpin=1
animator animationStateName=boost gameObject=Pivot path=/Game/Machines/Pivot/FreeSpinsMachineParent/Pivot/Game001FreeSpinsMachine(Clone)/Pivot/Bonus Reels/Reels/Pivot/FreeSpinsReel4/Symbol3/Pivot/FreeSpinsSymbol/Boost/Pivot
!activeSelf animator animationStateName=boost gameObject=Pivot path=/Game/Machines/Pivot/FreeSpinsMachineParent/Pivot/Game001FreeSpinsMachine(Clone)/Pivot/Bonus Reels/Reels/Pivot/FreeSpinsReel4/Symbol3/Pivot/FreeSpinsSymbol/Boost/Pivot
Game object with animator is inactive
animator animationStateName=boost gameObject=Pivot path=/Game/Machines/Pivot/FreeSpinsMachineParent/Pivot/Game001FreeSpinsMachine(Clone)/Pivot/Bonus Reels/Reels/Pivot/FreeSpinsReel4/Symbol4/Pivot/FreeSpinsSymbol/Boost/Pivot
!activeSelf animator animationStateName=boost gameObject=Pivot path=/Game/Machines/Pivot/FreeSpinsMachineParent/Pivot/Game001FreeSpinsMachine(Clone)/Pivot/Bonus Reels/Reels/Pivot/FreeSpinsReel4/Symbol4/Pivot/FreeSpinsSymbol/Boost/Pivot
Game object with animator is inactive
Tests.cs RunFreeSpins currentFreeSpin=1
animator animationStateName=boost gameObject=Pivot path=/Game/Machines/Pivot/FreeSpinsMachineParent/Pivot/Game001FreeSpinsMachine(Clone)/Pivot/Bonus Reels/Reels/Pivot/FreeSpinsReel4/Symbol5/Pivot/FreeSpinsSymbol/Boost/Pivot
Tests.cs RunFreeSpins currentFreeSpin=1
Tests.cs RunFreeSpins currentFreeSpin=1
Tests.cs RunFreeSpins currentFreeSpin=1
Tests.cs RunFreeSpins currentFreeSpin=1
Tests.cs RunFreeSpins currentFreeSpin=1
Tests.cs RunFreeSpins currentFreeSpin=1
Tests.cs RunFreeSpins currentFreeSpin=1
animator animationStateName=reset gameObject=Pivot path=/Game/Machines/Pivot/FreeSpinsMachineParent/Pivot/Game001FreeSpinsMachine(Clone)/Pivot/Bonus Reels/Reels/Pivot/FreeSpinsReel2/Symbol4/Pivot/FreeSpinsSymbol/WinX/Pivot
!activeSelf animator animationStateName=reset gameObject=Pivot path=/Game/Machines/Pivot/FreeSpinsMachineParent/Pivot/Game001FreeSpinsMachine(Clone)/Pivot/Bonus Reels/Reels/Pivot/FreeSpinsReel2/Symbol4/Pivot/FreeSpinsSymbol/WinX/Pivot
Game object with animator is inactive
animator animationStateName=reset gameObject=Pivot path=/Game/Machines/Pivot/FreeSpinsMachineParent/Pivot/Game001FreeSpinsMachine(Clone)/Pivot/Bonus Reels/Reels/Pivot/FreeSpinsReel4/Symbol3/Pivot/FreeSpinsSymbol/Boost/Pivot
!activeSelf animator animationStateName=reset gameObject=Pivot path=/Game/Machines/Pivot/FreeSpinsMachineParent/Pivot/Game001FreeSpinsMachine(Clone)/Pivot/Bonus Reels/Reels/Pivot/FreeSpinsReel4/Symbol3/Pivot/FreeSpinsSymbol/Boost/Pivot
Game object with animator is inactive
Tests.cs RunFreeSpins currentFreeSpin=1
animator animationStateName=reset gameObject=Pivot path=/Game/Machines/Pivot/FreeSpinsMachineParent/Pivot/Game001FreeSpinsMachine(Clone)/Pivot/Bonus Reels/Reels/Pivot/FreeSpinsReel4/Symbol4/Pivot/FreeSpinsSymbol/Boost/Pivot
!activeSelf animator animationStateName=reset gameObject=Pivot path=/Game/Machines/Pivot/FreeSpinsMachineParent/Pivot/Game001FreeSpinsMachine(Clone)/Pivot/Bonus Reels/Reels/Pivot/FreeSpinsReel4/Symbol4/Pivot/FreeSpinsSymbol/Boost/Pivot
Game object with animator is inactive
animator animationStateName=reset gameObject=Pivot path=/Game/Machines/Pivot/FreeSpinsMachineParent/Pivot/Game001FreeSpinsMachine(Clone)/Pivot/Bonus Reels/Reels/Pivot/FreeSpinsReel4/Symbol5/Pivot/FreeSpinsSymbol/Boost/Pivot
Tests.cs RunFreeSpins currentFreeSpin=1
Tests.cs RunFreeSpins currentFreeSpin=1
animator animationStateName=win gameObject=Pivot path=/Game/Machines/Pivot/FreeSpinsMachineParent/Pivot/Game001FreeSpinsMachine(Clone)/Pivot/Bonus Reels/Reels/Pivot/FreeSpinsReel1/Symbol4/Pivot/FreeSpinsSymbol/F5/Pivot
animator animationStateName=win gameObject=Pivot path=/Game/Machines/Pivot/FreeSpinsMachineParent/Pivot/Game001FreeSpinsMachine(Clone)/Pivot/Bonus Reels/Reels/Pivot/FreeSpinsReel2/Symbol5/Pivot/FreeSpinsSymbol/WinX/Pivot
animator animationStateName=win gameObject=Pivot path=/Game/Machines/Pivot/FreeSpinsMachineParent/Pivot/Game001FreeSpinsMachine(Clone)/Pivot/Bonus Reels/Reels/Pivot/FreeSpinsReel3/Symbol4/Pivot/FreeSpinsSymbol/F6/Pivot
Tests.cs RunFreeSpins currentFreeSpin=1
Tests.cs RunFreeSpins currentFreeSpin=1
Tests.cs RunFreeSpins currentFreeSpin=1
Tests.cs RunFreeSpins currentFreeSpin=1
Tests.cs RunFreeSpins currentFreeSpin=2
skipSplice=true reelID="Reel1" (Frame=501)
skipSplice=false reelID="Reel2" (Frame=502)
Tests.cs RunFreeSpins currentFreeSpin=2
skipSplice=false reelID="Reel3" (Frame=503)
skipSplice=false reelID="Reel4" (Frame=505)
Tests.cs RunFreeSpins currentFreeSpin=2
skipSplice=false reelID="Reel5" (Frame=507)
Tests.cs RunFreeSpins currentFreeSpin=2
Tests.cs RunFreeSpins currentFreeSpin=2
animator animationStateName=boost gameObject=Pivot path=/Game/Machines/Pivot/FreeSpinsMachineParent/Pivot/Game001FreeSpinsMachine(Clone)/Pivot/Bonus Reels/Reels/Pivot/FreeSpinsReel4/Symbol5/Pivot/FreeSpinsSymbol/Boost/Pivot
!activeSelf animator animationStateName=boost gameObject=Pivot path=/Game/Machines/Pivot/FreeSpinsMachineParent/Pivot/Game001FreeSpinsMachine(Clone)/Pivot/Bonus Reels/Reels/Pivot/FreeSpinsReel4/Symbol5/Pivot/FreeSpinsSymbol/Boost/Pivot
Game object with animator is inactive
Tests.cs RunFreeSpins currentFreeSpin=2
animator animationStateName=winX gameObject=Pivot path=/Game/Machines/Pivot/FreeSpinsMachineParent/Pivot/Game001FreeSpinsMachine(Clone)/Pivot/Bonus Reels/Reels/Pivot/FreeSpinsReel5/Symbol5/Pivot/FreeSpinsSymbol/WinX/Pivot
!activeSelf animator animationStateName=winX gameObject=Pivot path=/Game/Machines/Pivot/FreeSpinsMachineParent/Pivot/Game001FreeSpinsMachine(Clone)/Pivot/Bonus Reels/Reels/Pivot/FreeSpinsReel5/Symbol5/Pivot/FreeSpinsSymbol/WinX/Pivot
Game object with animator is inactive
Tests.cs RunFreeSpins currentFreeSpin=2
Tests.cs RunFreeSpins currentFreeSpin=2
Tests.cs RunFreeSpins currentFreeSpin=2
Tests.cs RunFreeSpins currentFreeSpin=2
animator animationStateName=multiplier gameObject=Pivot path=/Game/Machines/Pivot/FreeSpinsMachineParent/Pivot/Game001FreeSpinsMachine(Clone)/Pivot/Bonus Symbols/Pivot/Column5/Symbols/Pivot/Symbol8/Default/Pivot
Tests.cs RunFreeSpins currentFreeSpin=2
animator animationStateName=reset gameObject=Pivot path=/Game/Machines/Pivot/FreeSpinsMachineParent/Pivot/Game001FreeSpinsMachine(Clone)/Pivot/Bonus Reels/Reels/Pivot/FreeSpinsReel4/Symbol5/Pivot/FreeSpinsSymbol/Boost/Pivot
!activeSelf animator animationStateName=reset gameObject=Pivot path=/Game/Machines/Pivot/FreeSpinsMachineParent/Pivot/Game001FreeSpinsMachine(Clone)/Pivot/Bonus Reels/Reels/Pivot/FreeSpinsReel4/Symbol5/Pivot/FreeSpinsSymbol/Boost/Pivot
Game object with animator is inactive
animator animationStateName=reset gameObject=Pivot path=/Game/Machines/Pivot/FreeSpinsMachineParent/Pivot/Game001FreeSpinsMachine(Clone)/Pivot/Bonus Reels/Reels/Pivot/FreeSpinsReel5/Symbol5/Pivot/FreeSpinsSymbol/WinX/Pivot
!activeSelf animator animationStateName=reset gameObject=Pivot path=/Game/Machines/Pivot/FreeSpinsMachineParent/Pivot/Game001FreeSpinsMachine(Clone)/Pivot/Bonus Reels/Reels/Pivot/FreeSpinsReel5/Symbol5/Pivot/FreeSpinsSymbol/WinX/Pivot
Game object with animator is inactive
Tests.cs RunFreeSpins currentFreeSpin=2
Tests.cs RunFreeSpins currentFreeSpin=2
Tests.cs RunFreeSpins currentFreeSpin=2
Tests.cs RunFreeSpins currentFreeSpin=3
skipSplice=false reelID="Reel1" (Frame=549)
Tests.cs RunFreeSpins currentFreeSpin=3
skipSplice=false reelID="Reel2" (Frame=550)
skipSplice=false reelID="Reel3" (Frame=551)
Tests.cs RunFreeSpins currentFreeSpin=3
skipSplice=false reelID="Reel4" (Frame=553)
skipSplice=false reelID="Reel5" (Frame=555)
Tests.cs RunFreeSpins currentFreeSpin=3
Tests.cs RunFreeSpins currentFreeSpin=3
animator animationStateName=show gameObject=Pivot path=/Game/Machines/Pivot/FreeSpinsMachineParent/Pivot/Game001FreeSpinsMachine(Clone)/Pivot/Bonus Symbols Free Spins Added Frame/Pivot
Tests.cs RunFreeSpins currentFreeSpin=3
Tests.cs RunFreeSpins currentFreeSpin=3
Tests.cs RunFreeSpins currentFreeSpin=3
Tests.cs RunFreeSpins currentFreeSpin=3
Tests.cs RunFreeSpins currentFreeSpin=4
Tests.cs RunFreeSpins currentFreeSpin=4
skipSplice=false reelID="Reel1" (Frame=581)
skipSplice=false reelID="Reel2" (Frame=582)
skipSplice=false reelID="Reel3" (Frame=583)
Tests.cs RunFreeSpins currentFreeSpin=4
skipSplice=false reelID="Reel4" (Frame=585)
skipSplice=false reelID="Reel5" (Frame=587)
Tests.cs RunFreeSpins currentFreeSpin=4
Tests.cs RunFreeSpins currentFreeSpin=4
animator animationStateName=boostALL gameObject=Pivot path=/Game/Machines/Pivot/FreeSpinsMachineParent/Pivot/Game001FreeSpinsMachine(Clone)/Pivot/Bonus Reels/Reels/Pivot/FreeSpinsReel2/Symbol3/Pivot/FreeSpinsSymbol/BoostALL/Pivot
!activeSelf animator animationStateName=boostALL gameObject=Pivot path=/Game/Machines/Pivot/FreeSpinsMachineParent/Pivot/Game001FreeSpinsMachine(Clone)/Pivot/Bonus Reels/Reels/Pivot/FreeSpinsReel2/Symbol3/Pivot/FreeSpinsSymbol/BoostALL/Pivot
Game object with animator is inactive
Tests.cs RunFreeSpins currentFreeSpin=4
Tests.cs RunFreeSpins currentFreeSpin=4
animator animationStateName=reset gameObject=Pivot path=/Game/Machines/Pivot/FreeSpinsMachineParent/Pivot/Game001FreeSpinsMachine(Clone)/Pivot/Bonus Reels/Reels/Pivot/FreeSpinsReel2/Symbol3/Pivot/FreeSpinsSymbol/BoostALL/Pivot
!activeSelf animator animationStateName=reset gameObject=Pivot path=/Game/Machines/Pivot/FreeSpinsMachineParent/Pivot/Game001FreeSpinsMachine(Clone)/Pivot/Bonus Reels/Reels/Pivot/FreeSpinsReel2/Symbol3/Pivot/FreeSpinsSymbol/BoostALL/Pivot
Game object with animator is inactive
Tests.cs RunFreeSpins currentFreeSpin=4
Tests.cs RunFreeSpins currentFreeSpin=4
Tests.cs RunFreeSpins currentFreeSpin=5
skipSplice=false reelID="Reel1" (Frame=613)
Tests.cs RunFreeSpins currentFreeSpin=5
skipSplice=false reelID="Reel2" (Frame=614)
skipSplice=false reelID="Reel3" (Frame=615)
skipSplice=false reelID="Reel4" (Frame=616)
Tests.cs RunFreeSpins currentFreeSpin=5
skipSplice=false reelID="Reel5" (Frame=619)
Tests.cs RunFreeSpins currentFreeSpin=5
Tests.cs RunFreeSpins currentFreeSpin=5
animator animationStateName=boost gameObject=Pivot path=/Game/Machines/Pivot/FreeSpinsMachineParent/Pivot/Game001FreeSpinsMachine(Clone)/Pivot/Bonus Reels/Reels/Pivot/FreeSpinsReel5/Symbol4/Pivot/FreeSpinsSymbol/Boost/Pivot
!activeSelf animator animationStateName=boost gameObject=Pivot path=/Game/Machines/Pivot/FreeSpinsMachineParent/Pivot/Game001FreeSpinsMachine(Clone)/Pivot/Bonus Reels/Reels/Pivot/FreeSpinsReel5/Symbol4/Pivot/FreeSpinsSymbol/Boost/Pivot
Game object with animator is inactive
Tests.cs RunFreeSpins currentFreeSpin=5
animator animationStateName=boost gameObject=Pivot path=/Game/Machines/Pivot/FreeSpinsMachineParent/Pivot/Game001FreeSpinsMachine(Clone)/Pivot/Bonus Reels/Reels/Pivot/FreeSpinsReel5/Symbol5/Pivot/FreeSpinsSymbol/Boost/Pivot
Tests.cs RunFreeSpins currentFreeSpin=5
Tests.cs RunFreeSpins currentFreeSpin=5
animator animationStateName=reset gameObject=Pivot path=/Game/Machines/Pivot/FreeSpinsMachineParent/Pivot/Game001FreeSpinsMachine(Clone)/Pivot/Bonus Reels/Reels/Pivot/FreeSpinsReel5/Symbol4/Pivot/FreeSpinsSymbol/Boost/Pivot
!activeSelf animator animationStateName=reset gameObject=Pivot path=/Game/Machines/Pivot/FreeSpinsMachineParent/Pivot/Game001FreeSpinsMachine(Clone)/Pivot/Bonus Reels/Reels/Pivot/FreeSpinsReel5/Symbol4/Pivot/FreeSpinsSymbol/Boost/Pivot
Game object with animator is inactive
Tests.cs RunFreeSpins currentFreeSpin=5
animator animationStateName=reset gameObject=Pivot path=/Game/Machines/Pivot/FreeSpinsMachineParent/Pivot/Game001FreeSpinsMachine(Clone)/Pivot/Bonus Reels/Reels/Pivot/FreeSpinsReel5/Symbol5/Pivot/FreeSpinsSymbol/Boost/Pivot
Tests.cs RunFreeSpins currentFreeSpin=5
animator animationStateName=win gameObject=Pivot path=/Game/Machines/Pivot/FreeSpinsMachineParent/Pivot/Game001FreeSpinsMachine(Clone)/Pivot/Bonus Reels/Reels/Pivot/FreeSpinsReel1/Symbol4/Pivot/FreeSpinsSymbol/F6/Pivot
animator animationStateName=win gameObject=Pivot path=/Game/Machines/Pivot/FreeSpinsMachineParent/Pivot/Game001FreeSpinsMachine(Clone)/Pivot/Bonus Reels/Reels/Pivot/FreeSpinsReel2/Symbol3/Pivot/FreeSpinsSymbol/M1/Pivot
animator animationStateName=win gameObject=Pivot path=/Game/Machines/Pivot/FreeSpinsMachineParent/Pivot/Game001FreeSpinsMachine(Clone)/Pivot/Bonus Reels/Reels/Pivot/FreeSpinsReel3/Symbol4/Pivot/FreeSpinsSymbol/F7/Pivot
animator animationStateName=win gameObject=Pivot path=/Game/Machines/Pivot/FreeSpinsMachineParent/Pivot/Game001FreeSpinsMachine(Clone)/Pivot/Bonus Reels/Reels/Pivot/FreeSpinsReel3/Symbol5/Pivot/FreeSpinsSymbol/F5/Pivot
Tests.cs RunFreeSpins currentFreeSpin=5
Tests.cs RunFreeSpins currentFreeSpin=5
animator animationStateName=win gameObject=Pivot path=/Game/Machines/Pivot/FreeSpinsMachineParent/Pivot/Game001FreeSpinsMachine(Clone)/Pivot/Bonus Reels/Reels/Pivot/FreeSpinsReel1/Symbol3/Pivot/FreeSpinsSymbol/M2/Pivot
animator animationStateName=win gameObject=Pivot path=/Game/Machines/Pivot/FreeSpinsMachineParent/Pivot/Game001FreeSpinsMachine(Clone)/Pivot/Bonus Reels/Reels/Pivot/FreeSpinsReel2/Symbol3/Pivot/FreeSpinsSymbol/M1/Pivot
animator animationStateName=win gameObject=Pivot path=/Game/Machines/Pivot/FreeSpinsMachineParent/Pivot/Game001FreeSpinsMachine(Clone)/Pivot/Bonus Reels/Reels/Pivot/FreeSpinsReel3/Symbol5/Pivot/FreeSpinsSymbol/F5/Pivot
Tests.cs RunFreeSpins currentFreeSpin=5
Tests.cs RunFreeSpins currentFreeSpin=5
animator animationStateName=win gameObject=Pivot path=/Game/Machines/Pivot/FreeSpinsMachineParent/Pivot/Game001FreeSpinsMachine(Clone)/Pivot/Bonus Reels/Reels/Pivot/FreeSpinsReel1/Symbol5/Pivot/FreeSpinsSymbol/F5/Pivot
animator animationStateName=win gameObject=Pivot path=/Game/Machines/Pivot/FreeSpinsMachineParent/Pivot/Game001FreeSpinsMachine(Clone)/Pivot/Bonus Reels/Reels/Pivot/FreeSpinsReel2/Symbol3/Pivot/FreeSpinsSymbol/M1/Pivot
animator animationStateName=win gameObject=Pivot path=/Game/Machines/Pivot/FreeSpinsMachineParent/Pivot/Game001FreeSpinsMachine(Clone)/Pivot/Bonus Reels/Reels/Pivot/FreeSpinsReel2/Symbol5/Pivot/FreeSpinsSymbol/F8/Pivot
Tests.cs RunFreeSpins currentFreeSpin=5
Tests.cs RunFreeSpins currentFreeSpin=5
Tests.cs RunFreeSpins currentFreeSpin=5
Tests.cs RunFreeSpins currentFreeSpin=5
Tests.cs RunFreeSpins currentFreeSpin=6
Tests.cs RunFreeSpins currentFreeSpin=6
skipSplice=false reelID="Reel1" (Frame=680)
skipSplice=false reelID="Reel2" (Frame=681)
skipSplice=false reelID="Reel3" (Frame=682)
Tests.cs RunFreeSpins currentFreeSpin=6
skipSplice=false reelID="Reel4" (Frame=684)
skipSplice=false reelID="Reel5" (Frame=686)
Tests.cs RunFreeSpins currentFreeSpin=6
Tests.cs RunFreeSpins currentFreeSpin=6
animator animationStateName=winX gameObject=Pivot path=/Game/Machines/Pivot/FreeSpinsMachineParent/Pivot/Game001FreeSpinsMachine(Clone)/Pivot/Bonus Reels/Reels/Pivot/FreeSpinsReel1/Symbol3/Pivot/FreeSpinsSymbol/WinX/Pivot
!activeSelf animator animationStateName=winX gameObject=Pivot path=/Game/Machines/Pivot/FreeSpinsMachineParent/Pivot/Game001FreeSpinsMachine(Clone)/Pivot/Bonus Reels/Reels/Pivot/FreeSpinsReel1/Symbol3/Pivot/FreeSpinsSymbol/WinX/Pivot
Game object with animator is inactive
Tests.cs RunFreeSpins currentFreeSpin=6
animator animationStateName=winX gameObject=Pivot path=/Game/Machines/Pivot/FreeSpinsMachineParent/Pivot/Game001FreeSpinsMachine(Clone)/Pivot/Bonus Reels/Reels/Pivot/FreeSpinsReel5/Symbol5/Pivot/FreeSpinsSymbol/WinX/Pivot
!activeSelf animator animationStateName=winX gameObject=Pivot path=/Game/Machines/Pivot/FreeSpinsMachineParent/Pivot/Game001FreeSpinsMachine(Clone)/Pivot/Bonus Reels/Reels/Pivot/FreeSpinsReel5/Symbol5/Pivot/FreeSpinsSymbol/WinX/Pivot
Game object with animator is inactive
Tests.cs RunFreeSpins currentFreeSpin=6
Tests.cs RunFreeSpins currentFreeSpin=6
Tests.cs RunFreeSpins currentFreeSpin=6
Tests.cs RunFreeSpins currentFreeSpin=6
Tests.cs RunFreeSpins currentFreeSpin=6
animator animationStateName=reset gameObject=Pivot path=/Game/Machines/Pivot/FreeSpinsMachineParent/Pivot/Game001FreeSpinsMachine(Clone)/Pivot/Bonus Reels/Reels/Pivot/FreeSpinsReel1/Symbol3/Pivot/FreeSpinsSymbol/WinX/Pivot
!activeSelf animator animationStateName=reset gameObject=Pivot path=/Game/Machines/Pivot/FreeSpinsMachineParent/Pivot/Game001FreeSpinsMachine(Clone)/Pivot/Bonus Reels/Reels/Pivot/FreeSpinsReel1/Symbol3/Pivot/FreeSpinsSymbol/WinX/Pivot
Game object with animator is inactive
animator animationStateName=reset gameObject=Pivot path=/Game/Machines/Pivot/FreeSpinsMachineParent/Pivot/Game001FreeSpinsMachine(Clone)/Pivot/Bonus Reels/Reels/Pivot/FreeSpinsReel5/Symbol5/Pivot/FreeSpinsSymbol/WinX/Pivot
!activeSelf animator animationStateName=reset gameObject=Pivot path=/Game/Machines/Pivot/FreeSpinsMachineParent/Pivot/Game001FreeSpinsMachine(Clone)/Pivot/Bonus Reels/Reels/Pivot/FreeSpinsReel5/Symbol5/Pivot/FreeSpinsSymbol/WinX/Pivot
Game object with animator is inactive
Tests.cs RunFreeSpins currentFreeSpin=6
Tests.cs RunFreeSpins currentFreeSpin=6
animator animationStateName=win gameObject=Pivot path=/Game/Machines/Pivot/FreeSpinsMachineParent/Pivot/Game001FreeSpinsMachine(Clone)/Pivot/Bonus Reels/Reels/Pivot/FreeSpinsReel1/Symbol4/Pivot/FreeSpinsSymbol/WinX/Pivot
animator animationStateName=win gameObject=Pivot path=/Game/Machines/Pivot/FreeSpinsMachineParent/Pivot/Game001FreeSpinsMachine(Clone)/Pivot/Bonus Reels/Reels/Pivot/FreeSpinsReel2/Symbol5/Pivot/FreeSpinsSymbol/M1/Pivot
animator animationStateName=win gameObject=Pivot path=/Game/Machines/Pivot/FreeSpinsMachineParent/Pivot/Game001FreeSpinsMachine(Clone)/Pivot/Bonus Reels/Reels/Pivot/FreeSpinsReel3/Symbol3/Pivot/FreeSpinsSymbol/F5/Pivot
Tests.cs RunFreeSpins currentFreeSpin=6
Tests.cs RunFreeSpins currentFreeSpin=6
animator animationStateName=win gameObject=Pivot path=/Game/Machines/Pivot/FreeSpinsMachineParent/Pivot/Game001FreeSpinsMachine(Clone)/Pivot/Bonus Reels/Reels/Pivot/FreeSpinsReel1/Symbol5/Pivot/FreeSpinsSymbol/M4/Pivot
animator animationStateName=win gameObject=Pivot path=/Game/Machines/Pivot/FreeSpinsMachineParent/Pivot/Game001FreeSpinsMachine(Clone)/Pivot/Bonus Reels/Reels/Pivot/FreeSpinsReel2/Symbol5/Pivot/FreeSpinsSymbol/M1/Pivot
animator animationStateName=win gameObject=Pivot path=/Game/Machines/Pivot/FreeSpinsMachineParent/Pivot/Game001FreeSpinsMachine(Clone)/Pivot/Bonus Reels/Reels/Pivot/FreeSpinsReel3/Symbol3/Pivot/FreeSpinsSymbol/F5/Pivot
Tests.cs RunFreeSpins currentFreeSpin=6
Tests.cs RunFreeSpins currentFreeSpin=6
Tests.cs RunFreeSpins currentFreeSpin=6
Tests.cs RunFreeSpins currentFreeSpin=6
Tests.cs RunFreeSpins currentFreeSpin=7
skipSplice=false reelID="Reel1" (Frame=747)
Tests.cs RunFreeSpins currentFreeSpin=7
skipSplice=false reelID="Reel2" (Frame=748)
skipSplice=false reelID="Reel3" (Frame=749)
skipSplice=false reelID="Reel4" (Frame=751)
Tests.cs RunFreeSpins currentFreeSpin=7
skipSplice=false reelID="Reel5" (Frame=753)
Tests.cs RunFreeSpins currentFreeSpin=7
Tests.cs RunFreeSpins currentFreeSpin=7
animator animationStateName=winX gameObject=Pivot path=/Game/Machines/Pivot/FreeSpinsMachineParent/Pivot/Game001FreeSpinsMachine(Clone)/Pivot/Bonus Reels/Reels/Pivot/FreeSpinsReel3/Symbol3/Pivot/FreeSpinsSymbol/WinX/Pivot
!activeSelf animator animationStateName=winX gameObject=Pivot path=/Game/Machines/Pivot/FreeSpinsMachineParent/Pivot/Game001FreeSpinsMachine(Clone)/Pivot/Bonus Reels/Reels/Pivot/FreeSpinsReel3/Symbol3/Pivot/FreeSpinsSymbol/WinX/Pivot
Game object with animator is inactive
Tests.cs RunFreeSpins currentFreeSpin=7
Tests.cs RunFreeSpins currentFreeSpin=7
Tests.cs RunFreeSpins currentFreeSpin=7
animator animationStateName=multiplier gameObject=Pivot path=/Game/Machines/Pivot/FreeSpinsMachineParent/Pivot/Game001FreeSpinsMachine(Clone)/Pivot/Bonus Symbols/Pivot/Column3/Symbols/Pivot/Symbol7/Default/Pivot
animator animationStateName=reset gameObject=Pivot path=/Game/Machines/Pivot/FreeSpinsMachineParent/Pivot/Game001FreeSpinsMachine(Clone)/Pivot/Bonus Reels/Reels/Pivot/FreeSpinsReel3/Symbol3/Pivot/FreeSpinsSymbol/WinX/Pivot
!activeSelf animator animationStateName=reset gameObject=Pivot path=/Game/Machines/Pivot/FreeSpinsMachineParent/Pivot/Game001FreeSpinsMachine(Clone)/Pivot/Bonus Reels/Reels/Pivot/FreeSpinsReel3/Symbol3/Pivot/FreeSpinsSymbol/WinX/Pivot
Game object with animator is inactive
Tests.cs RunFreeSpins currentFreeSpin=7
Tests.cs RunFreeSpins currentFreeSpin=7
Tests.cs RunFreeSpins currentFreeSpin=7
Tests.cs RunFreeSpins currentFreeSpin=8
skipSplice=false reelID="Reel1" (Frame=786)
skipSplice=false reelID="Reel2" (Frame=787)
skipSplice=false reelID="Reel3" (Frame=788)
Tests.cs RunFreeSpins currentFreeSpin=8
skipSplice=false reelID="Reel4" (Frame=789)
skipSplice=false reelID="Reel5" (Frame=792)
Tests.cs RunFreeSpins currentFreeSpin=8
Tests.cs RunFreeSpins currentFreeSpin=8
animator animationStateName=boost gameObject=Pivot path=/Game/Machines/Pivot/FreeSpinsMachineParent/Pivot/Game001FreeSpinsMachine(Clone)/Pivot/Bonus Reels/Reels/Pivot/FreeSpinsReel2/Symbol3/Pivot/FreeSpinsSymbol/Boost/Pivot
!activeSelf animator animationStateName=boost gameObject=Pivot path=/Game/Machines/Pivot/FreeSpinsMachineParent/Pivot/Game001FreeSpinsMachine(Clone)/Pivot/Bonus Reels/Reels/Pivot/FreeSpinsReel2/Symbol3/Pivot/FreeSpinsSymbol/Boost/Pivot
Game object with animator is inactive
Tests.cs RunFreeSpins currentFreeSpin=8
animator animationStateName=boost gameObject=Pivot path=/Game/Machines/Pivot/FreeSpinsMachineParent/Pivot/Game001FreeSpinsMachine(Clone)/Pivot/Bonus Reels/Reels/Pivot/FreeSpinsReel4/Symbol5/Pivot/FreeSpinsSymbol/Boost/Pivot
!activeSelf animator animationStateName=boost gameObject=Pivot path=/Game/Machines/Pivot/FreeSpinsMachineParent/Pivot/Game001FreeSpinsMachine(Clone)/Pivot/Bonus Reels/Reels/Pivot/FreeSpinsReel4/Symbol5/Pivot/FreeSpinsSymbol/Boost/Pivot
Game object with animator is inactive
Tests.cs RunFreeSpins currentFreeSpin=8
Tests.cs RunFreeSpins currentFreeSpin=8
Tests.cs RunFreeSpins currentFreeSpin=8
animator animationStateName=reset gameObject=Pivot path=/Game/Machines/Pivot/FreeSpinsMachineParent/Pivot/Game001FreeSpinsMachine(Clone)/Pivot/Bonus Reels/Reels/Pivot/FreeSpinsReel2/Symbol3/Pivot/FreeSpinsSymbol/Boost/Pivot
!activeSelf animator animationStateName=reset gameObject=Pivot path=/Game/Machines/Pivot/FreeSpinsMachineParent/Pivot/Game001FreeSpinsMachine(Clone)/Pivot/Bonus Reels/Reels/Pivot/FreeSpinsReel2/Symbol3/Pivot/FreeSpinsSymbol/Boost/Pivot
Game object with animator is inactive
Tests.cs RunFreeSpins currentFreeSpin=8
animator animationStateName=reset gameObject=Pivot path=/Game/Machines/Pivot/FreeSpinsMachineParent/Pivot/Game001FreeSpinsMachine(Clone)/Pivot/Bonus Reels/Reels/Pivot/FreeSpinsReel4/Symbol5/Pivot/FreeSpinsSymbol/Boost/Pivot
!activeSelf animator animationStateName=reset gameObject=Pivot path=/Game/Machines/Pivot/FreeSpinsMachineParent/Pivot/Game001FreeSpinsMachine(Clone)/Pivot/Bonus Reels/Reels/Pivot/FreeSpinsReel4/Symbol5/Pivot/FreeSpinsSymbol/Boost/Pivot
Game object with animator is inactive
Tests.cs RunFreeSpins currentFreeSpin=8
Tests.cs RunFreeSpins currentFreeSpin=8
Tests.cs RunFreeSpins currentFreeSpin=9
skipSplice=false reelID="Reel1" (Frame=828)
Tests.cs RunFreeSpins currentFreeSpin=9
skipSplice=false reelID="Reel2" (Frame=829)
skipSplice=false reelID="Reel3" (Frame=830)
Tests.cs RunFreeSpins currentFreeSpin=9
skipSplice=false reelID="Reel4" (Frame=832)
skipSplice=false reelID="Reel5" (Frame=834)
Tests.cs RunFreeSpins currentFreeSpin=9
Tests.cs RunFreeSpins currentFreeSpin=9
animator animationStateName=boost gameObject=Pivot path=/Game/Machines/Pivot/FreeSpinsMachineParent/Pivot/Game001FreeSpinsMachine(Clone)/Pivot/Bonus Reels/Reels/Pivot/FreeSpinsReel5/Symbol4/Pivot/FreeSpinsSymbol/Boost/Pivot
!activeSelf animator animationStateName=boost gameObject=Pivot path=/Game/Machines/Pivot/FreeSpinsMachineParent/Pivot/Game001FreeSpinsMachine(Clone)/Pivot/Bonus Reels/Reels/Pivot/FreeSpinsReel5/Symbol4/Pivot/FreeSpinsSymbol/Boost/Pivot
Game object with animator is inactive
Tests.cs RunFreeSpins currentFreeSpin=9
Tests.cs RunFreeSpins currentFreeSpin=9
animator animationStateName=reset gameObject=Pivot path=/Game/Machines/Pivot/FreeSpinsMachineParent/Pivot/Game001FreeSpinsMachine(Clone)/Pivot/Bonus Reels/Reels/Pivot/FreeSpinsReel5/Symbol4/Pivot/FreeSpinsSymbol/Boost/Pivot
!activeSelf animator animationStateName=reset gameObject=Pivot path=/Game/Machines/Pivot/FreeSpinsMachineParent/Pivot/Game001FreeSpinsMachine(Clone)/Pivot/Bonus Reels/Reels/Pivot/FreeSpinsReel5/Symbol4/Pivot/FreeSpinsSymbol/Boost/Pivot
Game object with animator is inactive
Tests.cs RunFreeSpins currentFreeSpin=9
Tests.cs RunFreeSpins currentFreeSpin=9
skipSplice=false reelID="Reel1" (Frame=862)
skipSplice=false reelID="Reel2" (Frame=863)
skipSplice=false reelID="Reel3" (Frame=864)
skipSplice=false reelID="Reel4" (Frame=866)
skipSplice=false reelID="Reel5" (Frame=868)
animator animationStateName=winX gameObject=Pivot path=/Game/Machines/Pivot/FreeSpinsMachineParent/Pivot/Game001FreeSpinsMachine(Clone)/Pivot/Bonus Reels/Reels/Pivot/FreeSpinsReel1/Symbol3/Pivot/FreeSpinsSymbol/WinX/Pivot
animator animationStateName=reset gameObject=Pivot path=/Game/Machines/Pivot/FreeSpinsMachineParent/Pivot/Game001FreeSpinsMachine(Clone)/Pivot/Bonus Reels/Reels/Pivot/FreeSpinsReel1/Symbol3/Pivot/FreeSpinsSymbol/WinX/Pivot
animator animationStateName=show gameObject=Pivot path=/Game/Machines/Pivot/FreeSpinsMachineParent/Pivot/Game001FreeSpinsMachine(Clone)/Pivot/Free Spins Bonus Summary Frame/Pivot
animator animationStateName=multiplier_hide gameObject=Pivot path=/Game/Machines/Pivot/FreeSpinsMachineParent/Pivot/Game001FreeSpinsMachine(Clone)/Pivot/Bonus Symbols/Pivot/Column1/Symbols/Pivot/Symbol1/Default/Pivot
animator animationStateName=multiplier_hide gameObject=Pivot path=/Game/Machines/Pivot/FreeSpinsMachineParent/Pivot/Game001FreeSpinsMachine(Clone)/Pivot/Bonus Symbols/Pivot/Column2/Symbols/Pivot/Symbol1/Default/Pivot
animator animationStateName=multiplier_hide gameObject=Pivot path=/Game/Machines/Pivot/FreeSpinsMachineParent/Pivot/Game001FreeSpinsMachine(Clone)/Pivot/Bonus Symbols/Pivot/Column3/Symbols/Pivot/Symbol1/Default/Pivot
animator animationStateName=multiplier_hide gameObject=Pivot path=/Game/Machines/Pivot/FreeSpinsMachineParent/Pivot/Game001FreeSpinsMachine(Clone)/Pivot/Bonus Symbols/Pivot/Column4/Symbols/Pivot/Symbol1/Default/Pivot
animator animationStateName=multiplier_hide gameObject=Pivot path=/Game/Machines/Pivot/FreeSpinsMachineParent/Pivot/Game001FreeSpinsMachine(Clone)/Pivot/Bonus Symbols/Pivot/Column5/Symbols/Pivot/Symbol1/Default/Pivot
animator animationStateName=multiplier_hide gameObject=Pivot path=/Game/Machines/Pivot/FreeSpinsMachineParent/Pivot/Game001FreeSpinsMachine(Clone)/Pivot/Bonus Symbols/Pivot/Column1/Symbols/Pivot/Symbol2/Default/Pivot
animator animationStateName=multiplier_hide gameObject=Pivot path=/Game/Machines/Pivot/FreeSpinsMachineParent/Pivot/Game001FreeSpinsMachine(Clone)/Pivot/Bonus Symbols/Pivot/Column2/Symbols/Pivot/Symbol2/Default/Pivot
animator animationStateName=multiplier_hide gameObject=Pivot path=/Game/Machines/Pivot/FreeSpinsMachineParent/Pivot/Game001FreeSpinsMachine(Clone)/Pivot/Bonus Symbols/Pivot/Column3/Symbols/Pivot/Symbol2/Default/Pivot
animator animationStateName=multiplier_hide gameObject=Pivot path=/Game/Machines/Pivot/FreeSpinsMachineParent/Pivot/Game001FreeSpinsMachine(Clone)/Pivot/Bonus Symbols/Pivot/Column4/Symbols/Pivot/Symbol2/Default/Pivot
animator animationStateName=multiplier_hide gameObject=Pivot path=/Game/Machines/Pivot/FreeSpinsMachineParent/Pivot/Game001FreeSpinsMachine(Clone)/Pivot/Bonus Symbols/Pivot/Column5/Symbols/Pivot/Symbol2/Default/Pivot
animator animationStateName=multiplier_hide gameObject=Pivot path=/Game/Machines/Pivot/FreeSpinsMachineParent/Pivot/Game001FreeSpinsMachine(Clone)/Pivot/Bonus Symbols/Pivot/Column1/Symbols/Pivot/Symbol3/Default/Pivot
animator animationStateName=multiplier_hide gameObject=Pivot path=/Game/Machines/Pivot/FreeSpinsMachineParent/Pivot/Game001FreeSpinsMachine(Clone)/Pivot/Bonus Symbols/Pivot/Column2/Symbols/Pivot/Symbol3/Default/Pivot
animator animationStateName=multiplier_hide gameObject=Pivot path=/Game/Machines/Pivot/FreeSpinsMachineParent/Pivot/Game001FreeSpinsMachine(Clone)/Pivot/Bonus Symbols/Pivot/Column3/Symbols/Pivot/Symbol3/Default/Pivot
animator animationStateName=multiplier_hide gameObject=Pivot path=/Game/Machines/Pivot/FreeSpinsMachineParent/Pivot/Game001FreeSpinsMachine(Clone)/Pivot/Bonus Symbols/Pivot/Column4/Symbols/Pivot/Symbol3/Default/Pivot
animator animationStateName=multiplier_hide gameObject=Pivot path=/Game/Machines/Pivot/FreeSpinsMachineParent/Pivot/Game001FreeSpinsMachine(Clone)/Pivot/Bonus Symbols/Pivot/Column5/Symbols/Pivot/Symbol3/Default/Pivot
animator animationStateName=multiplier_hide gameObject=Pivot path=/Game/Machines/Pivot/FreeSpinsMachineParent/Pivot/Game001FreeSpinsMachine(Clone)/Pivot/Bonus Symbols/Pivot/Column1/Symbols/Pivot/Symbol4/Default/Pivot
animator animationStateName=multiplier_hide gameObject=Pivot path=/Game/Machines/Pivot/FreeSpinsMachineParent/Pivot/Game001FreeSpinsMachine(Clone)/Pivot/Bonus Symbols/Pivot/Column2/Symbols/Pivot/Symbol4/Default/Pivot
animator animationStateName=multiplier_hide gameObject=Pivot path=/Game/Machines/Pivot/FreeSpinsMachineParent/Pivot/Game001FreeSpinsMachine(Clone)/Pivot/Bonus Symbols/Pivot/Column3/Symbols/Pivot/Symbol4/Default/Pivot
animator animationStateName=multiplier_hide gameObject=Pivot path=/Game/Machines/Pivot/FreeSpinsMachineParent/Pivot/Game001FreeSpinsMachine(Clone)/Pivot/Bonus Symbols/Pivot/Column4/Symbols/Pivot/Symbol4/Default/Pivot
animator animationStateName=multiplier_hide gameObject=Pivot path=/Game/Machines/Pivot/FreeSpinsMachineParent/Pivot/Game001FreeSpinsMachine(Clone)/Pivot/Bonus Symbols/Pivot/Column5/Symbols/Pivot/Symbol4/Default/Pivot
animator animationStateName=multiplier_hide gameObject=Pivot path=/Game/Machines/Pivot/FreeSpinsMachineParent/Pivot/Game001FreeSpinsMachine(Clone)/Pivot/Bonus Symbols/Pivot/Column1/Symbols/Pivot/Symbol5/Default/Pivot
animator animationStateName=multiplier_hide gameObject=Pivot path=/Game/Machines/Pivot/FreeSpinsMachineParent/Pivot/Game001FreeSpinsMachine(Clone)/Pivot/Bonus Symbols/Pivot/Column2/Symbols/Pivot/Symbol5/Default/Pivot
animator animationStateName=multiplier_hide gameObject=Pivot path=/Game/Machines/Pivot/FreeSpinsMachineParent/Pivot/Game001FreeSpinsMachine(Clone)/Pivot/Bonus Symbols/Pivot/Column3/Symbols/Pivot/Symbol5/Default/Pivot
animator animationStateName=multiplier_hide gameObject=Pivot path=/Game/Machines/Pivot/FreeSpinsMachineParent/Pivot/Game001FreeSpinsMachine(Clone)/Pivot/Bonus Symbols/Pivot/Column4/Symbols/Pivot/Symbol5/Default/Pivot
animator animationStateName=multiplier_hide gameObject=Pivot path=/Game/Machines/Pivot/FreeSpinsMachineParent/Pivot/Game001FreeSpinsMachine(Clone)/Pivot/Bonus Symbols/Pivot/Column5/Symbols/Pivot/Symbol5/Default/Pivot
animator animationStateName=multiplier_hide gameObject=Pivot path=/Game/Machines/Pivot/FreeSpinsMachineParent/Pivot/Game001FreeSpinsMachine(Clone)/Pivot/Bonus Symbols/Pivot/Column1/Symbols/Pivot/Symbol6/Default/Pivot
animator animationStateName=multiplier_hide gameObject=Pivot path=/Game/Machines/Pivot/FreeSpinsMachineParent/Pivot/Game001FreeSpinsMachine(Clone)/Pivot/Bonus Symbols/Pivot/Column2/Symbols/Pivot/Symbol6/Default/Pivot
animator animationStateName=multiplier_hide gameObject=Pivot path=/Game/Machines/Pivot/FreeSpinsMachineParent/Pivot/Game001FreeSpinsMachine(Clone)/Pivot/Bonus Symbols/Pivot/Column3/Symbols/Pivot/Symbol6/Default/Pivot
animator animationStateName=multiplier_hide gameObject=Pivot path=/Game/Machines/Pivot/FreeSpinsMachineParent/Pivot/Game001FreeSpinsMachine(Clone)/Pivot/Bonus Symbols/Pivot/Column4/Symbols/Pivot/Symbol6/Default/Pivot
animator animationStateName=multiplier_hide gameObject=Pivot path=/Game/Machines/Pivot/FreeSpinsMachineParent/Pivot/Game001FreeSpinsMachine(Clone)/Pivot/Bonus Symbols/Pivot/Column5/Symbols/Pivot/Symbol6/Default/Pivot
animator animationStateName=multiplier_hide gameObject=Pivot path=/Game/Machines/Pivot/FreeSpinsMachineParent/Pivot/Game001FreeSpinsMachine(Clone)/Pivot/Bonus Symbols/Pivot/Column1/Symbols/Pivot/Symbol7/Default/Pivot
animator animationStateName=multiplier_hide gameObject=Pivot path=/Game/Machines/Pivot/FreeSpinsMachineParent/Pivot/Game001FreeSpinsMachine(Clone)/Pivot/Bonus Symbols/Pivot/Column2/Symbols/Pivot/Symbol7/Default/Pivot
animator animationStateName=multiplier_hide gameObject=Pivot path=/Game/Machines/Pivot/FreeSpinsMachineParent/Pivot/Game001FreeSpinsMachine(Clone)/Pivot/Bonus Symbols/Pivot/Column3/Symbols/Pivot/Symbol7/Default/Pivot
animator animationStateName=multiplier_hide gameObject=Pivot path=/Game/Machines/Pivot/FreeSpinsMachineParent/Pivot/Game001FreeSpinsMachine(Clone)/Pivot/Bonus Symbols/Pivot/Column4/Symbols/Pivot/Symbol7/Default/Pivot
animator animationStateName=multiplier_hide gameObject=Pivot path=/Game/Machines/Pivot/FreeSpinsMachineParent/Pivot/Game001FreeSpinsMachine(Clone)/Pivot/Bonus Symbols/Pivot/Column5/Symbols/Pivot/Symbol7/Default/Pivot
animator animationStateName=multiplier_hide gameObject=Pivot path=/Game/Machines/Pivot/FreeSpinsMachineParent/Pivot/Game001FreeSpinsMachine(Clone)/Pivot/Bonus Symbols/Pivot/Column1/Symbols/Pivot/Symbol8/Default/Pivot
animator animationStateName=multiplier_hide gameObject=Pivot path=/Game/Machines/Pivot/FreeSpinsMachineParent/Pivot/Game001FreeSpinsMachine(Clone)/Pivot/Bonus Symbols/Pivot/Column2/Symbols/Pivot/Symbol8/Default/Pivot
animator animationStateName=multiplier_hide gameObject=Pivot path=/Game/Machines/Pivot/FreeSpinsMachineParent/Pivot/Game001FreeSpinsMachine(Clone)/Pivot/Bonus Symbols/Pivot/Column3/Symbols/Pivot/Symbol8/Default/Pivot
animator animationStateName=multiplier_hide gameObject=Pivot path=/Game/Machines/Pivot/FreeSpinsMachineParent/Pivot/Game001FreeSpinsMachine(Clone)/Pivot/Bonus Symbols/Pivot/Column4/Symbols/Pivot/Symbol8/Default/Pivot
animator animationStateName=multiplier_hide gameObject=Pivot path=/Game/Machines/Pivot/FreeSpinsMachineParent/Pivot/Game001FreeSpinsMachine(Clone)/Pivot/Bonus Symbols/Pivot/Column5/Symbols/Pivot/Symbol8/Default/Pivot
animator animationStateName=reset gameObject=Pivot path=/Game/Machines/Pivot/FreeSpinsMachineParent/Pivot/Game001FreeSpinsMachine(Clone)/Pivot/Free Spins Bonus Summary Frame/Pivot
animator animationStateName=slide_in gameObject=Pivot path=/Game/ReelOverlays/Pivot/FreeSpinsTriggerOverlayParent/Pivot
animator animationStateName=hide gameObject=Pivot path=/Game/Backgrounds/Pivot/FreeSpinsBackgroundParent/Pivot/Game001FreeSpinsBackground(Clone)/Pivot
animator animationStateName=show gameObject=Pivot path=/Game/Backgrounds/Pivot/BaseGameBackgroundParent/Pivot/Game001BaseGameBackground(Clone)/Pivot
animator animationStateName=slide_out gameObject=Pivot path=/Game/ReelOverlays/Pivot/FreeSpinsTriggerOverlayParent/Pivot
animator animationStateName=free_spins_trigger_fade_out gameObject=Pivot path=/Game/Machines/Pivot/BaseGameMachineParent/Pivot/Game001BaseGameMachine(Clone)/Pivot
Game001BaseGameMachine OnPointerClick tile id="Game001BaseGameMachine" (Frame=1036)
scriptName=Game001Outcome000000003 loaded successfully at frame=1042
animator animationStateName=freespinstrigger gameObject=Pivot path=/Game/Backgrounds/Pivot/BaseGameBackgroundParent/Pivot/Game001BaseGameBackground(Clone)/Pivot
animator animationStateName=free_spins_trigger_fade_in gameObject=Pivot path=/Game/Machines/Pivot/BaseGameMachineParent/Pivot/Game001BaseGameMachine(Clone)/Pivot
animator animationStateName=slide_in gameObject=Pivot path=/Game/ReelOverlays/Pivot/FreeSpinsTriggerOverlayParent/Pivot
animator animationStateName=hide gameObject=Pivot path=/Game/Backgrounds/Pivot/BaseGameBackgroundParent/Pivot/Game001BaseGameBackground(Clone)/Pivot
animator animationStateName=slide_out gameObject=Pivot path=/Game/ReelOverlays/Pivot/FreeSpinsTriggerOverlayParent/Pivot
animator animationStateName=start gameObject=Pivot path=/Game/Backgrounds/Pivot/FreeSpinsBackgroundParent/Pivot/Game001FreeSpinsBackground(Clone)/Pivot
animator animationStateName=overlay_fade_in gameObject=Pivot path=/Game/Machines/Pivot/FreeSpinsMachineParent/Pivot/Game001FreeSpinsMachine(Clone)/Pivot
animator animationStateName=start gameObject=Pivot path=/Game/Machines/Pivot/FreeSpinsMachineParent/Pivot/Game001FreeSpinsMachine(Clone)/Pivot/Bonus Symbols Background/Pivot
animator animationStateName=hide gameObject=Pivot path=/Game/Machines/Pivot/FreeSpinsMachineParent/Pivot/Game001FreeSpinsMachine(Clone)/Pivot/Bonus Symbols Background/Pivot
animator animationStateName=overlay_fade_out gameObject=Pivot path=/Game/Machines/Pivot/FreeSpinsMachineParent/Pivot/Game001FreeSpinsMachine(Clone)/Pivot
animator animationStateName=spin_button_fade_in gameObject=Pivot path=/Game/Machines/Pivot/FreeSpinsMachineParent/Pivot/Game001FreeSpinsMachine(Clone)/Pivot
Game001FreeSpinsMachine OnPointerClick tile id="Game001FreeSpinsMachine" param="spin" (Frame=1229)
animator animationStateName=spin_button_fade_out gameObject=Pivot path=/Game/Machines/Pivot/FreeSpinsMachineParent/Pivot/Game001FreeSpinsMachine(Clone)/Pivot
Game001FreeSpinsReel StartEngines tile id="Game001FreeSpinsReel1" (Frame=1236)
Game001FreeSpinsReel StartEngines tile id="Game001FreeSpinsReel2" (Frame=1236)
Game001FreeSpinsReel StartEngines tile id="Game001FreeSpinsReel3" (Frame=1236)
Game001FreeSpinsReel StartEngines tile id="Game001FreeSpinsReel4" (Frame=1236)
Game001FreeSpinsReel StartEngines tile id="Game001FreeSpinsReel5" (Frame=1236)
skipSplice=false reelID="Reel1" (Frame=1241)
skipSplice=false reelID="Reel2" (Frame=1242)
skipSplice=false reelID="Reel3" (Frame=1243)
skipSplice=false reelID="Reel4" (Frame=1244)
skipSplice=false reelID="Reel5" (Frame=1247)
Tests.cs RunFreeSpins currentFreeSpin=1
Tests.cs RunFreeSpins currentFreeSpin=1
animator animationStateName=winX gameObject=Pivot path=/Game/Machines/Pivot/FreeSpinsMachineParent/Pivot/Game001FreeSpinsMachine(Clone)/Pivot/Bonus Reels/Reels/Pivot/FreeSpinsReel2/Symbol4/Pivot/FreeSpinsSymbol/WinX/Pivot
!activeSelf animator animationStateName=winX gameObject=Pivot path=/Game/Machines/Pivot/FreeSpinsMachineParent/Pivot/Game001FreeSpinsMachine(Clone)/Pivot/Bonus Reels/Reels/Pivot/FreeSpinsReel2/Symbol4/Pivot/FreeSpinsSymbol/WinX/Pivot
Game object with animator is inactive
Tests.cs RunFreeSpins currentFreeSpin=1
animator animationStateName=boost gameObject=Pivot path=/Game/Machines/Pivot/FreeSpinsMachineParent/Pivot/Game001FreeSpinsMachine(Clone)/Pivot/Bonus Reels/Reels/Pivot/FreeSpinsReel4/Symbol3/Pivot/FreeSpinsSymbol/Boost/Pivot
!activeSelf animator animationStateName=boost gameObject=Pivot path=/Game/Machines/Pivot/FreeSpinsMachineParent/Pivot/Game001FreeSpinsMachine(Clone)/Pivot/Bonus Reels/Reels/Pivot/FreeSpinsReel4/Symbol3/Pivot/FreeSpinsSymbol/Boost/Pivot
Game object with animator is inactive
animator animationStateName=boost gameObject=Pivot path=/Game/Machines/Pivot/FreeSpinsMachineParent/Pivot/Game001FreeSpinsMachine(Clone)/Pivot/Bonus Reels/Reels/Pivot/FreeSpinsReel4/Symbol4/Pivot/FreeSpinsSymbol/Boost/Pivot
Tests.cs RunFreeSpins currentFreeSpin=1
animator animationStateName=boost gameObject=Pivot path=/Game/Machines/Pivot/FreeSpinsMachineParent/Pivot/Game001FreeSpinsMachine(Clone)/Pivot/Bonus Reels/Reels/Pivot/FreeSpinsReel4/Symbol5/Pivot/FreeSpinsSymbol/Boost/Pivot
Tests.cs RunFreeSpins currentFreeSpin=1
Tests.cs RunFreeSpins currentFreeSpin=1
Tests.cs RunFreeSpins currentFreeSpin=1
Tests.cs RunFreeSpins currentFreeSpin=1
Tests.cs RunFreeSpins currentFreeSpin=1
Tests.cs RunFreeSpins currentFreeSpin=1
animator animationStateName=reset gameObject=Pivot path=/Game/Machines/Pivot/FreeSpinsMachineParent/Pivot/Game001FreeSpinsMachine(Clone)/Pivot/Bonus Reels/Reels/Pivot/FreeSpinsReel2/Symbol4/Pivot/FreeSpinsSymbol/WinX/Pivot
!activeSelf animator animationStateName=reset gameObject=Pivot path=/Game/Machines/Pivot/FreeSpinsMachineParent/Pivot/Game001FreeSpinsMachine(Clone)/Pivot/Bonus Reels/Reels/Pivot/FreeSpinsReel2/Symbol4/Pivot/FreeSpinsSymbol/WinX/Pivot
Game object with animator is inactive
Tests.cs RunFreeSpins currentFreeSpin=1
animator animationStateName=reset gameObject=Pivot path=/Game/Machines/Pivot/FreeSpinsMachineParent/Pivot/Game001FreeSpinsMachine(Clone)/Pivot/Bonus Reels/Reels/Pivot/FreeSpinsReel4/Symbol3/Pivot/FreeSpinsSymbol/Boost/Pivot
!activeSelf animator animationStateName=reset gameObject=Pivot path=/Game/Machines/Pivot/FreeSpinsMachineParent/Pivot/Game001FreeSpinsMachine(Clone)/Pivot/Bonus Reels/Reels/Pivot/FreeSpinsReel4/Symbol3/Pivot/FreeSpinsSymbol/Boost/Pivot
Game object with animator is inactive
animator animationStateName=reset gameObject=Pivot path=/Game/Machines/Pivot/FreeSpinsMachineParent/Pivot/Game001FreeSpinsMachine(Clone)/Pivot/Bonus Reels/Reels/Pivot/FreeSpinsReel4/Symbol4/Pivot/FreeSpinsSymbol/Boost/Pivot
Tests.cs RunFreeSpins currentFreeSpin=1
animator animationStateName=reset gameObject=Pivot path=/Game/Machines/Pivot/FreeSpinsMachineParent/Pivot/Game001FreeSpinsMachine(Clone)/Pivot/Bonus Reels/Reels/Pivot/FreeSpinsReel4/Symbol5/Pivot/FreeSpinsSymbol/Boost/Pivot
Tests.cs RunFreeSpins currentFreeSpin=1
animator animationStateName=win gameObject=Pivot path=/Game/Machines/Pivot/FreeSpinsMachineParent/Pivot/Game001FreeSpinsMachine(Clone)/Pivot/Bonus Reels/Reels/Pivot/FreeSpinsReel1/Symbol4/Pivot/FreeSpinsSymbol/F9/Pivot
animator animationStateName=win gameObject=Pivot path=/Game/Machines/Pivot/FreeSpinsMachineParent/Pivot/Game001FreeSpinsMachine(Clone)/Pivot/Bonus Reels/Reels/Pivot/FreeSpinsReel2/Symbol5/Pivot/FreeSpinsSymbol/WinX/Pivot
animator animationStateName=win gameObject=Pivot path=/Game/Machines/Pivot/FreeSpinsMachineParent/Pivot/Game001FreeSpinsMachine(Clone)/Pivot/Bonus Reels/Reels/Pivot/FreeSpinsReel3/Symbol4/Pivot/FreeSpinsSymbol/F5/Pivot
Tests.cs RunFreeSpins currentFreeSpin=1
Tests.cs RunFreeSpins currentFreeSpin=1
Tests.cs RunFreeSpins currentFreeSpin=1
Tests.cs RunFreeSpins currentFreeSpin=1
Tests.cs RunFreeSpins currentFreeSpin=2
Tests.cs RunFreeSpins currentFreeSpin=2
skipSplice=false reelID="Reel1" (Frame=1314)
skipSplice=false reelID="Reel2" (Frame=1315)
skipSplice=false reelID="Reel3" (Frame=1316)
Tests.cs RunFreeSpins currentFreeSpin=2
skipSplice=false reelID="Reel4" (Frame=1317)
Tests.cs RunFreeSpins currentFreeSpin=2
skipSplice=false reelID="Reel5" (Frame=1320)
Tests.cs RunFreeSpins currentFreeSpin=2
Tests.cs RunFreeSpins currentFreeSpin=2
animator animationStateName=boost gameObject=Pivot path=/Game/Machines/Pivot/FreeSpinsMachineParent/Pivot/Game001FreeSpinsMachine(Clone)/Pivot/Bonus Reels/Reels/Pivot/FreeSpinsReel4/Symbol5/Pivot/FreeSpinsSymbol/Boost/Pivot
!activeSelf animator animationStateName=boost gameObject=Pivot path=/Game/Machines/Pivot/FreeSpinsMachineParent/Pivot/Game001FreeSpinsMachine(Clone)/Pivot/Bonus Reels/Reels/Pivot/FreeSpinsReel4/Symbol5/Pivot/FreeSpinsSymbol/Boost/Pivot
Game object with animator is inactive
animator animationStateName=winX gameObject=Pivot path=/Game/Machines/Pivot/FreeSpinsMachineParent/Pivot/Game001FreeSpinsMachine(Clone)/Pivot/Bonus Reels/Reels/Pivot/FreeSpinsReel5/Symbol5/Pivot/FreeSpinsSymbol/WinX/Pivot
!activeSelf animator animationStateName=winX gameObject=Pivot path=/Game/Machines/Pivot/FreeSpinsMachineParent/Pivot/Game001FreeSpinsMachine(Clone)/Pivot/Bonus Reels/Reels/Pivot/FreeSpinsReel5/Symbol5/Pivot/FreeSpinsSymbol/WinX/Pivot
Game object with animator is inactive
Tests.cs RunFreeSpins currentFreeSpin=2
Tests.cs RunFreeSpins currentFreeSpin=2
Tests.cs RunFreeSpins currentFreeSpin=2
Tests.cs RunFreeSpins currentFreeSpin=2
animator animationStateName=multiplier gameObject=Pivot path=/Game/Machines/Pivot/FreeSpinsMachineParent/Pivot/Game001FreeSpinsMachine(Clone)/Pivot/Bonus Symbols/Pivot/Column5/Symbols/Pivot/Symbol8/Default/Pivot
Tests.cs RunFreeSpins currentFreeSpin=2
animator animationStateName=reset gameObject=Pivot path=/Game/Machines/Pivot/FreeSpinsMachineParent/Pivot/Game001FreeSpinsMachine(Clone)/Pivot/Bonus Reels/Reels/Pivot/FreeSpinsReel4/Symbol5/Pivot/FreeSpinsSymbol/Boost/Pivot
!activeSelf animator animationStateName=reset gameObject=Pivot path=/Game/Machines/Pivot/FreeSpinsMachineParent/Pivot/Game001FreeSpinsMachine(Clone)/Pivot/Bonus Reels/Reels/Pivot/FreeSpinsReel4/Symbol5/Pivot/FreeSpinsSymbol/Boost/Pivot
Game object with animator is inactive
animator animationStateName=reset gameObject=Pivot path=/Game/Machines/Pivot/FreeSpinsMachineParent/Pivot/Game001FreeSpinsMachine(Clone)/Pivot/Bonus Reels/Reels/Pivot/FreeSpinsReel5/Symbol5/Pivot/FreeSpinsSymbol/WinX/Pivot
!activeSelf animator animationStateName=reset gameObject=Pivot path=/Game/Machines/Pivot/FreeSpinsMachineParent/Pivot/Game001FreeSpinsMachine(Clone)/Pivot/Bonus Reels/Reels/Pivot/FreeSpinsReel5/Symbol5/Pivot/FreeSpinsSymbol/WinX/Pivot
Game object with animator is inactive
Tests.cs RunFreeSpins currentFreeSpin=2
Tests.cs RunFreeSpins currentFreeSpin=2
Tests.cs RunFreeSpins currentFreeSpin=2
Tests.cs RunFreeSpins currentFreeSpin=3
skipSplice=false reelID="Reel1" (Frame=1360)
Tests.cs RunFreeSpins currentFreeSpin=3
skipSplice=false reelID="Reel2" (Frame=1361)
skipSplice=false reelID="Reel3" (Frame=1362)
skipSplice=true reelID="Reel4" (Frame=1363)
Tests.cs RunFreeSpins currentFreeSpin=3
skipSplice=false reelID="Reel5" (Frame=1366)
Tests.cs RunFreeSpins currentFreeSpin=3
Tests.cs RunFreeSpins currentFreeSpin=3
animator animationStateName=show gameObject=Pivot path=/Game/Machines/Pivot/FreeSpinsMachineParent/Pivot/Game001FreeSpinsMachine(Clone)/Pivot/Bonus Symbols Free Spins Added Frame/Pivot
Tests.cs RunFreeSpins currentFreeSpin=3
Tests.cs RunFreeSpins currentFreeSpin=3
Tests.cs RunFreeSpins currentFreeSpin=3
Tests.cs RunFreeSpins currentFreeSpin=3
Tests.cs RunFreeSpins currentFreeSpin=4
skipSplice=false reelID="Reel1" (Frame=1391)
skipSplice=false reelID="Reel2" (Frame=1392)
skipSplice=false reelID="Reel3" (Frame=1393)
Tests.cs RunFreeSpins currentFreeSpin=4
skipSplice=false reelID="Reel4" (Frame=1395)
Tests.cs RunFreeSpins currentFreeSpin=4
skipSplice=false reelID="Reel5" (Frame=1397)
Tests.cs RunFreeSpins currentFreeSpin=4
animator animationStateName=boostALL gameObject=Pivot path=/Game/Machines/Pivot/FreeSpinsMachineParent/Pivot/Game001FreeSpinsMachine(Clone)/Pivot/Bonus Reels/Reels/Pivot/FreeSpinsReel2/Symbol3/Pivot/FreeSpinsSymbol/BoostALL/Pivot
!activeSelf animator animationStateName=boostALL gameObject=Pivot path=/Game/Machines/Pivot/FreeSpinsMachineParent/Pivot/Game001FreeSpinsMachine(Clone)/Pivot/Bonus Reels/Reels/Pivot/FreeSpinsReel2/Symbol3/Pivot/FreeSpinsSymbol/BoostALL/Pivot
Game object with animator is inactive
Tests.cs RunFreeSpins currentFreeSpin=4
Tests.cs RunFreeSpins currentFreeSpin=4
animator animationStateName=reset gameObject=Pivot path=/Game/Machines/Pivot/FreeSpinsMachineParent/Pivot/Game001FreeSpinsMachine(Clone)/Pivot/Bonus Reels/Reels/Pivot/FreeSpinsReel2/Symbol3/Pivot/FreeSpinsSymbol/BoostALL/Pivot
!activeSelf animator animationStateName=reset gameObject=Pivot path=/Game/Machines/Pivot/FreeSpinsMachineParent/Pivot/Game001FreeSpinsMachine(Clone)/Pivot/Bonus Reels/Reels/Pivot/FreeSpinsReel2/Symbol3/Pivot/FreeSpinsSymbol/BoostALL/Pivot
Game object with animator is inactive
Tests.cs RunFreeSpins currentFreeSpin=4
Tests.cs RunFreeSpins currentFreeSpin=4
Tests.cs RunFreeSpins currentFreeSpin=4
Tests.cs RunFreeSpins currentFreeSpin=5
skipSplice=false reelID="Reel1" (Frame=1425)
skipSplice=false reelID="Reel2" (Frame=1426)
Tests.cs RunFreeSpins currentFreeSpin=5
skipSplice=false reelID="Reel3" (Frame=1427)
skipSplice=false reelID="Reel4" (Frame=1428)
Tests.cs RunFreeSpins currentFreeSpin=5
skipSplice=false reelID="Reel5" (Frame=1431)
Tests.cs RunFreeSpins currentFreeSpin=5
Tests.cs RunFreeSpins currentFreeSpin=5
animator animationStateName=boost gameObject=Pivot path=/Game/Machines/Pivot/FreeSpinsMachineParent/Pivot/Game001FreeSpinsMachine(Clone)/Pivot/Bonus Reels/Reels/Pivot/FreeSpinsReel5/Symbol4/Pivot/FreeSpinsSymbol/Boost/Pivot
!activeSelf animator animationStateName=boost gameObject=Pivot path=/Game/Machines/Pivot/FreeSpinsMachineParent/Pivot/Game001FreeSpinsMachine(Clone)/Pivot/Bonus Reels/Reels/Pivot/FreeSpinsReel5/Symbol4/Pivot/FreeSpinsSymbol/Boost/Pivot
Game object with animator is inactive
animator animationStateName=boost gameObject=Pivot path=/Game/Machines/Pivot/FreeSpinsMachineParent/Pivot/Game001FreeSpinsMachine(Clone)/Pivot/Bonus Reels/Reels/Pivot/FreeSpinsReel5/Symbol5/Pivot/FreeSpinsSymbol/Boost/Pivot
Tests.cs RunFreeSpins currentFreeSpin=5
Tests.cs RunFreeSpins currentFreeSpin=5
Tests.cs RunFreeSpins currentFreeSpin=5
animator animationStateName=reset gameObject=Pivot path=/Game/Machines/Pivot/FreeSpinsMachineParent/Pivot/Game001FreeSpinsMachine(Clone)/Pivot/Bonus Reels/Reels/Pivot/FreeSpinsReel5/Symbol4/Pivot/FreeSpinsSymbol/Boost/Pivot
!activeSelf animator animationStateName=reset gameObject=Pivot path=/Game/Machines/Pivot/FreeSpinsMachineParent/Pivot/Game001FreeSpinsMachine(Clone)/Pivot/Bonus Reels/Reels/Pivot/FreeSpinsReel5/Symbol4/Pivot/FreeSpinsSymbol/Boost/Pivot
Game object with animator is inactive
Tests.cs RunFreeSpins currentFreeSpin=5
animator animationStateName=reset gameObject=Pivot path=/Game/Machines/Pivot/FreeSpinsMachineParent/Pivot/Game001FreeSpinsMachine(Clone)/Pivot/Bonus Reels/Reels/Pivot/FreeSpinsReel5/Symbol5/Pivot/FreeSpinsSymbol/Boost/Pivot
Tests.cs RunFreeSpins currentFreeSpin=5
animator animationStateName=win gameObject=Pivot path=/Game/Machines/Pivot/FreeSpinsMachineParent/Pivot/Game001FreeSpinsMachine(Clone)/Pivot/Bonus Reels/Reels/Pivot/FreeSpinsReel1/Symbol4/Pivot/FreeSpinsSymbol/F6/Pivot
animator animationStateName=win gameObject=Pivot path=/Game/Machines/Pivot/FreeSpinsMachineParent/Pivot/Game001FreeSpinsMachine(Clone)/Pivot/Bonus Reels/Reels/Pivot/FreeSpinsReel2/Symbol3/Pivot/FreeSpinsSymbol/M1/Pivot
animator animationStateName=win gameObject=Pivot path=/Game/Machines/Pivot/FreeSpinsMachineParent/Pivot/Game001FreeSpinsMachine(Clone)/Pivot/Bonus Reels/Reels/Pivot/FreeSpinsReel3/Symbol4/Pivot/FreeSpinsSymbol/F7/Pivot
animator animationStateName=win gameObject=Pivot path=/Game/Machines/Pivot/FreeSpinsMachineParent/Pivot/Game001FreeSpinsMachine(Clone)/Pivot/Bonus Reels/Reels/Pivot/FreeSpinsReel3/Symbol5/Pivot/FreeSpinsSymbol/F5/Pivot
Tests.cs RunFreeSpins currentFreeSpin=5
Tests.cs RunFreeSpins currentFreeSpin=5
animator animationStateName=win gameObject=Pivot path=/Game/Machines/Pivot/FreeSpinsMachineParent/Pivot/Game001FreeSpinsMachine(Clone)/Pivot/Bonus Reels/Reels/Pivot/FreeSpinsReel1/Symbol3/Pivot/FreeSpinsSymbol/M2/Pivot
animator animationStateName=win gameObject=Pivot path=/Game/Machines/Pivot/FreeSpinsMachineParent/Pivot/Game001FreeSpinsMachine(Clone)/Pivot/Bonus Reels/Reels/Pivot/FreeSpinsReel2/Symbol3/Pivot/FreeSpinsSymbol/M1/Pivot
animator animationStateName=win gameObject=Pivot path=/Game/Machines/Pivot/FreeSpinsMachineParent/Pivot/Game001FreeSpinsMachine(Clone)/Pivot/Bonus Reels/Reels/Pivot/FreeSpinsReel3/Symbol5/Pivot/FreeSpinsSymbol/F5/Pivot
Tests.cs RunFreeSpins currentFreeSpin=5
Tests.cs RunFreeSpins currentFreeSpin=5
animator animationStateName=win gameObject=Pivot path=/Game/Machines/Pivot/FreeSpinsMachineParent/Pivot/Game001FreeSpinsMachine(Clone)/Pivot/Bonus Reels/Reels/Pivot/FreeSpinsReel1/Symbol5/Pivot/FreeSpinsSymbol/F5/Pivot
animator animationStateName=win gameObject=Pivot path=/Game/Machines/Pivot/FreeSpinsMachineParent/Pivot/Game001FreeSpinsMachine(Clone)/Pivot/Bonus Reels/Reels/Pivot/FreeSpinsReel2/Symbol3/Pivot/FreeSpinsSymbol/M1/Pivot
animator animationStateName=win gameObject=Pivot path=/Game/Machines/Pivot/FreeSpinsMachineParent/Pivot/Game001FreeSpinsMachine(Clone)/Pivot/Bonus Reels/Reels/Pivot/FreeSpinsReel2/Symbol5/Pivot/FreeSpinsSymbol/F8/Pivot
Tests.cs RunFreeSpins currentFreeSpin=5
Tests.cs RunFreeSpins currentFreeSpin=5
Tests.cs RunFreeSpins currentFreeSpin=5
Tests.cs RunFreeSpins currentFreeSpin=5
Tests.cs RunFreeSpins currentFreeSpin=6
skipSplice=false reelID="Reel1" (Frame=1490)
skipSplice=false reelID="Reel2" (Frame=1491)
Tests.cs RunFreeSpins currentFreeSpin=6
skipSplice=false reelID="Reel3" (Frame=1492)
skipSplice=false reelID="Reel4" (Frame=1494)
Tests.cs RunFreeSpins currentFreeSpin=6
skipSplice=false reelID="Reel5" (Frame=1496)
Tests.cs RunFreeSpins currentFreeSpin=6
Tests.cs RunFreeSpins currentFreeSpin=6
animator animationStateName=winX gameObject=Pivot path=/Game/Machines/Pivot/FreeSpinsMachineParent/Pivot/Game001FreeSpinsMachine(Clone)/Pivot/Bonus Reels/Reels/Pivot/FreeSpinsReel1/Symbol3/Pivot/FreeSpinsSymbol/WinX/Pivot
!activeSelf animator animationStateName=winX gameObject=Pivot path=/Game/Machines/Pivot/FreeSpinsMachineParent/Pivot/Game001FreeSpinsMachine(Clone)/Pivot/Bonus Reels/Reels/Pivot/FreeSpinsReel1/Symbol3/Pivot/FreeSpinsSymbol/WinX/Pivot
Game object with animator is inactive
animator animationStateName=winX gameObject=Pivot path=/Game/Machines/Pivot/FreeSpinsMachineParent/Pivot/Game001FreeSpinsMachine(Clone)/Pivot/Bonus Reels/Reels/Pivot/FreeSpinsReel5/Symbol5/Pivot/FreeSpinsSymbol/WinX/Pivot
Tests.cs RunFreeSpins currentFreeSpin=6
Tests.cs RunFreeSpins currentFreeSpin=6
Tests.cs RunFreeSpins currentFreeSpin=6
Tests.cs RunFreeSpins currentFreeSpin=6
Tests.cs RunFreeSpins currentFreeSpin=6
Tests.cs RunFreeSpins currentFreeSpin=6
animator animationStateName=reset gameObject=Pivot path=/Game/Machines/Pivot/FreeSpinsMachineParent/Pivot/Game001FreeSpinsMachine(Clone)/Pivot/Bonus Reels/Reels/Pivot/FreeSpinsReel1/Symbol3/Pivot/FreeSpinsSymbol/WinX/Pivot
!activeSelf animator animationStateName=reset gameObject=Pivot path=/Game/Machines/Pivot/FreeSpinsMachineParent/Pivot/Game001FreeSpinsMachine(Clone)/Pivot/Bonus Reels/Reels/Pivot/FreeSpinsReel1/Symbol3/Pivot/FreeSpinsSymbol/WinX/Pivot
Game object with animator is inactive
animator animationStateName=reset gameObject=Pivot path=/Game/Machines/Pivot/FreeSpinsMachineParent/Pivot/Game001FreeSpinsMachine(Clone)/Pivot/Bonus Reels/Reels/Pivot/FreeSpinsReel5/Symbol5/Pivot/FreeSpinsSymbol/WinX/Pivot
Tests.cs RunFreeSpins currentFreeSpin=6
Tests.cs RunFreeSpins currentFreeSpin=6
animator animationStateName=win gameObject=Pivot path=/Game/Machines/Pivot/FreeSpinsMachineParent/Pivot/Game001FreeSpinsMachine(Clone)/Pivot/Bonus Reels/Reels/Pivot/FreeSpinsReel1/Symbol4/Pivot/FreeSpinsSymbol/WinX/Pivot
animator animationStateName=win gameObject=Pivot path=/Game/Machines/Pivot/FreeSpinsMachineParent/Pivot/Game001FreeSpinsMachine(Clone)/Pivot/Bonus Reels/Reels/Pivot/FreeSpinsReel2/Symbol5/Pivot/FreeSpinsSymbol/M1/Pivot
animator animationStateName=win gameObject=Pivot path=/Game/Machines/Pivot/FreeSpinsMachineParent/Pivot/Game001FreeSpinsMachine(Clone)/Pivot/Bonus Reels/Reels/Pivot/FreeSpinsReel3/Symbol3/Pivot/FreeSpinsSymbol/F7/Pivot
Tests.cs RunFreeSpins currentFreeSpin=6
Tests.cs RunFreeSpins currentFreeSpin=6
animator animationStateName=win gameObject=Pivot path=/Game/Machines/Pivot/FreeSpinsMachineParent/Pivot/Game001FreeSpinsMachine(Clone)/Pivot/Bonus Reels/Reels/Pivot/FreeSpinsReel1/Symbol5/Pivot/FreeSpinsSymbol/M4/Pivot
animator animationStateName=win gameObject=Pivot path=/Game/Machines/Pivot/FreeSpinsMachineParent/Pivot/Game001FreeSpinsMachine(Clone)/Pivot/Bonus Reels/Reels/Pivot/FreeSpinsReel2/Symbol5/Pivot/FreeSpinsSymbol/M1/Pivot
animator animationStateName=win gameObject=Pivot path=/Game/Machines/Pivot/FreeSpinsMachineParent/Pivot/Game001FreeSpinsMachine(Clone)/Pivot/Bonus Reels/Reels/Pivot/FreeSpinsReel3/Symbol3/Pivot/FreeSpinsSymbol/F7/Pivot
Tests.cs RunFreeSpins currentFreeSpin=6
Tests.cs RunFreeSpins currentFreeSpin=6
Tests.cs RunFreeSpins currentFreeSpin=6
Tests.cs RunFreeSpins currentFreeSpin=7
skipSplice=false reelID="Reel1" (Frame=1555)
Tests.cs RunFreeSpins currentFreeSpin=7
skipSplice=false reelID="Reel2" (Frame=1556)
skipSplice=false reelID="Reel3" (Frame=1557)
skipSplice=false reelID="Reel4" (Frame=1558)
Tests.cs RunFreeSpins currentFreeSpin=7
skipSplice=false reelID="Reel5" (Frame=1561)
Tests.cs RunFreeSpins currentFreeSpin=7
Tests.cs RunFreeSpins currentFreeSpin=7
animator animationStateName=winX gameObject=Pivot path=/Game/Machines/Pivot/FreeSpinsMachineParent/Pivot/Game001FreeSpinsMachine(Clone)/Pivot/Bonus Reels/Reels/Pivot/FreeSpinsReel3/Symbol3/Pivot/FreeSpinsSymbol/WinX/Pivot
!activeSelf animator animationStateName=winX gameObject=Pivot path=/Game/Machines/Pivot/FreeSpinsMachineParent/Pivot/Game001FreeSpinsMachine(Clone)/Pivot/Bonus Reels/Reels/Pivot/FreeSpinsReel3/Symbol3/Pivot/FreeSpinsSymbol/WinX/Pivot
Game object with animator is inactive
Tests.cs RunFreeSpins currentFreeSpin=7
Tests.cs RunFreeSpins currentFreeSpin=7
Tests.cs RunFreeSpins currentFreeSpin=7
animator animationStateName=multiplier gameObject=Pivot path=/Game/Machines/Pivot/FreeSpinsMachineParent/Pivot/Game001FreeSpinsMachine(Clone)/Pivot/Bonus Symbols/Pivot/Column3/Symbols/Pivot/Symbol7/Default/Pivot
animator animationStateName=reset gameObject=Pivot path=/Game/Machines/Pivot/FreeSpinsMachineParent/Pivot/Game001FreeSpinsMachine(Clone)/Pivot/Bonus Reels/Reels/Pivot/FreeSpinsReel3/Symbol3/Pivot/FreeSpinsSymbol/WinX/Pivot
!activeSelf animator animationStateName=reset gameObject=Pivot path=/Game/Machines/Pivot/FreeSpinsMachineParent/Pivot/Game001FreeSpinsMachine(Clone)/Pivot/Bonus Reels/Reels/Pivot/FreeSpinsReel3/Symbol3/Pivot/FreeSpinsSymbol/WinX/Pivot
Game object with animator is inactive
Tests.cs RunFreeSpins currentFreeSpin=7
Tests.cs RunFreeSpins currentFreeSpin=7
Tests.cs RunFreeSpins currentFreeSpin=7
Tests.cs RunFreeSpins currentFreeSpin=8
skipSplice=false reelID="Reel1" (Frame=1594)
skipSplice=false reelID="Reel2" (Frame=1595)
Tests.cs RunFreeSpins currentFreeSpin=8
skipSplice=true reelID="Reel3" (Frame=1596)
skipSplice=false reelID="Reel4" (Frame=1598)
Tests.cs RunFreeSpins currentFreeSpin=8
skipSplice=false reelID="Reel5" (Frame=1600)
Tests.cs RunFreeSpins currentFreeSpin=8
Tests.cs RunFreeSpins currentFreeSpin=8
animator animationStateName=boost gameObject=Pivot path=/Game/Machines/Pivot/FreeSpinsMachineParent/Pivot/Game001FreeSpinsMachine(Clone)/Pivot/Bonus Reels/Reels/Pivot/FreeSpinsReel2/Symbol3/Pivot/FreeSpinsSymbol/Boost/Pivot
!activeSelf animator animationStateName=boost gameObject=Pivot path=/Game/Machines/Pivot/FreeSpinsMachineParent/Pivot/Game001FreeSpinsMachine(Clone)/Pivot/Bonus Reels/Reels/Pivot/FreeSpinsReel2/Symbol3/Pivot/FreeSpinsSymbol/Boost/Pivot
Game object with animator is inactive
Tests.cs RunFreeSpins currentFreeSpin=8
animator animationStateName=boost gameObject=Pivot path=/Game/Machines/Pivot/FreeSpinsMachineParent/Pivot/Game001FreeSpinsMachine(Clone)/Pivot/Bonus Reels/Reels/Pivot/FreeSpinsReel4/Symbol5/Pivot/FreeSpinsSymbol/Boost/Pivot
!activeSelf animator animationStateName=boost gameObject=Pivot path=/Game/Machines/Pivot/FreeSpinsMachineParent/Pivot/Game001FreeSpinsMachine(Clone)/Pivot/Bonus Reels/Reels/Pivot/FreeSpinsReel4/Symbol5/Pivot/FreeSpinsSymbol/Boost/Pivot
Game object with animator is inactive
Tests.cs RunFreeSpins currentFreeSpin=8
Tests.cs RunFreeSpins currentFreeSpin=8
Tests.cs RunFreeSpins currentFreeSpin=8
animator animationStateName=reset gameObject=Pivot path=/Game/Machines/Pivot/FreeSpinsMachineParent/Pivot/Game001FreeSpinsMachine(Clone)/Pivot/Bonus Reels/Reels/Pivot/FreeSpinsReel2/Symbol3/Pivot/FreeSpinsSymbol/Boost/Pivot
!activeSelf animator animationStateName=reset gameObject=Pivot path=/Game/Machines/Pivot/FreeSpinsMachineParent/Pivot/Game001FreeSpinsMachine(Clone)/Pivot/Bonus Reels/Reels/Pivot/FreeSpinsReel2/Symbol3/Pivot/FreeSpinsSymbol/Boost/Pivot
Game object with animator is inactive
animator animationStateName=reset gameObject=Pivot path=/Game/Machines/Pivot/FreeSpinsMachineParent/Pivot/Game001FreeSpinsMachine(Clone)/Pivot/Bonus Reels/Reels/Pivot/FreeSpinsReel4/Symbol5/Pivot/FreeSpinsSymbol/Boost/Pivot
!activeSelf animator animationStateName=reset gameObject=Pivot path=/Game/Machines/Pivot/FreeSpinsMachineParent/Pivot/Game001FreeSpinsMachine(Clone)/Pivot/Bonus Reels/Reels/Pivot/FreeSpinsReel4/Symbol5/Pivot/FreeSpinsSymbol/Boost/Pivot
Game object with animator is inactive
Tests.cs RunFreeSpins currentFreeSpin=8
Tests.cs RunFreeSpins currentFreeSpin=8
Tests.cs RunFreeSpins currentFreeSpin=8
Tests.cs RunFreeSpins currentFreeSpin=9
skipSplice=false reelID="Reel1" (Frame=1637)
Tests.cs RunFreeSpins currentFreeSpin=9
skipSplice=false reelID="Reel2" (Frame=1638)
skipSplice=false reelID="Reel3" (Frame=1639)
skipSplice=false reelID="Reel4" (Frame=1640)
Tests.cs RunFreeSpins currentFreeSpin=9
skipSplice=false reelID="Reel5" (Frame=1643)
Tests.cs RunFreeSpins currentFreeSpin=9
Tests.cs RunFreeSpins currentFreeSpin=9
animator animationStateName=boost gameObject=Pivot path=/Game/Machines/Pivot/FreeSpinsMachineParent/Pivot/Game001FreeSpinsMachine(Clone)/Pivot/Bonus Reels/Reels/Pivot/FreeSpinsReel5/Symbol4/Pivot/FreeSpinsSymbol/Boost/Pivot
!activeSelf animator animationStateName=boost gameObject=Pivot path=/Game/Machines/Pivot/FreeSpinsMachineParent/Pivot/Game001FreeSpinsMachine(Clone)/Pivot/Bonus Reels/Reels/Pivot/FreeSpinsReel5/Symbol4/Pivot/FreeSpinsSymbol/Boost/Pivot
Game object with animator is inactive
Tests.cs RunFreeSpins currentFreeSpin=9
Tests.cs RunFreeSpins currentFreeSpin=9
animator animationStateName=reset gameObject=Pivot path=/Game/Machines/Pivot/FreeSpinsMachineParent/Pivot/Game001FreeSpinsMachine(Clone)/Pivot/Bonus Reels/Reels/Pivot/FreeSpinsReel5/Symbol4/Pivot/FreeSpinsSymbol/Boost/Pivot
!activeSelf animator animationStateName=reset gameObject=Pivot path=/Game/Machines/Pivot/FreeSpinsMachineParent/Pivot/Game001FreeSpinsMachine(Clone)/Pivot/Bonus Reels/Reels/Pivot/FreeSpinsReel5/Symbol4/Pivot/FreeSpinsSymbol/Boost/Pivot
Game object with animator is inactive
Tests.cs RunFreeSpins currentFreeSpin=9
Tests.cs RunFreeSpins currentFreeSpin=9
skipSplice=false reelID="Reel1" (Frame=1671)
skipSplice=false reelID="Reel2" (Frame=1672)
skipSplice=false reelID="Reel3" (Frame=1673)
skipSplice=false reelID="Reel4" (Frame=1675)
skipSplice=false reelID="Reel5" (Frame=1677)
animator animationStateName=winX gameObject=Pivot path=/Game/Machines/Pivot/FreeSpinsMachineParent/Pivot/Game001FreeSpinsMachine(Clone)/Pivot/Bonus Reels/Reels/Pivot/FreeSpinsReel1/Symbol3/Pivot/FreeSpinsSymbol/WinX/Pivot
animator animationStateName=reset gameObject=Pivot path=/Game/Machines/Pivot/FreeSpinsMachineParent/Pivot/Game001FreeSpinsMachine(Clone)/Pivot/Bonus Reels/Reels/Pivot/FreeSpinsReel1/Symbol3/Pivot/FreeSpinsSymbol/WinX/Pivot
animator animationStateName=show gameObject=Pivot path=/Game/Machines/Pivot/FreeSpinsMachineParent/Pivot/Game001FreeSpinsMachine(Clone)/Pivot/Free Spins Bonus Summary Frame/Pivot
animator animationStateName=multiplier_hide gameObject=Pivot path=/Game/Machines/Pivot/FreeSpinsMachineParent/Pivot/Game001FreeSpinsMachine(Clone)/Pivot/Bonus Symbols/Pivot/Column1/Symbols/Pivot/Symbol1/Default/Pivot
animator animationStateName=multiplier_hide gameObject=Pivot path=/Game/Machines/Pivot/FreeSpinsMachineParent/Pivot/Game001FreeSpinsMachine(Clone)/Pivot/Bonus Symbols/Pivot/Column2/Symbols/Pivot/Symbol1/Default/Pivot
animator animationStateName=multiplier_hide gameObject=Pivot path=/Game/Machines/Pivot/FreeSpinsMachineParent/Pivot/Game001FreeSpinsMachine(Clone)/Pivot/Bonus Symbols/Pivot/Column3/Symbols/Pivot/Symbol1/Default/Pivot
animator animationStateName=multiplier_hide gameObject=Pivot path=/Game/Machines/Pivot/FreeSpinsMachineParent/Pivot/Game001FreeSpinsMachine(Clone)/Pivot/Bonus Symbols/Pivot/Column4/Symbols/Pivot/Symbol1/Default/Pivot
animator animationStateName=multiplier_hide gameObject=Pivot path=/Game/Machines/Pivot/FreeSpinsMachineParent/Pivot/Game001FreeSpinsMachine(Clone)/Pivot/Bonus Symbols/Pivot/Column5/Symbols/Pivot/Symbol1/Default/Pivot
animator animationStateName=multiplier_hide gameObject=Pivot path=/Game/Machines/Pivot/FreeSpinsMachineParent/Pivot/Game001FreeSpinsMachine(Clone)/Pivot/Bonus Symbols/Pivot/Column1/Symbols/Pivot/Symbol2/Default/Pivot
animator animationStateName=multiplier_hide gameObject=Pivot path=/Game/Machines/Pivot/FreeSpinsMachineParent/Pivot/Game001FreeSpinsMachine(Clone)/Pivot/Bonus Symbols/Pivot/Column2/Symbols/Pivot/Symbol2/Default/Pivot
animator animationStateName=multiplier_hide gameObject=Pivot path=/Game/Machines/Pivot/FreeSpinsMachineParent/Pivot/Game001FreeSpinsMachine(Clone)/Pivot/Bonus Symbols/Pivot/Column3/Symbols/Pivot/Symbol2/Default/Pivot
animator animationStateName=multiplier_hide gameObject=Pivot path=/Game/Machines/Pivot/FreeSpinsMachineParent/Pivot/Game001FreeSpinsMachine(Clone)/Pivot/Bonus Symbols/Pivot/Column4/Symbols/Pivot/Symbol2/Default/Pivot
animator animationStateName=multiplier_hide gameObject=Pivot path=/Game/Machines/Pivot/FreeSpinsMachineParent/Pivot/Game001FreeSpinsMachine(Clone)/Pivot/Bonus Symbols/Pivot/Column5/Symbols/Pivot/Symbol2/Default/Pivot
animator animationStateName=multiplier_hide gameObject=Pivot path=/Game/Machines/Pivot/FreeSpinsMachineParent/Pivot/Game001FreeSpinsMachine(Clone)/Pivot/Bonus Symbols/Pivot/Column1/Symbols/Pivot/Symbol3/Default/Pivot
animator animationStateName=multiplier_hide gameObject=Pivot path=/Game/Machines/Pivot/FreeSpinsMachineParent/Pivot/Game001FreeSpinsMachine(Clone)/Pivot/Bonus Symbols/Pivot/Column2/Symbols/Pivot/Symbol3/Default/Pivot
animator animationStateName=multiplier_hide gameObject=Pivot path=/Game/Machines/Pivot/FreeSpinsMachineParent/Pivot/Game001FreeSpinsMachine(Clone)/Pivot/Bonus Symbols/Pivot/Column3/Symbols/Pivot/Symbol3/Default/Pivot
animator animationStateName=multiplier_hide gameObject=Pivot path=/Game/Machines/Pivot/FreeSpinsMachineParent/Pivot/Game001FreeSpinsMachine(Clone)/Pivot/Bonus Symbols/Pivot/Column4/Symbols/Pivot/Symbol3/Default/Pivot
animator animationStateName=multiplier_hide gameObject=Pivot path=/Game/Machines/Pivot/FreeSpinsMachineParent/Pivot/Game001FreeSpinsMachine(Clone)/Pivot/Bonus Symbols/Pivot/Column5/Symbols/Pivot/Symbol3/Default/Pivot
animator animationStateName=multiplier_hide gameObject=Pivot path=/Game/Machines/Pivot/FreeSpinsMachineParent/Pivot/Game001FreeSpinsMachine(Clone)/Pivot/Bonus Symbols/Pivot/Column1/Symbols/Pivot/Symbol4/Default/Pivot
animator animationStateName=multiplier_hide gameObject=Pivot path=/Game/Machines/Pivot/FreeSpinsMachineParent/Pivot/Game001FreeSpinsMachine(Clone)/Pivot/Bonus Symbols/Pivot/Column2/Symbols/Pivot/Symbol4/Default/Pivot
animator animationStateName=multiplier_hide gameObject=Pivot path=/Game/Machines/Pivot/FreeSpinsMachineParent/Pivot/Game001FreeSpinsMachine(Clone)/Pivot/Bonus Symbols/Pivot/Column3/Symbols/Pivot/Symbol4/Default/Pivot
animator animationStateName=multiplier_hide gameObject=Pivot path=/Game/Machines/Pivot/FreeSpinsMachineParent/Pivot/Game001FreeSpinsMachine(Clone)/Pivot/Bonus Symbols/Pivot/Column4/Symbols/Pivot/Symbol4/Default/Pivot
animator animationStateName=multiplier_hide gameObject=Pivot path=/Game/Machines/Pivot/FreeSpinsMachineParent/Pivot/Game001FreeSpinsMachine(Clone)/Pivot/Bonus Symbols/Pivot/Column5/Symbols/Pivot/Symbol4/Default/Pivot
animator animationStateName=multiplier_hide gameObject=Pivot path=/Game/Machines/Pivot/FreeSpinsMachineParent/Pivot/Game001FreeSpinsMachine(Clone)/Pivot/Bonus Symbols/Pivot/Column1/Symbols/Pivot/Symbol5/Default/Pivot
animator animationStateName=multiplier_hide gameObject=Pivot path=/Game/Machines/Pivot/FreeSpinsMachineParent/Pivot/Game001FreeSpinsMachine(Clone)/Pivot/Bonus Symbols/Pivot/Column2/Symbols/Pivot/Symbol5/Default/Pivot
animator animationStateName=multiplier_hide gameObject=Pivot path=/Game/Machines/Pivot/FreeSpinsMachineParent/Pivot/Game001FreeSpinsMachine(Clone)/Pivot/Bonus Symbols/Pivot/Column3/Symbols/Pivot/Symbol5/Default/Pivot
animator animationStateName=multiplier_hide gameObject=Pivot path=/Game/Machines/Pivot/FreeSpinsMachineParent/Pivot/Game001FreeSpinsMachine(Clone)/Pivot/Bonus Symbols/Pivot/Column4/Symbols/Pivot/Symbol5/Default/Pivot
animator animationStateName=multiplier_hide gameObject=Pivot path=/Game/Machines/Pivot/FreeSpinsMachineParent/Pivot/Game001FreeSpinsMachine(Clone)/Pivot/Bonus Symbols/Pivot/Column5/Symbols/Pivot/Symbol5/Default/Pivot
animator animationStateName=multiplier_hide gameObject=Pivot path=/Game/Machines/Pivot/FreeSpinsMachineParent/Pivot/Game001FreeSpinsMachine(Clone)/Pivot/Bonus Symbols/Pivot/Column1/Symbols/Pivot/Symbol6/Default/Pivot
animator animationStateName=multiplier_hide gameObject=Pivot path=/Game/Machines/Pivot/FreeSpinsMachineParent/Pivot/Game001FreeSpinsMachine(Clone)/Pivot/Bonus Symbols/Pivot/Column2/Symbols/Pivot/Symbol6/Default/Pivot
animator animationStateName=multiplier_hide gameObject=Pivot path=/Game/Machines/Pivot/FreeSpinsMachineParent/Pivot/Game001FreeSpinsMachine(Clone)/Pivot/Bonus Symbols/Pivot/Column3/Symbols/Pivot/Symbol6/Default/Pivot
animator animationStateName=multiplier_hide gameObject=Pivot path=/Game/Machines/Pivot/FreeSpinsMachineParent/Pivot/Game001FreeSpinsMachine(Clone)/Pivot/Bonus Symbols/Pivot/Column4/Symbols/Pivot/Symbol6/Default/Pivot
animator animationStateName=multiplier_hide gameObject=Pivot path=/Game/Machines/Pivot/FreeSpinsMachineParent/Pivot/Game001FreeSpinsMachine(Clone)/Pivot/Bonus Symbols/Pivot/Column5/Symbols/Pivot/Symbol6/Default/Pivot
animator animationStateName=multiplier_hide gameObject=Pivot path=/Game/Machines/Pivot/FreeSpinsMachineParent/Pivot/Game001FreeSpinsMachine(Clone)/Pivot/Bonus Symbols/Pivot/Column1/Symbols/Pivot/Symbol7/Default/Pivot
animator animationStateName=multiplier_hide gameObject=Pivot path=/Game/Machines/Pivot/FreeSpinsMachineParent/Pivot/Game001FreeSpinsMachine(Clone)/Pivot/Bonus Symbols/Pivot/Column2/Symbols/Pivot/Symbol7/Default/Pivot
animator animationStateName=multiplier_hide gameObject=Pivot path=/Game/Machines/Pivot/FreeSpinsMachineParent/Pivot/Game001FreeSpinsMachine(Clone)/Pivot/Bonus Symbols/Pivot/Column3/Symbols/Pivot/Symbol7/Default/Pivot
animator animationStateName=multiplier_hide gameObject=Pivot path=/Game/Machines/Pivot/FreeSpinsMachineParent/Pivot/Game001FreeSpinsMachine(Clone)/Pivot/Bonus Symbols/Pivot/Column4/Symbols/Pivot/Symbol7/Default/Pivot
animator animationStateName=multiplier_hide gameObject=Pivot path=/Game/Machines/Pivot/FreeSpinsMachineParent/Pivot/Game001FreeSpinsMachine(Clone)/Pivot/Bonus Symbols/Pivot/Column5/Symbols/Pivot/Symbol7/Default/Pivot
animator animationStateName=multiplier_hide gameObject=Pivot path=/Game/Machines/Pivot/FreeSpinsMachineParent/Pivot/Game001FreeSpinsMachine(Clone)/Pivot/Bonus Symbols/Pivot/Column1/Symbols/Pivot/Symbol8/Default/Pivot
animator animationStateName=multiplier_hide gameObject=Pivot path=/Game/Machines/Pivot/FreeSpinsMachineParent/Pivot/Game001FreeSpinsMachine(Clone)/Pivot/Bonus Symbols/Pivot/Column2/Symbols/Pivot/Symbol8/Default/Pivot
animator animationStateName=multiplier_hide gameObject=Pivot path=/Game/Machines/Pivot/FreeSpinsMachineParent/Pivot/Game001FreeSpinsMachine(Clone)/Pivot/Bonus Symbols/Pivot/Column3/Symbols/Pivot/Symbol8/Default/Pivot
animator animationStateName=multiplier_hide gameObject=Pivot path=/Game/Machines/Pivot/FreeSpinsMachineParent/Pivot/Game001FreeSpinsMachine(Clone)/Pivot/Bonus Symbols/Pivot/Column4/Symbols/Pivot/Symbol8/Default/Pivot
animator animationStateName=multiplier_hide gameObject=Pivot path=/Game/Machines/Pivot/FreeSpinsMachineParent/Pivot/Game001FreeSpinsMachine(Clone)/Pivot/Bonus Symbols/Pivot/Column5/Symbols/Pivot/Symbol8/Default/Pivot
animator animationStateName=reset gameObject=Pivot path=/Game/Machines/Pivot/FreeSpinsMachineParent/Pivot/Game001FreeSpinsMachine(Clone)/Pivot/Free Spins Bonus Summary Frame/Pivot
animator animationStateName=slide_in gameObject=Pivot path=/Game/ReelOverlays/Pivot/FreeSpinsTriggerOverlayParent/Pivot
animator animationStateName=hide gameObject=Pivot path=/Game/Backgrounds/Pivot/FreeSpinsBackgroundParent/Pivot/Game001FreeSpinsBackground(Clone)/Pivot
animator animationStateName=show gameObject=Pivot path=/Game/Backgrounds/Pivot/BaseGameBackgroundParent/Pivot/Game001BaseGameBackground(Clone)/Pivot
animator animationStateName=slide_out gameObject=Pivot path=/Game/ReelOverlays/Pivot/FreeSpinsTriggerOverlayParent/Pivot
animator animationStateName=free_spins_trigger_fade_out gameObject=Pivot path=/Game/Machines/Pivot/BaseGameMachineParent/Pivot/Game001BaseGameMachine(Clone)/Pivot
Game001BaseGameMachine OnPointerClick tile id="Game001BaseGameMachine" (Frame=1842)
scriptName=Game001Outcome000000004 loaded successfully at frame=1847
animator animationStateName=land gameObject=Pivot path=/Game/Machines/Pivot/BaseGameMachineParent/Pivot/Game001BaseGameMachine(Clone)/Pivot/Reels/Pivot/BaseGameReel2/Symbol5/Pivot/BaseGameSymbol/F6/Pivot
animator animationStateName=win gameObject=Pivot path=/Game/Machines/Pivot/BaseGameMachineParent/Pivot/Game001BaseGameMachine(Clone)/Pivot/Reels/Pivot/BaseGameReel1/Symbol4/Pivot/BaseGameSymbol/F7/Pivot
animator animationStateName=win gameObject=Pivot path=/Game/Machines/Pivot/BaseGameMachineParent/Pivot/Game001BaseGameMachine(Clone)/Pivot/Reels/Pivot/BaseGameReel2/Symbol5/Pivot/BaseGameSymbol/F6/Pivot
animator animationStateName=win gameObject=Pivot path=/Game/Machines/Pivot/BaseGameMachineParent/Pivot/Game001BaseGameMachine(Clone)/Pivot/Reels/Pivot/BaseGameReel3/Symbol4/Pivot/BaseGameSymbol/F5/Pivot
animator animationStateName=win gameObject=Pivot path=/Game/Machines/Pivot/BaseGameMachineParent/Pivot/Game001BaseGameMachine(Clone)/Pivot/Reels/Pivot/BaseGameReel3/Symbol5/Pivot/BaseGameSymbol/F9/Pivot
animator animationStateName=win gameObject=Pivot path=/Game/Machines/Pivot/BaseGameMachineParent/Pivot/Game001BaseGameMachine(Clone)/Pivot/Reels/Pivot/BaseGameReel1/Symbol4/Pivot/BaseGameSymbol/F7/Pivot
animator animationStateName=win gameObject=Pivot path=/Game/Machines/Pivot/BaseGameMachineParent/Pivot/Game001BaseGameMachine(Clone)/Pivot/Reels/Pivot/BaseGameReel2/Symbol5/Pivot/BaseGameSymbol/F6/Pivot
animator animationStateName=win gameObject=Pivot path=/Game/Machines/Pivot/BaseGameMachineParent/Pivot/Game001BaseGameMachine(Clone)/Pivot/Reels/Pivot/BaseGameReel3/Symbol4/Pivot/BaseGameSymbol/F5/Pivot
animator animationStateName=win gameObject=Pivot path=/Game/Machines/Pivot/BaseGameMachineParent/Pivot/Game001BaseGameMachine(Clone)/Pivot/Reels/Pivot/BaseGameReel3/Symbol5/Pivot/BaseGameSymbol/F9/Pivot
animator animationStateName=win gameObject=Pivot path=/Game/Machines/Pivot/BaseGameMachineParent/Pivot/Game001BaseGameMachine(Clone)/Pivot/Reels/Pivot/BaseGameReel1/Symbol4/Pivot/BaseGameSymbol/F7/Pivot
animator animationStateName=win gameObject=Pivot path=/Game/Machines/Pivot/BaseGameMachineParent/Pivot/Game001BaseGameMachine(Clone)/Pivot/Reels/Pivot/BaseGameReel2/Symbol5/Pivot/BaseGameSymbol/F6/Pivot
animator animationStateName=win gameObject=Pivot path=/Game/Machines/Pivot/BaseGameMachineParent/Pivot/Game001BaseGameMachine(Clone)/Pivot/Reels/Pivot/BaseGameReel3/Symbol4/Pivot/BaseGameSymbol/F5/Pivot
animator animationStateName=win gameObject=Pivot path=/Game/Machines/Pivot/BaseGameMachineParent/Pivot/Game001BaseGameMachine(Clone)/Pivot/Reels/Pivot/BaseGameReel3/Symbol5/Pivot/BaseGameSymbol/F9/Pivot
]]></output>
                  </test-case>
                </test-suite>
              </test-suite>
            </test-suite>
          </test-suite>
        </test-suite>
      </test-suite>
    </test-suite>
  </test-suite>
</test-run>