<?xml version="1.0" encoding="utf-8"?>
<test-run id="2" testcasecount="4" result="Passed" total="4" passed="4" failed="0" inconclusive="0" skipped="0" asserts="0" engine-version="3.5.0.0" clr-version="4.0.30319.42000" start-time="2024-02-18 07:42:54Z" end-time="2024-02-18 07:44:00Z" duration="65.6546878">
  <test-suite type="TestSuite" id="1000" name="Unity" fullname="Unity" runstate="Runnable" testcasecount="5" result="Passed" start-time="2024-02-18 07:42:54Z" end-time="2024-02-18 07:44:00Z" duration="65.654688" total="4" passed="4" failed="0" inconclusive="0" skipped="0" asserts="0">
    <properties />
    <test-suite type="Assembly" id="1014" name="casino.bettr.plugin.Main.Tests.dll" fullname="/Users/rvergis/Documents/External/Bettr/GitHub/bettr-casino/slots-game-plugins/Unity/Library/ScriptAssemblies/casino.bettr.plugin.Main.Tests.dll" runstate="Runnable" testcasecount="4" result="Passed" start-time="2024-02-18 07:42:54Z" end-time="2024-02-18 07:44:00Z" duration="65.651061" total="4" passed="4" failed="0" inconclusive="0" skipped="0" asserts="0">
      <properties>
        <property name="_PID" value="19534" />
        <property name="_APPDOMAIN" value="Unity Child Domain" />
        <property name="platform" value="PlayMode" />
      </properties>
      <test-suite type="TestSuite" id="1015" name="Bettr" fullname="Bettr" runstate="Runnable" testcasecount="4" result="Passed" start-time="2024-02-18 07:42:54Z" end-time="2024-02-18 07:44:00Z" duration="65.650671" total="4" passed="4" failed="0" inconclusive="0" skipped="0" asserts="0">
        <properties />
        <test-suite type="TestSuite" id="1016" name="Runtime" fullname="Bettr.Runtime" runstate="Runnable" testcasecount="4" result="Passed" start-time="2024-02-18 07:42:54Z" end-time="2024-02-18 07:44:00Z" duration="65.650374" total="4" passed="4" failed="0" inconclusive="0" skipped="0" asserts="0">
          <properties />
          <test-suite type="TestSuite" id="1017" name="Plugin" fullname="Bettr.Runtime.Plugin" runstate="Runnable" testcasecount="4" result="Passed" start-time="2024-02-18 07:42:54Z" end-time="2024-02-18 07:44:00Z" duration="65.650169" total="4" passed="4" failed="0" inconclusive="0" skipped="0" asserts="0">
            <properties />
            <test-suite type="TestSuite" id="1018" name="Main" fullname="Bettr.Runtime.Plugin.Main" runstate="Runnable" testcasecount="4" result="Passed" start-time="2024-02-18 07:42:54Z" end-time="2024-02-18 07:44:00Z" duration="65.649940" total="4" passed="4" failed="0" inconclusive="0" skipped="0" asserts="0">
              <properties />
              <test-suite type="TestSuite" id="1019" name="Tests" fullname="Bettr.Runtime.Plugin.Main.Tests" runstate="Runnable" testcasecount="4" result="Passed" start-time="2024-02-18 07:42:54Z" end-time="2024-02-18 07:44:00Z" duration="65.649660" total="4" passed="4" failed="0" inconclusive="0" skipped="0" asserts="0">
                <properties />
                <test-suite type="TestFixture" id="1009" name="Tests" fullname="Bettr.Runtime.Plugin.Main.Tests.Tests" classname="Bettr.Runtime.Plugin.Main.Tests.Tests" runstate="Runnable" testcasecount="4" result="Passed" start-time="2024-02-18 07:42:54Z" end-time="2024-02-18 07:44:00Z" duration="65.648716" total="4" passed="4" failed="0" inconclusive="0" skipped="0" asserts="0">
                  <properties />
                  <output><![CDATA[GetCommandLineArguments args=/Applications/Unity/2022.3.16f1/Unity.app/Contents/MacOS/Unity,-batchmode,-logFile,/Users/rvergis/Documents/External/Bettr/Logs/UnityUnitTests/logfile.log,-runTests,-projectPath,Unity,-testResults,TestResults/testResultsMain.xml,-testPlatform,playmode,-testFilter,casino.bettr.plugin.Main.Tests,-timeScale=10
Setting Time.timeScale=10
OneTimeSetup
]]></output>
                  <test-case id="1010" name="TestInit" fullname="Bettr.Runtime.Plugin.Main.Tests.Tests.TestInit" methodname="TestInit" classname="Bettr.Runtime.Plugin.Main.Tests.Tests" runstate="Runnable" seed="483511125" result="Passed" start-time="2024-02-18 07:42:55Z" end-time="2024-02-18 07:42:56Z" duration="0.875363" asserts="0">
                    <properties>
                      <property name="_JOINTYPE" value="UnityCombinatorial" />
                      <property name="Order" value="1" />
                    </properties>
                    <output><![CDATA[UnitySetUp
scriptName=Core loaded successfully at frame=12
scriptName=Main loaded successfully at frame=12
scriptName=Utils loaded successfully at frame=12
AddScriptsToTable 3 scripts took 0.02385569 seconds
TestLogin
]]></output>
                  </test-case>
                  <test-case id="1011" name="TestLogin" fullname="Bettr.Runtime.Plugin.Main.Tests.Tests.TestLogin" methodname="TestLogin" classname="Bettr.Runtime.Plugin.Main.Tests.Tests" runstate="Runnable" seed="912188884" result="Passed" start-time="2024-02-18 07:42:56Z" end-time="2024-02-18 07:42:56Z" duration="0.677631" asserts="0">
                    <properties>
                      <property name="_JOINTYPE" value="UnityCombinatorial" />
                      <property name="Order" value="2" />
                    </properties>
                    <output><![CDATA[UnitySetUp
TestLogin
Starting User Login
uniqueId=EE0DE516-5053-5142-80AC-2D878E91215C
]]></output>
                  </test-case>
                  <test-case id="1012" name="TestRoutineRunner" fullname="Bettr.Runtime.Plugin.Main.Tests.Tests.TestRoutineRunner" methodname="TestRoutineRunner" classname="Bettr.Runtime.Plugin.Main.Tests.Tests" runstate="Runnable" seed="347463680" result="Passed" start-time="2024-02-18 07:42:56Z" end-time="2024-02-18 07:42:57Z" duration="0.401731" asserts="0">
                    <properties>
                      <property name="_JOINTYPE" value="UnityCombinatorial" />
                      <property name="Order" value="3" />
                    </properties>
                    <output><![CDATA[UnitySetUp
TestRoutineRunner
TestRoutineRunner timeElapsed=3.334015
]]></output>
                  </test-case>
                  <test-case id="1013" name="TestLoadMainLobby" fullname="Bettr.Runtime.Plugin.Main.Tests.Tests.TestLoadMainLobby" methodname="TestLoadMainLobby" classname="Bettr.Runtime.Plugin.Main.Tests.Tests" runstate="Runnable" seed="972594140" result="Passed" start-time="2024-02-18 07:42:57Z" end-time="2024-02-18 07:44:00Z" duration="63.183796" asserts="0">
                    <properties>
                      <property name="_JOINTYPE" value="UnityCombinatorial" />
                      <property name="Order" value="4" />
                      <property name="Timeout" value="600000" />
                    </properties>
                    <output><![CDATA[UnitySetUp
TestLoadMainLobby
LoadLobbyScene starting... (Frame=50)
scriptName=MainLobbyBottomBar loaded successfully at frame=51
scriptName=MainLobbyScene loaded successfully at frame=51
scriptName=SettingsPanel loaded successfully at frame=51
AddScriptsToTable 3 scripts took 0.003524303 seconds
MainLobbyScene Starting... (Frame=55)
LoadLobbyCards invoked (Frame=55)
LoadApp lobbyCard cardCount=2 (Frame=55)
scriptName=Game002LobbyCard loaded successfully at frame=56
scriptName=Game001LobbyCard loaded successfully at frame=56
AddScriptsToTable 2 scripts took 0.001015186 seconds
Game001LobbyCard Awake tile id="Game001LobbyCard" (Frame=57)
Game002LobbyCard Awake tile id="Game002LobbyCard" (Frame=57)
Game001LobbyCard Start tile id="Game001LobbyCard" (Frame=57)
Game002LobbyCard Start tile id="Game002LobbyCard" (Frame=57)
Game001LobbyCard OnPointerClick tile id="Game001LobbyCard" (Frame=65)
Game001LobbyCard:LoadMachineScene ... Scene Load starting... (Frame=65)
scriptName=Game001BaseGameReel loaded successfully at frame=66
scriptName=Game001FreeSpinsReel4 loaded successfully at frame=66
scriptName=Game001BaseGameReel2 loaded successfully at frame=66
scriptName=Game001BaseGameReel1 loaded successfully at frame=66
scriptName=Game001FreeSpinsReel5 loaded successfully at frame=66
scriptName=Game001FreeSpinsReel3 loaded successfully at frame=66
scriptName=Game001FreeSpinsReel2 loaded successfully at frame=66
scriptName=Game001BaseGameMachine loaded successfully at frame=66
scriptName=Game001Debug loaded successfully at frame=66
scriptName=Game001BaseGameReel5 loaded successfully at frame=66
scriptName=Game001WheelMachine loaded successfully at frame=66
scriptName=Game001FreeSpinsReel loaded successfully at frame=66
scriptName=Game001Models loaded successfully at frame=66
scriptName=Game001BaseGameReel4 loaded successfully at frame=66
scriptName=Game001FreeSpinsReel1 loaded successfully at frame=66
scriptName=Game001BaseGameReel3 loaded successfully at frame=66
scriptName=Game001FreeSpinsMachine loaded successfully at frame=66
scriptName=Game001FreeSpinsBackground loaded successfully at frame=66
scriptName=Game001 loaded successfully at frame=66
scriptName=Game001BaseGameBackground loaded successfully at frame=66
AddScriptsToTable 20 scripts took 0.1186857 seconds
Game001 Awake tile id="Game001" (Frame=70)
Game001:Start tile id="Game001" (Frame=70)
Game001:LoadBaseGameBackgroundPrefab tile id="Game001" (Frame=70)
Game001BaseGameBackground Awake tile id="Game001BaseGameBackground" (Frame=72)
Game001:LoadFreeSpinsBackgroundPrefab tile id="Game001" (Frame=72)
Game001FreeSpinsBackground Awake tile id="Game001FreeSpinsBackground" (Frame=74)
animator animationStateName=start gameObject=Pivot path=/Game/Backgrounds/Pivot/BaseGameBackgroundParent/Pivot/Game001BaseGameBackground(Clone)/Pivot
Game001BaseGameMachine Awake tile id="Game001BaseGameMachine" (Frame=85)
Game001BaseGameReel Awake tile id="Game001BaseGameReel1" (Frame=85)
Game001BaseGameReel Awake tile id="Game001BaseGameReel2" (Frame=85)
Game001BaseGameReel Awake tile id="Game001BaseGameReel3" (Frame=85)
Game001BaseGameReel Awake tile id="Game001BaseGameReel4" (Frame=85)
Game001BaseGameReel Awake tile id="Game001BaseGameReel5" (Frame=85)
animator animationStateName=start gameObject=Pivot path=/Game/Machines/Pivot/BaseGameMachineParent/Pivot/Game001BaseGameMachine(Clone)/Pivot
Game001BaseGameReel Start tile id="Game001BaseGameReel1" (Frame=85)
Game001BaseGameReel Start tile id="Game001BaseGameReel2" (Frame=85)
Game001BaseGameReel Start tile id="Game001BaseGameReel3" (Frame=85)
Game001BaseGameReel Start tile id="Game001BaseGameReel4" (Frame=85)
Game001BaseGameReel Start tile id="Game001BaseGameReel5" (Frame=85)
Game001BaseGameReel StartEngines tile id="Game001BaseGameReel1" (Frame=87)
Game001BaseGameReel StartEngines tile id="Game001BaseGameReel2" (Frame=87)
Game001BaseGameReel StartEngines tile id="Game001BaseGameReel3" (Frame=87)
Game001BaseGameReel StartEngines tile id="Game001BaseGameReel4" (Frame=87)
Game001BaseGameReel StartEngines tile id="Game001BaseGameReel5" (Frame=87)
Game001BaseGameMachine OnPointerClick tile id="Game001BaseGameMachine" (Frame=87)
scriptName=Game001Outcome000000001 loaded successfully at frame=94
animator animationStateName=win gameObject=Pivot path=/Game/Machines/Pivot/BaseGameMachineParent/Pivot/Game001BaseGameMachine(Clone)/Pivot/Reels/Pivot/BaseGameReel1/Symbol3/Pivot/BaseGameSymbol/F6/Pivot
animator animationStateName=win gameObject=Pivot path=/Game/Machines/Pivot/BaseGameMachineParent/Pivot/Game001BaseGameMachine(Clone)/Pivot/Reels/Pivot/BaseGameReel2/Symbol4/Pivot/BaseGameSymbol/F8/Pivot
animator animationStateName=win gameObject=Pivot path=/Game/Machines/Pivot/BaseGameMachineParent/Pivot/Game001BaseGameMachine(Clone)/Pivot/Reels/Pivot/BaseGameReel3/Symbol3/Pivot/BaseGameSymbol/F6/Pivot
animator animationStateName=win gameObject=Pivot path=/Game/Machines/Pivot/BaseGameMachineParent/Pivot/Game001BaseGameMachine(Clone)/Pivot/Reels/Pivot/BaseGameReel1/Symbol4/Pivot/BaseGameSymbol/F5/Pivot
animator animationStateName=win gameObject=Pivot path=/Game/Machines/Pivot/BaseGameMachineParent/Pivot/Game001BaseGameMachine(Clone)/Pivot/Reels/Pivot/BaseGameReel2/Symbol5/Pivot/BaseGameSymbol/F5/Pivot
animator animationStateName=win gameObject=Pivot path=/Game/Machines/Pivot/BaseGameMachineParent/Pivot/Game001BaseGameMachine(Clone)/Pivot/Reels/Pivot/BaseGameReel3/Symbol4/Pivot/BaseGameSymbol/F5/Pivot
animator animationStateName=win gameObject=Pivot path=/Game/Machines/Pivot/BaseGameMachineParent/Pivot/Game001BaseGameMachine(Clone)/Pivot/Reels/Pivot/BaseGameReel1/Symbol3/Pivot/BaseGameSymbol/F6/Pivot
animator animationStateName=win gameObject=Pivot path=/Game/Machines/Pivot/BaseGameMachineParent/Pivot/Game001BaseGameMachine(Clone)/Pivot/Reels/Pivot/BaseGameReel2/Symbol4/Pivot/BaseGameSymbol/F8/Pivot
animator animationStateName=win gameObject=Pivot path=/Game/Machines/Pivot/BaseGameMachineParent/Pivot/Game001BaseGameMachine(Clone)/Pivot/Reels/Pivot/BaseGameReel3/Symbol3/Pivot/BaseGameSymbol/F6/Pivot
animator animationStateName=win gameObject=Pivot path=/Game/Machines/Pivot/BaseGameMachineParent/Pivot/Game001BaseGameMachine(Clone)/Pivot/Reels/Pivot/BaseGameReel1/Symbol4/Pivot/BaseGameSymbol/F5/Pivot
animator animationStateName=win gameObject=Pivot path=/Game/Machines/Pivot/BaseGameMachineParent/Pivot/Game001BaseGameMachine(Clone)/Pivot/Reels/Pivot/BaseGameReel2/Symbol5/Pivot/BaseGameSymbol/F5/Pivot
animator animationStateName=win gameObject=Pivot path=/Game/Machines/Pivot/BaseGameMachineParent/Pivot/Game001BaseGameMachine(Clone)/Pivot/Reels/Pivot/BaseGameReel3/Symbol4/Pivot/BaseGameSymbol/F5/Pivot
animator animationStateName=win gameObject=Pivot path=/Game/Machines/Pivot/BaseGameMachineParent/Pivot/Game001BaseGameMachine(Clone)/Pivot/Reels/Pivot/BaseGameReel1/Symbol3/Pivot/BaseGameSymbol/F6/Pivot
animator animationStateName=win gameObject=Pivot path=/Game/Machines/Pivot/BaseGameMachineParent/Pivot/Game001BaseGameMachine(Clone)/Pivot/Reels/Pivot/BaseGameReel2/Symbol4/Pivot/BaseGameSymbol/F8/Pivot
animator animationStateName=win gameObject=Pivot path=/Game/Machines/Pivot/BaseGameMachineParent/Pivot/Game001BaseGameMachine(Clone)/Pivot/Reels/Pivot/BaseGameReel3/Symbol3/Pivot/BaseGameSymbol/F6/Pivot
animator animationStateName=win gameObject=Pivot path=/Game/Machines/Pivot/BaseGameMachineParent/Pivot/Game001BaseGameMachine(Clone)/Pivot/Reels/Pivot/BaseGameReel1/Symbol4/Pivot/BaseGameSymbol/F5/Pivot
animator animationStateName=win gameObject=Pivot path=/Game/Machines/Pivot/BaseGameMachineParent/Pivot/Game001BaseGameMachine(Clone)/Pivot/Reels/Pivot/BaseGameReel2/Symbol5/Pivot/BaseGameSymbol/F5/Pivot
animator animationStateName=win gameObject=Pivot path=/Game/Machines/Pivot/BaseGameMachineParent/Pivot/Game001BaseGameMachine(Clone)/Pivot/Reels/Pivot/BaseGameReel3/Symbol4/Pivot/BaseGameSymbol/F5/Pivot
Game001BaseGameMachine OnPointerClick tile id="Game001BaseGameMachine" (Frame=163)
scriptName=Game001Outcome000000002 loaded successfully at frame=171
animator animationStateName=win gameObject=Pivot path=/Game/Machines/Pivot/BaseGameMachineParent/Pivot/Game001BaseGameMachine(Clone)/Pivot/Reels/Pivot/BaseGameReel1/Symbol3/Pivot/BaseGameSymbol/F5/Pivot
animator animationStateName=win gameObject=Pivot path=/Game/Machines/Pivot/BaseGameMachineParent/Pivot/Game001BaseGameMachine(Clone)/Pivot/Reels/Pivot/BaseGameReel2/Symbol4/Pivot/BaseGameSymbol/F8/Pivot
animator animationStateName=win gameObject=Pivot path=/Game/Machines/Pivot/BaseGameMachineParent/Pivot/Game001BaseGameMachine(Clone)/Pivot/Reels/Pivot/BaseGameReel3/Symbol3/Pivot/BaseGameSymbol/F5/Pivot
animator animationStateName=win gameObject=Pivot path=/Game/Machines/Pivot/BaseGameMachineParent/Pivot/Game001BaseGameMachine(Clone)/Pivot/Reels/Pivot/BaseGameReel1/Symbol3/Pivot/BaseGameSymbol/F5/Pivot
animator animationStateName=win gameObject=Pivot path=/Game/Machines/Pivot/BaseGameMachineParent/Pivot/Game001BaseGameMachine(Clone)/Pivot/Reels/Pivot/BaseGameReel2/Symbol4/Pivot/BaseGameSymbol/F8/Pivot
animator animationStateName=win gameObject=Pivot path=/Game/Machines/Pivot/BaseGameMachineParent/Pivot/Game001BaseGameMachine(Clone)/Pivot/Reels/Pivot/BaseGameReel3/Symbol3/Pivot/BaseGameSymbol/F5/Pivot
animator animationStateName=win gameObject=Pivot path=/Game/Machines/Pivot/BaseGameMachineParent/Pivot/Game001BaseGameMachine(Clone)/Pivot/Reels/Pivot/BaseGameReel1/Symbol3/Pivot/BaseGameSymbol/F5/Pivot
animator animationStateName=win gameObject=Pivot path=/Game/Machines/Pivot/BaseGameMachineParent/Pivot/Game001BaseGameMachine(Clone)/Pivot/Reels/Pivot/BaseGameReel2/Symbol4/Pivot/BaseGameSymbol/F8/Pivot
animator animationStateName=win gameObject=Pivot path=/Game/Machines/Pivot/BaseGameMachineParent/Pivot/Game001BaseGameMachine(Clone)/Pivot/Reels/Pivot/BaseGameReel3/Symbol3/Pivot/BaseGameSymbol/F5/Pivot
Game001BaseGameMachine OnPointerClick tile id="Game001BaseGameMachine" (Frame=222)
scriptName=Game001Outcome000000003 loaded successfully at frame=229
animator animationStateName=freespinstrigger gameObject=Pivot path=/Game/Backgrounds/Pivot/BaseGameBackgroundParent/Pivot/Game001BaseGameBackground(Clone)/Pivot
animator animationStateName=free_spins_trigger_fade_in gameObject=Pivot path=/Game/Machines/Pivot/BaseGameMachineParent/Pivot/Game001BaseGameMachine(Clone)/Pivot
animator animationStateName=slide_in gameObject=Pivot path=/Game/ReelOverlays/Pivot/FreeSpinsTriggerOverlayParent/Pivot
animator animationStateName=hide gameObject=Pivot path=/Game/Backgrounds/Pivot/BaseGameBackgroundParent/Pivot/Game001BaseGameBackground(Clone)/Pivot
animator animationStateName=slide_out gameObject=Pivot path=/Game/ReelOverlays/Pivot/FreeSpinsTriggerOverlayParent/Pivot
animator animationStateName=start gameObject=Pivot path=/Game/Backgrounds/Pivot/FreeSpinsBackgroundParent/Pivot/Game001FreeSpinsBackground(Clone)/Pivot
Game001FreeSpinsMachine Awake tile id="Game001FreeSpinsMachine" (Frame=284)
Game001FreeSpinsReel Awake tile id="Game001FreeSpinsReel1" (Frame=284)
Game001FreeSpinsReel Awake tile id="Game001FreeSpinsReel2" (Frame=284)
Game001FreeSpinsReel Awake tile id="Game001FreeSpinsReel3" (Frame=284)
Game001FreeSpinsReel Awake tile id="Game001FreeSpinsReel4" (Frame=284)
Game001FreeSpinsReel Awake tile id="Game001FreeSpinsReel5" (Frame=284)
animator animationStateName=overlay_fade_in gameObject=Pivot path=/Game/Machines/Pivot/FreeSpinsMachineParent/Pivot/Game001FreeSpinsMachine(Clone)/Pivot
Game001FreeSpinsMachine Start tile id="Game001FreeSpinsMachine" (Frame=284)
Game001FreeSpinsReel Start tile id="Game001FreeSpinsReel1" (Frame=284)
Game001FreeSpinsReel Start tile id="Game001FreeSpinsReel2" (Frame=284)
Game001FreeSpinsReel Start tile id="Game001FreeSpinsReel3" (Frame=284)
Game001FreeSpinsReel Start tile id="Game001FreeSpinsReel4" (Frame=284)
Game001FreeSpinsReel Start tile id="Game001FreeSpinsReel5" (Frame=284)
animator animationStateName=start gameObject=Pivot path=/Game/Machines/Pivot/FreeSpinsMachineParent/Pivot/Game001FreeSpinsMachine(Clone)/Pivot/Bonus Symbols Background/Pivot
animator animationStateName=hide gameObject=Pivot path=/Game/Machines/Pivot/FreeSpinsMachineParent/Pivot/Game001FreeSpinsMachine(Clone)/Pivot/Bonus Symbols Background/Pivot
animator animationStateName=overlay_fade_out gameObject=Pivot path=/Game/Machines/Pivot/FreeSpinsMachineParent/Pivot/Game001FreeSpinsMachine(Clone)/Pivot
animator animationStateName=spin_button_fade_in gameObject=Pivot path=/Game/Machines/Pivot/FreeSpinsMachineParent/Pivot/Game001FreeSpinsMachine(Clone)/Pivot
Game001FreeSpinsMachine OnPointerClick tile id="Game001FreeSpinsMachine" param="spin" (Frame=416)
animator animationStateName=spin_button_fade_out gameObject=Pivot path=/Game/Machines/Pivot/FreeSpinsMachineParent/Pivot/Game001FreeSpinsMachine(Clone)/Pivot
Game001FreeSpinsReel StartEngines tile id="Game001FreeSpinsReel1" (Frame=422)
Game001FreeSpinsReel StartEngines tile id="Game001FreeSpinsReel2" (Frame=422)
Game001FreeSpinsReel StartEngines tile id="Game001FreeSpinsReel3" (Frame=422)
Game001FreeSpinsReel StartEngines tile id="Game001FreeSpinsReel4" (Frame=422)
Game001FreeSpinsReel StartEngines tile id="Game001FreeSpinsReel5" (Frame=422)
skipSplice=false reelID="Reel1" (Frame=427)
skipSplice=false reelID="Reel2" (Frame=428)
skipSplice=false reelID="Reel3" (Frame=429)
skipSplice=false reelID="Reel4" (Frame=431)
skipSplice=false reelID="Reel5" (Frame=433)
Tests.cs RunFreeSpins currentFreeSpin=1
Tests.cs RunFreeSpins currentFreeSpin=1
animator animationStateName=winX gameObject=Pivot path=/Game/Machines/Pivot/FreeSpinsMachineParent/Pivot/Game001FreeSpinsMachine(Clone)/Pivot/Bonus Reels/Reels/Pivot/FreeSpinsReel2/Symbol4/Pivot/FreeSpinsSymbol/WinX/Pivot
!activeSelf animator animationStateName=winX gameObject=Pivot path=/Game/Machines/Pivot/FreeSpinsMachineParent/Pivot/Game001FreeSpinsMachine(Clone)/Pivot/Bonus Reels/Reels/Pivot/FreeSpinsReel2/Symbol4/Pivot/FreeSpinsSymbol/WinX/Pivot
Game object with animator is inactive
Tests.cs RunFreeSpins currentFreeSpin=1
animator animationStateName=boost gameObject=Pivot path=/Game/Machines/Pivot/FreeSpinsMachineParent/Pivot/Game001FreeSpinsMachine(Clone)/Pivot/Bonus Reels/Reels/Pivot/FreeSpinsReel4/Symbol3/Pivot/FreeSpinsSymbol/Boost/Pivot
!activeSelf animator animationStateName=boost gameObject=Pivot path=/Game/Machines/Pivot/FreeSpinsMachineParent/Pivot/Game001FreeSpinsMachine(Clone)/Pivot/Bonus Reels/Reels/Pivot/FreeSpinsReel4/Symbol3/Pivot/FreeSpinsSymbol/Boost/Pivot
Game object with animator is inactive
animator animationStateName=boost gameObject=Pivot path=/Game/Machines/Pivot/FreeSpinsMachineParent/Pivot/Game001FreeSpinsMachine(Clone)/Pivot/Bonus Reels/Reels/Pivot/FreeSpinsReel4/Symbol4/Pivot/FreeSpinsSymbol/Boost/Pivot
Tests.cs RunFreeSpins currentFreeSpin=1
animator animationStateName=boost gameObject=Pivot path=/Game/Machines/Pivot/FreeSpinsMachineParent/Pivot/Game001FreeSpinsMachine(Clone)/Pivot/Bonus Reels/Reels/Pivot/FreeSpinsReel4/Symbol5/Pivot/FreeSpinsSymbol/Boost/Pivot
Tests.cs RunFreeSpins currentFreeSpin=1
Tests.cs RunFreeSpins currentFreeSpin=1
Tests.cs RunFreeSpins currentFreeSpin=1
Tests.cs RunFreeSpins currentFreeSpin=1
Tests.cs RunFreeSpins currentFreeSpin=1
Tests.cs RunFreeSpins currentFreeSpin=1
animator animationStateName=reset gameObject=Pivot path=/Game/Machines/Pivot/FreeSpinsMachineParent/Pivot/Game001FreeSpinsMachine(Clone)/Pivot/Bonus Reels/Reels/Pivot/FreeSpinsReel2/Symbol4/Pivot/FreeSpinsSymbol/WinX/Pivot
!activeSelf animator animationStateName=reset gameObject=Pivot path=/Game/Machines/Pivot/FreeSpinsMachineParent/Pivot/Game001FreeSpinsMachine(Clone)/Pivot/Bonus Reels/Reels/Pivot/FreeSpinsReel2/Symbol4/Pivot/FreeSpinsSymbol/WinX/Pivot
Game object with animator is inactive
animator animationStateName=reset gameObject=Pivot path=/Game/Machines/Pivot/FreeSpinsMachineParent/Pivot/Game001FreeSpinsMachine(Clone)/Pivot/Bonus Reels/Reels/Pivot/FreeSpinsReel4/Symbol3/Pivot/FreeSpinsSymbol/Boost/Pivot
!activeSelf animator animationStateName=reset gameObject=Pivot path=/Game/Machines/Pivot/FreeSpinsMachineParent/Pivot/Game001FreeSpinsMachine(Clone)/Pivot/Bonus Reels/Reels/Pivot/FreeSpinsReel4/Symbol3/Pivot/FreeSpinsSymbol/Boost/Pivot
Game object with animator is inactive
Tests.cs RunFreeSpins currentFreeSpin=1
animator animationStateName=reset gameObject=Pivot path=/Game/Machines/Pivot/FreeSpinsMachineParent/Pivot/Game001FreeSpinsMachine(Clone)/Pivot/Bonus Reels/Reels/Pivot/FreeSpinsReel4/Symbol4/Pivot/FreeSpinsSymbol/Boost/Pivot
animator animationStateName=reset gameObject=Pivot path=/Game/Machines/Pivot/FreeSpinsMachineParent/Pivot/Game001FreeSpinsMachine(Clone)/Pivot/Bonus Reels/Reels/Pivot/FreeSpinsReel4/Symbol5/Pivot/FreeSpinsSymbol/Boost/Pivot
Tests.cs RunFreeSpins currentFreeSpin=1
Tests.cs RunFreeSpins currentFreeSpin=1
animator animationStateName=win gameObject=Pivot path=/Game/Machines/Pivot/FreeSpinsMachineParent/Pivot/Game001FreeSpinsMachine(Clone)/Pivot/Bonus Reels/Reels/Pivot/FreeSpinsReel1/Symbol4/Pivot/FreeSpinsSymbol/F9/Pivot
animator animationStateName=win gameObject=Pivot path=/Game/Machines/Pivot/FreeSpinsMachineParent/Pivot/Game001FreeSpinsMachine(Clone)/Pivot/Bonus Reels/Reels/Pivot/FreeSpinsReel2/Symbol5/Pivot/FreeSpinsSymbol/WinX/Pivot
animator animationStateName=win gameObject=Pivot path=/Game/Machines/Pivot/FreeSpinsMachineParent/Pivot/Game001FreeSpinsMachine(Clone)/Pivot/Bonus Reels/Reels/Pivot/FreeSpinsReel3/Symbol4/Pivot/FreeSpinsSymbol/F7/Pivot
Tests.cs RunFreeSpins currentFreeSpin=1
Tests.cs RunFreeSpins currentFreeSpin=1
Tests.cs RunFreeSpins currentFreeSpin=1
Tests.cs RunFreeSpins currentFreeSpin=1
Tests.cs RunFreeSpins currentFreeSpin=2
skipSplice=true reelID="Reel1" (Frame=497)
skipSplice=false reelID="Reel2" (Frame=498)
Tests.cs RunFreeSpins currentFreeSpin=2
skipSplice=false reelID="Reel3" (Frame=499)
skipSplice=false reelID="Reel4" (Frame=500)
Tests.cs RunFreeSpins currentFreeSpin=2
skipSplice=false reelID="Reel5" (Frame=503)
Tests.cs RunFreeSpins currentFreeSpin=2
Tests.cs RunFreeSpins currentFreeSpin=2
animator animationStateName=boost gameObject=Pivot path=/Game/Machines/Pivot/FreeSpinsMachineParent/Pivot/Game001FreeSpinsMachine(Clone)/Pivot/Bonus Reels/Reels/Pivot/FreeSpinsReel4/Symbol5/Pivot/FreeSpinsSymbol/Boost/Pivot
!activeSelf animator animationStateName=boost gameObject=Pivot path=/Game/Machines/Pivot/FreeSpinsMachineParent/Pivot/Game001FreeSpinsMachine(Clone)/Pivot/Bonus Reels/Reels/Pivot/FreeSpinsReel4/Symbol5/Pivot/FreeSpinsSymbol/Boost/Pivot
Game object with animator is inactive
animator animationStateName=winX gameObject=Pivot path=/Game/Machines/Pivot/FreeSpinsMachineParent/Pivot/Game001FreeSpinsMachine(Clone)/Pivot/Bonus Reels/Reels/Pivot/FreeSpinsReel5/Symbol5/Pivot/FreeSpinsSymbol/WinX/Pivot
!activeSelf animator animationStateName=winX gameObject=Pivot path=/Game/Machines/Pivot/FreeSpinsMachineParent/Pivot/Game001FreeSpinsMachine(Clone)/Pivot/Bonus Reels/Reels/Pivot/FreeSpinsReel5/Symbol5/Pivot/FreeSpinsSymbol/WinX/Pivot
Game object with animator is inactive
Tests.cs RunFreeSpins currentFreeSpin=2
Tests.cs RunFreeSpins currentFreeSpin=2
Tests.cs RunFreeSpins currentFreeSpin=2
Tests.cs RunFreeSpins currentFreeSpin=2
Tests.cs RunFreeSpins currentFreeSpin=2
animator animationStateName=multiplier gameObject=Pivot path=/Game/Machines/Pivot/FreeSpinsMachineParent/Pivot/Game001FreeSpinsMachine(Clone)/Pivot/Bonus Symbols/Pivot/Column5/Symbols/Pivot/Symbol8/Default/Pivot
animator animationStateName=reset gameObject=Pivot path=/Game/Machines/Pivot/FreeSpinsMachineParent/Pivot/Game001FreeSpinsMachine(Clone)/Pivot/Bonus Reels/Reels/Pivot/FreeSpinsReel4/Symbol5/Pivot/FreeSpinsSymbol/Boost/Pivot
!activeSelf animator animationStateName=reset gameObject=Pivot path=/Game/Machines/Pivot/FreeSpinsMachineParent/Pivot/Game001FreeSpinsMachine(Clone)/Pivot/Bonus Reels/Reels/Pivot/FreeSpinsReel4/Symbol5/Pivot/FreeSpinsSymbol/Boost/Pivot
Game object with animator is inactive
Tests.cs RunFreeSpins currentFreeSpin=2
animator animationStateName=reset gameObject=Pivot path=/Game/Machines/Pivot/FreeSpinsMachineParent/Pivot/Game001FreeSpinsMachine(Clone)/Pivot/Bonus Reels/Reels/Pivot/FreeSpinsReel5/Symbol5/Pivot/FreeSpinsSymbol/WinX/Pivot
!activeSelf animator animationStateName=reset gameObject=Pivot path=/Game/Machines/Pivot/FreeSpinsMachineParent/Pivot/Game001FreeSpinsMachine(Clone)/Pivot/Bonus Reels/Reels/Pivot/FreeSpinsReel5/Symbol5/Pivot/FreeSpinsSymbol/WinX/Pivot
Game object with animator is inactive
Tests.cs RunFreeSpins currentFreeSpin=2
Tests.cs RunFreeSpins currentFreeSpin=2
Tests.cs RunFreeSpins currentFreeSpin=3
Tests.cs RunFreeSpins currentFreeSpin=3
skipSplice=false reelID="Reel1" (Frame=546)
skipSplice=false reelID="Reel2" (Frame=547)
skipSplice=false reelID="Reel3" (Frame=548)
Tests.cs RunFreeSpins currentFreeSpin=3
skipSplice=false reelID="Reel4" (Frame=549)
Tests.cs RunFreeSpins currentFreeSpin=3
skipSplice=false reelID="Reel5" (Frame=552)
Tests.cs RunFreeSpins currentFreeSpin=3
Tests.cs RunFreeSpins currentFreeSpin=3
animator animationStateName=show gameObject=Pivot path=/Game/Machines/Pivot/FreeSpinsMachineParent/Pivot/Game001FreeSpinsMachine(Clone)/Pivot/Bonus Symbols Free Spins Added Frame/Pivot
Tests.cs RunFreeSpins currentFreeSpin=3
Tests.cs RunFreeSpins currentFreeSpin=3
Tests.cs RunFreeSpins currentFreeSpin=3
Tests.cs RunFreeSpins currentFreeSpin=4
Tests.cs RunFreeSpins currentFreeSpin=4
skipSplice=false reelID="Reel1" (Frame=577)
skipSplice=false reelID="Reel2" (Frame=578)
skipSplice=false reelID="Reel3" (Frame=579)
Tests.cs RunFreeSpins currentFreeSpin=4
skipSplice=false reelID="Reel4" (Frame=581)
skipSplice=false reelID="Reel5" (Frame=583)
Tests.cs RunFreeSpins currentFreeSpin=4
Tests.cs RunFreeSpins currentFreeSpin=4
animator animationStateName=boostALL gameObject=Pivot path=/Game/Machines/Pivot/FreeSpinsMachineParent/Pivot/Game001FreeSpinsMachine(Clone)/Pivot/Bonus Reels/Reels/Pivot/FreeSpinsReel2/Symbol3/Pivot/FreeSpinsSymbol/BoostALL/Pivot
!activeSelf animator animationStateName=boostALL gameObject=Pivot path=/Game/Machines/Pivot/FreeSpinsMachineParent/Pivot/Game001FreeSpinsMachine(Clone)/Pivot/Bonus Reels/Reels/Pivot/FreeSpinsReel2/Symbol3/Pivot/FreeSpinsSymbol/BoostALL/Pivot
Game object with animator is inactive
Tests.cs RunFreeSpins currentFreeSpin=4
Tests.cs RunFreeSpins currentFreeSpin=4
animator animationStateName=reset gameObject=Pivot path=/Game/Machines/Pivot/FreeSpinsMachineParent/Pivot/Game001FreeSpinsMachine(Clone)/Pivot/Bonus Reels/Reels/Pivot/FreeSpinsReel2/Symbol3/Pivot/FreeSpinsSymbol/BoostALL/Pivot
!activeSelf animator animationStateName=reset gameObject=Pivot path=/Game/Machines/Pivot/FreeSpinsMachineParent/Pivot/Game001FreeSpinsMachine(Clone)/Pivot/Bonus Reels/Reels/Pivot/FreeSpinsReel2/Symbol3/Pivot/FreeSpinsSymbol/BoostALL/Pivot
Game object with animator is inactive
Tests.cs RunFreeSpins currentFreeSpin=4
Tests.cs RunFreeSpins currentFreeSpin=4
Tests.cs RunFreeSpins currentFreeSpin=5
Tests.cs RunFreeSpins currentFreeSpin=5
skipSplice=false reelID="Reel1" (Frame=611)
skipSplice=false reelID="Reel2" (Frame=612)
skipSplice=false reelID="Reel3" (Frame=613)
Tests.cs RunFreeSpins currentFreeSpin=5
skipSplice=false reelID="Reel4" (Frame=615)
skipSplice=false reelID="Reel5" (Frame=617)
Tests.cs RunFreeSpins currentFreeSpin=5
Tests.cs RunFreeSpins currentFreeSpin=5
animator animationStateName=boost gameObject=Pivot path=/Game/Machines/Pivot/FreeSpinsMachineParent/Pivot/Game001FreeSpinsMachine(Clone)/Pivot/Bonus Reels/Reels/Pivot/FreeSpinsReel5/Symbol4/Pivot/FreeSpinsSymbol/Boost/Pivot
!activeSelf animator animationStateName=boost gameObject=Pivot path=/Game/Machines/Pivot/FreeSpinsMachineParent/Pivot/Game001FreeSpinsMachine(Clone)/Pivot/Bonus Reels/Reels/Pivot/FreeSpinsReel5/Symbol4/Pivot/FreeSpinsSymbol/Boost/Pivot
Game object with animator is inactive
Tests.cs RunFreeSpins currentFreeSpin=5
animator animationStateName=boost gameObject=Pivot path=/Game/Machines/Pivot/FreeSpinsMachineParent/Pivot/Game001FreeSpinsMachine(Clone)/Pivot/Bonus Reels/Reels/Pivot/FreeSpinsReel5/Symbol5/Pivot/FreeSpinsSymbol/Boost/Pivot
Tests.cs RunFreeSpins currentFreeSpin=5
Tests.cs RunFreeSpins currentFreeSpin=5
Tests.cs RunFreeSpins currentFreeSpin=5
animator animationStateName=reset gameObject=Pivot path=/Game/Machines/Pivot/FreeSpinsMachineParent/Pivot/Game001FreeSpinsMachine(Clone)/Pivot/Bonus Reels/Reels/Pivot/FreeSpinsReel5/Symbol4/Pivot/FreeSpinsSymbol/Boost/Pivot
!activeSelf animator animationStateName=reset gameObject=Pivot path=/Game/Machines/Pivot/FreeSpinsMachineParent/Pivot/Game001FreeSpinsMachine(Clone)/Pivot/Bonus Reels/Reels/Pivot/FreeSpinsReel5/Symbol4/Pivot/FreeSpinsSymbol/Boost/Pivot
Game object with animator is inactive
animator animationStateName=reset gameObject=Pivot path=/Game/Machines/Pivot/FreeSpinsMachineParent/Pivot/Game001FreeSpinsMachine(Clone)/Pivot/Bonus Reels/Reels/Pivot/FreeSpinsReel5/Symbol5/Pivot/FreeSpinsSymbol/Boost/Pivot
Tests.cs RunFreeSpins currentFreeSpin=5
animator animationStateName=win gameObject=Pivot path=/Game/Machines/Pivot/FreeSpinsMachineParent/Pivot/Game001FreeSpinsMachine(Clone)/Pivot/Bonus Reels/Reels/Pivot/FreeSpinsReel1/Symbol4/Pivot/FreeSpinsSymbol/F5/Pivot
animator animationStateName=win gameObject=Pivot path=/Game/Machines/Pivot/FreeSpinsMachineParent/Pivot/Game001FreeSpinsMachine(Clone)/Pivot/Bonus Reels/Reels/Pivot/FreeSpinsReel2/Symbol3/Pivot/FreeSpinsSymbol/F9/Pivot
animator animationStateName=win gameObject=Pivot path=/Game/Machines/Pivot/FreeSpinsMachineParent/Pivot/Game001FreeSpinsMachine(Clone)/Pivot/Bonus Reels/Reels/Pivot/FreeSpinsReel3/Symbol4/Pivot/FreeSpinsSymbol/F7/Pivot
animator animationStateName=win gameObject=Pivot path=/Game/Machines/Pivot/FreeSpinsMachineParent/Pivot/Game001FreeSpinsMachine(Clone)/Pivot/Bonus Reels/Reels/Pivot/FreeSpinsReel3/Symbol5/Pivot/FreeSpinsSymbol/F7/Pivot
Tests.cs RunFreeSpins currentFreeSpin=5
Tests.cs RunFreeSpins currentFreeSpin=5
animator animationStateName=win gameObject=Pivot path=/Game/Machines/Pivot/FreeSpinsMachineParent/Pivot/Game001FreeSpinsMachine(Clone)/Pivot/Bonus Reels/Reels/Pivot/FreeSpinsReel1/Symbol3/Pivot/FreeSpinsSymbol/F6/Pivot
animator animationStateName=win gameObject=Pivot path=/Game/Machines/Pivot/FreeSpinsMachineParent/Pivot/Game001FreeSpinsMachine(Clone)/Pivot/Bonus Reels/Reels/Pivot/FreeSpinsReel2/Symbol3/Pivot/FreeSpinsSymbol/F9/Pivot
animator animationStateName=win gameObject=Pivot path=/Game/Machines/Pivot/FreeSpinsMachineParent/Pivot/Game001FreeSpinsMachine(Clone)/Pivot/Bonus Reels/Reels/Pivot/FreeSpinsReel3/Symbol5/Pivot/FreeSpinsSymbol/F7/Pivot
Tests.cs RunFreeSpins currentFreeSpin=5
Tests.cs RunFreeSpins currentFreeSpin=5
animator animationStateName=win gameObject=Pivot path=/Game/Machines/Pivot/FreeSpinsMachineParent/Pivot/Game001FreeSpinsMachine(Clone)/Pivot/Bonus Reels/Reels/Pivot/FreeSpinsReel1/Symbol5/Pivot/FreeSpinsSymbol/F7/Pivot
animator animationStateName=win gameObject=Pivot path=/Game/Machines/Pivot/FreeSpinsMachineParent/Pivot/Game001FreeSpinsMachine(Clone)/Pivot/Bonus Reels/Reels/Pivot/FreeSpinsReel2/Symbol3/Pivot/FreeSpinsSymbol/F9/Pivot
animator animationStateName=win gameObject=Pivot path=/Game/Machines/Pivot/FreeSpinsMachineParent/Pivot/Game001FreeSpinsMachine(Clone)/Pivot/Bonus Reels/Reels/Pivot/FreeSpinsReel2/Symbol5/Pivot/FreeSpinsSymbol/M1/Pivot
Tests.cs RunFreeSpins currentFreeSpin=5
Tests.cs RunFreeSpins currentFreeSpin=5
Tests.cs RunFreeSpins currentFreeSpin=5
Tests.cs RunFreeSpins currentFreeSpin=5
Tests.cs RunFreeSpins currentFreeSpin=6
skipSplice=false reelID="Reel1" (Frame=675)
Tests.cs RunFreeSpins currentFreeSpin=6
skipSplice=false reelID="Reel2" (Frame=676)
skipSplice=false reelID="Reel3" (Frame=677)
skipSplice=false reelID="Reel4" (Frame=678)
Tests.cs RunFreeSpins currentFreeSpin=6
skipSplice=false reelID="Reel5" (Frame=681)
Tests.cs RunFreeSpins currentFreeSpin=6
Tests.cs RunFreeSpins currentFreeSpin=6
animator animationStateName=winX gameObject=Pivot path=/Game/Machines/Pivot/FreeSpinsMachineParent/Pivot/Game001FreeSpinsMachine(Clone)/Pivot/Bonus Reels/Reels/Pivot/FreeSpinsReel1/Symbol3/Pivot/FreeSpinsSymbol/WinX/Pivot
!activeSelf animator animationStateName=winX gameObject=Pivot path=/Game/Machines/Pivot/FreeSpinsMachineParent/Pivot/Game001FreeSpinsMachine(Clone)/Pivot/Bonus Reels/Reels/Pivot/FreeSpinsReel1/Symbol3/Pivot/FreeSpinsSymbol/WinX/Pivot
Game object with animator is inactive
Tests.cs RunFreeSpins currentFreeSpin=6
animator animationStateName=winX gameObject=Pivot path=/Game/Machines/Pivot/FreeSpinsMachineParent/Pivot/Game001FreeSpinsMachine(Clone)/Pivot/Bonus Reels/Reels/Pivot/FreeSpinsReel5/Symbol5/Pivot/FreeSpinsSymbol/WinX/Pivot
!activeSelf animator animationStateName=winX gameObject=Pivot path=/Game/Machines/Pivot/FreeSpinsMachineParent/Pivot/Game001FreeSpinsMachine(Clone)/Pivot/Bonus Reels/Reels/Pivot/FreeSpinsReel5/Symbol5/Pivot/FreeSpinsSymbol/WinX/Pivot
Game object with animator is inactive
Tests.cs RunFreeSpins currentFreeSpin=6
Tests.cs RunFreeSpins currentFreeSpin=6
Tests.cs RunFreeSpins currentFreeSpin=6
Tests.cs RunFreeSpins currentFreeSpin=6
Tests.cs RunFreeSpins currentFreeSpin=6
animator animationStateName=reset gameObject=Pivot path=/Game/Machines/Pivot/FreeSpinsMachineParent/Pivot/Game001FreeSpinsMachine(Clone)/Pivot/Bonus Reels/Reels/Pivot/FreeSpinsReel1/Symbol3/Pivot/FreeSpinsSymbol/WinX/Pivot
!activeSelf animator animationStateName=reset gameObject=Pivot path=/Game/Machines/Pivot/FreeSpinsMachineParent/Pivot/Game001FreeSpinsMachine(Clone)/Pivot/Bonus Reels/Reels/Pivot/FreeSpinsReel1/Symbol3/Pivot/FreeSpinsSymbol/WinX/Pivot
Game object with animator is inactive
animator animationStateName=reset gameObject=Pivot path=/Game/Machines/Pivot/FreeSpinsMachineParent/Pivot/Game001FreeSpinsMachine(Clone)/Pivot/Bonus Reels/Reels/Pivot/FreeSpinsReel5/Symbol5/Pivot/FreeSpinsSymbol/WinX/Pivot
!activeSelf animator animationStateName=reset gameObject=Pivot path=/Game/Machines/Pivot/FreeSpinsMachineParent/Pivot/Game001FreeSpinsMachine(Clone)/Pivot/Bonus Reels/Reels/Pivot/FreeSpinsReel5/Symbol5/Pivot/FreeSpinsSymbol/WinX/Pivot
Game object with animator is inactive
Tests.cs RunFreeSpins currentFreeSpin=6
animator animationStateName=win gameObject=Pivot path=/Game/Machines/Pivot/FreeSpinsMachineParent/Pivot/Game001FreeSpinsMachine(Clone)/Pivot/Bonus Reels/Reels/Pivot/FreeSpinsReel1/Symbol4/Pivot/FreeSpinsSymbol/WinX/Pivot
animator animationStateName=win gameObject=Pivot path=/Game/Machines/Pivot/FreeSpinsMachineParent/Pivot/Game001FreeSpinsMachine(Clone)/Pivot/Bonus Reels/Reels/Pivot/FreeSpinsReel2/Symbol5/Pivot/FreeSpinsSymbol/M1/Pivot
animator animationStateName=win gameObject=Pivot path=/Game/Machines/Pivot/FreeSpinsMachineParent/Pivot/Game001FreeSpinsMachine(Clone)/Pivot/Bonus Reels/Reels/Pivot/FreeSpinsReel3/Symbol3/Pivot/FreeSpinsSymbol/WD/Pivot
Tests.cs RunFreeSpins currentFreeSpin=6
Tests.cs RunFreeSpins currentFreeSpin=6
animator animationStateName=win gameObject=Pivot path=/Game/Machines/Pivot/FreeSpinsMachineParent/Pivot/Game001FreeSpinsMachine(Clone)/Pivot/Bonus Reels/Reels/Pivot/FreeSpinsReel1/Symbol5/Pivot/FreeSpinsSymbol/M4/Pivot
animator animationStateName=win gameObject=Pivot path=/Game/Machines/Pivot/FreeSpinsMachineParent/Pivot/Game001FreeSpinsMachine(Clone)/Pivot/Bonus Reels/Reels/Pivot/FreeSpinsReel2/Symbol5/Pivot/FreeSpinsSymbol/M1/Pivot
animator animationStateName=win gameObject=Pivot path=/Game/Machines/Pivot/FreeSpinsMachineParent/Pivot/Game001FreeSpinsMachine(Clone)/Pivot/Bonus Reels/Reels/Pivot/FreeSpinsReel3/Symbol3/Pivot/FreeSpinsSymbol/WD/Pivot
Tests.cs RunFreeSpins currentFreeSpin=6
Tests.cs RunFreeSpins currentFreeSpin=6
Tests.cs RunFreeSpins currentFreeSpin=6
Tests.cs RunFreeSpins currentFreeSpin=6
Tests.cs RunFreeSpins currentFreeSpin=7
Tests.cs RunFreeSpins currentFreeSpin=7
skipSplice=false reelID="Reel1" (Frame=741)
skipSplice=false reelID="Reel2" (Frame=742)
skipSplice=false reelID="Reel3" (Frame=743)
Tests.cs RunFreeSpins currentFreeSpin=7
skipSplice=false reelID="Reel4" (Frame=745)
skipSplice=false reelID="Reel5" (Frame=747)
Tests.cs RunFreeSpins currentFreeSpin=7
Tests.cs RunFreeSpins currentFreeSpin=7
animator animationStateName=winX gameObject=Pivot path=/Game/Machines/Pivot/FreeSpinsMachineParent/Pivot/Game001FreeSpinsMachine(Clone)/Pivot/Bonus Reels/Reels/Pivot/FreeSpinsReel3/Symbol3/Pivot/FreeSpinsSymbol/WinX/Pivot
!activeSelf animator animationStateName=winX gameObject=Pivot path=/Game/Machines/Pivot/FreeSpinsMachineParent/Pivot/Game001FreeSpinsMachine(Clone)/Pivot/Bonus Reels/Reels/Pivot/FreeSpinsReel3/Symbol3/Pivot/FreeSpinsSymbol/WinX/Pivot
Game object with animator is inactive
Tests.cs RunFreeSpins currentFreeSpin=7
Tests.cs RunFreeSpins currentFreeSpin=7
Tests.cs RunFreeSpins currentFreeSpin=7
animator animationStateName=multiplier gameObject=Pivot path=/Game/Machines/Pivot/FreeSpinsMachineParent/Pivot/Game001FreeSpinsMachine(Clone)/Pivot/Bonus Symbols/Pivot/Column3/Symbols/Pivot/Symbol7/Default/Pivot
Tests.cs RunFreeSpins currentFreeSpin=7
animator animationStateName=reset gameObject=Pivot path=/Game/Machines/Pivot/FreeSpinsMachineParent/Pivot/Game001FreeSpinsMachine(Clone)/Pivot/Bonus Reels/Reels/Pivot/FreeSpinsReel3/Symbol3/Pivot/FreeSpinsSymbol/WinX/Pivot
!activeSelf animator animationStateName=reset gameObject=Pivot path=/Game/Machines/Pivot/FreeSpinsMachineParent/Pivot/Game001FreeSpinsMachine(Clone)/Pivot/Bonus Reels/Reels/Pivot/FreeSpinsReel3/Symbol3/Pivot/FreeSpinsSymbol/WinX/Pivot
Game object with animator is inactive
Tests.cs RunFreeSpins currentFreeSpin=7
Tests.cs RunFreeSpins currentFreeSpin=7
Tests.cs RunFreeSpins currentFreeSpin=8
Tests.cs RunFreeSpins currentFreeSpin=8
skipSplice=false reelID="Reel1" (Frame=780)
skipSplice=false reelID="Reel2" (Frame=781)
skipSplice=true reelID="Reel3" (Frame=782)
Tests.cs RunFreeSpins currentFreeSpin=8
skipSplice=false reelID="Reel4" (Frame=784)
skipSplice=false reelID="Reel5" (Frame=786)
Tests.cs RunFreeSpins currentFreeSpin=8
Tests.cs RunFreeSpins currentFreeSpin=8
animator animationStateName=boost gameObject=Pivot path=/Game/Machines/Pivot/FreeSpinsMachineParent/Pivot/Game001FreeSpinsMachine(Clone)/Pivot/Bonus Reels/Reels/Pivot/FreeSpinsReel2/Symbol3/Pivot/FreeSpinsSymbol/Boost/Pivot
!activeSelf animator animationStateName=boost gameObject=Pivot path=/Game/Machines/Pivot/FreeSpinsMachineParent/Pivot/Game001FreeSpinsMachine(Clone)/Pivot/Bonus Reels/Reels/Pivot/FreeSpinsReel2/Symbol3/Pivot/FreeSpinsSymbol/Boost/Pivot
Game object with animator is inactive
Tests.cs RunFreeSpins currentFreeSpin=8
animator animationStateName=boost gameObject=Pivot path=/Game/Machines/Pivot/FreeSpinsMachineParent/Pivot/Game001FreeSpinsMachine(Clone)/Pivot/Bonus Reels/Reels/Pivot/FreeSpinsReel4/Symbol5/Pivot/FreeSpinsSymbol/Boost/Pivot
!activeSelf animator animationStateName=boost gameObject=Pivot path=/Game/Machines/Pivot/FreeSpinsMachineParent/Pivot/Game001FreeSpinsMachine(Clone)/Pivot/Bonus Reels/Reels/Pivot/FreeSpinsReel4/Symbol5/Pivot/FreeSpinsSymbol/Boost/Pivot
Game object with animator is inactive
Tests.cs RunFreeSpins currentFreeSpin=8
Tests.cs RunFreeSpins currentFreeSpin=8
Tests.cs RunFreeSpins currentFreeSpin=8
animator animationStateName=reset gameObject=Pivot path=/Game/Machines/Pivot/FreeSpinsMachineParent/Pivot/Game001FreeSpinsMachine(Clone)/Pivot/Bonus Reels/Reels/Pivot/FreeSpinsReel2/Symbol3/Pivot/FreeSpinsSymbol/Boost/Pivot
!activeSelf animator animationStateName=reset gameObject=Pivot path=/Game/Machines/Pivot/FreeSpinsMachineParent/Pivot/Game001FreeSpinsMachine(Clone)/Pivot/Bonus Reels/Reels/Pivot/FreeSpinsReel2/Symbol3/Pivot/FreeSpinsSymbol/Boost/Pivot
Game object with animator is inactive
Tests.cs RunFreeSpins currentFreeSpin=8
animator animationStateName=reset gameObject=Pivot path=/Game/Machines/Pivot/FreeSpinsMachineParent/Pivot/Game001FreeSpinsMachine(Clone)/Pivot/Bonus Reels/Reels/Pivot/FreeSpinsReel4/Symbol5/Pivot/FreeSpinsSymbol/Boost/Pivot
!activeSelf animator animationStateName=reset gameObject=Pivot path=/Game/Machines/Pivot/FreeSpinsMachineParent/Pivot/Game001FreeSpinsMachine(Clone)/Pivot/Bonus Reels/Reels/Pivot/FreeSpinsReel4/Symbol5/Pivot/FreeSpinsSymbol/Boost/Pivot
Game object with animator is inactive
Tests.cs RunFreeSpins currentFreeSpin=8
Tests.cs RunFreeSpins currentFreeSpin=8
Tests.cs RunFreeSpins currentFreeSpin=9
Tests.cs RunFreeSpins currentFreeSpin=9
skipSplice=false reelID="Reel1" (Frame=823)
skipSplice=false reelID="Reel2" (Frame=824)
skipSplice=false reelID="Reel3" (Frame=825)
Tests.cs RunFreeSpins currentFreeSpin=9
skipSplice=false reelID="Reel4" (Frame=826)
skipSplice=false reelID="Reel5" (Frame=829)
Tests.cs RunFreeSpins currentFreeSpin=9
Tests.cs RunFreeSpins currentFreeSpin=9
animator animationStateName=boost gameObject=Pivot path=/Game/Machines/Pivot/FreeSpinsMachineParent/Pivot/Game001FreeSpinsMachine(Clone)/Pivot/Bonus Reels/Reels/Pivot/FreeSpinsReel5/Symbol4/Pivot/FreeSpinsSymbol/Boost/Pivot
!activeSelf animator animationStateName=boost gameObject=Pivot path=/Game/Machines/Pivot/FreeSpinsMachineParent/Pivot/Game001FreeSpinsMachine(Clone)/Pivot/Bonus Reels/Reels/Pivot/FreeSpinsReel5/Symbol4/Pivot/FreeSpinsSymbol/Boost/Pivot
Game object with animator is inactive
Tests.cs RunFreeSpins currentFreeSpin=9
Tests.cs RunFreeSpins currentFreeSpin=9
animator animationStateName=reset gameObject=Pivot path=/Game/Machines/Pivot/FreeSpinsMachineParent/Pivot/Game001FreeSpinsMachine(Clone)/Pivot/Bonus Reels/Reels/Pivot/FreeSpinsReel5/Symbol4/Pivot/FreeSpinsSymbol/Boost/Pivot
!activeSelf animator animationStateName=reset gameObject=Pivot path=/Game/Machines/Pivot/FreeSpinsMachineParent/Pivot/Game001FreeSpinsMachine(Clone)/Pivot/Bonus Reels/Reels/Pivot/FreeSpinsReel5/Symbol4/Pivot/FreeSpinsSymbol/Boost/Pivot
Game object with animator is inactive
Tests.cs RunFreeSpins currentFreeSpin=9
Tests.cs RunFreeSpins currentFreeSpin=9
Tests.cs RunFreeSpins currentFreeSpin=9
skipSplice=false reelID="Reel1" (Frame=855)
skipSplice=false reelID="Reel2" (Frame=856)
skipSplice=true reelID="Reel3" (Frame=857)
skipSplice=false reelID="Reel4" (Frame=858)
skipSplice=false reelID="Reel5" (Frame=861)
animator animationStateName=winX gameObject=Pivot path=/Game/Machines/Pivot/FreeSpinsMachineParent/Pivot/Game001FreeSpinsMachine(Clone)/Pivot/Bonus Reels/Reels/Pivot/FreeSpinsReel1/Symbol3/Pivot/FreeSpinsSymbol/WinX/Pivot
!activeSelf animator animationStateName=winX gameObject=Pivot path=/Game/Machines/Pivot/FreeSpinsMachineParent/Pivot/Game001FreeSpinsMachine(Clone)/Pivot/Bonus Reels/Reels/Pivot/FreeSpinsReel1/Symbol3/Pivot/FreeSpinsSymbol/WinX/Pivot
Game object with animator is inactive
animator animationStateName=reset gameObject=Pivot path=/Game/Machines/Pivot/FreeSpinsMachineParent/Pivot/Game001FreeSpinsMachine(Clone)/Pivot/Bonus Reels/Reels/Pivot/FreeSpinsReel1/Symbol3/Pivot/FreeSpinsSymbol/WinX/Pivot
!activeSelf animator animationStateName=reset gameObject=Pivot path=/Game/Machines/Pivot/FreeSpinsMachineParent/Pivot/Game001FreeSpinsMachine(Clone)/Pivot/Bonus Reels/Reels/Pivot/FreeSpinsReel1/Symbol3/Pivot/FreeSpinsSymbol/WinX/Pivot
Game object with animator is inactive
animator animationStateName=show gameObject=Pivot path=/Game/Machines/Pivot/FreeSpinsMachineParent/Pivot/Game001FreeSpinsMachine(Clone)/Pivot/Free Spins Bonus Summary Frame/Pivot
animator animationStateName=multiplier_hide gameObject=Pivot path=/Game/Machines/Pivot/FreeSpinsMachineParent/Pivot/Game001FreeSpinsMachine(Clone)/Pivot/Bonus Symbols/Pivot/Column1/Symbols/Pivot/Symbol1/Default/Pivot
animator animationStateName=multiplier_hide gameObject=Pivot path=/Game/Machines/Pivot/FreeSpinsMachineParent/Pivot/Game001FreeSpinsMachine(Clone)/Pivot/Bonus Symbols/Pivot/Column2/Symbols/Pivot/Symbol1/Default/Pivot
animator animationStateName=multiplier_hide gameObject=Pivot path=/Game/Machines/Pivot/FreeSpinsMachineParent/Pivot/Game001FreeSpinsMachine(Clone)/Pivot/Bonus Symbols/Pivot/Column3/Symbols/Pivot/Symbol1/Default/Pivot
animator animationStateName=multiplier_hide gameObject=Pivot path=/Game/Machines/Pivot/FreeSpinsMachineParent/Pivot/Game001FreeSpinsMachine(Clone)/Pivot/Bonus Symbols/Pivot/Column4/Symbols/Pivot/Symbol1/Default/Pivot
animator animationStateName=multiplier_hide gameObject=Pivot path=/Game/Machines/Pivot/FreeSpinsMachineParent/Pivot/Game001FreeSpinsMachine(Clone)/Pivot/Bonus Symbols/Pivot/Column5/Symbols/Pivot/Symbol1/Default/Pivot
animator animationStateName=multiplier_hide gameObject=Pivot path=/Game/Machines/Pivot/FreeSpinsMachineParent/Pivot/Game001FreeSpinsMachine(Clone)/Pivot/Bonus Symbols/Pivot/Column1/Symbols/Pivot/Symbol2/Default/Pivot
animator animationStateName=multiplier_hide gameObject=Pivot path=/Game/Machines/Pivot/FreeSpinsMachineParent/Pivot/Game001FreeSpinsMachine(Clone)/Pivot/Bonus Symbols/Pivot/Column2/Symbols/Pivot/Symbol2/Default/Pivot
animator animationStateName=multiplier_hide gameObject=Pivot path=/Game/Machines/Pivot/FreeSpinsMachineParent/Pivot/Game001FreeSpinsMachine(Clone)/Pivot/Bonus Symbols/Pivot/Column3/Symbols/Pivot/Symbol2/Default/Pivot
animator animationStateName=multiplier_hide gameObject=Pivot path=/Game/Machines/Pivot/FreeSpinsMachineParent/Pivot/Game001FreeSpinsMachine(Clone)/Pivot/Bonus Symbols/Pivot/Column4/Symbols/Pivot/Symbol2/Default/Pivot
animator animationStateName=multiplier_hide gameObject=Pivot path=/Game/Machines/Pivot/FreeSpinsMachineParent/Pivot/Game001FreeSpinsMachine(Clone)/Pivot/Bonus Symbols/Pivot/Column5/Symbols/Pivot/Symbol2/Default/Pivot
animator animationStateName=multiplier_hide gameObject=Pivot path=/Game/Machines/Pivot/FreeSpinsMachineParent/Pivot/Game001FreeSpinsMachine(Clone)/Pivot/Bonus Symbols/Pivot/Column1/Symbols/Pivot/Symbol3/Default/Pivot
animator animationStateName=multiplier_hide gameObject=Pivot path=/Game/Machines/Pivot/FreeSpinsMachineParent/Pivot/Game001FreeSpinsMachine(Clone)/Pivot/Bonus Symbols/Pivot/Column2/Symbols/Pivot/Symbol3/Default/Pivot
animator animationStateName=multiplier_hide gameObject=Pivot path=/Game/Machines/Pivot/FreeSpinsMachineParent/Pivot/Game001FreeSpinsMachine(Clone)/Pivot/Bonus Symbols/Pivot/Column3/Symbols/Pivot/Symbol3/Default/Pivot
animator animationStateName=multiplier_hide gameObject=Pivot path=/Game/Machines/Pivot/FreeSpinsMachineParent/Pivot/Game001FreeSpinsMachine(Clone)/Pivot/Bonus Symbols/Pivot/Column4/Symbols/Pivot/Symbol3/Default/Pivot
animator animationStateName=multiplier_hide gameObject=Pivot path=/Game/Machines/Pivot/FreeSpinsMachineParent/Pivot/Game001FreeSpinsMachine(Clone)/Pivot/Bonus Symbols/Pivot/Column5/Symbols/Pivot/Symbol3/Default/Pivot
animator animationStateName=multiplier_hide gameObject=Pivot path=/Game/Machines/Pivot/FreeSpinsMachineParent/Pivot/Game001FreeSpinsMachine(Clone)/Pivot/Bonus Symbols/Pivot/Column1/Symbols/Pivot/Symbol4/Default/Pivot
animator animationStateName=multiplier_hide gameObject=Pivot path=/Game/Machines/Pivot/FreeSpinsMachineParent/Pivot/Game001FreeSpinsMachine(Clone)/Pivot/Bonus Symbols/Pivot/Column2/Symbols/Pivot/Symbol4/Default/Pivot
animator animationStateName=multiplier_hide gameObject=Pivot path=/Game/Machines/Pivot/FreeSpinsMachineParent/Pivot/Game001FreeSpinsMachine(Clone)/Pivot/Bonus Symbols/Pivot/Column3/Symbols/Pivot/Symbol4/Default/Pivot
animator animationStateName=multiplier_hide gameObject=Pivot path=/Game/Machines/Pivot/FreeSpinsMachineParent/Pivot/Game001FreeSpinsMachine(Clone)/Pivot/Bonus Symbols/Pivot/Column4/Symbols/Pivot/Symbol4/Default/Pivot
animator animationStateName=multiplier_hide gameObject=Pivot path=/Game/Machines/Pivot/FreeSpinsMachineParent/Pivot/Game001FreeSpinsMachine(Clone)/Pivot/Bonus Symbols/Pivot/Column5/Symbols/Pivot/Symbol4/Default/Pivot
animator animationStateName=multiplier_hide gameObject=Pivot path=/Game/Machines/Pivot/FreeSpinsMachineParent/Pivot/Game001FreeSpinsMachine(Clone)/Pivot/Bonus Symbols/Pivot/Column1/Symbols/Pivot/Symbol5/Default/Pivot
animator animationStateName=multiplier_hide gameObject=Pivot path=/Game/Machines/Pivot/FreeSpinsMachineParent/Pivot/Game001FreeSpinsMachine(Clone)/Pivot/Bonus Symbols/Pivot/Column2/Symbols/Pivot/Symbol5/Default/Pivot
animator animationStateName=multiplier_hide gameObject=Pivot path=/Game/Machines/Pivot/FreeSpinsMachineParent/Pivot/Game001FreeSpinsMachine(Clone)/Pivot/Bonus Symbols/Pivot/Column3/Symbols/Pivot/Symbol5/Default/Pivot
animator animationStateName=multiplier_hide gameObject=Pivot path=/Game/Machines/Pivot/FreeSpinsMachineParent/Pivot/Game001FreeSpinsMachine(Clone)/Pivot/Bonus Symbols/Pivot/Column4/Symbols/Pivot/Symbol5/Default/Pivot
animator animationStateName=multiplier_hide gameObject=Pivot path=/Game/Machines/Pivot/FreeSpinsMachineParent/Pivot/Game001FreeSpinsMachine(Clone)/Pivot/Bonus Symbols/Pivot/Column5/Symbols/Pivot/Symbol5/Default/Pivot
animator animationStateName=multiplier_hide gameObject=Pivot path=/Game/Machines/Pivot/FreeSpinsMachineParent/Pivot/Game001FreeSpinsMachine(Clone)/Pivot/Bonus Symbols/Pivot/Column1/Symbols/Pivot/Symbol6/Default/Pivot
animator animationStateName=multiplier_hide gameObject=Pivot path=/Game/Machines/Pivot/FreeSpinsMachineParent/Pivot/Game001FreeSpinsMachine(Clone)/Pivot/Bonus Symbols/Pivot/Column2/Symbols/Pivot/Symbol6/Default/Pivot
animator animationStateName=multiplier_hide gameObject=Pivot path=/Game/Machines/Pivot/FreeSpinsMachineParent/Pivot/Game001FreeSpinsMachine(Clone)/Pivot/Bonus Symbols/Pivot/Column3/Symbols/Pivot/Symbol6/Default/Pivot
animator animationStateName=multiplier_hide gameObject=Pivot path=/Game/Machines/Pivot/FreeSpinsMachineParent/Pivot/Game001FreeSpinsMachine(Clone)/Pivot/Bonus Symbols/Pivot/Column4/Symbols/Pivot/Symbol6/Default/Pivot
animator animationStateName=multiplier_hide gameObject=Pivot path=/Game/Machines/Pivot/FreeSpinsMachineParent/Pivot/Game001FreeSpinsMachine(Clone)/Pivot/Bonus Symbols/Pivot/Column5/Symbols/Pivot/Symbol6/Default/Pivot
animator animationStateName=multiplier_hide gameObject=Pivot path=/Game/Machines/Pivot/FreeSpinsMachineParent/Pivot/Game001FreeSpinsMachine(Clone)/Pivot/Bonus Symbols/Pivot/Column1/Symbols/Pivot/Symbol7/Default/Pivot
animator animationStateName=multiplier_hide gameObject=Pivot path=/Game/Machines/Pivot/FreeSpinsMachineParent/Pivot/Game001FreeSpinsMachine(Clone)/Pivot/Bonus Symbols/Pivot/Column2/Symbols/Pivot/Symbol7/Default/Pivot
animator animationStateName=multiplier_hide gameObject=Pivot path=/Game/Machines/Pivot/FreeSpinsMachineParent/Pivot/Game001FreeSpinsMachine(Clone)/Pivot/Bonus Symbols/Pivot/Column3/Symbols/Pivot/Symbol7/Default/Pivot
animator animationStateName=multiplier_hide gameObject=Pivot path=/Game/Machines/Pivot/FreeSpinsMachineParent/Pivot/Game001FreeSpinsMachine(Clone)/Pivot/Bonus Symbols/Pivot/Column4/Symbols/Pivot/Symbol7/Default/Pivot
animator animationStateName=multiplier_hide gameObject=Pivot path=/Game/Machines/Pivot/FreeSpinsMachineParent/Pivot/Game001FreeSpinsMachine(Clone)/Pivot/Bonus Symbols/Pivot/Column5/Symbols/Pivot/Symbol7/Default/Pivot
animator animationStateName=multiplier_hide gameObject=Pivot path=/Game/Machines/Pivot/FreeSpinsMachineParent/Pivot/Game001FreeSpinsMachine(Clone)/Pivot/Bonus Symbols/Pivot/Column1/Symbols/Pivot/Symbol8/Default/Pivot
animator animationStateName=multiplier_hide gameObject=Pivot path=/Game/Machines/Pivot/FreeSpinsMachineParent/Pivot/Game001FreeSpinsMachine(Clone)/Pivot/Bonus Symbols/Pivot/Column2/Symbols/Pivot/Symbol8/Default/Pivot
animator animationStateName=multiplier_hide gameObject=Pivot path=/Game/Machines/Pivot/FreeSpinsMachineParent/Pivot/Game001FreeSpinsMachine(Clone)/Pivot/Bonus Symbols/Pivot/Column3/Symbols/Pivot/Symbol8/Default/Pivot
animator animationStateName=multiplier_hide gameObject=Pivot path=/Game/Machines/Pivot/FreeSpinsMachineParent/Pivot/Game001FreeSpinsMachine(Clone)/Pivot/Bonus Symbols/Pivot/Column4/Symbols/Pivot/Symbol8/Default/Pivot
animator animationStateName=multiplier_hide gameObject=Pivot path=/Game/Machines/Pivot/FreeSpinsMachineParent/Pivot/Game001FreeSpinsMachine(Clone)/Pivot/Bonus Symbols/Pivot/Column5/Symbols/Pivot/Symbol8/Default/Pivot
animator animationStateName=reset gameObject=Pivot path=/Game/Machines/Pivot/FreeSpinsMachineParent/Pivot/Game001FreeSpinsMachine(Clone)/Pivot/Free Spins Bonus Summary Frame/Pivot
animator animationStateName=slide_in gameObject=Pivot path=/Game/ReelOverlays/Pivot/FreeSpinsTriggerOverlayParent/Pivot
animator animationStateName=hide gameObject=Pivot path=/Game/Backgrounds/Pivot/FreeSpinsBackgroundParent/Pivot/Game001FreeSpinsBackground(Clone)/Pivot
animator animationStateName=show gameObject=Pivot path=/Game/Backgrounds/Pivot/BaseGameBackgroundParent/Pivot/Game001BaseGameBackground(Clone)/Pivot
animator animationStateName=slide_out gameObject=Pivot path=/Game/ReelOverlays/Pivot/FreeSpinsTriggerOverlayParent/Pivot
animator animationStateName=free_spins_trigger_fade_out gameObject=Pivot path=/Game/Machines/Pivot/BaseGameMachineParent/Pivot/Game001BaseGameMachine(Clone)/Pivot
Game001BaseGameMachine OnPointerClick tile id="Game001BaseGameMachine" (Frame=1026)
scriptName=Game001Outcome000000003 loaded successfully at frame=1032
animator animationStateName=freespinstrigger gameObject=Pivot path=/Game/Backgrounds/Pivot/BaseGameBackgroundParent/Pivot/Game001BaseGameBackground(Clone)/Pivot
animator animationStateName=free_spins_trigger_fade_in gameObject=Pivot path=/Game/Machines/Pivot/BaseGameMachineParent/Pivot/Game001BaseGameMachine(Clone)/Pivot
animator animationStateName=slide_in gameObject=Pivot path=/Game/ReelOverlays/Pivot/FreeSpinsTriggerOverlayParent/Pivot
animator animationStateName=hide gameObject=Pivot path=/Game/Backgrounds/Pivot/BaseGameBackgroundParent/Pivot/Game001BaseGameBackground(Clone)/Pivot
animator animationStateName=slide_out gameObject=Pivot path=/Game/ReelOverlays/Pivot/FreeSpinsTriggerOverlayParent/Pivot
animator animationStateName=start gameObject=Pivot path=/Game/Backgrounds/Pivot/FreeSpinsBackgroundParent/Pivot/Game001FreeSpinsBackground(Clone)/Pivot
animator animationStateName=overlay_fade_in gameObject=Pivot path=/Game/Machines/Pivot/FreeSpinsMachineParent/Pivot/Game001FreeSpinsMachine(Clone)/Pivot
animator animationStateName=start gameObject=Pivot path=/Game/Machines/Pivot/FreeSpinsMachineParent/Pivot/Game001FreeSpinsMachine(Clone)/Pivot/Bonus Symbols Background/Pivot
animator animationStateName=hide gameObject=Pivot path=/Game/Machines/Pivot/FreeSpinsMachineParent/Pivot/Game001FreeSpinsMachine(Clone)/Pivot/Bonus Symbols Background/Pivot
animator animationStateName=overlay_fade_out gameObject=Pivot path=/Game/Machines/Pivot/FreeSpinsMachineParent/Pivot/Game001FreeSpinsMachine(Clone)/Pivot
animator animationStateName=spin_button_fade_in gameObject=Pivot path=/Game/Machines/Pivot/FreeSpinsMachineParent/Pivot/Game001FreeSpinsMachine(Clone)/Pivot
Game001FreeSpinsMachine OnPointerClick tile id="Game001FreeSpinsMachine" param="spin" (Frame=1222)
animator animationStateName=spin_button_fade_out gameObject=Pivot path=/Game/Machines/Pivot/FreeSpinsMachineParent/Pivot/Game001FreeSpinsMachine(Clone)/Pivot
Game001FreeSpinsReel StartEngines tile id="Game001FreeSpinsReel1" (Frame=1228)
Game001FreeSpinsReel StartEngines tile id="Game001FreeSpinsReel2" (Frame=1228)
Game001FreeSpinsReel StartEngines tile id="Game001FreeSpinsReel3" (Frame=1228)
Game001FreeSpinsReel StartEngines tile id="Game001FreeSpinsReel4" (Frame=1228)
Game001FreeSpinsReel StartEngines tile id="Game001FreeSpinsReel5" (Frame=1228)
skipSplice=false reelID="Reel1" (Frame=1234)
skipSplice=false reelID="Reel2" (Frame=1235)
skipSplice=false reelID="Reel3" (Frame=1236)
skipSplice=false reelID="Reel4" (Frame=1237)
skipSplice=false reelID="Reel5" (Frame=1240)
Tests.cs RunFreeSpins currentFreeSpin=1
Tests.cs RunFreeSpins currentFreeSpin=1
animator animationStateName=winX gameObject=Pivot path=/Game/Machines/Pivot/FreeSpinsMachineParent/Pivot/Game001FreeSpinsMachine(Clone)/Pivot/Bonus Reels/Reels/Pivot/FreeSpinsReel2/Symbol4/Pivot/FreeSpinsSymbol/WinX/Pivot
Tests.cs RunFreeSpins currentFreeSpin=1
animator animationStateName=boost gameObject=Pivot path=/Game/Machines/Pivot/FreeSpinsMachineParent/Pivot/Game001FreeSpinsMachine(Clone)/Pivot/Bonus Reels/Reels/Pivot/FreeSpinsReel4/Symbol3/Pivot/FreeSpinsSymbol/Boost/Pivot
!activeSelf animator animationStateName=boost gameObject=Pivot path=/Game/Machines/Pivot/FreeSpinsMachineParent/Pivot/Game001FreeSpinsMachine(Clone)/Pivot/Bonus Reels/Reels/Pivot/FreeSpinsReel4/Symbol3/Pivot/FreeSpinsSymbol/Boost/Pivot
Game object with animator is inactive
animator animationStateName=boost gameObject=Pivot path=/Game/Machines/Pivot/FreeSpinsMachineParent/Pivot/Game001FreeSpinsMachine(Clone)/Pivot/Bonus Reels/Reels/Pivot/FreeSpinsReel4/Symbol4/Pivot/FreeSpinsSymbol/Boost/Pivot
!activeSelf animator animationStateName=boost gameObject=Pivot path=/Game/Machines/Pivot/FreeSpinsMachineParent/Pivot/Game001FreeSpinsMachine(Clone)/Pivot/Bonus Reels/Reels/Pivot/FreeSpinsReel4/Symbol4/Pivot/FreeSpinsSymbol/Boost/Pivot
Game object with animator is inactive
Tests.cs RunFreeSpins currentFreeSpin=1
animator animationStateName=boost gameObject=Pivot path=/Game/Machines/Pivot/FreeSpinsMachineParent/Pivot/Game001FreeSpinsMachine(Clone)/Pivot/Bonus Reels/Reels/Pivot/FreeSpinsReel4/Symbol5/Pivot/FreeSpinsSymbol/Boost/Pivot
Tests.cs RunFreeSpins currentFreeSpin=1
Tests.cs RunFreeSpins currentFreeSpin=1
Tests.cs RunFreeSpins currentFreeSpin=1
Tests.cs RunFreeSpins currentFreeSpin=1
Tests.cs RunFreeSpins currentFreeSpin=1
Tests.cs RunFreeSpins currentFreeSpin=1
animator animationStateName=reset gameObject=Pivot path=/Game/Machines/Pivot/FreeSpinsMachineParent/Pivot/Game001FreeSpinsMachine(Clone)/Pivot/Bonus Reels/Reels/Pivot/FreeSpinsReel2/Symbol4/Pivot/FreeSpinsSymbol/WinX/Pivot
Tests.cs RunFreeSpins currentFreeSpin=1
animator animationStateName=reset gameObject=Pivot path=/Game/Machines/Pivot/FreeSpinsMachineParent/Pivot/Game001FreeSpinsMachine(Clone)/Pivot/Bonus Reels/Reels/Pivot/FreeSpinsReel4/Symbol3/Pivot/FreeSpinsSymbol/Boost/Pivot
!activeSelf animator animationStateName=reset gameObject=Pivot path=/Game/Machines/Pivot/FreeSpinsMachineParent/Pivot/Game001FreeSpinsMachine(Clone)/Pivot/Bonus Reels/Reels/Pivot/FreeSpinsReel4/Symbol3/Pivot/FreeSpinsSymbol/Boost/Pivot
Game object with animator is inactive
Tests.cs RunFreeSpins currentFreeSpin=1
animator animationStateName=reset gameObject=Pivot path=/Game/Machines/Pivot/FreeSpinsMachineParent/Pivot/Game001FreeSpinsMachine(Clone)/Pivot/Bonus Reels/Reels/Pivot/FreeSpinsReel4/Symbol4/Pivot/FreeSpinsSymbol/Boost/Pivot
!activeSelf animator animationStateName=reset gameObject=Pivot path=/Game/Machines/Pivot/FreeSpinsMachineParent/Pivot/Game001FreeSpinsMachine(Clone)/Pivot/Bonus Reels/Reels/Pivot/FreeSpinsReel4/Symbol4/Pivot/FreeSpinsSymbol/Boost/Pivot
Game object with animator is inactive
animator animationStateName=reset gameObject=Pivot path=/Game/Machines/Pivot/FreeSpinsMachineParent/Pivot/Game001FreeSpinsMachine(Clone)/Pivot/Bonus Reels/Reels/Pivot/FreeSpinsReel4/Symbol5/Pivot/FreeSpinsSymbol/Boost/Pivot
Tests.cs RunFreeSpins currentFreeSpin=1
Tests.cs RunFreeSpins currentFreeSpin=1
animator animationStateName=win gameObject=Pivot path=/Game/Machines/Pivot/FreeSpinsMachineParent/Pivot/Game001FreeSpinsMachine(Clone)/Pivot/Bonus Reels/Reels/Pivot/FreeSpinsReel1/Symbol4/Pivot/FreeSpinsSymbol/F9/Pivot
animator animationStateName=win gameObject=Pivot path=/Game/Machines/Pivot/FreeSpinsMachineParent/Pivot/Game001FreeSpinsMachine(Clone)/Pivot/Bonus Reels/Reels/Pivot/FreeSpinsReel2/Symbol5/Pivot/FreeSpinsSymbol/F5/Pivot
animator animationStateName=win gameObject=Pivot path=/Game/Machines/Pivot/FreeSpinsMachineParent/Pivot/Game001FreeSpinsMachine(Clone)/Pivot/Bonus Reels/Reels/Pivot/FreeSpinsReel3/Symbol4/Pivot/FreeSpinsSymbol/F6/Pivot
Tests.cs RunFreeSpins currentFreeSpin=1
Tests.cs RunFreeSpins currentFreeSpin=1
Tests.cs RunFreeSpins currentFreeSpin=1
Tests.cs RunFreeSpins currentFreeSpin=2
Tests.cs RunFreeSpins currentFreeSpin=2
skipSplice=false reelID="Reel1" (Frame=1307)
skipSplice=false reelID="Reel2" (Frame=1308)
skipSplice=false reelID="Reel3" (Frame=1309)
Tests.cs RunFreeSpins currentFreeSpin=2
skipSplice=false reelID="Reel4" (Frame=1310)
Tests.cs RunFreeSpins currentFreeSpin=2
skipSplice=false reelID="Reel5" (Frame=1313)
Tests.cs RunFreeSpins currentFreeSpin=2
animator animationStateName=boost gameObject=Pivot path=/Game/Machines/Pivot/FreeSpinsMachineParent/Pivot/Game001FreeSpinsMachine(Clone)/Pivot/Bonus Reels/Reels/Pivot/FreeSpinsReel4/Symbol5/Pivot/FreeSpinsSymbol/Boost/Pivot
!activeSelf animator animationStateName=boost gameObject=Pivot path=/Game/Machines/Pivot/FreeSpinsMachineParent/Pivot/Game001FreeSpinsMachine(Clone)/Pivot/Bonus Reels/Reels/Pivot/FreeSpinsReel4/Symbol5/Pivot/FreeSpinsSymbol/Boost/Pivot
Game object with animator is inactive
Tests.cs RunFreeSpins currentFreeSpin=2
animator animationStateName=winX gameObject=Pivot path=/Game/Machines/Pivot/FreeSpinsMachineParent/Pivot/Game001FreeSpinsMachine(Clone)/Pivot/Bonus Reels/Reels/Pivot/FreeSpinsReel5/Symbol5/Pivot/FreeSpinsSymbol/WinX/Pivot
!activeSelf animator animationStateName=winX gameObject=Pivot path=/Game/Machines/Pivot/FreeSpinsMachineParent/Pivot/Game001FreeSpinsMachine(Clone)/Pivot/Bonus Reels/Reels/Pivot/FreeSpinsReel5/Symbol5/Pivot/FreeSpinsSymbol/WinX/Pivot
Game object with animator is inactive
Tests.cs RunFreeSpins currentFreeSpin=2
Tests.cs RunFreeSpins currentFreeSpin=2
Tests.cs RunFreeSpins currentFreeSpin=2
Tests.cs RunFreeSpins currentFreeSpin=2
animator animationStateName=multiplier gameObject=Pivot path=/Game/Machines/Pivot/FreeSpinsMachineParent/Pivot/Game001FreeSpinsMachine(Clone)/Pivot/Bonus Symbols/Pivot/Column5/Symbols/Pivot/Symbol8/Default/Pivot
animator animationStateName=reset gameObject=Pivot path=/Game/Machines/Pivot/FreeSpinsMachineParent/Pivot/Game001FreeSpinsMachine(Clone)/Pivot/Bonus Reels/Reels/Pivot/FreeSpinsReel4/Symbol5/Pivot/FreeSpinsSymbol/Boost/Pivot
!activeSelf animator animationStateName=reset gameObject=Pivot path=/Game/Machines/Pivot/FreeSpinsMachineParent/Pivot/Game001FreeSpinsMachine(Clone)/Pivot/Bonus Reels/Reels/Pivot/FreeSpinsReel4/Symbol5/Pivot/FreeSpinsSymbol/Boost/Pivot
Game object with animator is inactive
Tests.cs RunFreeSpins currentFreeSpin=2
animator animationStateName=reset gameObject=Pivot path=/Game/Machines/Pivot/FreeSpinsMachineParent/Pivot/Game001FreeSpinsMachine(Clone)/Pivot/Bonus Reels/Reels/Pivot/FreeSpinsReel5/Symbol5/Pivot/FreeSpinsSymbol/WinX/Pivot
!activeSelf animator animationStateName=reset gameObject=Pivot path=/Game/Machines/Pivot/FreeSpinsMachineParent/Pivot/Game001FreeSpinsMachine(Clone)/Pivot/Bonus Reels/Reels/Pivot/FreeSpinsReel5/Symbol5/Pivot/FreeSpinsSymbol/WinX/Pivot
Game object with animator is inactive
Tests.cs RunFreeSpins currentFreeSpin=2
Tests.cs RunFreeSpins currentFreeSpin=2
Tests.cs RunFreeSpins currentFreeSpin=3
skipSplice=false reelID="Reel1" (Frame=1353)
skipSplice=false reelID="Reel2" (Frame=1354)
Tests.cs RunFreeSpins currentFreeSpin=3
skipSplice=false reelID="Reel3" (Frame=1355)
skipSplice=true reelID="Reel4" (Frame=1357)
Tests.cs RunFreeSpins currentFreeSpin=3
skipSplice=false reelID="Reel5" (Frame=1359)
Tests.cs RunFreeSpins currentFreeSpin=3
Tests.cs RunFreeSpins currentFreeSpin=3
animator animationStateName=show gameObject=Pivot path=/Game/Machines/Pivot/FreeSpinsMachineParent/Pivot/Game001FreeSpinsMachine(Clone)/Pivot/Bonus Symbols Free Spins Added Frame/Pivot
Tests.cs RunFreeSpins currentFreeSpin=3
Tests.cs RunFreeSpins currentFreeSpin=3
Tests.cs RunFreeSpins currentFreeSpin=3
Tests.cs RunFreeSpins currentFreeSpin=3
Tests.cs RunFreeSpins currentFreeSpin=4
skipSplice=false reelID="Reel1" (Frame=1384)
skipSplice=false reelID="Reel2" (Frame=1385)
Tests.cs RunFreeSpins currentFreeSpin=4
skipSplice=true reelID="Reel3" (Frame=1386)
skipSplice=false reelID="Reel4" (Frame=1388)
Tests.cs RunFreeSpins currentFreeSpin=4
skipSplice=false reelID="Reel5" (Frame=1390)
Tests.cs RunFreeSpins currentFreeSpin=4
Tests.cs RunFreeSpins currentFreeSpin=4
animator animationStateName=boostALL gameObject=Pivot path=/Game/Machines/Pivot/FreeSpinsMachineParent/Pivot/Game001FreeSpinsMachine(Clone)/Pivot/Bonus Reels/Reels/Pivot/FreeSpinsReel2/Symbol3/Pivot/FreeSpinsSymbol/BoostALL/Pivot
!activeSelf animator animationStateName=boostALL gameObject=Pivot path=/Game/Machines/Pivot/FreeSpinsMachineParent/Pivot/Game001FreeSpinsMachine(Clone)/Pivot/Bonus Reels/Reels/Pivot/FreeSpinsReel2/Symbol3/Pivot/FreeSpinsSymbol/BoostALL/Pivot
Game object with animator is inactive
Tests.cs RunFreeSpins currentFreeSpin=4
Tests.cs RunFreeSpins currentFreeSpin=4
animator animationStateName=reset gameObject=Pivot path=/Game/Machines/Pivot/FreeSpinsMachineParent/Pivot/Game001FreeSpinsMachine(Clone)/Pivot/Bonus Reels/Reels/Pivot/FreeSpinsReel2/Symbol3/Pivot/FreeSpinsSymbol/BoostALL/Pivot
!activeSelf animator animationStateName=reset gameObject=Pivot path=/Game/Machines/Pivot/FreeSpinsMachineParent/Pivot/Game001FreeSpinsMachine(Clone)/Pivot/Bonus Reels/Reels/Pivot/FreeSpinsReel2/Symbol3/Pivot/FreeSpinsSymbol/BoostALL/Pivot
Game object with animator is inactive
Tests.cs RunFreeSpins currentFreeSpin=4
Tests.cs RunFreeSpins currentFreeSpin=4
Tests.cs RunFreeSpins currentFreeSpin=5
skipSplice=false reelID="Reel1" (Frame=1417)
Tests.cs RunFreeSpins currentFreeSpin=5
skipSplice=false reelID="Reel2" (Frame=1418)
skipSplice=false reelID="Reel3" (Frame=1419)
skipSplice=false reelID="Reel4" (Frame=1420)
Tests.cs RunFreeSpins currentFreeSpin=5
skipSplice=false reelID="Reel5" (Frame=1423)
Tests.cs RunFreeSpins currentFreeSpin=5
Tests.cs RunFreeSpins currentFreeSpin=5
animator animationStateName=boost gameObject=Pivot path=/Game/Machines/Pivot/FreeSpinsMachineParent/Pivot/Game001FreeSpinsMachine(Clone)/Pivot/Bonus Reels/Reels/Pivot/FreeSpinsReel5/Symbol4/Pivot/FreeSpinsSymbol/Boost/Pivot
!activeSelf animator animationStateName=boost gameObject=Pivot path=/Game/Machines/Pivot/FreeSpinsMachineParent/Pivot/Game001FreeSpinsMachine(Clone)/Pivot/Bonus Reels/Reels/Pivot/FreeSpinsReel5/Symbol4/Pivot/FreeSpinsSymbol/Boost/Pivot
Game object with animator is inactive
animator animationStateName=boost gameObject=Pivot path=/Game/Machines/Pivot/FreeSpinsMachineParent/Pivot/Game001FreeSpinsMachine(Clone)/Pivot/Bonus Reels/Reels/Pivot/FreeSpinsReel5/Symbol5/Pivot/FreeSpinsSymbol/Boost/Pivot
Tests.cs RunFreeSpins currentFreeSpin=5
Tests.cs RunFreeSpins currentFreeSpin=5
Tests.cs RunFreeSpins currentFreeSpin=5
animator animationStateName=reset gameObject=Pivot path=/Game/Machines/Pivot/FreeSpinsMachineParent/Pivot/Game001FreeSpinsMachine(Clone)/Pivot/Bonus Reels/Reels/Pivot/FreeSpinsReel5/Symbol4/Pivot/FreeSpinsSymbol/Boost/Pivot
!activeSelf animator animationStateName=reset gameObject=Pivot path=/Game/Machines/Pivot/FreeSpinsMachineParent/Pivot/Game001FreeSpinsMachine(Clone)/Pivot/Bonus Reels/Reels/Pivot/FreeSpinsReel5/Symbol4/Pivot/FreeSpinsSymbol/Boost/Pivot
Game object with animator is inactive
Tests.cs RunFreeSpins currentFreeSpin=5
animator animationStateName=reset gameObject=Pivot path=/Game/Machines/Pivot/FreeSpinsMachineParent/Pivot/Game001FreeSpinsMachine(Clone)/Pivot/Bonus Reels/Reels/Pivot/FreeSpinsReel5/Symbol5/Pivot/FreeSpinsSymbol/Boost/Pivot
Tests.cs RunFreeSpins currentFreeSpin=5
animator animationStateName=win gameObject=Pivot path=/Game/Machines/Pivot/FreeSpinsMachineParent/Pivot/Game001FreeSpinsMachine(Clone)/Pivot/Bonus Reels/Reels/Pivot/FreeSpinsReel1/Symbol4/Pivot/FreeSpinsSymbol/M4/Pivot
animator animationStateName=win gameObject=Pivot path=/Game/Machines/Pivot/FreeSpinsMachineParent/Pivot/Game001FreeSpinsMachine(Clone)/Pivot/Bonus Reels/Reels/Pivot/FreeSpinsReel2/Symbol3/Pivot/FreeSpinsSymbol/M1/Pivot
animator animationStateName=win gameObject=Pivot path=/Game/Machines/Pivot/FreeSpinsMachineParent/Pivot/Game001FreeSpinsMachine(Clone)/Pivot/Bonus Reels/Reels/Pivot/FreeSpinsReel3/Symbol4/Pivot/FreeSpinsSymbol/F7/Pivot
animator animationStateName=win gameObject=Pivot path=/Game/Machines/Pivot/FreeSpinsMachineParent/Pivot/Game001FreeSpinsMachine(Clone)/Pivot/Bonus Reels/Reels/Pivot/FreeSpinsReel3/Symbol5/Pivot/FreeSpinsSymbol/F5/Pivot
Tests.cs RunFreeSpins currentFreeSpin=5
Tests.cs RunFreeSpins currentFreeSpin=5
animator animationStateName=win gameObject=Pivot path=/Game/Machines/Pivot/FreeSpinsMachineParent/Pivot/Game001FreeSpinsMachine(Clone)/Pivot/Bonus Reels/Reels/Pivot/FreeSpinsReel1/Symbol3/Pivot/FreeSpinsSymbol/M4/Pivot
animator animationStateName=win gameObject=Pivot path=/Game/Machines/Pivot/FreeSpinsMachineParent/Pivot/Game001FreeSpinsMachine(Clone)/Pivot/Bonus Reels/Reels/Pivot/FreeSpinsReel2/Symbol3/Pivot/FreeSpinsSymbol/M1/Pivot
animator animationStateName=win gameObject=Pivot path=/Game/Machines/Pivot/FreeSpinsMachineParent/Pivot/Game001FreeSpinsMachine(Clone)/Pivot/Bonus Reels/Reels/Pivot/FreeSpinsReel3/Symbol5/Pivot/FreeSpinsSymbol/F5/Pivot
Tests.cs RunFreeSpins currentFreeSpin=5
Tests.cs RunFreeSpins currentFreeSpin=5
animator animationStateName=win gameObject=Pivot path=/Game/Machines/Pivot/FreeSpinsMachineParent/Pivot/Game001FreeSpinsMachine(Clone)/Pivot/Bonus Reels/Reels/Pivot/FreeSpinsReel1/Symbol5/Pivot/FreeSpinsSymbol/M2/Pivot
animator animationStateName=win gameObject=Pivot path=/Game/Machines/Pivot/FreeSpinsMachineParent/Pivot/Game001FreeSpinsMachine(Clone)/Pivot/Bonus Reels/Reels/Pivot/FreeSpinsReel2/Symbol3/Pivot/FreeSpinsSymbol/M1/Pivot
animator animationStateName=win gameObject=Pivot path=/Game/Machines/Pivot/FreeSpinsMachineParent/Pivot/Game001FreeSpinsMachine(Clone)/Pivot/Bonus Reels/Reels/Pivot/FreeSpinsReel2/Symbol5/Pivot/FreeSpinsSymbol/F8/Pivot
Tests.cs RunFreeSpins currentFreeSpin=5
Tests.cs RunFreeSpins currentFreeSpin=5
Tests.cs RunFreeSpins currentFreeSpin=5
Tests.cs RunFreeSpins currentFreeSpin=5
Tests.cs RunFreeSpins currentFreeSpin=6
skipSplice=false reelID="Reel1" (Frame=1483)
Tests.cs RunFreeSpins currentFreeSpin=6
skipSplice=false reelID="Reel2" (Frame=1484)
skipSplice=false reelID="Reel3" (Frame=1485)
skipSplice=false reelID="Reel4" (Frame=1486)
Tests.cs RunFreeSpins currentFreeSpin=6
skipSplice=false reelID="Reel5" (Frame=1489)
Tests.cs RunFreeSpins currentFreeSpin=6
Tests.cs RunFreeSpins currentFreeSpin=6
animator animationStateName=winX gameObject=Pivot path=/Game/Machines/Pivot/FreeSpinsMachineParent/Pivot/Game001FreeSpinsMachine(Clone)/Pivot/Bonus Reels/Reels/Pivot/FreeSpinsReel1/Symbol3/Pivot/FreeSpinsSymbol/WinX/Pivot
!activeSelf animator animationStateName=winX gameObject=Pivot path=/Game/Machines/Pivot/FreeSpinsMachineParent/Pivot/Game001FreeSpinsMachine(Clone)/Pivot/Bonus Reels/Reels/Pivot/FreeSpinsReel1/Symbol3/Pivot/FreeSpinsSymbol/WinX/Pivot
Game object with animator is inactive
Tests.cs RunFreeSpins currentFreeSpin=6
animator animationStateName=winX gameObject=Pivot path=/Game/Machines/Pivot/FreeSpinsMachineParent/Pivot/Game001FreeSpinsMachine(Clone)/Pivot/Bonus Reels/Reels/Pivot/FreeSpinsReel5/Symbol5/Pivot/FreeSpinsSymbol/WinX/Pivot
!activeSelf animator animationStateName=winX gameObject=Pivot path=/Game/Machines/Pivot/FreeSpinsMachineParent/Pivot/Game001FreeSpinsMachine(Clone)/Pivot/Bonus Reels/Reels/Pivot/FreeSpinsReel5/Symbol5/Pivot/FreeSpinsSymbol/WinX/Pivot
Game object with animator is inactive
Tests.cs RunFreeSpins currentFreeSpin=6
Tests.cs RunFreeSpins currentFreeSpin=6
Tests.cs RunFreeSpins currentFreeSpin=6
Tests.cs RunFreeSpins currentFreeSpin=6
Tests.cs RunFreeSpins currentFreeSpin=6
animator animationStateName=reset gameObject=Pivot path=/Game/Machines/Pivot/FreeSpinsMachineParent/Pivot/Game001FreeSpinsMachine(Clone)/Pivot/Bonus Reels/Reels/Pivot/FreeSpinsReel1/Symbol3/Pivot/FreeSpinsSymbol/WinX/Pivot
!activeSelf animator animationStateName=reset gameObject=Pivot path=/Game/Machines/Pivot/FreeSpinsMachineParent/Pivot/Game001FreeSpinsMachine(Clone)/Pivot/Bonus Reels/Reels/Pivot/FreeSpinsReel1/Symbol3/Pivot/FreeSpinsSymbol/WinX/Pivot
Game object with animator is inactive
animator animationStateName=reset gameObject=Pivot path=/Game/Machines/Pivot/FreeSpinsMachineParent/Pivot/Game001FreeSpinsMachine(Clone)/Pivot/Bonus Reels/Reels/Pivot/FreeSpinsReel5/Symbol5/Pivot/FreeSpinsSymbol/WinX/Pivot
!activeSelf animator animationStateName=reset gameObject=Pivot path=/Game/Machines/Pivot/FreeSpinsMachineParent/Pivot/Game001FreeSpinsMachine(Clone)/Pivot/Bonus Reels/Reels/Pivot/FreeSpinsReel5/Symbol5/Pivot/FreeSpinsSymbol/WinX/Pivot
Game object with animator is inactive
Tests.cs RunFreeSpins currentFreeSpin=6
animator animationStateName=win gameObject=Pivot path=/Game/Machines/Pivot/FreeSpinsMachineParent/Pivot/Game001FreeSpinsMachine(Clone)/Pivot/Bonus Reels/Reels/Pivot/FreeSpinsReel1/Symbol4/Pivot/FreeSpinsSymbol/WinX/Pivot
animator animationStateName=win gameObject=Pivot path=/Game/Machines/Pivot/FreeSpinsMachineParent/Pivot/Game001FreeSpinsMachine(Clone)/Pivot/Bonus Reels/Reels/Pivot/FreeSpinsReel2/Symbol5/Pivot/FreeSpinsSymbol/M1/Pivot
animator animationStateName=win gameObject=Pivot path=/Game/Machines/Pivot/FreeSpinsMachineParent/Pivot/Game001FreeSpinsMachine(Clone)/Pivot/Bonus Reels/Reels/Pivot/FreeSpinsReel3/Symbol3/Pivot/FreeSpinsSymbol/F5/Pivot
Tests.cs RunFreeSpins currentFreeSpin=6
Tests.cs RunFreeSpins currentFreeSpin=6
animator animationStateName=win gameObject=Pivot path=/Game/Machines/Pivot/FreeSpinsMachineParent/Pivot/Game001FreeSpinsMachine(Clone)/Pivot/Bonus Reels/Reels/Pivot/FreeSpinsReel1/Symbol5/Pivot/FreeSpinsSymbol/M4/Pivot
animator animationStateName=win gameObject=Pivot path=/Game/Machines/Pivot/FreeSpinsMachineParent/Pivot/Game001FreeSpinsMachine(Clone)/Pivot/Bonus Reels/Reels/Pivot/FreeSpinsReel2/Symbol5/Pivot/FreeSpinsSymbol/M1/Pivot
animator animationStateName=win gameObject=Pivot path=/Game/Machines/Pivot/FreeSpinsMachineParent/Pivot/Game001FreeSpinsMachine(Clone)/Pivot/Bonus Reels/Reels/Pivot/FreeSpinsReel3/Symbol3/Pivot/FreeSpinsSymbol/F5/Pivot
Tests.cs RunFreeSpins currentFreeSpin=6
Tests.cs RunFreeSpins currentFreeSpin=6
Tests.cs RunFreeSpins currentFreeSpin=6
Tests.cs RunFreeSpins currentFreeSpin=6
Tests.cs RunFreeSpins currentFreeSpin=7
skipSplice=true reelID="Reel1" (Frame=1548)
Tests.cs RunFreeSpins currentFreeSpin=7
skipSplice=false reelID="Reel2" (Frame=1549)
skipSplice=false reelID="Reel3" (Frame=1550)
Tests.cs RunFreeSpins currentFreeSpin=7
skipSplice=false reelID="Reel4" (Frame=1552)
skipSplice=false reelID="Reel5" (Frame=1554)
Tests.cs RunFreeSpins currentFreeSpin=7
Tests.cs RunFreeSpins currentFreeSpin=7
animator animationStateName=winX gameObject=Pivot path=/Game/Machines/Pivot/FreeSpinsMachineParent/Pivot/Game001FreeSpinsMachine(Clone)/Pivot/Bonus Reels/Reels/Pivot/FreeSpinsReel3/Symbol3/Pivot/FreeSpinsSymbol/WinX/Pivot
Tests.cs RunFreeSpins currentFreeSpin=7
Tests.cs RunFreeSpins currentFreeSpin=7
Tests.cs RunFreeSpins currentFreeSpin=7
animator animationStateName=multiplier gameObject=Pivot path=/Game/Machines/Pivot/FreeSpinsMachineParent/Pivot/Game001FreeSpinsMachine(Clone)/Pivot/Bonus Symbols/Pivot/Column3/Symbols/Pivot/Symbol7/Default/Pivot
animator animationStateName=reset gameObject=Pivot path=/Game/Machines/Pivot/FreeSpinsMachineParent/Pivot/Game001FreeSpinsMachine(Clone)/Pivot/Bonus Reels/Reels/Pivot/FreeSpinsReel3/Symbol3/Pivot/FreeSpinsSymbol/WinX/Pivot
Tests.cs RunFreeSpins currentFreeSpin=7
Tests.cs RunFreeSpins currentFreeSpin=7
Tests.cs RunFreeSpins currentFreeSpin=7
Tests.cs RunFreeSpins currentFreeSpin=8
skipSplice=false reelID="Reel1" (Frame=1587)
Tests.cs RunFreeSpins currentFreeSpin=8
skipSplice=false reelID="Reel2" (Frame=1588)
skipSplice=false reelID="Reel3" (Frame=1589)
Tests.cs RunFreeSpins currentFreeSpin=8
skipSplice=false reelID="Reel4" (Frame=1591)
skipSplice=false reelID="Reel5" (Frame=1593)
Tests.cs RunFreeSpins currentFreeSpin=8
Tests.cs RunFreeSpins currentFreeSpin=8
animator animationStateName=boost gameObject=Pivot path=/Game/Machines/Pivot/FreeSpinsMachineParent/Pivot/Game001FreeSpinsMachine(Clone)/Pivot/Bonus Reels/Reels/Pivot/FreeSpinsReel2/Symbol3/Pivot/FreeSpinsSymbol/Boost/Pivot
!activeSelf animator animationStateName=boost gameObject=Pivot path=/Game/Machines/Pivot/FreeSpinsMachineParent/Pivot/Game001FreeSpinsMachine(Clone)/Pivot/Bonus Reels/Reels/Pivot/FreeSpinsReel2/Symbol3/Pivot/FreeSpinsSymbol/Boost/Pivot
Game object with animator is inactive
Tests.cs RunFreeSpins currentFreeSpin=8
animator animationStateName=boost gameObject=Pivot path=/Game/Machines/Pivot/FreeSpinsMachineParent/Pivot/Game001FreeSpinsMachine(Clone)/Pivot/Bonus Reels/Reels/Pivot/FreeSpinsReel4/Symbol5/Pivot/FreeSpinsSymbol/Boost/Pivot
!activeSelf animator animationStateName=boost gameObject=Pivot path=/Game/Machines/Pivot/FreeSpinsMachineParent/Pivot/Game001FreeSpinsMachine(Clone)/Pivot/Bonus Reels/Reels/Pivot/FreeSpinsReel4/Symbol5/Pivot/FreeSpinsSymbol/Boost/Pivot
Game object with animator is inactive
Tests.cs RunFreeSpins currentFreeSpin=8
Tests.cs RunFreeSpins currentFreeSpin=8
Tests.cs RunFreeSpins currentFreeSpin=8
animator animationStateName=reset gameObject=Pivot path=/Game/Machines/Pivot/FreeSpinsMachineParent/Pivot/Game001FreeSpinsMachine(Clone)/Pivot/Bonus Reels/Reels/Pivot/FreeSpinsReel2/Symbol3/Pivot/FreeSpinsSymbol/Boost/Pivot
!activeSelf animator animationStateName=reset gameObject=Pivot path=/Game/Machines/Pivot/FreeSpinsMachineParent/Pivot/Game001FreeSpinsMachine(Clone)/Pivot/Bonus Reels/Reels/Pivot/FreeSpinsReel2/Symbol3/Pivot/FreeSpinsSymbol/Boost/Pivot
Game object with animator is inactive
Tests.cs RunFreeSpins currentFreeSpin=8
animator animationStateName=reset gameObject=Pivot path=/Game/Machines/Pivot/FreeSpinsMachineParent/Pivot/Game001FreeSpinsMachine(Clone)/Pivot/Bonus Reels/Reels/Pivot/FreeSpinsReel4/Symbol5/Pivot/FreeSpinsSymbol/Boost/Pivot
!activeSelf animator animationStateName=reset gameObject=Pivot path=/Game/Machines/Pivot/FreeSpinsMachineParent/Pivot/Game001FreeSpinsMachine(Clone)/Pivot/Bonus Reels/Reels/Pivot/FreeSpinsReel4/Symbol5/Pivot/FreeSpinsSymbol/Boost/Pivot
Game object with animator is inactive
Tests.cs RunFreeSpins currentFreeSpin=8
Tests.cs RunFreeSpins currentFreeSpin=8
Tests.cs RunFreeSpins currentFreeSpin=9
Tests.cs RunFreeSpins currentFreeSpin=9
skipSplice=false reelID="Reel1" (Frame=1631)
skipSplice=false reelID="Reel2" (Frame=1632)
skipSplice=false reelID="Reel3" (Frame=1633)
Tests.cs RunFreeSpins currentFreeSpin=9
skipSplice=false reelID="Reel4" (Frame=1635)
skipSplice=false reelID="Reel5" (Frame=1637)
Tests.cs RunFreeSpins currentFreeSpin=9
Tests.cs RunFreeSpins currentFreeSpin=9
animator animationStateName=boost gameObject=Pivot path=/Game/Machines/Pivot/FreeSpinsMachineParent/Pivot/Game001FreeSpinsMachine(Clone)/Pivot/Bonus Reels/Reels/Pivot/FreeSpinsReel5/Symbol4/Pivot/FreeSpinsSymbol/Boost/Pivot
!activeSelf animator animationStateName=boost gameObject=Pivot path=/Game/Machines/Pivot/FreeSpinsMachineParent/Pivot/Game001FreeSpinsMachine(Clone)/Pivot/Bonus Reels/Reels/Pivot/FreeSpinsReel5/Symbol4/Pivot/FreeSpinsSymbol/Boost/Pivot
Game object with animator is inactive
Tests.cs RunFreeSpins currentFreeSpin=9
Tests.cs RunFreeSpins currentFreeSpin=9
animator animationStateName=reset gameObject=Pivot path=/Game/Machines/Pivot/FreeSpinsMachineParent/Pivot/Game001FreeSpinsMachine(Clone)/Pivot/Bonus Reels/Reels/Pivot/FreeSpinsReel5/Symbol4/Pivot/FreeSpinsSymbol/Boost/Pivot
!activeSelf animator animationStateName=reset gameObject=Pivot path=/Game/Machines/Pivot/FreeSpinsMachineParent/Pivot/Game001FreeSpinsMachine(Clone)/Pivot/Bonus Reels/Reels/Pivot/FreeSpinsReel5/Symbol4/Pivot/FreeSpinsSymbol/Boost/Pivot
Game object with animator is inactive
Tests.cs RunFreeSpins currentFreeSpin=9
Tests.cs RunFreeSpins currentFreeSpin=9
skipSplice=false reelID="Reel1" (Frame=1664)
skipSplice=false reelID="Reel2" (Frame=1665)
skipSplice=false reelID="Reel3" (Frame=1666)
skipSplice=false reelID="Reel4" (Frame=1667)
skipSplice=false reelID="Reel5" (Frame=1670)
animator animationStateName=winX gameObject=Pivot path=/Game/Machines/Pivot/FreeSpinsMachineParent/Pivot/Game001FreeSpinsMachine(Clone)/Pivot/Bonus Reels/Reels/Pivot/FreeSpinsReel1/Symbol3/Pivot/FreeSpinsSymbol/WinX/Pivot
!activeSelf animator animationStateName=winX gameObject=Pivot path=/Game/Machines/Pivot/FreeSpinsMachineParent/Pivot/Game001FreeSpinsMachine(Clone)/Pivot/Bonus Reels/Reels/Pivot/FreeSpinsReel1/Symbol3/Pivot/FreeSpinsSymbol/WinX/Pivot
Game object with animator is inactive
animator animationStateName=reset gameObject=Pivot path=/Game/Machines/Pivot/FreeSpinsMachineParent/Pivot/Game001FreeSpinsMachine(Clone)/Pivot/Bonus Reels/Reels/Pivot/FreeSpinsReel1/Symbol3/Pivot/FreeSpinsSymbol/WinX/Pivot
!activeSelf animator animationStateName=reset gameObject=Pivot path=/Game/Machines/Pivot/FreeSpinsMachineParent/Pivot/Game001FreeSpinsMachine(Clone)/Pivot/Bonus Reels/Reels/Pivot/FreeSpinsReel1/Symbol3/Pivot/FreeSpinsSymbol/WinX/Pivot
Game object with animator is inactive
animator animationStateName=show gameObject=Pivot path=/Game/Machines/Pivot/FreeSpinsMachineParent/Pivot/Game001FreeSpinsMachine(Clone)/Pivot/Free Spins Bonus Summary Frame/Pivot
animator animationStateName=multiplier_hide gameObject=Pivot path=/Game/Machines/Pivot/FreeSpinsMachineParent/Pivot/Game001FreeSpinsMachine(Clone)/Pivot/Bonus Symbols/Pivot/Column1/Symbols/Pivot/Symbol1/Default/Pivot
animator animationStateName=multiplier_hide gameObject=Pivot path=/Game/Machines/Pivot/FreeSpinsMachineParent/Pivot/Game001FreeSpinsMachine(Clone)/Pivot/Bonus Symbols/Pivot/Column2/Symbols/Pivot/Symbol1/Default/Pivot
animator animationStateName=multiplier_hide gameObject=Pivot path=/Game/Machines/Pivot/FreeSpinsMachineParent/Pivot/Game001FreeSpinsMachine(Clone)/Pivot/Bonus Symbols/Pivot/Column3/Symbols/Pivot/Symbol1/Default/Pivot
animator animationStateName=multiplier_hide gameObject=Pivot path=/Game/Machines/Pivot/FreeSpinsMachineParent/Pivot/Game001FreeSpinsMachine(Clone)/Pivot/Bonus Symbols/Pivot/Column4/Symbols/Pivot/Symbol1/Default/Pivot
animator animationStateName=multiplier_hide gameObject=Pivot path=/Game/Machines/Pivot/FreeSpinsMachineParent/Pivot/Game001FreeSpinsMachine(Clone)/Pivot/Bonus Symbols/Pivot/Column5/Symbols/Pivot/Symbol1/Default/Pivot
animator animationStateName=multiplier_hide gameObject=Pivot path=/Game/Machines/Pivot/FreeSpinsMachineParent/Pivot/Game001FreeSpinsMachine(Clone)/Pivot/Bonus Symbols/Pivot/Column1/Symbols/Pivot/Symbol2/Default/Pivot
animator animationStateName=multiplier_hide gameObject=Pivot path=/Game/Machines/Pivot/FreeSpinsMachineParent/Pivot/Game001FreeSpinsMachine(Clone)/Pivot/Bonus Symbols/Pivot/Column2/Symbols/Pivot/Symbol2/Default/Pivot
animator animationStateName=multiplier_hide gameObject=Pivot path=/Game/Machines/Pivot/FreeSpinsMachineParent/Pivot/Game001FreeSpinsMachine(Clone)/Pivot/Bonus Symbols/Pivot/Column3/Symbols/Pivot/Symbol2/Default/Pivot
animator animationStateName=multiplier_hide gameObject=Pivot path=/Game/Machines/Pivot/FreeSpinsMachineParent/Pivot/Game001FreeSpinsMachine(Clone)/Pivot/Bonus Symbols/Pivot/Column4/Symbols/Pivot/Symbol2/Default/Pivot
animator animationStateName=multiplier_hide gameObject=Pivot path=/Game/Machines/Pivot/FreeSpinsMachineParent/Pivot/Game001FreeSpinsMachine(Clone)/Pivot/Bonus Symbols/Pivot/Column5/Symbols/Pivot/Symbol2/Default/Pivot
animator animationStateName=multiplier_hide gameObject=Pivot path=/Game/Machines/Pivot/FreeSpinsMachineParent/Pivot/Game001FreeSpinsMachine(Clone)/Pivot/Bonus Symbols/Pivot/Column1/Symbols/Pivot/Symbol3/Default/Pivot
animator animationStateName=multiplier_hide gameObject=Pivot path=/Game/Machines/Pivot/FreeSpinsMachineParent/Pivot/Game001FreeSpinsMachine(Clone)/Pivot/Bonus Symbols/Pivot/Column2/Symbols/Pivot/Symbol3/Default/Pivot
animator animationStateName=multiplier_hide gameObject=Pivot path=/Game/Machines/Pivot/FreeSpinsMachineParent/Pivot/Game001FreeSpinsMachine(Clone)/Pivot/Bonus Symbols/Pivot/Column3/Symbols/Pivot/Symbol3/Default/Pivot
animator animationStateName=multiplier_hide gameObject=Pivot path=/Game/Machines/Pivot/FreeSpinsMachineParent/Pivot/Game001FreeSpinsMachine(Clone)/Pivot/Bonus Symbols/Pivot/Column4/Symbols/Pivot/Symbol3/Default/Pivot
animator animationStateName=multiplier_hide gameObject=Pivot path=/Game/Machines/Pivot/FreeSpinsMachineParent/Pivot/Game001FreeSpinsMachine(Clone)/Pivot/Bonus Symbols/Pivot/Column5/Symbols/Pivot/Symbol3/Default/Pivot
animator animationStateName=multiplier_hide gameObject=Pivot path=/Game/Machines/Pivot/FreeSpinsMachineParent/Pivot/Game001FreeSpinsMachine(Clone)/Pivot/Bonus Symbols/Pivot/Column1/Symbols/Pivot/Symbol4/Default/Pivot
animator animationStateName=multiplier_hide gameObject=Pivot path=/Game/Machines/Pivot/FreeSpinsMachineParent/Pivot/Game001FreeSpinsMachine(Clone)/Pivot/Bonus Symbols/Pivot/Column2/Symbols/Pivot/Symbol4/Default/Pivot
animator animationStateName=multiplier_hide gameObject=Pivot path=/Game/Machines/Pivot/FreeSpinsMachineParent/Pivot/Game001FreeSpinsMachine(Clone)/Pivot/Bonus Symbols/Pivot/Column3/Symbols/Pivot/Symbol4/Default/Pivot
animator animationStateName=multiplier_hide gameObject=Pivot path=/Game/Machines/Pivot/FreeSpinsMachineParent/Pivot/Game001FreeSpinsMachine(Clone)/Pivot/Bonus Symbols/Pivot/Column4/Symbols/Pivot/Symbol4/Default/Pivot
animator animationStateName=multiplier_hide gameObject=Pivot path=/Game/Machines/Pivot/FreeSpinsMachineParent/Pivot/Game001FreeSpinsMachine(Clone)/Pivot/Bonus Symbols/Pivot/Column5/Symbols/Pivot/Symbol4/Default/Pivot
animator animationStateName=multiplier_hide gameObject=Pivot path=/Game/Machines/Pivot/FreeSpinsMachineParent/Pivot/Game001FreeSpinsMachine(Clone)/Pivot/Bonus Symbols/Pivot/Column1/Symbols/Pivot/Symbol5/Default/Pivot
animator animationStateName=multiplier_hide gameObject=Pivot path=/Game/Machines/Pivot/FreeSpinsMachineParent/Pivot/Game001FreeSpinsMachine(Clone)/Pivot/Bonus Symbols/Pivot/Column2/Symbols/Pivot/Symbol5/Default/Pivot
animator animationStateName=multiplier_hide gameObject=Pivot path=/Game/Machines/Pivot/FreeSpinsMachineParent/Pivot/Game001FreeSpinsMachine(Clone)/Pivot/Bonus Symbols/Pivot/Column3/Symbols/Pivot/Symbol5/Default/Pivot
animator animationStateName=multiplier_hide gameObject=Pivot path=/Game/Machines/Pivot/FreeSpinsMachineParent/Pivot/Game001FreeSpinsMachine(Clone)/Pivot/Bonus Symbols/Pivot/Column4/Symbols/Pivot/Symbol5/Default/Pivot
animator animationStateName=multiplier_hide gameObject=Pivot path=/Game/Machines/Pivot/FreeSpinsMachineParent/Pivot/Game001FreeSpinsMachine(Clone)/Pivot/Bonus Symbols/Pivot/Column5/Symbols/Pivot/Symbol5/Default/Pivot
animator animationStateName=multiplier_hide gameObject=Pivot path=/Game/Machines/Pivot/FreeSpinsMachineParent/Pivot/Game001FreeSpinsMachine(Clone)/Pivot/Bonus Symbols/Pivot/Column1/Symbols/Pivot/Symbol6/Default/Pivot
animator animationStateName=multiplier_hide gameObject=Pivot path=/Game/Machines/Pivot/FreeSpinsMachineParent/Pivot/Game001FreeSpinsMachine(Clone)/Pivot/Bonus Symbols/Pivot/Column2/Symbols/Pivot/Symbol6/Default/Pivot
animator animationStateName=multiplier_hide gameObject=Pivot path=/Game/Machines/Pivot/FreeSpinsMachineParent/Pivot/Game001FreeSpinsMachine(Clone)/Pivot/Bonus Symbols/Pivot/Column3/Symbols/Pivot/Symbol6/Default/Pivot
animator animationStateName=multiplier_hide gameObject=Pivot path=/Game/Machines/Pivot/FreeSpinsMachineParent/Pivot/Game001FreeSpinsMachine(Clone)/Pivot/Bonus Symbols/Pivot/Column4/Symbols/Pivot/Symbol6/Default/Pivot
animator animationStateName=multiplier_hide gameObject=Pivot path=/Game/Machines/Pivot/FreeSpinsMachineParent/Pivot/Game001FreeSpinsMachine(Clone)/Pivot/Bonus Symbols/Pivot/Column5/Symbols/Pivot/Symbol6/Default/Pivot
animator animationStateName=multiplier_hide gameObject=Pivot path=/Game/Machines/Pivot/FreeSpinsMachineParent/Pivot/Game001FreeSpinsMachine(Clone)/Pivot/Bonus Symbols/Pivot/Column1/Symbols/Pivot/Symbol7/Default/Pivot
animator animationStateName=multiplier_hide gameObject=Pivot path=/Game/Machines/Pivot/FreeSpinsMachineParent/Pivot/Game001FreeSpinsMachine(Clone)/Pivot/Bonus Symbols/Pivot/Column2/Symbols/Pivot/Symbol7/Default/Pivot
animator animationStateName=multiplier_hide gameObject=Pivot path=/Game/Machines/Pivot/FreeSpinsMachineParent/Pivot/Game001FreeSpinsMachine(Clone)/Pivot/Bonus Symbols/Pivot/Column3/Symbols/Pivot/Symbol7/Default/Pivot
animator animationStateName=multiplier_hide gameObject=Pivot path=/Game/Machines/Pivot/FreeSpinsMachineParent/Pivot/Game001FreeSpinsMachine(Clone)/Pivot/Bonus Symbols/Pivot/Column4/Symbols/Pivot/Symbol7/Default/Pivot
animator animationStateName=multiplier_hide gameObject=Pivot path=/Game/Machines/Pivot/FreeSpinsMachineParent/Pivot/Game001FreeSpinsMachine(Clone)/Pivot/Bonus Symbols/Pivot/Column5/Symbols/Pivot/Symbol7/Default/Pivot
animator animationStateName=multiplier_hide gameObject=Pivot path=/Game/Machines/Pivot/FreeSpinsMachineParent/Pivot/Game001FreeSpinsMachine(Clone)/Pivot/Bonus Symbols/Pivot/Column1/Symbols/Pivot/Symbol8/Default/Pivot
animator animationStateName=multiplier_hide gameObject=Pivot path=/Game/Machines/Pivot/FreeSpinsMachineParent/Pivot/Game001FreeSpinsMachine(Clone)/Pivot/Bonus Symbols/Pivot/Column2/Symbols/Pivot/Symbol8/Default/Pivot
animator animationStateName=multiplier_hide gameObject=Pivot path=/Game/Machines/Pivot/FreeSpinsMachineParent/Pivot/Game001FreeSpinsMachine(Clone)/Pivot/Bonus Symbols/Pivot/Column3/Symbols/Pivot/Symbol8/Default/Pivot
animator animationStateName=multiplier_hide gameObject=Pivot path=/Game/Machines/Pivot/FreeSpinsMachineParent/Pivot/Game001FreeSpinsMachine(Clone)/Pivot/Bonus Symbols/Pivot/Column4/Symbols/Pivot/Symbol8/Default/Pivot
animator animationStateName=multiplier_hide gameObject=Pivot path=/Game/Machines/Pivot/FreeSpinsMachineParent/Pivot/Game001FreeSpinsMachine(Clone)/Pivot/Bonus Symbols/Pivot/Column5/Symbols/Pivot/Symbol8/Default/Pivot
animator animationStateName=reset gameObject=Pivot path=/Game/Machines/Pivot/FreeSpinsMachineParent/Pivot/Game001FreeSpinsMachine(Clone)/Pivot/Free Spins Bonus Summary Frame/Pivot
animator animationStateName=slide_in gameObject=Pivot path=/Game/ReelOverlays/Pivot/FreeSpinsTriggerOverlayParent/Pivot
animator animationStateName=hide gameObject=Pivot path=/Game/Backgrounds/Pivot/FreeSpinsBackgroundParent/Pivot/Game001FreeSpinsBackground(Clone)/Pivot
animator animationStateName=show gameObject=Pivot path=/Game/Backgrounds/Pivot/BaseGameBackgroundParent/Pivot/Game001BaseGameBackground(Clone)/Pivot
animator animationStateName=slide_out gameObject=Pivot path=/Game/ReelOverlays/Pivot/FreeSpinsTriggerOverlayParent/Pivot
animator animationStateName=free_spins_trigger_fade_out gameObject=Pivot path=/Game/Machines/Pivot/BaseGameMachineParent/Pivot/Game001BaseGameMachine(Clone)/Pivot
Game001BaseGameMachine OnPointerClick tile id="Game001BaseGameMachine" (Frame=1837)
scriptName=Game001Outcome000000004 loaded successfully at frame=1842
animator animationStateName=land gameObject=Pivot path=/Game/Machines/Pivot/BaseGameMachineParent/Pivot/Game001BaseGameMachine(Clone)/Pivot/Reels/Pivot/BaseGameReel2/Symbol5/Pivot/BaseGameSymbol/F6/Pivot
animator animationStateName=win gameObject=Pivot path=/Game/Machines/Pivot/BaseGameMachineParent/Pivot/Game001BaseGameMachine(Clone)/Pivot/Reels/Pivot/BaseGameReel1/Symbol4/Pivot/BaseGameSymbol/F7/Pivot
animator animationStateName=win gameObject=Pivot path=/Game/Machines/Pivot/BaseGameMachineParent/Pivot/Game001BaseGameMachine(Clone)/Pivot/Reels/Pivot/BaseGameReel2/Symbol5/Pivot/BaseGameSymbol/F6/Pivot
animator animationStateName=win gameObject=Pivot path=/Game/Machines/Pivot/BaseGameMachineParent/Pivot/Game001BaseGameMachine(Clone)/Pivot/Reels/Pivot/BaseGameReel3/Symbol4/Pivot/BaseGameSymbol/F5/Pivot
animator animationStateName=win gameObject=Pivot path=/Game/Machines/Pivot/BaseGameMachineParent/Pivot/Game001BaseGameMachine(Clone)/Pivot/Reels/Pivot/BaseGameReel3/Symbol5/Pivot/BaseGameSymbol/F9/Pivot
animator animationStateName=win gameObject=Pivot path=/Game/Machines/Pivot/BaseGameMachineParent/Pivot/Game001BaseGameMachine(Clone)/Pivot/Reels/Pivot/BaseGameReel1/Symbol4/Pivot/BaseGameSymbol/F7/Pivot
animator animationStateName=win gameObject=Pivot path=/Game/Machines/Pivot/BaseGameMachineParent/Pivot/Game001BaseGameMachine(Clone)/Pivot/Reels/Pivot/BaseGameReel2/Symbol5/Pivot/BaseGameSymbol/F6/Pivot
animator animationStateName=win gameObject=Pivot path=/Game/Machines/Pivot/BaseGameMachineParent/Pivot/Game001BaseGameMachine(Clone)/Pivot/Reels/Pivot/BaseGameReel3/Symbol4/Pivot/BaseGameSymbol/F5/Pivot
animator animationStateName=win gameObject=Pivot path=/Game/Machines/Pivot/BaseGameMachineParent/Pivot/Game001BaseGameMachine(Clone)/Pivot/Reels/Pivot/BaseGameReel3/Symbol5/Pivot/BaseGameSymbol/F9/Pivot
animator animationStateName=win gameObject=Pivot path=/Game/Machines/Pivot/BaseGameMachineParent/Pivot/Game001BaseGameMachine(Clone)/Pivot/Reels/Pivot/BaseGameReel1/Symbol4/Pivot/BaseGameSymbol/F7/Pivot
animator animationStateName=win gameObject=Pivot path=/Game/Machines/Pivot/BaseGameMachineParent/Pivot/Game001BaseGameMachine(Clone)/Pivot/Reels/Pivot/BaseGameReel2/Symbol5/Pivot/BaseGameSymbol/F6/Pivot
animator animationStateName=win gameObject=Pivot path=/Game/Machines/Pivot/BaseGameMachineParent/Pivot/Game001BaseGameMachine(Clone)/Pivot/Reels/Pivot/BaseGameReel3/Symbol4/Pivot/BaseGameSymbol/F5/Pivot
animator animationStateName=win gameObject=Pivot path=/Game/Machines/Pivot/BaseGameMachineParent/Pivot/Game001BaseGameMachine(Clone)/Pivot/Reels/Pivot/BaseGameReel3/Symbol5/Pivot/BaseGameSymbol/F9/Pivot
]]></output>
                  </test-case>
                </test-suite>
              </test-suite>
            </test-suite>
          </test-suite>
        </test-suite>
      </test-suite>
    </test-suite>
  </test-suite>
</test-run>