<?xml version="1.0" encoding="utf-8"?>
<test-run id="2" testcasecount="4" result="Passed" total="4" passed="4" failed="0" inconclusive="0" skipped="0" asserts="0" engine-version="3.5.0.0" clr-version="4.0.30319.42000" start-time="2024-02-08 21:57:26Z" end-time="2024-02-08 21:58:32Z" duration="65.4188196">
  <test-suite type="TestSuite" id="1000" name="Unity" fullname="Unity" runstate="Runnable" testcasecount="5" result="Passed" start-time="2024-02-08 21:57:26Z" end-time="2024-02-08 21:58:32Z" duration="65.418820" total="4" passed="4" failed="0" inconclusive="0" skipped="0" asserts="0">
    <properties />
    <test-suite type="Assembly" id="1014" name="casino.bettr.plugin.Main.Tests.dll" fullname="/Users/rvergis/Documents/External/Bettr/GitHub/bettr-casino/slots-game-plugins/Unity/Library/ScriptAssemblies/casino.bettr.plugin.Main.Tests.dll" runstate="Runnable" testcasecount="4" result="Passed" start-time="2024-02-08 21:57:26Z" end-time="2024-02-08 21:58:32Z" duration="65.415051" total="4" passed="4" failed="0" inconclusive="0" skipped="0" asserts="0">
      <properties>
        <property name="_PID" value="78512" />
        <property name="_APPDOMAIN" value="Unity Child Domain" />
        <property name="platform" value="PlayMode" />
      </properties>
      <test-suite type="TestSuite" id="1015" name="Bettr" fullname="Bettr" runstate="Runnable" testcasecount="4" result="Passed" start-time="2024-02-08 21:57:26Z" end-time="2024-02-08 21:58:32Z" duration="65.414725" total="4" passed="4" failed="0" inconclusive="0" skipped="0" asserts="0">
        <properties />
        <test-suite type="TestSuite" id="1016" name="Runtime" fullname="Bettr.Runtime" runstate="Runnable" testcasecount="4" result="Passed" start-time="2024-02-08 21:57:26Z" end-time="2024-02-08 21:58:32Z" duration="65.414527" total="4" passed="4" failed="0" inconclusive="0" skipped="0" asserts="0">
          <properties />
          <test-suite type="TestSuite" id="1017" name="Plugin" fullname="Bettr.Runtime.Plugin" runstate="Runnable" testcasecount="4" result="Passed" start-time="2024-02-08 21:57:26Z" end-time="2024-02-08 21:58:32Z" duration="65.414295" total="4" passed="4" failed="0" inconclusive="0" skipped="0" asserts="0">
            <properties />
            <test-suite type="TestSuite" id="1018" name="Main" fullname="Bettr.Runtime.Plugin.Main" runstate="Runnable" testcasecount="4" result="Passed" start-time="2024-02-08 21:57:26Z" end-time="2024-02-08 21:58:32Z" duration="65.414067" total="4" passed="4" failed="0" inconclusive="0" skipped="0" asserts="0">
              <properties />
              <test-suite type="TestSuite" id="1019" name="Tests" fullname="Bettr.Runtime.Plugin.Main.Tests" runstate="Runnable" testcasecount="4" result="Passed" start-time="2024-02-08 21:57:26Z" end-time="2024-02-08 21:58:32Z" duration="65.413796" total="4" passed="4" failed="0" inconclusive="0" skipped="0" asserts="0">
                <properties />
                <test-suite type="TestFixture" id="1009" name="Tests" fullname="Bettr.Runtime.Plugin.Main.Tests.Tests" classname="Bettr.Runtime.Plugin.Main.Tests.Tests" runstate="Runnable" testcasecount="4" result="Passed" start-time="2024-02-08 21:57:26Z" end-time="2024-02-08 21:58:32Z" duration="65.412894" total="4" passed="4" failed="0" inconclusive="0" skipped="0" asserts="0">
                  <properties />
                  <output><![CDATA[GetCommandLineArguments args=/Users/rvergis/Documents/External/Applications/Unity/Hub/Editor/2022.3.16f1/Unity.app/Contents/MacOS/Unity,-batchmode,-logFile,/Users/rvergis/Documents/External/Bettr/Logs/UnitTests/logfile.log,-runTests,-projectPath,Unity,-testResults,TestResults/testResultsMain.xml,-testPlatform,playmode,-testFilter,casino.bettr.plugin.Main.Tests,-timeScale=10
Setting Time.timeScale=10
OneTimeSetup
]]></output>
                  <test-case id="1010" name="TestInit" fullname="Bettr.Runtime.Plugin.Main.Tests.Tests.TestInit" methodname="TestInit" classname="Bettr.Runtime.Plugin.Main.Tests.Tests" runstate="Runnable" seed="2069304188" result="Passed" start-time="2024-02-08 21:57:27Z" end-time="2024-02-08 21:57:28Z" duration="0.910870" asserts="0">
                    <properties>
                      <property name="_JOINTYPE" value="UnityCombinatorial" />
                      <property name="Order" value="1" />
                    </properties>
                    <output><![CDATA[UnitySetUp
scriptName=Core loaded successfully at frame=12
scriptName=Main loaded successfully at frame=12
scriptName=Utils loaded successfully at frame=12
AddScriptsToTable 3 scripts took 0.02287006 seconds
TestLogin
]]></output>
                  </test-case>
                  <test-case id="1011" name="TestLogin" fullname="Bettr.Runtime.Plugin.Main.Tests.Tests.TestLogin" methodname="TestLogin" classname="Bettr.Runtime.Plugin.Main.Tests.Tests" runstate="Runnable" seed="287886200" result="Passed" start-time="2024-02-08 21:57:28Z" end-time="2024-02-08 21:57:29Z" duration="0.660936" asserts="0">
                    <properties>
                      <property name="_JOINTYPE" value="UnityCombinatorial" />
                      <property name="Order" value="2" />
                    </properties>
                    <output><![CDATA[UnitySetUp
TestLogin
Starting User Login
uniqueId=EE0DE516-5053-5142-80AC-2D878E91215C
]]></output>
                  </test-case>
                  <test-case id="1012" name="TestRoutineRunner" fullname="Bettr.Runtime.Plugin.Main.Tests.Tests.TestRoutineRunner" methodname="TestRoutineRunner" classname="Bettr.Runtime.Plugin.Main.Tests.Tests" runstate="Runnable" seed="1942596434" result="Passed" start-time="2024-02-08 21:57:29Z" end-time="2024-02-08 21:57:29Z" duration="0.369138" asserts="0">
                    <properties>
                      <property name="_JOINTYPE" value="UnityCombinatorial" />
                      <property name="Order" value="3" />
                    </properties>
                    <output><![CDATA[UnitySetUp
TestRoutineRunner
TestRoutineRunner timeElapsed=3.028371
]]></output>
                  </test-case>
                  <test-case id="1013" name="TestLoadMainLobby" fullname="Bettr.Runtime.Plugin.Main.Tests.Tests.TestLoadMainLobby" methodname="TestLoadMainLobby" classname="Bettr.Runtime.Plugin.Main.Tests.Tests" runstate="Runnable" seed="1353851922" result="Passed" start-time="2024-02-08 21:57:29Z" end-time="2024-02-08 21:58:32Z" duration="62.989487" asserts="0">
                    <properties>
                      <property name="_JOINTYPE" value="UnityCombinatorial" />
                      <property name="Order" value="4" />
                      <property name="Timeout" value="600000" />
                    </properties>
                    <output><![CDATA[UnitySetUp
TestLoadMainLobby
LoadLobbyScene starting... (Frame=49)
scriptName=MainLobbyScene loaded successfully at frame=50
AddScriptsToTable 1 scripts took 0.002877712 seconds
MainLobbyScene Starting... (Frame=54)
LoadLobbyCards invoked (Frame=54)
LoadApp lobbyCard cardCount=2 (Frame=54)
scriptName=Game002LobbyCard loaded successfully at frame=55
scriptName=Game001LobbyCard loaded successfully at frame=55
AddScriptsToTable 2 scripts took 0.0009729862 seconds
Game001LobbyCard Awake tile id="Game001LobbyCard" (Frame=56)
Game002LobbyCard Awake tile id="Game002LobbyCard" (Frame=56)
Game001LobbyCard Start tile id="Game001LobbyCard" (Frame=56)
Game002LobbyCard Start tile id="Game002LobbyCard" (Frame=56)
Game001LobbyCard OnPointerClick tile id="Game001LobbyCard" (Frame=64)
Game001LobbyCard:LoadMachineScene ... Scene Load starting... (Frame=64)
scriptName=Game001BaseGameReel loaded successfully at frame=65
scriptName=Game001FreeSpinsReel4 loaded successfully at frame=65
scriptName=Game001BaseGameReel2 loaded successfully at frame=65
scriptName=Game001BaseGameReel1 loaded successfully at frame=65
scriptName=Game001FreeSpinsReel5 loaded successfully at frame=65
scriptName=Game001FreeSpinsReel3 loaded successfully at frame=65
scriptName=Game001FreeSpinsReel2 loaded successfully at frame=65
scriptName=Game001BaseGameMachine loaded successfully at frame=65
scriptName=Game001Debug loaded successfully at frame=65
scriptName=Game001BaseGameReel5 loaded successfully at frame=65
scriptName=Game001WheelMachine loaded successfully at frame=65
scriptName=Game001FreeSpinsReel loaded successfully at frame=65
scriptName=Game001Models loaded successfully at frame=65
scriptName=Game001BaseGameReel4 loaded successfully at frame=65
scriptName=Game001FreeSpinsReel1 loaded successfully at frame=65
scriptName=Game001BaseGameReel3 loaded successfully at frame=65
scriptName=Game001FreeSpinsMachine loaded successfully at frame=65
scriptName=Game001FreeSpinsBackground loaded successfully at frame=65
scriptName=Game001 loaded successfully at frame=65
scriptName=Game001BaseGameBackground loaded successfully at frame=65
AddScriptsToTable 20 scripts took 0.1194534 seconds
Game001 Awake tile id="Game001" (Frame=69)
Game001:Start tile id="Game001" (Frame=69)
Game001:LoadBaseGameBackgroundPrefab tile id="Game001" (Frame=69)
Game001BaseGameBackground Awake tile id="Game001BaseGameBackground" (Frame=71)
Game001:LoadFreeSpinsBackgroundPrefab tile id="Game001" (Frame=71)
Game001FreeSpinsBackground Awake tile id="Game001FreeSpinsBackground" (Frame=73)
animator animationStateName=start gameObject=Pivot path=/Game/Backgrounds/Pivot/BaseGameBackgroundParent/Pivot/Game001BaseGameBackground(Clone)/Pivot
Game001BaseGameMachine Awake tile id="Game001BaseGameMachine" (Frame=84)
Game001BaseGameReel Awake tile id="Game001BaseGameReel1" (Frame=84)
Game001BaseGameReel Awake tile id="Game001BaseGameReel2" (Frame=84)
Game001BaseGameReel Awake tile id="Game001BaseGameReel3" (Frame=84)
Game001BaseGameReel Awake tile id="Game001BaseGameReel4" (Frame=84)
Game001BaseGameReel Awake tile id="Game001BaseGameReel5" (Frame=84)
animator animationStateName=start gameObject=Pivot path=/Game/Machines/Pivot/BaseGameMachineParent/Pivot/Game001BaseGameMachine(Clone)/Pivot
Game001BaseGameReel Start tile id="Game001BaseGameReel1" (Frame=84)
Game001BaseGameReel Start tile id="Game001BaseGameReel2" (Frame=84)
Game001BaseGameReel Start tile id="Game001BaseGameReel3" (Frame=84)
Game001BaseGameReel Start tile id="Game001BaseGameReel4" (Frame=84)
Game001BaseGameReel Start tile id="Game001BaseGameReel5" (Frame=84)
Game001BaseGameMachine OnPointerClick tile id="Game001BaseGameMachine" (Frame=85)
Game001BaseGameReel StartEngines tile id="Game001BaseGameReel1" (Frame=86)
Game001BaseGameReel StartEngines tile id="Game001BaseGameReel2" (Frame=86)
Game001BaseGameReel StartEngines tile id="Game001BaseGameReel3" (Frame=86)
Game001BaseGameReel StartEngines tile id="Game001BaseGameReel4" (Frame=86)
Game001BaseGameReel StartEngines tile id="Game001BaseGameReel5" (Frame=86)
scriptName=Game001Outcome000000001 loaded successfully at frame=93
animator animationStateName=win gameObject=Pivot path=/Game/Machines/Pivot/BaseGameMachineParent/Pivot/Game001BaseGameMachine(Clone)/Pivot/Reels/Pivot/BaseGameReel1/Symbol3/Pivot/BaseGameSymbol/F6/Pivot
animator animationStateName=win gameObject=Pivot path=/Game/Machines/Pivot/BaseGameMachineParent/Pivot/Game001BaseGameMachine(Clone)/Pivot/Reels/Pivot/BaseGameReel2/Symbol4/Pivot/BaseGameSymbol/F8/Pivot
animator animationStateName=win gameObject=Pivot path=/Game/Machines/Pivot/BaseGameMachineParent/Pivot/Game001BaseGameMachine(Clone)/Pivot/Reels/Pivot/BaseGameReel3/Symbol3/Pivot/BaseGameSymbol/F6/Pivot
animator animationStateName=win gameObject=Pivot path=/Game/Machines/Pivot/BaseGameMachineParent/Pivot/Game001BaseGameMachine(Clone)/Pivot/Reels/Pivot/BaseGameReel1/Symbol4/Pivot/BaseGameSymbol/F5/Pivot
animator animationStateName=win gameObject=Pivot path=/Game/Machines/Pivot/BaseGameMachineParent/Pivot/Game001BaseGameMachine(Clone)/Pivot/Reels/Pivot/BaseGameReel2/Symbol5/Pivot/BaseGameSymbol/F5/Pivot
animator animationStateName=win gameObject=Pivot path=/Game/Machines/Pivot/BaseGameMachineParent/Pivot/Game001BaseGameMachine(Clone)/Pivot/Reels/Pivot/BaseGameReel3/Symbol4/Pivot/BaseGameSymbol/F5/Pivot
animator animationStateName=win gameObject=Pivot path=/Game/Machines/Pivot/BaseGameMachineParent/Pivot/Game001BaseGameMachine(Clone)/Pivot/Reels/Pivot/BaseGameReel1/Symbol3/Pivot/BaseGameSymbol/F6/Pivot
animator animationStateName=win gameObject=Pivot path=/Game/Machines/Pivot/BaseGameMachineParent/Pivot/Game001BaseGameMachine(Clone)/Pivot/Reels/Pivot/BaseGameReel2/Symbol4/Pivot/BaseGameSymbol/F8/Pivot
animator animationStateName=win gameObject=Pivot path=/Game/Machines/Pivot/BaseGameMachineParent/Pivot/Game001BaseGameMachine(Clone)/Pivot/Reels/Pivot/BaseGameReel3/Symbol3/Pivot/BaseGameSymbol/F6/Pivot
animator animationStateName=win gameObject=Pivot path=/Game/Machines/Pivot/BaseGameMachineParent/Pivot/Game001BaseGameMachine(Clone)/Pivot/Reels/Pivot/BaseGameReel1/Symbol4/Pivot/BaseGameSymbol/F5/Pivot
animator animationStateName=win gameObject=Pivot path=/Game/Machines/Pivot/BaseGameMachineParent/Pivot/Game001BaseGameMachine(Clone)/Pivot/Reels/Pivot/BaseGameReel2/Symbol5/Pivot/BaseGameSymbol/F5/Pivot
animator animationStateName=win gameObject=Pivot path=/Game/Machines/Pivot/BaseGameMachineParent/Pivot/Game001BaseGameMachine(Clone)/Pivot/Reels/Pivot/BaseGameReel3/Symbol4/Pivot/BaseGameSymbol/F5/Pivot
animator animationStateName=win gameObject=Pivot path=/Game/Machines/Pivot/BaseGameMachineParent/Pivot/Game001BaseGameMachine(Clone)/Pivot/Reels/Pivot/BaseGameReel1/Symbol3/Pivot/BaseGameSymbol/F6/Pivot
animator animationStateName=win gameObject=Pivot path=/Game/Machines/Pivot/BaseGameMachineParent/Pivot/Game001BaseGameMachine(Clone)/Pivot/Reels/Pivot/BaseGameReel2/Symbol4/Pivot/BaseGameSymbol/F8/Pivot
animator animationStateName=win gameObject=Pivot path=/Game/Machines/Pivot/BaseGameMachineParent/Pivot/Game001BaseGameMachine(Clone)/Pivot/Reels/Pivot/BaseGameReel3/Symbol3/Pivot/BaseGameSymbol/F6/Pivot
animator animationStateName=win gameObject=Pivot path=/Game/Machines/Pivot/BaseGameMachineParent/Pivot/Game001BaseGameMachine(Clone)/Pivot/Reels/Pivot/BaseGameReel1/Symbol4/Pivot/BaseGameSymbol/F5/Pivot
animator animationStateName=win gameObject=Pivot path=/Game/Machines/Pivot/BaseGameMachineParent/Pivot/Game001BaseGameMachine(Clone)/Pivot/Reels/Pivot/BaseGameReel2/Symbol5/Pivot/BaseGameSymbol/F5/Pivot
animator animationStateName=win gameObject=Pivot path=/Game/Machines/Pivot/BaseGameMachineParent/Pivot/Game001BaseGameMachine(Clone)/Pivot/Reels/Pivot/BaseGameReel3/Symbol4/Pivot/BaseGameSymbol/F5/Pivot
Game001BaseGameMachine OnPointerClick tile id="Game001BaseGameMachine" (Frame=164)
scriptName=Game001Outcome000000002 loaded successfully at frame=171
animator animationStateName=win gameObject=Pivot path=/Game/Machines/Pivot/BaseGameMachineParent/Pivot/Game001BaseGameMachine(Clone)/Pivot/Reels/Pivot/BaseGameReel1/Symbol3/Pivot/BaseGameSymbol/F6/Pivot
animator animationStateName=win gameObject=Pivot path=/Game/Machines/Pivot/BaseGameMachineParent/Pivot/Game001BaseGameMachine(Clone)/Pivot/Reels/Pivot/BaseGameReel2/Symbol4/Pivot/BaseGameSymbol/F5/Pivot
animator animationStateName=win gameObject=Pivot path=/Game/Machines/Pivot/BaseGameMachineParent/Pivot/Game001BaseGameMachine(Clone)/Pivot/Reels/Pivot/BaseGameReel3/Symbol3/Pivot/BaseGameSymbol/F5/Pivot
animator animationStateName=win gameObject=Pivot path=/Game/Machines/Pivot/BaseGameMachineParent/Pivot/Game001BaseGameMachine(Clone)/Pivot/Reels/Pivot/BaseGameReel1/Symbol3/Pivot/BaseGameSymbol/F6/Pivot
animator animationStateName=win gameObject=Pivot path=/Game/Machines/Pivot/BaseGameMachineParent/Pivot/Game001BaseGameMachine(Clone)/Pivot/Reels/Pivot/BaseGameReel2/Symbol4/Pivot/BaseGameSymbol/F5/Pivot
animator animationStateName=win gameObject=Pivot path=/Game/Machines/Pivot/BaseGameMachineParent/Pivot/Game001BaseGameMachine(Clone)/Pivot/Reels/Pivot/BaseGameReel3/Symbol3/Pivot/BaseGameSymbol/F5/Pivot
animator animationStateName=win gameObject=Pivot path=/Game/Machines/Pivot/BaseGameMachineParent/Pivot/Game001BaseGameMachine(Clone)/Pivot/Reels/Pivot/BaseGameReel1/Symbol3/Pivot/BaseGameSymbol/F6/Pivot
animator animationStateName=win gameObject=Pivot path=/Game/Machines/Pivot/BaseGameMachineParent/Pivot/Game001BaseGameMachine(Clone)/Pivot/Reels/Pivot/BaseGameReel2/Symbol4/Pivot/BaseGameSymbol/F5/Pivot
animator animationStateName=win gameObject=Pivot path=/Game/Machines/Pivot/BaseGameMachineParent/Pivot/Game001BaseGameMachine(Clone)/Pivot/Reels/Pivot/BaseGameReel3/Symbol3/Pivot/BaseGameSymbol/F5/Pivot
Game001BaseGameMachine OnPointerClick tile id="Game001BaseGameMachine" (Frame=220)
scriptName=Game001Outcome000000003 loaded successfully at frame=227
animator animationStateName=freespinstrigger gameObject=Pivot path=/Game/Backgrounds/Pivot/BaseGameBackgroundParent/Pivot/Game001BaseGameBackground(Clone)/Pivot
animator animationStateName=free_spins_trigger_fade_in gameObject=Pivot path=/Game/Machines/Pivot/BaseGameMachineParent/Pivot/Game001BaseGameMachine(Clone)/Pivot
animator animationStateName=slide_in gameObject=Pivot path=/Game/ReelOverlays/Pivot/FreeSpinsTriggerOverlayParent/Pivot
animator animationStateName=hide gameObject=Pivot path=/Game/Backgrounds/Pivot/BaseGameBackgroundParent/Pivot/Game001BaseGameBackground(Clone)/Pivot
animator animationStateName=slide_out gameObject=Pivot path=/Game/ReelOverlays/Pivot/FreeSpinsTriggerOverlayParent/Pivot
animator animationStateName=start gameObject=Pivot path=/Game/Backgrounds/Pivot/FreeSpinsBackgroundParent/Pivot/Game001FreeSpinsBackground(Clone)/Pivot
Game001FreeSpinsMachine Awake tile id="Game001FreeSpinsMachine" (Frame=281)
Game001FreeSpinsReel Awake tile id="Game001FreeSpinsReel1" (Frame=281)
Game001FreeSpinsReel Awake tile id="Game001FreeSpinsReel2" (Frame=281)
Game001FreeSpinsReel Awake tile id="Game001FreeSpinsReel3" (Frame=281)
Game001FreeSpinsReel Awake tile id="Game001FreeSpinsReel4" (Frame=281)
Game001FreeSpinsReel Awake tile id="Game001FreeSpinsReel5" (Frame=281)
animator animationStateName=overlay_fade_in gameObject=Pivot path=/Game/Machines/Pivot/FreeSpinsMachineParent/Pivot/Game001FreeSpinsMachine(Clone)/Pivot
Game001FreeSpinsMachine Start tile id="Game001FreeSpinsMachine" (Frame=281)
Game001FreeSpinsReel Start tile id="Game001FreeSpinsReel1" (Frame=281)
Game001FreeSpinsReel Start tile id="Game001FreeSpinsReel2" (Frame=281)
Game001FreeSpinsReel Start tile id="Game001FreeSpinsReel3" (Frame=281)
Game001FreeSpinsReel Start tile id="Game001FreeSpinsReel4" (Frame=281)
Game001FreeSpinsReel Start tile id="Game001FreeSpinsReel5" (Frame=281)
animator animationStateName=start gameObject=Pivot path=/Game/Machines/Pivot/FreeSpinsMachineParent/Pivot/Game001FreeSpinsMachine(Clone)/Pivot/Bonus Symbols Background/Pivot
animator animationStateName=hide gameObject=Pivot path=/Game/Machines/Pivot/FreeSpinsMachineParent/Pivot/Game001FreeSpinsMachine(Clone)/Pivot/Bonus Symbols Background/Pivot
animator animationStateName=overlay_fade_out gameObject=Pivot path=/Game/Machines/Pivot/FreeSpinsMachineParent/Pivot/Game001FreeSpinsMachine(Clone)/Pivot
animator animationStateName=spin_button_fade_in gameObject=Pivot path=/Game/Machines/Pivot/FreeSpinsMachineParent/Pivot/Game001FreeSpinsMachine(Clone)/Pivot
Game001FreeSpinsMachine OnPointerClick tile id="Game001FreeSpinsMachine" param="spin" (Frame=413)
animator animationStateName=spin_button_fade_out gameObject=Pivot path=/Game/Machines/Pivot/FreeSpinsMachineParent/Pivot/Game001FreeSpinsMachine(Clone)/Pivot
Game001FreeSpinsReel StartEngines tile id="Game001FreeSpinsReel1" (Frame=419)
Game001FreeSpinsReel StartEngines tile id="Game001FreeSpinsReel2" (Frame=419)
Game001FreeSpinsReel StartEngines tile id="Game001FreeSpinsReel3" (Frame=419)
Game001FreeSpinsReel StartEngines tile id="Game001FreeSpinsReel4" (Frame=419)
Game001FreeSpinsReel StartEngines tile id="Game001FreeSpinsReel5" (Frame=419)
skipSplice=false reelID="Reel1" (Frame=425)
skipSplice=false reelID="Reel2" (Frame=426)
skipSplice=false reelID="Reel3" (Frame=427)
skipSplice=false reelID="Reel4" (Frame=429)
skipSplice=false reelID="Reel5" (Frame=431)
Tests.cs RunFreeSpins currentFreeSpin=1
Tests.cs RunFreeSpins currentFreeSpin=1
animator animationStateName=winX gameObject=Pivot path=/Game/Machines/Pivot/FreeSpinsMachineParent/Pivot/Game001FreeSpinsMachine(Clone)/Pivot/Bonus Reels/Reels/Pivot/FreeSpinsReel2/Symbol4/Pivot/FreeSpinsSymbol/WinX/Pivot
!activeSelf animator animationStateName=winX gameObject=Pivot path=/Game/Machines/Pivot/FreeSpinsMachineParent/Pivot/Game001FreeSpinsMachine(Clone)/Pivot/Bonus Reels/Reels/Pivot/FreeSpinsReel2/Symbol4/Pivot/FreeSpinsSymbol/WinX/Pivot
Game object with animator is inactive
Tests.cs RunFreeSpins currentFreeSpin=1
animator animationStateName=boost gameObject=Pivot path=/Game/Machines/Pivot/FreeSpinsMachineParent/Pivot/Game001FreeSpinsMachine(Clone)/Pivot/Bonus Reels/Reels/Pivot/FreeSpinsReel4/Symbol3/Pivot/FreeSpinsSymbol/Boost/Pivot
!activeSelf animator animationStateName=boost gameObject=Pivot path=/Game/Machines/Pivot/FreeSpinsMachineParent/Pivot/Game001FreeSpinsMachine(Clone)/Pivot/Bonus Reels/Reels/Pivot/FreeSpinsReel4/Symbol3/Pivot/FreeSpinsSymbol/Boost/Pivot
Game object with animator is inactive
animator animationStateName=boost gameObject=Pivot path=/Game/Machines/Pivot/FreeSpinsMachineParent/Pivot/Game001FreeSpinsMachine(Clone)/Pivot/Bonus Reels/Reels/Pivot/FreeSpinsReel4/Symbol4/Pivot/FreeSpinsSymbol/Boost/Pivot
Tests.cs RunFreeSpins currentFreeSpin=1
animator animationStateName=boost gameObject=Pivot path=/Game/Machines/Pivot/FreeSpinsMachineParent/Pivot/Game001FreeSpinsMachine(Clone)/Pivot/Bonus Reels/Reels/Pivot/FreeSpinsReel4/Symbol5/Pivot/FreeSpinsSymbol/Boost/Pivot
Tests.cs RunFreeSpins currentFreeSpin=1
Tests.cs RunFreeSpins currentFreeSpin=1
Tests.cs RunFreeSpins currentFreeSpin=1
Tests.cs RunFreeSpins currentFreeSpin=1
Tests.cs RunFreeSpins currentFreeSpin=1
Tests.cs RunFreeSpins currentFreeSpin=1
Tests.cs RunFreeSpins currentFreeSpin=1
animator animationStateName=reset gameObject=Pivot path=/Game/Machines/Pivot/FreeSpinsMachineParent/Pivot/Game001FreeSpinsMachine(Clone)/Pivot/Bonus Reels/Reels/Pivot/FreeSpinsReel2/Symbol4/Pivot/FreeSpinsSymbol/WinX/Pivot
!activeSelf animator animationStateName=reset gameObject=Pivot path=/Game/Machines/Pivot/FreeSpinsMachineParent/Pivot/Game001FreeSpinsMachine(Clone)/Pivot/Bonus Reels/Reels/Pivot/FreeSpinsReel2/Symbol4/Pivot/FreeSpinsSymbol/WinX/Pivot
Game object with animator is inactive
animator animationStateName=reset gameObject=Pivot path=/Game/Machines/Pivot/FreeSpinsMachineParent/Pivot/Game001FreeSpinsMachine(Clone)/Pivot/Bonus Reels/Reels/Pivot/FreeSpinsReel4/Symbol3/Pivot/FreeSpinsSymbol/Boost/Pivot
!activeSelf animator animationStateName=reset gameObject=Pivot path=/Game/Machines/Pivot/FreeSpinsMachineParent/Pivot/Game001FreeSpinsMachine(Clone)/Pivot/Bonus Reels/Reels/Pivot/FreeSpinsReel4/Symbol3/Pivot/FreeSpinsSymbol/Boost/Pivot
Game object with animator is inactive
Tests.cs RunFreeSpins currentFreeSpin=1
animator animationStateName=reset gameObject=Pivot path=/Game/Machines/Pivot/FreeSpinsMachineParent/Pivot/Game001FreeSpinsMachine(Clone)/Pivot/Bonus Reels/Reels/Pivot/FreeSpinsReel4/Symbol4/Pivot/FreeSpinsSymbol/Boost/Pivot
animator animationStateName=reset gameObject=Pivot path=/Game/Machines/Pivot/FreeSpinsMachineParent/Pivot/Game001FreeSpinsMachine(Clone)/Pivot/Bonus Reels/Reels/Pivot/FreeSpinsReel4/Symbol5/Pivot/FreeSpinsSymbol/Boost/Pivot
Tests.cs RunFreeSpins currentFreeSpin=1
Tests.cs RunFreeSpins currentFreeSpin=1
animator animationStateName=win gameObject=Pivot path=/Game/Machines/Pivot/FreeSpinsMachineParent/Pivot/Game001FreeSpinsMachine(Clone)/Pivot/Bonus Reels/Reels/Pivot/FreeSpinsReel1/Symbol4/Pivot/FreeSpinsSymbol/F9/Pivot
animator animationStateName=win gameObject=Pivot path=/Game/Machines/Pivot/FreeSpinsMachineParent/Pivot/Game001FreeSpinsMachine(Clone)/Pivot/Bonus Reels/Reels/Pivot/FreeSpinsReel2/Symbol5/Pivot/FreeSpinsSymbol/F7/Pivot
animator animationStateName=win gameObject=Pivot path=/Game/Machines/Pivot/FreeSpinsMachineParent/Pivot/Game001FreeSpinsMachine(Clone)/Pivot/Bonus Reels/Reels/Pivot/FreeSpinsReel3/Symbol4/Pivot/FreeSpinsSymbol/F5/Pivot
Tests.cs RunFreeSpins currentFreeSpin=1
Tests.cs RunFreeSpins currentFreeSpin=1
Tests.cs RunFreeSpins currentFreeSpin=1
Tests.cs RunFreeSpins currentFreeSpin=1
Tests.cs RunFreeSpins currentFreeSpin=2
skipSplice=false reelID="Reel1" (Frame=498)
Tests.cs RunFreeSpins currentFreeSpin=2
skipSplice=false reelID="Reel2" (Frame=499)
skipSplice=false reelID="Reel3" (Frame=500)
Tests.cs RunFreeSpins currentFreeSpin=2
skipSplice=false reelID="Reel4" (Frame=502)
skipSplice=false reelID="Reel5" (Frame=504)
Tests.cs RunFreeSpins currentFreeSpin=2
Tests.cs RunFreeSpins currentFreeSpin=2
animator animationStateName=boost gameObject=Pivot path=/Game/Machines/Pivot/FreeSpinsMachineParent/Pivot/Game001FreeSpinsMachine(Clone)/Pivot/Bonus Reels/Reels/Pivot/FreeSpinsReel4/Symbol5/Pivot/FreeSpinsSymbol/Boost/Pivot
!activeSelf animator animationStateName=boost gameObject=Pivot path=/Game/Machines/Pivot/FreeSpinsMachineParent/Pivot/Game001FreeSpinsMachine(Clone)/Pivot/Bonus Reels/Reels/Pivot/FreeSpinsReel4/Symbol5/Pivot/FreeSpinsSymbol/Boost/Pivot
Game object with animator is inactive
Tests.cs RunFreeSpins currentFreeSpin=2
animator animationStateName=winX gameObject=Pivot path=/Game/Machines/Pivot/FreeSpinsMachineParent/Pivot/Game001FreeSpinsMachine(Clone)/Pivot/Bonus Reels/Reels/Pivot/FreeSpinsReel5/Symbol5/Pivot/FreeSpinsSymbol/WinX/Pivot
!activeSelf animator animationStateName=winX gameObject=Pivot path=/Game/Machines/Pivot/FreeSpinsMachineParent/Pivot/Game001FreeSpinsMachine(Clone)/Pivot/Bonus Reels/Reels/Pivot/FreeSpinsReel5/Symbol5/Pivot/FreeSpinsSymbol/WinX/Pivot
Game object with animator is inactive
Tests.cs RunFreeSpins currentFreeSpin=2
Tests.cs RunFreeSpins currentFreeSpin=2
Tests.cs RunFreeSpins currentFreeSpin=2
Tests.cs RunFreeSpins currentFreeSpin=2
animator animationStateName=multiplier gameObject=Pivot path=/Game/Machines/Pivot/FreeSpinsMachineParent/Pivot/Game001FreeSpinsMachine(Clone)/Pivot/Bonus Symbols/Pivot/Column5/Symbols/Pivot/Symbol8/Default/Pivot
animator animationStateName=reset gameObject=Pivot path=/Game/Machines/Pivot/FreeSpinsMachineParent/Pivot/Game001FreeSpinsMachine(Clone)/Pivot/Bonus Reels/Reels/Pivot/FreeSpinsReel4/Symbol5/Pivot/FreeSpinsSymbol/Boost/Pivot
!activeSelf animator animationStateName=reset gameObject=Pivot path=/Game/Machines/Pivot/FreeSpinsMachineParent/Pivot/Game001FreeSpinsMachine(Clone)/Pivot/Bonus Reels/Reels/Pivot/FreeSpinsReel4/Symbol5/Pivot/FreeSpinsSymbol/Boost/Pivot
Game object with animator is inactive
Tests.cs RunFreeSpins currentFreeSpin=2
animator animationStateName=reset gameObject=Pivot path=/Game/Machines/Pivot/FreeSpinsMachineParent/Pivot/Game001FreeSpinsMachine(Clone)/Pivot/Bonus Reels/Reels/Pivot/FreeSpinsReel5/Symbol5/Pivot/FreeSpinsSymbol/WinX/Pivot
!activeSelf animator animationStateName=reset gameObject=Pivot path=/Game/Machines/Pivot/FreeSpinsMachineParent/Pivot/Game001FreeSpinsMachine(Clone)/Pivot/Bonus Reels/Reels/Pivot/FreeSpinsReel5/Symbol5/Pivot/FreeSpinsSymbol/WinX/Pivot
Game object with animator is inactive
Tests.cs RunFreeSpins currentFreeSpin=2
Tests.cs RunFreeSpins currentFreeSpin=2
Tests.cs RunFreeSpins currentFreeSpin=3
Tests.cs RunFreeSpins currentFreeSpin=3
skipSplice=false reelID="Reel1" (Frame=547)
skipSplice=false reelID="Reel2" (Frame=548)
skipSplice=false reelID="Reel3" (Frame=549)
Tests.cs RunFreeSpins currentFreeSpin=3
skipSplice=false reelID="Reel4" (Frame=551)
skipSplice=false reelID="Reel5" (Frame=553)
Tests.cs RunFreeSpins currentFreeSpin=3
Tests.cs RunFreeSpins currentFreeSpin=3
animator animationStateName=show gameObject=Pivot path=/Game/Machines/Pivot/FreeSpinsMachineParent/Pivot/Game001FreeSpinsMachine(Clone)/Pivot/Bonus Symbols Free Spins Added Frame/Pivot
Tests.cs RunFreeSpins currentFreeSpin=3
Tests.cs RunFreeSpins currentFreeSpin=3
Tests.cs RunFreeSpins currentFreeSpin=3
Tests.cs RunFreeSpins currentFreeSpin=3
Tests.cs RunFreeSpins currentFreeSpin=4
Tests.cs RunFreeSpins currentFreeSpin=4
skipSplice=false reelID="Reel1" (Frame=579)
skipSplice=false reelID="Reel2" (Frame=580)
skipSplice=false reelID="Reel3" (Frame=581)
Tests.cs RunFreeSpins currentFreeSpin=4
skipSplice=false reelID="Reel4" (Frame=582)
skipSplice=false reelID="Reel5" (Frame=585)
Tests.cs RunFreeSpins currentFreeSpin=4
Tests.cs RunFreeSpins currentFreeSpin=4
animator animationStateName=boostALL gameObject=Pivot path=/Game/Machines/Pivot/FreeSpinsMachineParent/Pivot/Game001FreeSpinsMachine(Clone)/Pivot/Bonus Reels/Reels/Pivot/FreeSpinsReel2/Symbol3/Pivot/FreeSpinsSymbol/BoostALL/Pivot
!activeSelf animator animationStateName=boostALL gameObject=Pivot path=/Game/Machines/Pivot/FreeSpinsMachineParent/Pivot/Game001FreeSpinsMachine(Clone)/Pivot/Bonus Reels/Reels/Pivot/FreeSpinsReel2/Symbol3/Pivot/FreeSpinsSymbol/BoostALL/Pivot
Game object with animator is inactive
Tests.cs RunFreeSpins currentFreeSpin=4
Tests.cs RunFreeSpins currentFreeSpin=4
animator animationStateName=reset gameObject=Pivot path=/Game/Machines/Pivot/FreeSpinsMachineParent/Pivot/Game001FreeSpinsMachine(Clone)/Pivot/Bonus Reels/Reels/Pivot/FreeSpinsReel2/Symbol3/Pivot/FreeSpinsSymbol/BoostALL/Pivot
!activeSelf animator animationStateName=reset gameObject=Pivot path=/Game/Machines/Pivot/FreeSpinsMachineParent/Pivot/Game001FreeSpinsMachine(Clone)/Pivot/Bonus Reels/Reels/Pivot/FreeSpinsReel2/Symbol3/Pivot/FreeSpinsSymbol/BoostALL/Pivot
Game object with animator is inactive
Tests.cs RunFreeSpins currentFreeSpin=4
Tests.cs RunFreeSpins currentFreeSpin=4
Tests.cs RunFreeSpins currentFreeSpin=4
Tests.cs RunFreeSpins currentFreeSpin=5
skipSplice=false reelID="Reel1" (Frame=613)
skipSplice=false reelID="Reel2" (Frame=614)
Tests.cs RunFreeSpins currentFreeSpin=5
skipSplice=false reelID="Reel3" (Frame=615)
skipSplice=false reelID="Reel4" (Frame=617)
Tests.cs RunFreeSpins currentFreeSpin=5
skipSplice=false reelID="Reel5" (Frame=619)
Tests.cs RunFreeSpins currentFreeSpin=5
Tests.cs RunFreeSpins currentFreeSpin=5
animator animationStateName=boost gameObject=Pivot path=/Game/Machines/Pivot/FreeSpinsMachineParent/Pivot/Game001FreeSpinsMachine(Clone)/Pivot/Bonus Reels/Reels/Pivot/FreeSpinsReel5/Symbol4/Pivot/FreeSpinsSymbol/Boost/Pivot
!activeSelf animator animationStateName=boost gameObject=Pivot path=/Game/Machines/Pivot/FreeSpinsMachineParent/Pivot/Game001FreeSpinsMachine(Clone)/Pivot/Bonus Reels/Reels/Pivot/FreeSpinsReel5/Symbol4/Pivot/FreeSpinsSymbol/Boost/Pivot
Game object with animator is inactive
Tests.cs RunFreeSpins currentFreeSpin=5
animator animationStateName=boost gameObject=Pivot path=/Game/Machines/Pivot/FreeSpinsMachineParent/Pivot/Game001FreeSpinsMachine(Clone)/Pivot/Bonus Reels/Reels/Pivot/FreeSpinsReel5/Symbol5/Pivot/FreeSpinsSymbol/Boost/Pivot
Tests.cs RunFreeSpins currentFreeSpin=5
Tests.cs RunFreeSpins currentFreeSpin=5
Tests.cs RunFreeSpins currentFreeSpin=5
animator animationStateName=reset gameObject=Pivot path=/Game/Machines/Pivot/FreeSpinsMachineParent/Pivot/Game001FreeSpinsMachine(Clone)/Pivot/Bonus Reels/Reels/Pivot/FreeSpinsReel5/Symbol4/Pivot/FreeSpinsSymbol/Boost/Pivot
!activeSelf animator animationStateName=reset gameObject=Pivot path=/Game/Machines/Pivot/FreeSpinsMachineParent/Pivot/Game001FreeSpinsMachine(Clone)/Pivot/Bonus Reels/Reels/Pivot/FreeSpinsReel5/Symbol4/Pivot/FreeSpinsSymbol/Boost/Pivot
Game object with animator is inactive
Tests.cs RunFreeSpins currentFreeSpin=5
animator animationStateName=reset gameObject=Pivot path=/Game/Machines/Pivot/FreeSpinsMachineParent/Pivot/Game001FreeSpinsMachine(Clone)/Pivot/Bonus Reels/Reels/Pivot/FreeSpinsReel5/Symbol5/Pivot/FreeSpinsSymbol/Boost/Pivot
Tests.cs RunFreeSpins currentFreeSpin=5
animator animationStateName=win gameObject=Pivot path=/Game/Machines/Pivot/FreeSpinsMachineParent/Pivot/Game001FreeSpinsMachine(Clone)/Pivot/Bonus Reels/Reels/Pivot/FreeSpinsReel1/Symbol4/Pivot/FreeSpinsSymbol/F6/Pivot
animator animationStateName=win gameObject=Pivot path=/Game/Machines/Pivot/FreeSpinsMachineParent/Pivot/Game001FreeSpinsMachine(Clone)/Pivot/Bonus Reels/Reels/Pivot/FreeSpinsReel2/Symbol3/Pivot/FreeSpinsSymbol/M1/Pivot
animator animationStateName=win gameObject=Pivot path=/Game/Machines/Pivot/FreeSpinsMachineParent/Pivot/Game001FreeSpinsMachine(Clone)/Pivot/Bonus Reels/Reels/Pivot/FreeSpinsReel3/Symbol4/Pivot/FreeSpinsSymbol/F7/Pivot
animator animationStateName=win gameObject=Pivot path=/Game/Machines/Pivot/FreeSpinsMachineParent/Pivot/Game001FreeSpinsMachine(Clone)/Pivot/Bonus Reels/Reels/Pivot/FreeSpinsReel3/Symbol5/Pivot/FreeSpinsSymbol/F5/Pivot
Tests.cs RunFreeSpins currentFreeSpin=5
Tests.cs RunFreeSpins currentFreeSpin=5
animator animationStateName=win gameObject=Pivot path=/Game/Machines/Pivot/FreeSpinsMachineParent/Pivot/Game001FreeSpinsMachine(Clone)/Pivot/Bonus Reels/Reels/Pivot/FreeSpinsReel1/Symbol3/Pivot/FreeSpinsSymbol/M2/Pivot
animator animationStateName=win gameObject=Pivot path=/Game/Machines/Pivot/FreeSpinsMachineParent/Pivot/Game001FreeSpinsMachine(Clone)/Pivot/Bonus Reels/Reels/Pivot/FreeSpinsReel2/Symbol3/Pivot/FreeSpinsSymbol/M1/Pivot
animator animationStateName=win gameObject=Pivot path=/Game/Machines/Pivot/FreeSpinsMachineParent/Pivot/Game001FreeSpinsMachine(Clone)/Pivot/Bonus Reels/Reels/Pivot/FreeSpinsReel3/Symbol5/Pivot/FreeSpinsSymbol/F5/Pivot
Tests.cs RunFreeSpins currentFreeSpin=5
Tests.cs RunFreeSpins currentFreeSpin=5
animator animationStateName=win gameObject=Pivot path=/Game/Machines/Pivot/FreeSpinsMachineParent/Pivot/Game001FreeSpinsMachine(Clone)/Pivot/Bonus Reels/Reels/Pivot/FreeSpinsReel1/Symbol5/Pivot/FreeSpinsSymbol/F5/Pivot
animator animationStateName=win gameObject=Pivot path=/Game/Machines/Pivot/FreeSpinsMachineParent/Pivot/Game001FreeSpinsMachine(Clone)/Pivot/Bonus Reels/Reels/Pivot/FreeSpinsReel2/Symbol3/Pivot/FreeSpinsSymbol/M1/Pivot
animator animationStateName=win gameObject=Pivot path=/Game/Machines/Pivot/FreeSpinsMachineParent/Pivot/Game001FreeSpinsMachine(Clone)/Pivot/Bonus Reels/Reels/Pivot/FreeSpinsReel2/Symbol5/Pivot/FreeSpinsSymbol/F8/Pivot
Tests.cs RunFreeSpins currentFreeSpin=5
Tests.cs RunFreeSpins currentFreeSpin=5
Tests.cs RunFreeSpins currentFreeSpin=5
Tests.cs RunFreeSpins currentFreeSpin=6
Tests.cs RunFreeSpins currentFreeSpin=6
skipSplice=false reelID="Reel1" (Frame=678)
skipSplice=false reelID="Reel2" (Frame=679)
skipSplice=false reelID="Reel3" (Frame=680)
Tests.cs RunFreeSpins currentFreeSpin=6
skipSplice=false reelID="Reel4" (Frame=682)
skipSplice=false reelID="Reel5" (Frame=684)
Tests.cs RunFreeSpins currentFreeSpin=6
Tests.cs RunFreeSpins currentFreeSpin=6
animator animationStateName=winX gameObject=Pivot path=/Game/Machines/Pivot/FreeSpinsMachineParent/Pivot/Game001FreeSpinsMachine(Clone)/Pivot/Bonus Reels/Reels/Pivot/FreeSpinsReel1/Symbol3/Pivot/FreeSpinsSymbol/WinX/Pivot
!activeSelf animator animationStateName=winX gameObject=Pivot path=/Game/Machines/Pivot/FreeSpinsMachineParent/Pivot/Game001FreeSpinsMachine(Clone)/Pivot/Bonus Reels/Reels/Pivot/FreeSpinsReel1/Symbol3/Pivot/FreeSpinsSymbol/WinX/Pivot
Game object with animator is inactive
animator animationStateName=winX gameObject=Pivot path=/Game/Machines/Pivot/FreeSpinsMachineParent/Pivot/Game001FreeSpinsMachine(Clone)/Pivot/Bonus Reels/Reels/Pivot/FreeSpinsReel5/Symbol5/Pivot/FreeSpinsSymbol/WinX/Pivot
!activeSelf animator animationStateName=winX gameObject=Pivot path=/Game/Machines/Pivot/FreeSpinsMachineParent/Pivot/Game001FreeSpinsMachine(Clone)/Pivot/Bonus Reels/Reels/Pivot/FreeSpinsReel5/Symbol5/Pivot/FreeSpinsSymbol/WinX/Pivot
Game object with animator is inactive
Tests.cs RunFreeSpins currentFreeSpin=6
Tests.cs RunFreeSpins currentFreeSpin=6
Tests.cs RunFreeSpins currentFreeSpin=6
Tests.cs RunFreeSpins currentFreeSpin=6
Tests.cs RunFreeSpins currentFreeSpin=6
animator animationStateName=reset gameObject=Pivot path=/Game/Machines/Pivot/FreeSpinsMachineParent/Pivot/Game001FreeSpinsMachine(Clone)/Pivot/Bonus Reels/Reels/Pivot/FreeSpinsReel1/Symbol3/Pivot/FreeSpinsSymbol/WinX/Pivot
!activeSelf animator animationStateName=reset gameObject=Pivot path=/Game/Machines/Pivot/FreeSpinsMachineParent/Pivot/Game001FreeSpinsMachine(Clone)/Pivot/Bonus Reels/Reels/Pivot/FreeSpinsReel1/Symbol3/Pivot/FreeSpinsSymbol/WinX/Pivot
Game object with animator is inactive
Tests.cs RunFreeSpins currentFreeSpin=6
animator animationStateName=reset gameObject=Pivot path=/Game/Machines/Pivot/FreeSpinsMachineParent/Pivot/Game001FreeSpinsMachine(Clone)/Pivot/Bonus Reels/Reels/Pivot/FreeSpinsReel5/Symbol5/Pivot/FreeSpinsSymbol/WinX/Pivot
!activeSelf animator animationStateName=reset gameObject=Pivot path=/Game/Machines/Pivot/FreeSpinsMachineParent/Pivot/Game001FreeSpinsMachine(Clone)/Pivot/Bonus Reels/Reels/Pivot/FreeSpinsReel5/Symbol5/Pivot/FreeSpinsSymbol/WinX/Pivot
Game object with animator is inactive
Tests.cs RunFreeSpins currentFreeSpin=6
animator animationStateName=win gameObject=Pivot path=/Game/Machines/Pivot/FreeSpinsMachineParent/Pivot/Game001FreeSpinsMachine(Clone)/Pivot/Bonus Reels/Reels/Pivot/FreeSpinsReel1/Symbol4/Pivot/FreeSpinsSymbol/F8/Pivot
animator animationStateName=win gameObject=Pivot path=/Game/Machines/Pivot/FreeSpinsMachineParent/Pivot/Game001FreeSpinsMachine(Clone)/Pivot/Bonus Reels/Reels/Pivot/FreeSpinsReel2/Symbol5/Pivot/FreeSpinsSymbol/M1/Pivot
animator animationStateName=win gameObject=Pivot path=/Game/Machines/Pivot/FreeSpinsMachineParent/Pivot/Game001FreeSpinsMachine(Clone)/Pivot/Bonus Reels/Reels/Pivot/FreeSpinsReel3/Symbol3/Pivot/FreeSpinsSymbol/F5/Pivot
Tests.cs RunFreeSpins currentFreeSpin=6
Tests.cs RunFreeSpins currentFreeSpin=6
animator animationStateName=win gameObject=Pivot path=/Game/Machines/Pivot/FreeSpinsMachineParent/Pivot/Game001FreeSpinsMachine(Clone)/Pivot/Bonus Reels/Reels/Pivot/FreeSpinsReel1/Symbol5/Pivot/FreeSpinsSymbol/F6/Pivot
animator animationStateName=win gameObject=Pivot path=/Game/Machines/Pivot/FreeSpinsMachineParent/Pivot/Game001FreeSpinsMachine(Clone)/Pivot/Bonus Reels/Reels/Pivot/FreeSpinsReel2/Symbol5/Pivot/FreeSpinsSymbol/M1/Pivot
animator animationStateName=win gameObject=Pivot path=/Game/Machines/Pivot/FreeSpinsMachineParent/Pivot/Game001FreeSpinsMachine(Clone)/Pivot/Bonus Reels/Reels/Pivot/FreeSpinsReel3/Symbol3/Pivot/FreeSpinsSymbol/F5/Pivot
Tests.cs RunFreeSpins currentFreeSpin=6
Tests.cs RunFreeSpins currentFreeSpin=6
Tests.cs RunFreeSpins currentFreeSpin=6
Tests.cs RunFreeSpins currentFreeSpin=6
Tests.cs RunFreeSpins currentFreeSpin=7
skipSplice=false reelID="Reel1" (Frame=742)
Tests.cs RunFreeSpins currentFreeSpin=7
skipSplice=false reelID="Reel2" (Frame=743)
skipSplice=false reelID="Reel3" (Frame=744)
skipSplice=false reelID="Reel4" (Frame=746)
Tests.cs RunFreeSpins currentFreeSpin=7
skipSplice=false reelID="Reel5" (Frame=748)
Tests.cs RunFreeSpins currentFreeSpin=7
Tests.cs RunFreeSpins currentFreeSpin=7
animator animationStateName=winX gameObject=Pivot path=/Game/Machines/Pivot/FreeSpinsMachineParent/Pivot/Game001FreeSpinsMachine(Clone)/Pivot/Bonus Reels/Reels/Pivot/FreeSpinsReel3/Symbol3/Pivot/FreeSpinsSymbol/WinX/Pivot
!activeSelf animator animationStateName=winX gameObject=Pivot path=/Game/Machines/Pivot/FreeSpinsMachineParent/Pivot/Game001FreeSpinsMachine(Clone)/Pivot/Bonus Reels/Reels/Pivot/FreeSpinsReel3/Symbol3/Pivot/FreeSpinsSymbol/WinX/Pivot
Game object with animator is inactive
Tests.cs RunFreeSpins currentFreeSpin=7
Tests.cs RunFreeSpins currentFreeSpin=7
Tests.cs RunFreeSpins currentFreeSpin=7
animator animationStateName=multiplier gameObject=Pivot path=/Game/Machines/Pivot/FreeSpinsMachineParent/Pivot/Game001FreeSpinsMachine(Clone)/Pivot/Bonus Symbols/Pivot/Column3/Symbols/Pivot/Symbol7/Default/Pivot
Tests.cs RunFreeSpins currentFreeSpin=7
animator animationStateName=reset gameObject=Pivot path=/Game/Machines/Pivot/FreeSpinsMachineParent/Pivot/Game001FreeSpinsMachine(Clone)/Pivot/Bonus Reels/Reels/Pivot/FreeSpinsReel3/Symbol3/Pivot/FreeSpinsSymbol/WinX/Pivot
!activeSelf animator animationStateName=reset gameObject=Pivot path=/Game/Machines/Pivot/FreeSpinsMachineParent/Pivot/Game001FreeSpinsMachine(Clone)/Pivot/Bonus Reels/Reels/Pivot/FreeSpinsReel3/Symbol3/Pivot/FreeSpinsSymbol/WinX/Pivot
Game object with animator is inactive
Tests.cs RunFreeSpins currentFreeSpin=7
Tests.cs RunFreeSpins currentFreeSpin=7
Tests.cs RunFreeSpins currentFreeSpin=8
Tests.cs RunFreeSpins currentFreeSpin=8
skipSplice=false reelID="Reel1" (Frame=781)
skipSplice=false reelID="Reel2" (Frame=782)
skipSplice=false reelID="Reel3" (Frame=783)
Tests.cs RunFreeSpins currentFreeSpin=8
skipSplice=false reelID="Reel4" (Frame=785)
skipSplice=false reelID="Reel5" (Frame=787)
Tests.cs RunFreeSpins currentFreeSpin=8
Tests.cs RunFreeSpins currentFreeSpin=8
animator animationStateName=boost gameObject=Pivot path=/Game/Machines/Pivot/FreeSpinsMachineParent/Pivot/Game001FreeSpinsMachine(Clone)/Pivot/Bonus Reels/Reels/Pivot/FreeSpinsReel2/Symbol3/Pivot/FreeSpinsSymbol/Boost/Pivot
!activeSelf animator animationStateName=boost gameObject=Pivot path=/Game/Machines/Pivot/FreeSpinsMachineParent/Pivot/Game001FreeSpinsMachine(Clone)/Pivot/Bonus Reels/Reels/Pivot/FreeSpinsReel2/Symbol3/Pivot/FreeSpinsSymbol/Boost/Pivot
Game object with animator is inactive
Tests.cs RunFreeSpins currentFreeSpin=8
animator animationStateName=boost gameObject=Pivot path=/Game/Machines/Pivot/FreeSpinsMachineParent/Pivot/Game001FreeSpinsMachine(Clone)/Pivot/Bonus Reels/Reels/Pivot/FreeSpinsReel4/Symbol5/Pivot/FreeSpinsSymbol/Boost/Pivot
!activeSelf animator animationStateName=boost gameObject=Pivot path=/Game/Machines/Pivot/FreeSpinsMachineParent/Pivot/Game001FreeSpinsMachine(Clone)/Pivot/Bonus Reels/Reels/Pivot/FreeSpinsReel4/Symbol5/Pivot/FreeSpinsSymbol/Boost/Pivot
Game object with animator is inactive
Tests.cs RunFreeSpins currentFreeSpin=8
Tests.cs RunFreeSpins currentFreeSpin=8
Tests.cs RunFreeSpins currentFreeSpin=8
animator animationStateName=reset gameObject=Pivot path=/Game/Machines/Pivot/FreeSpinsMachineParent/Pivot/Game001FreeSpinsMachine(Clone)/Pivot/Bonus Reels/Reels/Pivot/FreeSpinsReel2/Symbol3/Pivot/FreeSpinsSymbol/Boost/Pivot
!activeSelf animator animationStateName=reset gameObject=Pivot path=/Game/Machines/Pivot/FreeSpinsMachineParent/Pivot/Game001FreeSpinsMachine(Clone)/Pivot/Bonus Reels/Reels/Pivot/FreeSpinsReel2/Symbol3/Pivot/FreeSpinsSymbol/Boost/Pivot
Game object with animator is inactive
animator animationStateName=reset gameObject=Pivot path=/Game/Machines/Pivot/FreeSpinsMachineParent/Pivot/Game001FreeSpinsMachine(Clone)/Pivot/Bonus Reels/Reels/Pivot/FreeSpinsReel4/Symbol5/Pivot/FreeSpinsSymbol/Boost/Pivot
!activeSelf animator animationStateName=reset gameObject=Pivot path=/Game/Machines/Pivot/FreeSpinsMachineParent/Pivot/Game001FreeSpinsMachine(Clone)/Pivot/Bonus Reels/Reels/Pivot/FreeSpinsReel4/Symbol5/Pivot/FreeSpinsSymbol/Boost/Pivot
Game object with animator is inactive
Tests.cs RunFreeSpins currentFreeSpin=8
Tests.cs RunFreeSpins currentFreeSpin=8
Tests.cs RunFreeSpins currentFreeSpin=8
Tests.cs RunFreeSpins currentFreeSpin=9
Tests.cs RunFreeSpins currentFreeSpin=9
skipSplice=false reelID="Reel1" (Frame=823)
skipSplice=false reelID="Reel2" (Frame=824)
skipSplice=false reelID="Reel3" (Frame=825)
Tests.cs RunFreeSpins currentFreeSpin=9
skipSplice=false reelID="Reel4" (Frame=827)
skipSplice=false reelID="Reel5" (Frame=829)
Tests.cs RunFreeSpins currentFreeSpin=9
Tests.cs RunFreeSpins currentFreeSpin=9
animator animationStateName=boost gameObject=Pivot path=/Game/Machines/Pivot/FreeSpinsMachineParent/Pivot/Game001FreeSpinsMachine(Clone)/Pivot/Bonus Reels/Reels/Pivot/FreeSpinsReel5/Symbol4/Pivot/FreeSpinsSymbol/Boost/Pivot
Tests.cs RunFreeSpins currentFreeSpin=9
Tests.cs RunFreeSpins currentFreeSpin=9
animator animationStateName=reset gameObject=Pivot path=/Game/Machines/Pivot/FreeSpinsMachineParent/Pivot/Game001FreeSpinsMachine(Clone)/Pivot/Bonus Reels/Reels/Pivot/FreeSpinsReel5/Symbol4/Pivot/FreeSpinsSymbol/Boost/Pivot
Tests.cs RunFreeSpins currentFreeSpin=9
Tests.cs RunFreeSpins currentFreeSpin=9
skipSplice=false reelID="Reel1" (Frame=857)
skipSplice=false reelID="Reel2" (Frame=858)
skipSplice=false reelID="Reel3" (Frame=859)
skipSplice=false reelID="Reel4" (Frame=860)
skipSplice=false reelID="Reel5" (Frame=863)
animator animationStateName=winX gameObject=Pivot path=/Game/Machines/Pivot/FreeSpinsMachineParent/Pivot/Game001FreeSpinsMachine(Clone)/Pivot/Bonus Reels/Reels/Pivot/FreeSpinsReel1/Symbol3/Pivot/FreeSpinsSymbol/WinX/Pivot
!activeSelf animator animationStateName=winX gameObject=Pivot path=/Game/Machines/Pivot/FreeSpinsMachineParent/Pivot/Game001FreeSpinsMachine(Clone)/Pivot/Bonus Reels/Reels/Pivot/FreeSpinsReel1/Symbol3/Pivot/FreeSpinsSymbol/WinX/Pivot
Game object with animator is inactive
animator animationStateName=reset gameObject=Pivot path=/Game/Machines/Pivot/FreeSpinsMachineParent/Pivot/Game001FreeSpinsMachine(Clone)/Pivot/Bonus Reels/Reels/Pivot/FreeSpinsReel1/Symbol3/Pivot/FreeSpinsSymbol/WinX/Pivot
!activeSelf animator animationStateName=reset gameObject=Pivot path=/Game/Machines/Pivot/FreeSpinsMachineParent/Pivot/Game001FreeSpinsMachine(Clone)/Pivot/Bonus Reels/Reels/Pivot/FreeSpinsReel1/Symbol3/Pivot/FreeSpinsSymbol/WinX/Pivot
Game object with animator is inactive
animator animationStateName=show gameObject=Pivot path=/Game/Machines/Pivot/FreeSpinsMachineParent/Pivot/Game001FreeSpinsMachine(Clone)/Pivot/Free Spins Bonus Summary Frame/Pivot
animator animationStateName=multiplier_hide gameObject=Pivot path=/Game/Machines/Pivot/FreeSpinsMachineParent/Pivot/Game001FreeSpinsMachine(Clone)/Pivot/Bonus Symbols/Pivot/Column1/Symbols/Pivot/Symbol1/Default/Pivot
animator animationStateName=multiplier_hide gameObject=Pivot path=/Game/Machines/Pivot/FreeSpinsMachineParent/Pivot/Game001FreeSpinsMachine(Clone)/Pivot/Bonus Symbols/Pivot/Column2/Symbols/Pivot/Symbol1/Default/Pivot
animator animationStateName=multiplier_hide gameObject=Pivot path=/Game/Machines/Pivot/FreeSpinsMachineParent/Pivot/Game001FreeSpinsMachine(Clone)/Pivot/Bonus Symbols/Pivot/Column3/Symbols/Pivot/Symbol1/Default/Pivot
animator animationStateName=multiplier_hide gameObject=Pivot path=/Game/Machines/Pivot/FreeSpinsMachineParent/Pivot/Game001FreeSpinsMachine(Clone)/Pivot/Bonus Symbols/Pivot/Column4/Symbols/Pivot/Symbol1/Default/Pivot
animator animationStateName=multiplier_hide gameObject=Pivot path=/Game/Machines/Pivot/FreeSpinsMachineParent/Pivot/Game001FreeSpinsMachine(Clone)/Pivot/Bonus Symbols/Pivot/Column5/Symbols/Pivot/Symbol1/Default/Pivot
animator animationStateName=multiplier_hide gameObject=Pivot path=/Game/Machines/Pivot/FreeSpinsMachineParent/Pivot/Game001FreeSpinsMachine(Clone)/Pivot/Bonus Symbols/Pivot/Column1/Symbols/Pivot/Symbol2/Default/Pivot
animator animationStateName=multiplier_hide gameObject=Pivot path=/Game/Machines/Pivot/FreeSpinsMachineParent/Pivot/Game001FreeSpinsMachine(Clone)/Pivot/Bonus Symbols/Pivot/Column2/Symbols/Pivot/Symbol2/Default/Pivot
animator animationStateName=multiplier_hide gameObject=Pivot path=/Game/Machines/Pivot/FreeSpinsMachineParent/Pivot/Game001FreeSpinsMachine(Clone)/Pivot/Bonus Symbols/Pivot/Column3/Symbols/Pivot/Symbol2/Default/Pivot
animator animationStateName=multiplier_hide gameObject=Pivot path=/Game/Machines/Pivot/FreeSpinsMachineParent/Pivot/Game001FreeSpinsMachine(Clone)/Pivot/Bonus Symbols/Pivot/Column4/Symbols/Pivot/Symbol2/Default/Pivot
animator animationStateName=multiplier_hide gameObject=Pivot path=/Game/Machines/Pivot/FreeSpinsMachineParent/Pivot/Game001FreeSpinsMachine(Clone)/Pivot/Bonus Symbols/Pivot/Column5/Symbols/Pivot/Symbol2/Default/Pivot
animator animationStateName=multiplier_hide gameObject=Pivot path=/Game/Machines/Pivot/FreeSpinsMachineParent/Pivot/Game001FreeSpinsMachine(Clone)/Pivot/Bonus Symbols/Pivot/Column1/Symbols/Pivot/Symbol3/Default/Pivot
animator animationStateName=multiplier_hide gameObject=Pivot path=/Game/Machines/Pivot/FreeSpinsMachineParent/Pivot/Game001FreeSpinsMachine(Clone)/Pivot/Bonus Symbols/Pivot/Column2/Symbols/Pivot/Symbol3/Default/Pivot
animator animationStateName=multiplier_hide gameObject=Pivot path=/Game/Machines/Pivot/FreeSpinsMachineParent/Pivot/Game001FreeSpinsMachine(Clone)/Pivot/Bonus Symbols/Pivot/Column3/Symbols/Pivot/Symbol3/Default/Pivot
animator animationStateName=multiplier_hide gameObject=Pivot path=/Game/Machines/Pivot/FreeSpinsMachineParent/Pivot/Game001FreeSpinsMachine(Clone)/Pivot/Bonus Symbols/Pivot/Column4/Symbols/Pivot/Symbol3/Default/Pivot
animator animationStateName=multiplier_hide gameObject=Pivot path=/Game/Machines/Pivot/FreeSpinsMachineParent/Pivot/Game001FreeSpinsMachine(Clone)/Pivot/Bonus Symbols/Pivot/Column5/Symbols/Pivot/Symbol3/Default/Pivot
animator animationStateName=multiplier_hide gameObject=Pivot path=/Game/Machines/Pivot/FreeSpinsMachineParent/Pivot/Game001FreeSpinsMachine(Clone)/Pivot/Bonus Symbols/Pivot/Column1/Symbols/Pivot/Symbol4/Default/Pivot
animator animationStateName=multiplier_hide gameObject=Pivot path=/Game/Machines/Pivot/FreeSpinsMachineParent/Pivot/Game001FreeSpinsMachine(Clone)/Pivot/Bonus Symbols/Pivot/Column2/Symbols/Pivot/Symbol4/Default/Pivot
animator animationStateName=multiplier_hide gameObject=Pivot path=/Game/Machines/Pivot/FreeSpinsMachineParent/Pivot/Game001FreeSpinsMachine(Clone)/Pivot/Bonus Symbols/Pivot/Column3/Symbols/Pivot/Symbol4/Default/Pivot
animator animationStateName=multiplier_hide gameObject=Pivot path=/Game/Machines/Pivot/FreeSpinsMachineParent/Pivot/Game001FreeSpinsMachine(Clone)/Pivot/Bonus Symbols/Pivot/Column4/Symbols/Pivot/Symbol4/Default/Pivot
animator animationStateName=multiplier_hide gameObject=Pivot path=/Game/Machines/Pivot/FreeSpinsMachineParent/Pivot/Game001FreeSpinsMachine(Clone)/Pivot/Bonus Symbols/Pivot/Column5/Symbols/Pivot/Symbol4/Default/Pivot
animator animationStateName=multiplier_hide gameObject=Pivot path=/Game/Machines/Pivot/FreeSpinsMachineParent/Pivot/Game001FreeSpinsMachine(Clone)/Pivot/Bonus Symbols/Pivot/Column1/Symbols/Pivot/Symbol5/Default/Pivot
animator animationStateName=multiplier_hide gameObject=Pivot path=/Game/Machines/Pivot/FreeSpinsMachineParent/Pivot/Game001FreeSpinsMachine(Clone)/Pivot/Bonus Symbols/Pivot/Column2/Symbols/Pivot/Symbol5/Default/Pivot
animator animationStateName=multiplier_hide gameObject=Pivot path=/Game/Machines/Pivot/FreeSpinsMachineParent/Pivot/Game001FreeSpinsMachine(Clone)/Pivot/Bonus Symbols/Pivot/Column3/Symbols/Pivot/Symbol5/Default/Pivot
animator animationStateName=multiplier_hide gameObject=Pivot path=/Game/Machines/Pivot/FreeSpinsMachineParent/Pivot/Game001FreeSpinsMachine(Clone)/Pivot/Bonus Symbols/Pivot/Column4/Symbols/Pivot/Symbol5/Default/Pivot
animator animationStateName=multiplier_hide gameObject=Pivot path=/Game/Machines/Pivot/FreeSpinsMachineParent/Pivot/Game001FreeSpinsMachine(Clone)/Pivot/Bonus Symbols/Pivot/Column5/Symbols/Pivot/Symbol5/Default/Pivot
animator animationStateName=multiplier_hide gameObject=Pivot path=/Game/Machines/Pivot/FreeSpinsMachineParent/Pivot/Game001FreeSpinsMachine(Clone)/Pivot/Bonus Symbols/Pivot/Column1/Symbols/Pivot/Symbol6/Default/Pivot
animator animationStateName=multiplier_hide gameObject=Pivot path=/Game/Machines/Pivot/FreeSpinsMachineParent/Pivot/Game001FreeSpinsMachine(Clone)/Pivot/Bonus Symbols/Pivot/Column2/Symbols/Pivot/Symbol6/Default/Pivot
animator animationStateName=multiplier_hide gameObject=Pivot path=/Game/Machines/Pivot/FreeSpinsMachineParent/Pivot/Game001FreeSpinsMachine(Clone)/Pivot/Bonus Symbols/Pivot/Column3/Symbols/Pivot/Symbol6/Default/Pivot
animator animationStateName=multiplier_hide gameObject=Pivot path=/Game/Machines/Pivot/FreeSpinsMachineParent/Pivot/Game001FreeSpinsMachine(Clone)/Pivot/Bonus Symbols/Pivot/Column4/Symbols/Pivot/Symbol6/Default/Pivot
animator animationStateName=multiplier_hide gameObject=Pivot path=/Game/Machines/Pivot/FreeSpinsMachineParent/Pivot/Game001FreeSpinsMachine(Clone)/Pivot/Bonus Symbols/Pivot/Column5/Symbols/Pivot/Symbol6/Default/Pivot
animator animationStateName=multiplier_hide gameObject=Pivot path=/Game/Machines/Pivot/FreeSpinsMachineParent/Pivot/Game001FreeSpinsMachine(Clone)/Pivot/Bonus Symbols/Pivot/Column1/Symbols/Pivot/Symbol7/Default/Pivot
animator animationStateName=multiplier_hide gameObject=Pivot path=/Game/Machines/Pivot/FreeSpinsMachineParent/Pivot/Game001FreeSpinsMachine(Clone)/Pivot/Bonus Symbols/Pivot/Column2/Symbols/Pivot/Symbol7/Default/Pivot
animator animationStateName=multiplier_hide gameObject=Pivot path=/Game/Machines/Pivot/FreeSpinsMachineParent/Pivot/Game001FreeSpinsMachine(Clone)/Pivot/Bonus Symbols/Pivot/Column3/Symbols/Pivot/Symbol7/Default/Pivot
animator animationStateName=multiplier_hide gameObject=Pivot path=/Game/Machines/Pivot/FreeSpinsMachineParent/Pivot/Game001FreeSpinsMachine(Clone)/Pivot/Bonus Symbols/Pivot/Column4/Symbols/Pivot/Symbol7/Default/Pivot
animator animationStateName=multiplier_hide gameObject=Pivot path=/Game/Machines/Pivot/FreeSpinsMachineParent/Pivot/Game001FreeSpinsMachine(Clone)/Pivot/Bonus Symbols/Pivot/Column5/Symbols/Pivot/Symbol7/Default/Pivot
animator animationStateName=multiplier_hide gameObject=Pivot path=/Game/Machines/Pivot/FreeSpinsMachineParent/Pivot/Game001FreeSpinsMachine(Clone)/Pivot/Bonus Symbols/Pivot/Column1/Symbols/Pivot/Symbol8/Default/Pivot
animator animationStateName=multiplier_hide gameObject=Pivot path=/Game/Machines/Pivot/FreeSpinsMachineParent/Pivot/Game001FreeSpinsMachine(Clone)/Pivot/Bonus Symbols/Pivot/Column2/Symbols/Pivot/Symbol8/Default/Pivot
animator animationStateName=multiplier_hide gameObject=Pivot path=/Game/Machines/Pivot/FreeSpinsMachineParent/Pivot/Game001FreeSpinsMachine(Clone)/Pivot/Bonus Symbols/Pivot/Column3/Symbols/Pivot/Symbol8/Default/Pivot
animator animationStateName=multiplier_hide gameObject=Pivot path=/Game/Machines/Pivot/FreeSpinsMachineParent/Pivot/Game001FreeSpinsMachine(Clone)/Pivot/Bonus Symbols/Pivot/Column4/Symbols/Pivot/Symbol8/Default/Pivot
animator animationStateName=multiplier_hide gameObject=Pivot path=/Game/Machines/Pivot/FreeSpinsMachineParent/Pivot/Game001FreeSpinsMachine(Clone)/Pivot/Bonus Symbols/Pivot/Column5/Symbols/Pivot/Symbol8/Default/Pivot
animator animationStateName=reset gameObject=Pivot path=/Game/Machines/Pivot/FreeSpinsMachineParent/Pivot/Game001FreeSpinsMachine(Clone)/Pivot/Free Spins Bonus Summary Frame/Pivot
animator animationStateName=slide_in gameObject=Pivot path=/Game/ReelOverlays/Pivot/FreeSpinsTriggerOverlayParent/Pivot
animator animationStateName=hide gameObject=Pivot path=/Game/Backgrounds/Pivot/FreeSpinsBackgroundParent/Pivot/Game001FreeSpinsBackground(Clone)/Pivot
animator animationStateName=show gameObject=Pivot path=/Game/Backgrounds/Pivot/BaseGameBackgroundParent/Pivot/Game001BaseGameBackground(Clone)/Pivot
animator animationStateName=slide_out gameObject=Pivot path=/Game/ReelOverlays/Pivot/FreeSpinsTriggerOverlayParent/Pivot
animator animationStateName=free_spins_trigger_fade_out gameObject=Pivot path=/Game/Machines/Pivot/BaseGameMachineParent/Pivot/Game001BaseGameMachine(Clone)/Pivot
Game001BaseGameMachine OnPointerClick tile id="Game001BaseGameMachine" (Frame=1030)
scriptName=Game001Outcome000000003 loaded successfully at frame=1036
animator animationStateName=freespinstrigger gameObject=Pivot path=/Game/Backgrounds/Pivot/BaseGameBackgroundParent/Pivot/Game001BaseGameBackground(Clone)/Pivot
animator animationStateName=free_spins_trigger_fade_in gameObject=Pivot path=/Game/Machines/Pivot/BaseGameMachineParent/Pivot/Game001BaseGameMachine(Clone)/Pivot
animator animationStateName=slide_in gameObject=Pivot path=/Game/ReelOverlays/Pivot/FreeSpinsTriggerOverlayParent/Pivot
animator animationStateName=hide gameObject=Pivot path=/Game/Backgrounds/Pivot/BaseGameBackgroundParent/Pivot/Game001BaseGameBackground(Clone)/Pivot
animator animationStateName=slide_out gameObject=Pivot path=/Game/ReelOverlays/Pivot/FreeSpinsTriggerOverlayParent/Pivot
animator animationStateName=start gameObject=Pivot path=/Game/Backgrounds/Pivot/FreeSpinsBackgroundParent/Pivot/Game001FreeSpinsBackground(Clone)/Pivot
animator animationStateName=overlay_fade_in gameObject=Pivot path=/Game/Machines/Pivot/FreeSpinsMachineParent/Pivot/Game001FreeSpinsMachine(Clone)/Pivot
animator animationStateName=start gameObject=Pivot path=/Game/Machines/Pivot/FreeSpinsMachineParent/Pivot/Game001FreeSpinsMachine(Clone)/Pivot/Bonus Symbols Background/Pivot
animator animationStateName=hide gameObject=Pivot path=/Game/Machines/Pivot/FreeSpinsMachineParent/Pivot/Game001FreeSpinsMachine(Clone)/Pivot/Bonus Symbols Background/Pivot
animator animationStateName=overlay_fade_out gameObject=Pivot path=/Game/Machines/Pivot/FreeSpinsMachineParent/Pivot/Game001FreeSpinsMachine(Clone)/Pivot
animator animationStateName=spin_button_fade_in gameObject=Pivot path=/Game/Machines/Pivot/FreeSpinsMachineParent/Pivot/Game001FreeSpinsMachine(Clone)/Pivot
Game001FreeSpinsMachine OnPointerClick tile id="Game001FreeSpinsMachine" param="spin" (Frame=1221)
animator animationStateName=spin_button_fade_out gameObject=Pivot path=/Game/Machines/Pivot/FreeSpinsMachineParent/Pivot/Game001FreeSpinsMachine(Clone)/Pivot
Game001FreeSpinsReel StartEngines tile id="Game001FreeSpinsReel1" (Frame=1227)
Game001FreeSpinsReel StartEngines tile id="Game001FreeSpinsReel2" (Frame=1227)
Game001FreeSpinsReel StartEngines tile id="Game001FreeSpinsReel3" (Frame=1227)
Game001FreeSpinsReel StartEngines tile id="Game001FreeSpinsReel4" (Frame=1227)
Game001FreeSpinsReel StartEngines tile id="Game001FreeSpinsReel5" (Frame=1227)
skipSplice=false reelID="Reel1" (Frame=1232)
skipSplice=false reelID="Reel2" (Frame=1233)
skipSplice=false reelID="Reel3" (Frame=1234)
skipSplice=false reelID="Reel4" (Frame=1236)
skipSplice=false reelID="Reel5" (Frame=1238)
Tests.cs RunFreeSpins currentFreeSpin=1
Tests.cs RunFreeSpins currentFreeSpin=1
animator animationStateName=winX gameObject=Pivot path=/Game/Machines/Pivot/FreeSpinsMachineParent/Pivot/Game001FreeSpinsMachine(Clone)/Pivot/Bonus Reels/Reels/Pivot/FreeSpinsReel2/Symbol4/Pivot/FreeSpinsSymbol/WinX/Pivot
!activeSelf animator animationStateName=winX gameObject=Pivot path=/Game/Machines/Pivot/FreeSpinsMachineParent/Pivot/Game001FreeSpinsMachine(Clone)/Pivot/Bonus Reels/Reels/Pivot/FreeSpinsReel2/Symbol4/Pivot/FreeSpinsSymbol/WinX/Pivot
Game object with animator is inactive
animator animationStateName=boost gameObject=Pivot path=/Game/Machines/Pivot/FreeSpinsMachineParent/Pivot/Game001FreeSpinsMachine(Clone)/Pivot/Bonus Reels/Reels/Pivot/FreeSpinsReel4/Symbol3/Pivot/FreeSpinsSymbol/Boost/Pivot
!activeSelf animator animationStateName=boost gameObject=Pivot path=/Game/Machines/Pivot/FreeSpinsMachineParent/Pivot/Game001FreeSpinsMachine(Clone)/Pivot/Bonus Reels/Reels/Pivot/FreeSpinsReel4/Symbol3/Pivot/FreeSpinsSymbol/Boost/Pivot
Game object with animator is inactive
Tests.cs RunFreeSpins currentFreeSpin=1
animator animationStateName=boost gameObject=Pivot path=/Game/Machines/Pivot/FreeSpinsMachineParent/Pivot/Game001FreeSpinsMachine(Clone)/Pivot/Bonus Reels/Reels/Pivot/FreeSpinsReel4/Symbol4/Pivot/FreeSpinsSymbol/Boost/Pivot
!activeSelf animator animationStateName=boost gameObject=Pivot path=/Game/Machines/Pivot/FreeSpinsMachineParent/Pivot/Game001FreeSpinsMachine(Clone)/Pivot/Bonus Reels/Reels/Pivot/FreeSpinsReel4/Symbol4/Pivot/FreeSpinsSymbol/Boost/Pivot
Game object with animator is inactive
animator animationStateName=boost gameObject=Pivot path=/Game/Machines/Pivot/FreeSpinsMachineParent/Pivot/Game001FreeSpinsMachine(Clone)/Pivot/Bonus Reels/Reels/Pivot/FreeSpinsReel4/Symbol5/Pivot/FreeSpinsSymbol/Boost/Pivot
Tests.cs RunFreeSpins currentFreeSpin=1
Tests.cs RunFreeSpins currentFreeSpin=1
Tests.cs RunFreeSpins currentFreeSpin=1
Tests.cs RunFreeSpins currentFreeSpin=1
Tests.cs RunFreeSpins currentFreeSpin=1
Tests.cs RunFreeSpins currentFreeSpin=1
Tests.cs RunFreeSpins currentFreeSpin=1
animator animationStateName=reset gameObject=Pivot path=/Game/Machines/Pivot/FreeSpinsMachineParent/Pivot/Game001FreeSpinsMachine(Clone)/Pivot/Bonus Reels/Reels/Pivot/FreeSpinsReel2/Symbol4/Pivot/FreeSpinsSymbol/WinX/Pivot
!activeSelf animator animationStateName=reset gameObject=Pivot path=/Game/Machines/Pivot/FreeSpinsMachineParent/Pivot/Game001FreeSpinsMachine(Clone)/Pivot/Bonus Reels/Reels/Pivot/FreeSpinsReel2/Symbol4/Pivot/FreeSpinsSymbol/WinX/Pivot
Game object with animator is inactive
animator animationStateName=reset gameObject=Pivot path=/Game/Machines/Pivot/FreeSpinsMachineParent/Pivot/Game001FreeSpinsMachine(Clone)/Pivot/Bonus Reels/Reels/Pivot/FreeSpinsReel4/Symbol3/Pivot/FreeSpinsSymbol/Boost/Pivot
!activeSelf animator animationStateName=reset gameObject=Pivot path=/Game/Machines/Pivot/FreeSpinsMachineParent/Pivot/Game001FreeSpinsMachine(Clone)/Pivot/Bonus Reels/Reels/Pivot/FreeSpinsReel4/Symbol3/Pivot/FreeSpinsSymbol/Boost/Pivot
Game object with animator is inactive
Tests.cs RunFreeSpins currentFreeSpin=1
animator animationStateName=reset gameObject=Pivot path=/Game/Machines/Pivot/FreeSpinsMachineParent/Pivot/Game001FreeSpinsMachine(Clone)/Pivot/Bonus Reels/Reels/Pivot/FreeSpinsReel4/Symbol4/Pivot/FreeSpinsSymbol/Boost/Pivot
!activeSelf animator animationStateName=reset gameObject=Pivot path=/Game/Machines/Pivot/FreeSpinsMachineParent/Pivot/Game001FreeSpinsMachine(Clone)/Pivot/Bonus Reels/Reels/Pivot/FreeSpinsReel4/Symbol4/Pivot/FreeSpinsSymbol/Boost/Pivot
Game object with animator is inactive
Tests.cs RunFreeSpins currentFreeSpin=1
animator animationStateName=reset gameObject=Pivot path=/Game/Machines/Pivot/FreeSpinsMachineParent/Pivot/Game001FreeSpinsMachine(Clone)/Pivot/Bonus Reels/Reels/Pivot/FreeSpinsReel4/Symbol5/Pivot/FreeSpinsSymbol/Boost/Pivot
Tests.cs RunFreeSpins currentFreeSpin=1
animator animationStateName=win gameObject=Pivot path=/Game/Machines/Pivot/FreeSpinsMachineParent/Pivot/Game001FreeSpinsMachine(Clone)/Pivot/Bonus Reels/Reels/Pivot/FreeSpinsReel1/Symbol4/Pivot/FreeSpinsSymbol/F9/Pivot
animator animationStateName=win gameObject=Pivot path=/Game/Machines/Pivot/FreeSpinsMachineParent/Pivot/Game001FreeSpinsMachine(Clone)/Pivot/Bonus Reels/Reels/Pivot/FreeSpinsReel2/Symbol5/Pivot/FreeSpinsSymbol/F7/Pivot
animator animationStateName=win gameObject=Pivot path=/Game/Machines/Pivot/FreeSpinsMachineParent/Pivot/Game001FreeSpinsMachine(Clone)/Pivot/Bonus Reels/Reels/Pivot/FreeSpinsReel3/Symbol4/Pivot/FreeSpinsSymbol/F5/Pivot
Tests.cs RunFreeSpins currentFreeSpin=1
Tests.cs RunFreeSpins currentFreeSpin=1
Tests.cs RunFreeSpins currentFreeSpin=1
Tests.cs RunFreeSpins currentFreeSpin=1
Tests.cs RunFreeSpins currentFreeSpin=2
Tests.cs RunFreeSpins currentFreeSpin=2
skipSplice=false reelID="Reel1" (Frame=1305)
skipSplice=false reelID="Reel2" (Frame=1306)
skipSplice=false reelID="Reel3" (Frame=1307)
Tests.cs RunFreeSpins currentFreeSpin=2
skipSplice=false reelID="Reel4" (Frame=1309)
skipSplice=false reelID="Reel5" (Frame=1311)
Tests.cs RunFreeSpins currentFreeSpin=2
Tests.cs RunFreeSpins currentFreeSpin=2
animator animationStateName=boost gameObject=Pivot path=/Game/Machines/Pivot/FreeSpinsMachineParent/Pivot/Game001FreeSpinsMachine(Clone)/Pivot/Bonus Reels/Reels/Pivot/FreeSpinsReel4/Symbol5/Pivot/FreeSpinsSymbol/Boost/Pivot
!activeSelf animator animationStateName=boost gameObject=Pivot path=/Game/Machines/Pivot/FreeSpinsMachineParent/Pivot/Game001FreeSpinsMachine(Clone)/Pivot/Bonus Reels/Reels/Pivot/FreeSpinsReel4/Symbol5/Pivot/FreeSpinsSymbol/Boost/Pivot
Game object with animator is inactive
Tests.cs RunFreeSpins currentFreeSpin=2
animator animationStateName=winX gameObject=Pivot path=/Game/Machines/Pivot/FreeSpinsMachineParent/Pivot/Game001FreeSpinsMachine(Clone)/Pivot/Bonus Reels/Reels/Pivot/FreeSpinsReel5/Symbol5/Pivot/FreeSpinsSymbol/WinX/Pivot
!activeSelf animator animationStateName=winX gameObject=Pivot path=/Game/Machines/Pivot/FreeSpinsMachineParent/Pivot/Game001FreeSpinsMachine(Clone)/Pivot/Bonus Reels/Reels/Pivot/FreeSpinsReel5/Symbol5/Pivot/FreeSpinsSymbol/WinX/Pivot
Game object with animator is inactive
Tests.cs RunFreeSpins currentFreeSpin=2
Tests.cs RunFreeSpins currentFreeSpin=2
Tests.cs RunFreeSpins currentFreeSpin=2
Tests.cs RunFreeSpins currentFreeSpin=2
animator animationStateName=multiplier gameObject=Pivot path=/Game/Machines/Pivot/FreeSpinsMachineParent/Pivot/Game001FreeSpinsMachine(Clone)/Pivot/Bonus Symbols/Pivot/Column5/Symbols/Pivot/Symbol8/Default/Pivot
Tests.cs RunFreeSpins currentFreeSpin=2
animator animationStateName=reset gameObject=Pivot path=/Game/Machines/Pivot/FreeSpinsMachineParent/Pivot/Game001FreeSpinsMachine(Clone)/Pivot/Bonus Reels/Reels/Pivot/FreeSpinsReel4/Symbol5/Pivot/FreeSpinsSymbol/Boost/Pivot
!activeSelf animator animationStateName=reset gameObject=Pivot path=/Game/Machines/Pivot/FreeSpinsMachineParent/Pivot/Game001FreeSpinsMachine(Clone)/Pivot/Bonus Reels/Reels/Pivot/FreeSpinsReel4/Symbol5/Pivot/FreeSpinsSymbol/Boost/Pivot
Game object with animator is inactive
animator animationStateName=reset gameObject=Pivot path=/Game/Machines/Pivot/FreeSpinsMachineParent/Pivot/Game001FreeSpinsMachine(Clone)/Pivot/Bonus Reels/Reels/Pivot/FreeSpinsReel5/Symbol5/Pivot/FreeSpinsSymbol/WinX/Pivot
!activeSelf animator animationStateName=reset gameObject=Pivot path=/Game/Machines/Pivot/FreeSpinsMachineParent/Pivot/Game001FreeSpinsMachine(Clone)/Pivot/Bonus Reels/Reels/Pivot/FreeSpinsReel5/Symbol5/Pivot/FreeSpinsSymbol/WinX/Pivot
Game object with animator is inactive
Tests.cs RunFreeSpins currentFreeSpin=2
Tests.cs RunFreeSpins currentFreeSpin=2
Tests.cs RunFreeSpins currentFreeSpin=2
Tests.cs RunFreeSpins currentFreeSpin=3
skipSplice=false reelID="Reel1" (Frame=1355)
Tests.cs RunFreeSpins currentFreeSpin=3
skipSplice=false reelID="Reel2" (Frame=1356)
skipSplice=false reelID="Reel3" (Frame=1357)
Tests.cs RunFreeSpins currentFreeSpin=3
skipSplice=false reelID="Reel4" (Frame=1359)
skipSplice=false reelID="Reel5" (Frame=1361)
Tests.cs RunFreeSpins currentFreeSpin=3
Tests.cs RunFreeSpins currentFreeSpin=3
animator animationStateName=show gameObject=Pivot path=/Game/Machines/Pivot/FreeSpinsMachineParent/Pivot/Game001FreeSpinsMachine(Clone)/Pivot/Bonus Symbols Free Spins Added Frame/Pivot
Tests.cs RunFreeSpins currentFreeSpin=3
Tests.cs RunFreeSpins currentFreeSpin=3
Tests.cs RunFreeSpins currentFreeSpin=3
Tests.cs RunFreeSpins currentFreeSpin=3
Tests.cs RunFreeSpins currentFreeSpin=4
Tests.cs RunFreeSpins currentFreeSpin=4
skipSplice=false reelID="Reel1" (Frame=1387)
skipSplice=false reelID="Reel2" (Frame=1388)
skipSplice=false reelID="Reel3" (Frame=1389)
Tests.cs RunFreeSpins currentFreeSpin=4
skipSplice=true reelID="Reel4" (Frame=1391)
skipSplice=false reelID="Reel5" (Frame=1393)
Tests.cs RunFreeSpins currentFreeSpin=4
Tests.cs RunFreeSpins currentFreeSpin=4
animator animationStateName=boostALL gameObject=Pivot path=/Game/Machines/Pivot/FreeSpinsMachineParent/Pivot/Game001FreeSpinsMachine(Clone)/Pivot/Bonus Reels/Reels/Pivot/FreeSpinsReel2/Symbol3/Pivot/FreeSpinsSymbol/BoostALL/Pivot
Tests.cs RunFreeSpins currentFreeSpin=4
Tests.cs RunFreeSpins currentFreeSpin=4
animator animationStateName=reset gameObject=Pivot path=/Game/Machines/Pivot/FreeSpinsMachineParent/Pivot/Game001FreeSpinsMachine(Clone)/Pivot/Bonus Reels/Reels/Pivot/FreeSpinsReel2/Symbol3/Pivot/FreeSpinsSymbol/BoostALL/Pivot
Tests.cs RunFreeSpins currentFreeSpin=4
Tests.cs RunFreeSpins currentFreeSpin=4
Tests.cs RunFreeSpins currentFreeSpin=5
Tests.cs RunFreeSpins currentFreeSpin=5
skipSplice=false reelID="Reel1" (Frame=1421)
skipSplice=false reelID="Reel2" (Frame=1422)
skipSplice=false reelID="Reel3" (Frame=1423)
Tests.cs RunFreeSpins currentFreeSpin=5
skipSplice=false reelID="Reel4" (Frame=1424)
Tests.cs RunFreeSpins currentFreeSpin=5
skipSplice=false reelID="Reel5" (Frame=1427)
Tests.cs RunFreeSpins currentFreeSpin=5
Tests.cs RunFreeSpins currentFreeSpin=5
animator animationStateName=boost gameObject=Pivot path=/Game/Machines/Pivot/FreeSpinsMachineParent/Pivot/Game001FreeSpinsMachine(Clone)/Pivot/Bonus Reels/Reels/Pivot/FreeSpinsReel5/Symbol4/Pivot/FreeSpinsSymbol/Boost/Pivot
animator animationStateName=boost gameObject=Pivot path=/Game/Machines/Pivot/FreeSpinsMachineParent/Pivot/Game001FreeSpinsMachine(Clone)/Pivot/Bonus Reels/Reels/Pivot/FreeSpinsReel5/Symbol5/Pivot/FreeSpinsSymbol/Boost/Pivot
Tests.cs RunFreeSpins currentFreeSpin=5
Tests.cs RunFreeSpins currentFreeSpin=5
Tests.cs RunFreeSpins currentFreeSpin=5
animator animationStateName=reset gameObject=Pivot path=/Game/Machines/Pivot/FreeSpinsMachineParent/Pivot/Game001FreeSpinsMachine(Clone)/Pivot/Bonus Reels/Reels/Pivot/FreeSpinsReel5/Symbol4/Pivot/FreeSpinsSymbol/Boost/Pivot
animator animationStateName=reset gameObject=Pivot path=/Game/Machines/Pivot/FreeSpinsMachineParent/Pivot/Game001FreeSpinsMachine(Clone)/Pivot/Bonus Reels/Reels/Pivot/FreeSpinsReel5/Symbol5/Pivot/FreeSpinsSymbol/Boost/Pivot
Tests.cs RunFreeSpins currentFreeSpin=5
Tests.cs RunFreeSpins currentFreeSpin=5
animator animationStateName=win gameObject=Pivot path=/Game/Machines/Pivot/FreeSpinsMachineParent/Pivot/Game001FreeSpinsMachine(Clone)/Pivot/Bonus Reels/Reels/Pivot/FreeSpinsReel1/Symbol4/Pivot/FreeSpinsSymbol/M2/Pivot
animator animationStateName=win gameObject=Pivot path=/Game/Machines/Pivot/FreeSpinsMachineParent/Pivot/Game001FreeSpinsMachine(Clone)/Pivot/Bonus Reels/Reels/Pivot/FreeSpinsReel2/Symbol3/Pivot/FreeSpinsSymbol/M1/Pivot
animator animationStateName=win gameObject=Pivot path=/Game/Machines/Pivot/FreeSpinsMachineParent/Pivot/Game001FreeSpinsMachine(Clone)/Pivot/Bonus Reels/Reels/Pivot/FreeSpinsReel3/Symbol4/Pivot/FreeSpinsSymbol/F7/Pivot
animator animationStateName=win gameObject=Pivot path=/Game/Machines/Pivot/FreeSpinsMachineParent/Pivot/Game001FreeSpinsMachine(Clone)/Pivot/Bonus Reels/Reels/Pivot/FreeSpinsReel3/Symbol5/Pivot/FreeSpinsSymbol/F5/Pivot
Tests.cs RunFreeSpins currentFreeSpin=5
Tests.cs RunFreeSpins currentFreeSpin=5
animator animationStateName=win gameObject=Pivot path=/Game/Machines/Pivot/FreeSpinsMachineParent/Pivot/Game001FreeSpinsMachine(Clone)/Pivot/Bonus Reels/Reels/Pivot/FreeSpinsReel1/Symbol3/Pivot/FreeSpinsSymbol/M4/Pivot
animator animationStateName=win gameObject=Pivot path=/Game/Machines/Pivot/FreeSpinsMachineParent/Pivot/Game001FreeSpinsMachine(Clone)/Pivot/Bonus Reels/Reels/Pivot/FreeSpinsReel2/Symbol3/Pivot/FreeSpinsSymbol/M1/Pivot
animator animationStateName=win gameObject=Pivot path=/Game/Machines/Pivot/FreeSpinsMachineParent/Pivot/Game001FreeSpinsMachine(Clone)/Pivot/Bonus Reels/Reels/Pivot/FreeSpinsReel3/Symbol5/Pivot/FreeSpinsSymbol/F5/Pivot
Tests.cs RunFreeSpins currentFreeSpin=5
Tests.cs RunFreeSpins currentFreeSpin=5
animator animationStateName=win gameObject=Pivot path=/Game/Machines/Pivot/FreeSpinsMachineParent/Pivot/Game001FreeSpinsMachine(Clone)/Pivot/Bonus Reels/Reels/Pivot/FreeSpinsReel1/Symbol5/Pivot/FreeSpinsSymbol/F6/Pivot
animator animationStateName=win gameObject=Pivot path=/Game/Machines/Pivot/FreeSpinsMachineParent/Pivot/Game001FreeSpinsMachine(Clone)/Pivot/Bonus Reels/Reels/Pivot/FreeSpinsReel2/Symbol3/Pivot/FreeSpinsSymbol/M1/Pivot
animator animationStateName=win gameObject=Pivot path=/Game/Machines/Pivot/FreeSpinsMachineParent/Pivot/Game001FreeSpinsMachine(Clone)/Pivot/Bonus Reels/Reels/Pivot/FreeSpinsReel2/Symbol5/Pivot/FreeSpinsSymbol/F8/Pivot
Tests.cs RunFreeSpins currentFreeSpin=5
Tests.cs RunFreeSpins currentFreeSpin=5
Tests.cs RunFreeSpins currentFreeSpin=5
Tests.cs RunFreeSpins currentFreeSpin=6
Tests.cs RunFreeSpins currentFreeSpin=6
skipSplice=false reelID="Reel1" (Frame=1486)
skipSplice=false reelID="Reel2" (Frame=1487)
skipSplice=false reelID="Reel3" (Frame=1488)
Tests.cs RunFreeSpins currentFreeSpin=6
skipSplice=true reelID="Reel4" (Frame=1489)
skipSplice=true reelID="Reel5" (Frame=1492)
Tests.cs RunFreeSpins currentFreeSpin=6
Tests.cs RunFreeSpins currentFreeSpin=6
animator animationStateName=winX gameObject=Pivot path=/Game/Machines/Pivot/FreeSpinsMachineParent/Pivot/Game001FreeSpinsMachine(Clone)/Pivot/Bonus Reels/Reels/Pivot/FreeSpinsReel1/Symbol3/Pivot/FreeSpinsSymbol/WinX/Pivot
!activeSelf animator animationStateName=winX gameObject=Pivot path=/Game/Machines/Pivot/FreeSpinsMachineParent/Pivot/Game001FreeSpinsMachine(Clone)/Pivot/Bonus Reels/Reels/Pivot/FreeSpinsReel1/Symbol3/Pivot/FreeSpinsSymbol/WinX/Pivot
Game object with animator is inactive
Tests.cs RunFreeSpins currentFreeSpin=6
animator animationStateName=winX gameObject=Pivot path=/Game/Machines/Pivot/FreeSpinsMachineParent/Pivot/Game001FreeSpinsMachine(Clone)/Pivot/Bonus Reels/Reels/Pivot/FreeSpinsReel5/Symbol5/Pivot/FreeSpinsSymbol/WinX/Pivot
!activeSelf animator animationStateName=winX gameObject=Pivot path=/Game/Machines/Pivot/FreeSpinsMachineParent/Pivot/Game001FreeSpinsMachine(Clone)/Pivot/Bonus Reels/Reels/Pivot/FreeSpinsReel5/Symbol5/Pivot/FreeSpinsSymbol/WinX/Pivot
Game object with animator is inactive
Tests.cs RunFreeSpins currentFreeSpin=6
Tests.cs RunFreeSpins currentFreeSpin=6
Tests.cs RunFreeSpins currentFreeSpin=6
Tests.cs RunFreeSpins currentFreeSpin=6
Tests.cs RunFreeSpins currentFreeSpin=6
Tests.cs RunFreeSpins currentFreeSpin=6
animator animationStateName=reset gameObject=Pivot path=/Game/Machines/Pivot/FreeSpinsMachineParent/Pivot/Game001FreeSpinsMachine(Clone)/Pivot/Bonus Reels/Reels/Pivot/FreeSpinsReel1/Symbol3/Pivot/FreeSpinsSymbol/WinX/Pivot
!activeSelf animator animationStateName=reset gameObject=Pivot path=/Game/Machines/Pivot/FreeSpinsMachineParent/Pivot/Game001FreeSpinsMachine(Clone)/Pivot/Bonus Reels/Reels/Pivot/FreeSpinsReel1/Symbol3/Pivot/FreeSpinsSymbol/WinX/Pivot
Game object with animator is inactive
animator animationStateName=reset gameObject=Pivot path=/Game/Machines/Pivot/FreeSpinsMachineParent/Pivot/Game001FreeSpinsMachine(Clone)/Pivot/Bonus Reels/Reels/Pivot/FreeSpinsReel5/Symbol5/Pivot/FreeSpinsSymbol/WinX/Pivot
!activeSelf animator animationStateName=reset gameObject=Pivot path=/Game/Machines/Pivot/FreeSpinsMachineParent/Pivot/Game001FreeSpinsMachine(Clone)/Pivot/Bonus Reels/Reels/Pivot/FreeSpinsReel5/Symbol5/Pivot/FreeSpinsSymbol/WinX/Pivot
Game object with animator is inactive
Tests.cs RunFreeSpins currentFreeSpin=6
Tests.cs RunFreeSpins currentFreeSpin=6
animator animationStateName=win gameObject=Pivot path=/Game/Machines/Pivot/FreeSpinsMachineParent/Pivot/Game001FreeSpinsMachine(Clone)/Pivot/Bonus Reels/Reels/Pivot/FreeSpinsReel1/Symbol4/Pivot/FreeSpinsSymbol/WinX/Pivot
animator animationStateName=win gameObject=Pivot path=/Game/Machines/Pivot/FreeSpinsMachineParent/Pivot/Game001FreeSpinsMachine(Clone)/Pivot/Bonus Reels/Reels/Pivot/FreeSpinsReel2/Symbol5/Pivot/FreeSpinsSymbol/WD/Pivot
animator animationStateName=win gameObject=Pivot path=/Game/Machines/Pivot/FreeSpinsMachineParent/Pivot/Game001FreeSpinsMachine(Clone)/Pivot/Bonus Reels/Reels/Pivot/FreeSpinsReel3/Symbol3/Pivot/FreeSpinsSymbol/F5/Pivot
Tests.cs RunFreeSpins currentFreeSpin=6
Tests.cs RunFreeSpins currentFreeSpin=6
animator animationStateName=win gameObject=Pivot path=/Game/Machines/Pivot/FreeSpinsMachineParent/Pivot/Game001FreeSpinsMachine(Clone)/Pivot/Bonus Reels/Reels/Pivot/FreeSpinsReel1/Symbol5/Pivot/FreeSpinsSymbol/M4/Pivot
animator animationStateName=win gameObject=Pivot path=/Game/Machines/Pivot/FreeSpinsMachineParent/Pivot/Game001FreeSpinsMachine(Clone)/Pivot/Bonus Reels/Reels/Pivot/FreeSpinsReel2/Symbol5/Pivot/FreeSpinsSymbol/WD/Pivot
animator animationStateName=win gameObject=Pivot path=/Game/Machines/Pivot/FreeSpinsMachineParent/Pivot/Game001FreeSpinsMachine(Clone)/Pivot/Bonus Reels/Reels/Pivot/FreeSpinsReel3/Symbol3/Pivot/FreeSpinsSymbol/F5/Pivot
Tests.cs RunFreeSpins currentFreeSpin=6
Tests.cs RunFreeSpins currentFreeSpin=6
Tests.cs RunFreeSpins currentFreeSpin=6
Tests.cs RunFreeSpins currentFreeSpin=7
skipSplice=false reelID="Reel1" (Frame=1551)
Tests.cs RunFreeSpins currentFreeSpin=7
skipSplice=false reelID="Reel2" (Frame=1552)
skipSplice=false reelID="Reel3" (Frame=1553)
skipSplice=false reelID="Reel4" (Frame=1554)
Tests.cs RunFreeSpins currentFreeSpin=7
skipSplice=false reelID="Reel5" (Frame=1557)
Tests.cs RunFreeSpins currentFreeSpin=7
Tests.cs RunFreeSpins currentFreeSpin=7
animator animationStateName=winX gameObject=Pivot path=/Game/Machines/Pivot/FreeSpinsMachineParent/Pivot/Game001FreeSpinsMachine(Clone)/Pivot/Bonus Reels/Reels/Pivot/FreeSpinsReel3/Symbol3/Pivot/FreeSpinsSymbol/WinX/Pivot
!activeSelf animator animationStateName=winX gameObject=Pivot path=/Game/Machines/Pivot/FreeSpinsMachineParent/Pivot/Game001FreeSpinsMachine(Clone)/Pivot/Bonus Reels/Reels/Pivot/FreeSpinsReel3/Symbol3/Pivot/FreeSpinsSymbol/WinX/Pivot
Game object with animator is inactive
Tests.cs RunFreeSpins currentFreeSpin=7
Tests.cs RunFreeSpins currentFreeSpin=7
Tests.cs RunFreeSpins currentFreeSpin=7
animator animationStateName=multiplier gameObject=Pivot path=/Game/Machines/Pivot/FreeSpinsMachineParent/Pivot/Game001FreeSpinsMachine(Clone)/Pivot/Bonus Symbols/Pivot/Column3/Symbols/Pivot/Symbol7/Default/Pivot
animator animationStateName=reset gameObject=Pivot path=/Game/Machines/Pivot/FreeSpinsMachineParent/Pivot/Game001FreeSpinsMachine(Clone)/Pivot/Bonus Reels/Reels/Pivot/FreeSpinsReel3/Symbol3/Pivot/FreeSpinsSymbol/WinX/Pivot
!activeSelf animator animationStateName=reset gameObject=Pivot path=/Game/Machines/Pivot/FreeSpinsMachineParent/Pivot/Game001FreeSpinsMachine(Clone)/Pivot/Bonus Reels/Reels/Pivot/FreeSpinsReel3/Symbol3/Pivot/FreeSpinsSymbol/WinX/Pivot
Game object with animator is inactive
Tests.cs RunFreeSpins currentFreeSpin=7
Tests.cs RunFreeSpins currentFreeSpin=7
Tests.cs RunFreeSpins currentFreeSpin=7
Tests.cs RunFreeSpins currentFreeSpin=8
skipSplice=false reelID="Reel1" (Frame=1589)
skipSplice=false reelID="Reel2" (Frame=1590)
Tests.cs RunFreeSpins currentFreeSpin=8
skipSplice=false reelID="Reel3" (Frame=1591)
skipSplice=false reelID="Reel4" (Frame=1593)
Tests.cs RunFreeSpins currentFreeSpin=8
skipSplice=false reelID="Reel5" (Frame=1595)
Tests.cs RunFreeSpins currentFreeSpin=8
Tests.cs RunFreeSpins currentFreeSpin=8
animator animationStateName=boost gameObject=Pivot path=/Game/Machines/Pivot/FreeSpinsMachineParent/Pivot/Game001FreeSpinsMachine(Clone)/Pivot/Bonus Reels/Reels/Pivot/FreeSpinsReel2/Symbol3/Pivot/FreeSpinsSymbol/Boost/Pivot
!activeSelf animator animationStateName=boost gameObject=Pivot path=/Game/Machines/Pivot/FreeSpinsMachineParent/Pivot/Game001FreeSpinsMachine(Clone)/Pivot/Bonus Reels/Reels/Pivot/FreeSpinsReel2/Symbol3/Pivot/FreeSpinsSymbol/Boost/Pivot
Game object with animator is inactive
Tests.cs RunFreeSpins currentFreeSpin=8
animator animationStateName=boost gameObject=Pivot path=/Game/Machines/Pivot/FreeSpinsMachineParent/Pivot/Game001FreeSpinsMachine(Clone)/Pivot/Bonus Reels/Reels/Pivot/FreeSpinsReel4/Symbol5/Pivot/FreeSpinsSymbol/Boost/Pivot
!activeSelf animator animationStateName=boost gameObject=Pivot path=/Game/Machines/Pivot/FreeSpinsMachineParent/Pivot/Game001FreeSpinsMachine(Clone)/Pivot/Bonus Reels/Reels/Pivot/FreeSpinsReel4/Symbol5/Pivot/FreeSpinsSymbol/Boost/Pivot
Game object with animator is inactive
Tests.cs RunFreeSpins currentFreeSpin=8
Tests.cs RunFreeSpins currentFreeSpin=8
animator animationStateName=reset gameObject=Pivot path=/Game/Machines/Pivot/FreeSpinsMachineParent/Pivot/Game001FreeSpinsMachine(Clone)/Pivot/Bonus Reels/Reels/Pivot/FreeSpinsReel2/Symbol3/Pivot/FreeSpinsSymbol/Boost/Pivot
!activeSelf animator animationStateName=reset gameObject=Pivot path=/Game/Machines/Pivot/FreeSpinsMachineParent/Pivot/Game001FreeSpinsMachine(Clone)/Pivot/Bonus Reels/Reels/Pivot/FreeSpinsReel2/Symbol3/Pivot/FreeSpinsSymbol/Boost/Pivot
Game object with animator is inactive
Tests.cs RunFreeSpins currentFreeSpin=8
animator animationStateName=reset gameObject=Pivot path=/Game/Machines/Pivot/FreeSpinsMachineParent/Pivot/Game001FreeSpinsMachine(Clone)/Pivot/Bonus Reels/Reels/Pivot/FreeSpinsReel4/Symbol5/Pivot/FreeSpinsSymbol/Boost/Pivot
!activeSelf animator animationStateName=reset gameObject=Pivot path=/Game/Machines/Pivot/FreeSpinsMachineParent/Pivot/Game001FreeSpinsMachine(Clone)/Pivot/Bonus Reels/Reels/Pivot/FreeSpinsReel4/Symbol5/Pivot/FreeSpinsSymbol/Boost/Pivot
Game object with animator is inactive
Tests.cs RunFreeSpins currentFreeSpin=8
Tests.cs RunFreeSpins currentFreeSpin=8
Tests.cs RunFreeSpins currentFreeSpin=9
skipSplice=false reelID="Reel1" (Frame=1629)
skipSplice=false reelID="Reel2" (Frame=1630)
Tests.cs RunFreeSpins currentFreeSpin=9
skipSplice=false reelID="Reel3" (Frame=1631)
skipSplice=false reelID="Reel4" (Frame=1632)
Tests.cs RunFreeSpins currentFreeSpin=9
skipSplice=false reelID="Reel5" (Frame=1635)
Tests.cs RunFreeSpins currentFreeSpin=9
animator animationStateName=boost gameObject=Pivot path=/Game/Machines/Pivot/FreeSpinsMachineParent/Pivot/Game001FreeSpinsMachine(Clone)/Pivot/Bonus Reels/Reels/Pivot/FreeSpinsReel5/Symbol4/Pivot/FreeSpinsSymbol/Boost/Pivot
!activeSelf animator animationStateName=boost gameObject=Pivot path=/Game/Machines/Pivot/FreeSpinsMachineParent/Pivot/Game001FreeSpinsMachine(Clone)/Pivot/Bonus Reels/Reels/Pivot/FreeSpinsReel5/Symbol4/Pivot/FreeSpinsSymbol/Boost/Pivot
Game object with animator is inactive
Tests.cs RunFreeSpins currentFreeSpin=9
Tests.cs RunFreeSpins currentFreeSpin=9
animator animationStateName=reset gameObject=Pivot path=/Game/Machines/Pivot/FreeSpinsMachineParent/Pivot/Game001FreeSpinsMachine(Clone)/Pivot/Bonus Reels/Reels/Pivot/FreeSpinsReel5/Symbol4/Pivot/FreeSpinsSymbol/Boost/Pivot
!activeSelf animator animationStateName=reset gameObject=Pivot path=/Game/Machines/Pivot/FreeSpinsMachineParent/Pivot/Game001FreeSpinsMachine(Clone)/Pivot/Bonus Reels/Reels/Pivot/FreeSpinsReel5/Symbol4/Pivot/FreeSpinsSymbol/Boost/Pivot
Game object with animator is inactive
Tests.cs RunFreeSpins currentFreeSpin=9
Tests.cs RunFreeSpins currentFreeSpin=9
Tests.cs RunFreeSpins currentFreeSpin=9
skipSplice=false reelID="Reel1" (Frame=1661)
skipSplice=false reelID="Reel2" (Frame=1662)
skipSplice=true reelID="Reel3" (Frame=1663)
skipSplice=false reelID="Reel4" (Frame=1665)
skipSplice=false reelID="Reel5" (Frame=1667)
animator animationStateName=winX gameObject=Pivot path=/Game/Machines/Pivot/FreeSpinsMachineParent/Pivot/Game001FreeSpinsMachine(Clone)/Pivot/Bonus Reels/Reels/Pivot/FreeSpinsReel1/Symbol3/Pivot/FreeSpinsSymbol/WinX/Pivot
!activeSelf animator animationStateName=winX gameObject=Pivot path=/Game/Machines/Pivot/FreeSpinsMachineParent/Pivot/Game001FreeSpinsMachine(Clone)/Pivot/Bonus Reels/Reels/Pivot/FreeSpinsReel1/Symbol3/Pivot/FreeSpinsSymbol/WinX/Pivot
Game object with animator is inactive
animator animationStateName=reset gameObject=Pivot path=/Game/Machines/Pivot/FreeSpinsMachineParent/Pivot/Game001FreeSpinsMachine(Clone)/Pivot/Bonus Reels/Reels/Pivot/FreeSpinsReel1/Symbol3/Pivot/FreeSpinsSymbol/WinX/Pivot
!activeSelf animator animationStateName=reset gameObject=Pivot path=/Game/Machines/Pivot/FreeSpinsMachineParent/Pivot/Game001FreeSpinsMachine(Clone)/Pivot/Bonus Reels/Reels/Pivot/FreeSpinsReel1/Symbol3/Pivot/FreeSpinsSymbol/WinX/Pivot
Game object with animator is inactive
animator animationStateName=show gameObject=Pivot path=/Game/Machines/Pivot/FreeSpinsMachineParent/Pivot/Game001FreeSpinsMachine(Clone)/Pivot/Free Spins Bonus Summary Frame/Pivot
animator animationStateName=multiplier_hide gameObject=Pivot path=/Game/Machines/Pivot/FreeSpinsMachineParent/Pivot/Game001FreeSpinsMachine(Clone)/Pivot/Bonus Symbols/Pivot/Column1/Symbols/Pivot/Symbol1/Default/Pivot
animator animationStateName=multiplier_hide gameObject=Pivot path=/Game/Machines/Pivot/FreeSpinsMachineParent/Pivot/Game001FreeSpinsMachine(Clone)/Pivot/Bonus Symbols/Pivot/Column2/Symbols/Pivot/Symbol1/Default/Pivot
animator animationStateName=multiplier_hide gameObject=Pivot path=/Game/Machines/Pivot/FreeSpinsMachineParent/Pivot/Game001FreeSpinsMachine(Clone)/Pivot/Bonus Symbols/Pivot/Column3/Symbols/Pivot/Symbol1/Default/Pivot
animator animationStateName=multiplier_hide gameObject=Pivot path=/Game/Machines/Pivot/FreeSpinsMachineParent/Pivot/Game001FreeSpinsMachine(Clone)/Pivot/Bonus Symbols/Pivot/Column4/Symbols/Pivot/Symbol1/Default/Pivot
animator animationStateName=multiplier_hide gameObject=Pivot path=/Game/Machines/Pivot/FreeSpinsMachineParent/Pivot/Game001FreeSpinsMachine(Clone)/Pivot/Bonus Symbols/Pivot/Column5/Symbols/Pivot/Symbol1/Default/Pivot
animator animationStateName=multiplier_hide gameObject=Pivot path=/Game/Machines/Pivot/FreeSpinsMachineParent/Pivot/Game001FreeSpinsMachine(Clone)/Pivot/Bonus Symbols/Pivot/Column1/Symbols/Pivot/Symbol2/Default/Pivot
animator animationStateName=multiplier_hide gameObject=Pivot path=/Game/Machines/Pivot/FreeSpinsMachineParent/Pivot/Game001FreeSpinsMachine(Clone)/Pivot/Bonus Symbols/Pivot/Column2/Symbols/Pivot/Symbol2/Default/Pivot
animator animationStateName=multiplier_hide gameObject=Pivot path=/Game/Machines/Pivot/FreeSpinsMachineParent/Pivot/Game001FreeSpinsMachine(Clone)/Pivot/Bonus Symbols/Pivot/Column3/Symbols/Pivot/Symbol2/Default/Pivot
animator animationStateName=multiplier_hide gameObject=Pivot path=/Game/Machines/Pivot/FreeSpinsMachineParent/Pivot/Game001FreeSpinsMachine(Clone)/Pivot/Bonus Symbols/Pivot/Column4/Symbols/Pivot/Symbol2/Default/Pivot
animator animationStateName=multiplier_hide gameObject=Pivot path=/Game/Machines/Pivot/FreeSpinsMachineParent/Pivot/Game001FreeSpinsMachine(Clone)/Pivot/Bonus Symbols/Pivot/Column5/Symbols/Pivot/Symbol2/Default/Pivot
animator animationStateName=multiplier_hide gameObject=Pivot path=/Game/Machines/Pivot/FreeSpinsMachineParent/Pivot/Game001FreeSpinsMachine(Clone)/Pivot/Bonus Symbols/Pivot/Column1/Symbols/Pivot/Symbol3/Default/Pivot
animator animationStateName=multiplier_hide gameObject=Pivot path=/Game/Machines/Pivot/FreeSpinsMachineParent/Pivot/Game001FreeSpinsMachine(Clone)/Pivot/Bonus Symbols/Pivot/Column2/Symbols/Pivot/Symbol3/Default/Pivot
animator animationStateName=multiplier_hide gameObject=Pivot path=/Game/Machines/Pivot/FreeSpinsMachineParent/Pivot/Game001FreeSpinsMachine(Clone)/Pivot/Bonus Symbols/Pivot/Column3/Symbols/Pivot/Symbol3/Default/Pivot
animator animationStateName=multiplier_hide gameObject=Pivot path=/Game/Machines/Pivot/FreeSpinsMachineParent/Pivot/Game001FreeSpinsMachine(Clone)/Pivot/Bonus Symbols/Pivot/Column4/Symbols/Pivot/Symbol3/Default/Pivot
animator animationStateName=multiplier_hide gameObject=Pivot path=/Game/Machines/Pivot/FreeSpinsMachineParent/Pivot/Game001FreeSpinsMachine(Clone)/Pivot/Bonus Symbols/Pivot/Column5/Symbols/Pivot/Symbol3/Default/Pivot
animator animationStateName=multiplier_hide gameObject=Pivot path=/Game/Machines/Pivot/FreeSpinsMachineParent/Pivot/Game001FreeSpinsMachine(Clone)/Pivot/Bonus Symbols/Pivot/Column1/Symbols/Pivot/Symbol4/Default/Pivot
animator animationStateName=multiplier_hide gameObject=Pivot path=/Game/Machines/Pivot/FreeSpinsMachineParent/Pivot/Game001FreeSpinsMachine(Clone)/Pivot/Bonus Symbols/Pivot/Column2/Symbols/Pivot/Symbol4/Default/Pivot
animator animationStateName=multiplier_hide gameObject=Pivot path=/Game/Machines/Pivot/FreeSpinsMachineParent/Pivot/Game001FreeSpinsMachine(Clone)/Pivot/Bonus Symbols/Pivot/Column3/Symbols/Pivot/Symbol4/Default/Pivot
animator animationStateName=multiplier_hide gameObject=Pivot path=/Game/Machines/Pivot/FreeSpinsMachineParent/Pivot/Game001FreeSpinsMachine(Clone)/Pivot/Bonus Symbols/Pivot/Column4/Symbols/Pivot/Symbol4/Default/Pivot
animator animationStateName=multiplier_hide gameObject=Pivot path=/Game/Machines/Pivot/FreeSpinsMachineParent/Pivot/Game001FreeSpinsMachine(Clone)/Pivot/Bonus Symbols/Pivot/Column5/Symbols/Pivot/Symbol4/Default/Pivot
animator animationStateName=multiplier_hide gameObject=Pivot path=/Game/Machines/Pivot/FreeSpinsMachineParent/Pivot/Game001FreeSpinsMachine(Clone)/Pivot/Bonus Symbols/Pivot/Column1/Symbols/Pivot/Symbol5/Default/Pivot
animator animationStateName=multiplier_hide gameObject=Pivot path=/Game/Machines/Pivot/FreeSpinsMachineParent/Pivot/Game001FreeSpinsMachine(Clone)/Pivot/Bonus Symbols/Pivot/Column2/Symbols/Pivot/Symbol5/Default/Pivot
animator animationStateName=multiplier_hide gameObject=Pivot path=/Game/Machines/Pivot/FreeSpinsMachineParent/Pivot/Game001FreeSpinsMachine(Clone)/Pivot/Bonus Symbols/Pivot/Column3/Symbols/Pivot/Symbol5/Default/Pivot
animator animationStateName=multiplier_hide gameObject=Pivot path=/Game/Machines/Pivot/FreeSpinsMachineParent/Pivot/Game001FreeSpinsMachine(Clone)/Pivot/Bonus Symbols/Pivot/Column4/Symbols/Pivot/Symbol5/Default/Pivot
animator animationStateName=multiplier_hide gameObject=Pivot path=/Game/Machines/Pivot/FreeSpinsMachineParent/Pivot/Game001FreeSpinsMachine(Clone)/Pivot/Bonus Symbols/Pivot/Column5/Symbols/Pivot/Symbol5/Default/Pivot
animator animationStateName=multiplier_hide gameObject=Pivot path=/Game/Machines/Pivot/FreeSpinsMachineParent/Pivot/Game001FreeSpinsMachine(Clone)/Pivot/Bonus Symbols/Pivot/Column1/Symbols/Pivot/Symbol6/Default/Pivot
animator animationStateName=multiplier_hide gameObject=Pivot path=/Game/Machines/Pivot/FreeSpinsMachineParent/Pivot/Game001FreeSpinsMachine(Clone)/Pivot/Bonus Symbols/Pivot/Column2/Symbols/Pivot/Symbol6/Default/Pivot
animator animationStateName=multiplier_hide gameObject=Pivot path=/Game/Machines/Pivot/FreeSpinsMachineParent/Pivot/Game001FreeSpinsMachine(Clone)/Pivot/Bonus Symbols/Pivot/Column3/Symbols/Pivot/Symbol6/Default/Pivot
animator animationStateName=multiplier_hide gameObject=Pivot path=/Game/Machines/Pivot/FreeSpinsMachineParent/Pivot/Game001FreeSpinsMachine(Clone)/Pivot/Bonus Symbols/Pivot/Column4/Symbols/Pivot/Symbol6/Default/Pivot
animator animationStateName=multiplier_hide gameObject=Pivot path=/Game/Machines/Pivot/FreeSpinsMachineParent/Pivot/Game001FreeSpinsMachine(Clone)/Pivot/Bonus Symbols/Pivot/Column5/Symbols/Pivot/Symbol6/Default/Pivot
animator animationStateName=multiplier_hide gameObject=Pivot path=/Game/Machines/Pivot/FreeSpinsMachineParent/Pivot/Game001FreeSpinsMachine(Clone)/Pivot/Bonus Symbols/Pivot/Column1/Symbols/Pivot/Symbol7/Default/Pivot
animator animationStateName=multiplier_hide gameObject=Pivot path=/Game/Machines/Pivot/FreeSpinsMachineParent/Pivot/Game001FreeSpinsMachine(Clone)/Pivot/Bonus Symbols/Pivot/Column2/Symbols/Pivot/Symbol7/Default/Pivot
animator animationStateName=multiplier_hide gameObject=Pivot path=/Game/Machines/Pivot/FreeSpinsMachineParent/Pivot/Game001FreeSpinsMachine(Clone)/Pivot/Bonus Symbols/Pivot/Column3/Symbols/Pivot/Symbol7/Default/Pivot
animator animationStateName=multiplier_hide gameObject=Pivot path=/Game/Machines/Pivot/FreeSpinsMachineParent/Pivot/Game001FreeSpinsMachine(Clone)/Pivot/Bonus Symbols/Pivot/Column4/Symbols/Pivot/Symbol7/Default/Pivot
animator animationStateName=multiplier_hide gameObject=Pivot path=/Game/Machines/Pivot/FreeSpinsMachineParent/Pivot/Game001FreeSpinsMachine(Clone)/Pivot/Bonus Symbols/Pivot/Column5/Symbols/Pivot/Symbol7/Default/Pivot
animator animationStateName=multiplier_hide gameObject=Pivot path=/Game/Machines/Pivot/FreeSpinsMachineParent/Pivot/Game001FreeSpinsMachine(Clone)/Pivot/Bonus Symbols/Pivot/Column1/Symbols/Pivot/Symbol8/Default/Pivot
animator animationStateName=multiplier_hide gameObject=Pivot path=/Game/Machines/Pivot/FreeSpinsMachineParent/Pivot/Game001FreeSpinsMachine(Clone)/Pivot/Bonus Symbols/Pivot/Column2/Symbols/Pivot/Symbol8/Default/Pivot
animator animationStateName=multiplier_hide gameObject=Pivot path=/Game/Machines/Pivot/FreeSpinsMachineParent/Pivot/Game001FreeSpinsMachine(Clone)/Pivot/Bonus Symbols/Pivot/Column3/Symbols/Pivot/Symbol8/Default/Pivot
animator animationStateName=multiplier_hide gameObject=Pivot path=/Game/Machines/Pivot/FreeSpinsMachineParent/Pivot/Game001FreeSpinsMachine(Clone)/Pivot/Bonus Symbols/Pivot/Column4/Symbols/Pivot/Symbol8/Default/Pivot
animator animationStateName=multiplier_hide gameObject=Pivot path=/Game/Machines/Pivot/FreeSpinsMachineParent/Pivot/Game001FreeSpinsMachine(Clone)/Pivot/Bonus Symbols/Pivot/Column5/Symbols/Pivot/Symbol8/Default/Pivot
animator animationStateName=reset gameObject=Pivot path=/Game/Machines/Pivot/FreeSpinsMachineParent/Pivot/Game001FreeSpinsMachine(Clone)/Pivot/Free Spins Bonus Summary Frame/Pivot
animator animationStateName=slide_in gameObject=Pivot path=/Game/ReelOverlays/Pivot/FreeSpinsTriggerOverlayParent/Pivot
animator animationStateName=hide gameObject=Pivot path=/Game/Backgrounds/Pivot/FreeSpinsBackgroundParent/Pivot/Game001FreeSpinsBackground(Clone)/Pivot
animator animationStateName=show gameObject=Pivot path=/Game/Backgrounds/Pivot/BaseGameBackgroundParent/Pivot/Game001BaseGameBackground(Clone)/Pivot
animator animationStateName=slide_out gameObject=Pivot path=/Game/ReelOverlays/Pivot/FreeSpinsTriggerOverlayParent/Pivot
animator animationStateName=free_spins_trigger_fade_out gameObject=Pivot path=/Game/Machines/Pivot/BaseGameMachineParent/Pivot/Game001BaseGameMachine(Clone)/Pivot
Game001BaseGameMachine OnPointerClick tile id="Game001BaseGameMachine" (Frame=1837)
scriptName=Game001Outcome000000004 loaded successfully at frame=1843
animator animationStateName=land gameObject=Pivot path=/Game/Machines/Pivot/BaseGameMachineParent/Pivot/Game001BaseGameMachine(Clone)/Pivot/Reels/Pivot/BaseGameReel2/Symbol5/Pivot/BaseGameSymbol/F6/Pivot
animator animationStateName=win gameObject=Pivot path=/Game/Machines/Pivot/BaseGameMachineParent/Pivot/Game001BaseGameMachine(Clone)/Pivot/Reels/Pivot/BaseGameReel1/Symbol4/Pivot/BaseGameSymbol/F8/Pivot
animator animationStateName=win gameObject=Pivot path=/Game/Machines/Pivot/BaseGameMachineParent/Pivot/Game001BaseGameMachine(Clone)/Pivot/Reels/Pivot/BaseGameReel2/Symbol5/Pivot/BaseGameSymbol/F6/Pivot
animator animationStateName=win gameObject=Pivot path=/Game/Machines/Pivot/BaseGameMachineParent/Pivot/Game001BaseGameMachine(Clone)/Pivot/Reels/Pivot/BaseGameReel3/Symbol4/Pivot/BaseGameSymbol/M3/Pivot
animator animationStateName=win gameObject=Pivot path=/Game/Machines/Pivot/BaseGameMachineParent/Pivot/Game001BaseGameMachine(Clone)/Pivot/Reels/Pivot/BaseGameReel3/Symbol5/Pivot/BaseGameSymbol/F5/Pivot
animator animationStateName=win gameObject=Pivot path=/Game/Machines/Pivot/BaseGameMachineParent/Pivot/Game001BaseGameMachine(Clone)/Pivot/Reels/Pivot/BaseGameReel1/Symbol4/Pivot/BaseGameSymbol/F8/Pivot
animator animationStateName=win gameObject=Pivot path=/Game/Machines/Pivot/BaseGameMachineParent/Pivot/Game001BaseGameMachine(Clone)/Pivot/Reels/Pivot/BaseGameReel2/Symbol5/Pivot/BaseGameSymbol/F6/Pivot
animator animationStateName=win gameObject=Pivot path=/Game/Machines/Pivot/BaseGameMachineParent/Pivot/Game001BaseGameMachine(Clone)/Pivot/Reels/Pivot/BaseGameReel3/Symbol4/Pivot/BaseGameSymbol/M3/Pivot
animator animationStateName=win gameObject=Pivot path=/Game/Machines/Pivot/BaseGameMachineParent/Pivot/Game001BaseGameMachine(Clone)/Pivot/Reels/Pivot/BaseGameReel3/Symbol5/Pivot/BaseGameSymbol/F5/Pivot
animator animationStateName=win gameObject=Pivot path=/Game/Machines/Pivot/BaseGameMachineParent/Pivot/Game001BaseGameMachine(Clone)/Pivot/Reels/Pivot/BaseGameReel1/Symbol4/Pivot/BaseGameSymbol/F8/Pivot
animator animationStateName=win gameObject=Pivot path=/Game/Machines/Pivot/BaseGameMachineParent/Pivot/Game001BaseGameMachine(Clone)/Pivot/Reels/Pivot/BaseGameReel2/Symbol5/Pivot/BaseGameSymbol/F6/Pivot
animator animationStateName=win gameObject=Pivot path=/Game/Machines/Pivot/BaseGameMachineParent/Pivot/Game001BaseGameMachine(Clone)/Pivot/Reels/Pivot/BaseGameReel3/Symbol4/Pivot/BaseGameSymbol/M3/Pivot
animator animationStateName=win gameObject=Pivot path=/Game/Machines/Pivot/BaseGameMachineParent/Pivot/Game001BaseGameMachine(Clone)/Pivot/Reels/Pivot/BaseGameReel3/Symbol5/Pivot/BaseGameSymbol/F5/Pivot
]]></output>
                  </test-case>
                </test-suite>
              </test-suite>
            </test-suite>
          </test-suite>
        </test-suite>
      </test-suite>
    </test-suite>
  </test-suite>
</test-run>