<?xml version="1.0" encoding="utf-8"?>
<test-run id="2" testcasecount="1" result="Passed" total="1" passed="1" failed="0" inconclusive="0" skipped="0" asserts="0" engine-version="3.5.0.0" clr-version="4.0.30319.42000" start-time="2024-02-08 05:41:41Z" end-time="2024-02-08 05:41:46Z" duration="5.2695782">
  <test-suite type="TestSuite" id="1000" name="Unity" fullname="Unity" runstate="Runnable" testcasecount="5" result="Passed" start-time="2024-02-08 05:41:41Z" end-time="2024-02-08 05:41:46Z" duration="5.269578" total="1" passed="1" failed="0" inconclusive="0" skipped="0" asserts="0">
    <properties />
    <test-suite type="Assembly" id="1003" name="casino.bettr.plugin.Core.Tests.dll" fullname="/Users/rvergis/Documents/External/Bettr/GitHub/bettr-casino/slots-game-plugins/Unity/Library/ScriptAssemblies/casino.bettr.plugin.Core.Tests.dll" runstate="Runnable" testcasecount="1" result="Passed" start-time="2024-02-08 05:41:41Z" end-time="2024-02-08 05:41:46Z" duration="5.265730" total="1" passed="1" failed="0" inconclusive="0" skipped="0" asserts="0">
      <properties>
        <property name="_PID" value="24904" />
        <property name="_APPDOMAIN" value="Unity Child Domain" />
        <property name="platform" value="PlayMode" />
      </properties>
      <test-suite type="TestSuite" id="1004" name="Bettr" fullname="Bettr" runstate="Runnable" testcasecount="1" result="Passed" start-time="2024-02-08 05:41:41Z" end-time="2024-02-08 05:41:46Z" duration="5.265284" total="1" passed="1" failed="0" inconclusive="0" skipped="0" asserts="0">
        <properties />
        <test-suite type="TestSuite" id="1005" name="Runtime" fullname="Bettr.Runtime" runstate="Runnable" testcasecount="1" result="Passed" start-time="2024-02-08 05:41:41Z" end-time="2024-02-08 05:41:46Z" duration="5.264979" total="1" passed="1" failed="0" inconclusive="0" skipped="0" asserts="0">
          <properties />
          <test-suite type="TestSuite" id="1006" name="Plugin" fullname="Bettr.Runtime.Plugin" runstate="Runnable" testcasecount="1" result="Passed" start-time="2024-02-08 05:41:41Z" end-time="2024-02-08 05:41:46Z" duration="5.264639" total="1" passed="1" failed="0" inconclusive="0" skipped="0" asserts="0">
            <properties />
            <test-suite type="TestSuite" id="1007" name="Core" fullname="Bettr.Runtime.Plugin.Core" runstate="Runnable" testcasecount="1" result="Passed" start-time="2024-02-08 05:41:41Z" end-time="2024-02-08 05:41:46Z" duration="5.264319" total="1" passed="1" failed="0" inconclusive="0" skipped="0" asserts="0">
              <properties />
              <test-suite type="TestSuite" id="1008" name="Tests" fullname="Bettr.Runtime.Plugin.Core.Tests" runstate="Runnable" testcasecount="1" result="Passed" start-time="2024-02-08 05:41:41Z" end-time="2024-02-08 05:41:46Z" duration="5.263928" total="1" passed="1" failed="0" inconclusive="0" skipped="0" asserts="0">
                <properties />
                <test-suite type="TestFixture" id="1001" name="Tests" fullname="Bettr.Runtime.Plugin.Core.Tests.Tests" classname="Bettr.Runtime.Plugin.Core.Tests.Tests" runstate="Runnable" testcasecount="1" result="Passed" start-time="2024-02-08 05:41:41Z" end-time="2024-02-08 05:41:46Z" duration="5.263189" total="1" passed="1" failed="0" inconclusive="0" skipped="0" asserts="0">
                  <properties />
                  <output><![CDATA[OneTimeSetUp
]]></output>
                  <test-case id="1002" name="TestDisplayCounters" fullname="Bettr.Runtime.Plugin.Core.Tests.Tests.TestDisplayCounters" methodname="TestDisplayCounters" classname="Bettr.Runtime.Plugin.Core.Tests.Tests" runstate="Runnable" seed="1093530230" result="Passed" start-time="2024-02-08 05:41:41Z" end-time="2024-02-08 05:41:46Z" duration="5.253984" asserts="0">
                    <properties>
                      <property name="_JOINTYPE" value="UnityCombinatorial" />
                      <property name="Order" value="1" />
                    </properties>
                    <output><![CDATA[Start TestDisplayCounters
]]></output>
                  </test-case>
                </test-suite>
              </test-suite>
            </test-suite>
          </test-suite>
        </test-suite>
      </test-suite>
    </test-suite>
  </test-suite>
</test-run>