<?xml version="1.0" encoding="utf-8"?>
<test-run id="2" testcasecount="4" result="Failed(Child)" total="4" passed="2" failed="2" inconclusive="0" skipped="0" asserts="0" engine-version="3.5.0.0" clr-version="4.0.30319.42000" start-time="2024-02-25 03:49:16Z" end-time="2024-02-25 03:49:19Z" duration="2.7828675">
  <test-suite type="TestSuite" id="1000" name="Unity" fullname="Unity" runstate="Runnable" testcasecount="5" result="Failed" site="Child" start-time="2024-02-25 03:49:16Z" end-time="2024-02-25 03:49:19Z" duration="2.782868" total="4" passed="2" failed="2" inconclusive="0" skipped="0" asserts="0">
    <properties />
    <failure>
      <message><![CDATA[One or more child tests had errors]]></message>
    </failure>
    <test-suite type="Assembly" id="1014" name="casino.bettr.plugin.Main.Tests.dll" fullname="/Users/rvergis/Documents/External/Bettr/GitHub/bettr-casino/slots-game-plugins/Unity/Library/ScriptAssemblies/casino.bettr.plugin.Main.Tests.dll" runstate="Runnable" testcasecount="4" result="Failed" site="Child" start-time="2024-02-25 03:49:16Z" end-time="2024-02-25 03:49:19Z" duration="2.779292" total="4" passed="2" failed="2" inconclusive="0" skipped="0" asserts="0">
      <properties>
        <property name="_PID" value="26223" />
        <property name="_APPDOMAIN" value="Unity Child Domain" />
        <property name="platform" value="PlayMode" />
      </properties>
      <failure>
        <message><![CDATA[One or more child tests had errors]]></message>
      </failure>
      <test-suite type="TestSuite" id="1015" name="Bettr" fullname="Bettr" runstate="Runnable" testcasecount="4" result="Failed" site="Child" start-time="2024-02-25 03:49:16Z" end-time="2024-02-25 03:49:19Z" duration="2.778957" total="4" passed="2" failed="2" inconclusive="0" skipped="0" asserts="0">
        <properties />
        <failure>
          <message><![CDATA[One or more child tests had errors]]></message>
        </failure>
        <test-suite type="TestSuite" id="1016" name="Runtime" fullname="Bettr.Runtime" runstate="Runnable" testcasecount="4" result="Failed" site="Child" start-time="2024-02-25 03:49:16Z" end-time="2024-02-25 03:49:19Z" duration="2.778755" total="4" passed="2" failed="2" inconclusive="0" skipped="0" asserts="0">
          <properties />
          <failure>
            <message><![CDATA[One or more child tests had errors]]></message>
          </failure>
          <test-suite type="TestSuite" id="1017" name="Plugin" fullname="Bettr.Runtime.Plugin" runstate="Runnable" testcasecount="4" result="Failed" site="Child" start-time="2024-02-25 03:49:16Z" end-time="2024-02-25 03:49:19Z" duration="2.778545" total="4" passed="2" failed="2" inconclusive="0" skipped="0" asserts="0">
            <properties />
            <failure>
              <message><![CDATA[One or more child tests had errors]]></message>
            </failure>
            <test-suite type="TestSuite" id="1018" name="Main" fullname="Bettr.Runtime.Plugin.Main" runstate="Runnable" testcasecount="4" result="Failed" site="Child" start-time="2024-02-25 03:49:16Z" end-time="2024-02-25 03:49:19Z" duration="2.778327" total="4" passed="2" failed="2" inconclusive="0" skipped="0" asserts="0">
              <properties />
              <failure>
                <message><![CDATA[One or more child tests had errors]]></message>
              </failure>
              <test-suite type="TestSuite" id="1019" name="Tests" fullname="Bettr.Runtime.Plugin.Main.Tests" runstate="Runnable" testcasecount="4" result="Failed" site="Child" start-time="2024-02-25 03:49:16Z" end-time="2024-02-25 03:49:19Z" duration="2.778079" total="4" passed="2" failed="2" inconclusive="0" skipped="0" asserts="0">
                <properties />
                <failure>
                  <message><![CDATA[One or more child tests had errors]]></message>
                </failure>
                <test-suite type="TestFixture" id="1009" name="Tests" fullname="Bettr.Runtime.Plugin.Main.Tests.Tests" classname="Bettr.Runtime.Plugin.Main.Tests.Tests" runstate="Runnable" testcasecount="4" result="Failed" site="Child" start-time="2024-02-25 03:49:16Z" end-time="2024-02-25 03:49:19Z" duration="2.777231" total="4" passed="2" failed="2" inconclusive="0" skipped="0" asserts="0">
                  <properties />
                  <failure>
                    <message><![CDATA[One or more child tests had errors]]></message>
                  </failure>
                  <output><![CDATA[GetCommandLineArguments args=/Users/rvergis/Documents/External/Applications/Unity/Hub/Editor/2022.3.16f1/Unity.app/Contents/MacOS/Unity,-batchmode,-logFile,/Users/rvergis/Documents/External/Bettr/Logs/UnitTests/logfile.log,-runTests,-projectPath,Unity,-testResults,TestResults/testResultsMain.xml,-testPlatform,playmode,-testFilter,casino.bettr.plugin.Main.Tests,-timeScale=10
Setting Time.timeScale=10
]]></output>
                  <test-case id="1010" name="TestInit" fullname="Bettr.Runtime.Plugin.Main.Tests.Tests.TestInit" methodname="TestInit" classname="Bettr.Runtime.Plugin.Main.Tests.Tests" runstate="Runnable" seed="29109727" result="Passed" start-time="2024-02-25 03:49:16Z" end-time="2024-02-25 03:49:17Z" duration="1.452731" asserts="0">
                    <properties>
                      <property name="_JOINTYPE" value="UnityCombinatorial" />
                      <property name="Order" value="1" />
                    </properties>
                    <output><![CDATA[OneTimeSetup started
userId=EE0DE516-5053-5142-80AC-2D878E91215C AssetsVersion=latest AssetsBaseURL=https://bettr-casino-assets.s3.us-west-2.amazonaws.com WebAssetsBaseURL=https://bettr-casino-assets.s3.us-west-2.amazonaws.com/developers/nyi501/assets/iOS WebOutcomesBaseURL=https://bettr-casino-outcomes.s3.us-west-2.amazonaws.com MainBundleName=main MainBundleVariant=v0_1_0
scriptName=Core loaded successfully at frame=12
scriptName=Math loaded successfully at frame=12
scriptName=Main loaded successfully at frame=12
scriptName=Utils loaded successfully at frame=12
AddScriptsToTable 4 scripts took 0.02424169 seconds
OneTimeSetup ended
TestLogin
]]></output>
                  </test-case>
                  <test-case id="1011" name="TestLogin" fullname="Bettr.Runtime.Plugin.Main.Tests.Tests.TestLogin" methodname="TestLogin" classname="Bettr.Runtime.Plugin.Main.Tests.Tests" runstate="Runnable" seed="1050674025" result="Failed" start-time="2024-02-25 03:49:17Z" end-time="2024-02-25 03:49:18Z" duration="0.132240" asserts="0">
                    <properties>
                      <property name="_JOINTYPE" value="UnityCombinatorial" />
                      <property name="Order" value="2" />
                    </properties>
                    <failure>
                      <message><![CDATA[  Expected: "EE0DE516-5053-5142-80AC-2D878E91215C"
  But was:  null
]]></message>
                      <stack-trace><![CDATA[at Bettr.Runtime.Plugin.Main.Tests.Tests+<TestLogin>d__19.MoveNext () [0x000c4] in /Users/rvergis/Documents/External/Bettr/GitHub/bettr-casino/slots-game-plugins/Unity/Assets/Bettr/Runtime/Plugin/Main/Tests/Tests.cs:202
at UnityEngine.TestTools.TestEnumerator+<Execute>d__7.MoveNext () [0x0004e] in ./Library/PackageCache/com.unity.test-framework@1.1.33/UnityEngine.TestRunner/NUnitExtensions/Attributes/TestEnumerator.cs:46
]]></stack-trace>
                    </failure>
                    <output><![CDATA[TestLogin
Starting User Login
Starting LoadUserBlob
uniqueId=EE0DE516-5053-5142-80AC-2D878E91215C
]]></output>
                  </test-case>
                  <test-case id="1012" name="TestRoutineRunner" fullname="Bettr.Runtime.Plugin.Main.Tests.Tests.TestRoutineRunner" methodname="TestRoutineRunner" classname="Bettr.Runtime.Plugin.Main.Tests.Tests" runstate="Runnable" seed="892862502" result="Passed" start-time="2024-02-25 03:49:18Z" end-time="2024-02-25 03:49:18Z" duration="0.463165" asserts="0">
                    <properties>
                      <property name="_JOINTYPE" value="UnityCombinatorial" />
                      <property name="Order" value="3" />
                    </properties>
                    <output><![CDATA[TestRoutineRunner
TestRoutineRunner timeElapsed=3.666974
]]></output>
                  </test-case>
                  <test-case id="1013" name="TestLoadMainLobby" fullname="Bettr.Runtime.Plugin.Main.Tests.Tests.TestLoadMainLobby" methodname="TestLoadMainLobby" classname="Bettr.Runtime.Plugin.Main.Tests.Tests" runstate="Runnable" seed="834923449" result="Failed" start-time="2024-02-25 03:49:18Z" end-time="2024-02-25 03:49:19Z" duration="0.718362" asserts="0">
                    <properties>
                      <property name="_JOINTYPE" value="UnityCombinatorial" />
                      <property name="Order" value="4" />
                      <property name="Timeout" value="600000" />
                    </properties>
                    <failure>
                      <message><![CDATA[Unhandled log message: '[Error] MainLobbyScene Error CallStack: "CrayonScript.Interpreter.ScriptRuntimeException: attempt to index  on a nil value line:[55] source:[MainLobbyScene]
  at CrayonScript.Interpreter.Execution.VM.Processor.Processing_Loop (System.Int32 instructionPtr, System.Int32 endInstructionExclusivePtr) [0x015f1] in <0fafa020b731455fa44bb912794b78d1>:0 
  at CrayonScript.Interpreter.Execution.VM.Processor.Call (CrayonScript.Interpreter.DynValue function, CrayonScript.Interpreter.DynValue[] args) [0x00086] in <0fafa020b731455fa44bb912794b78d1>:0 
  at CrayonScript.Code.Tile+<CallAction>d__111.MoveNext () [0x00102] in <0fafa020b731455fa44bb912794b78d1>:0 
CallStack:
↪local lobbyCardProperty = self.LobbyCardList[i] [55] [MainLobbyScene]
↪for i = 1, cardCount parallel do [53] [MainLobbyScene]
↪self:LoadLobbyCards() [31] [MainLobbyScene]
↪self:InitUserConfig() [30] [MainLobbyScene]" (Frame=42)'. Use UnityEngine.TestTools.LogAssert.Expect]]></message>
                      <stack-trace><![CDATA[
]]></stack-trace>
                    </failure>
                    <output><![CDATA[TestLoadMainLobby
LoadLobbyScene starting... (Frame=37)
scriptName=MainLobbyBottomBar loaded successfully at frame=38
scriptName=MainLobbyScene loaded successfully at frame=38
scriptName=SettingsPanel loaded successfully at frame=38
scriptName=GiftsPanel loaded successfully at frame=38
scriptName=DefaultLobbyCard loaded successfully at frame=38
AddScriptsToTable 5 scripts took 0.004904985 seconds
DefaultLobbyCard Awake tile id="DefaultLobbyCard" (Frame=42)
DefaultLobbyCard Awake tile id="DefaultLobbyCard" (Frame=42)
DefaultLobbyCard Awake tile id="DefaultLobbyCard" (Frame=42)
DefaultLobbyCard Awake tile id="DefaultLobbyCard" (Frame=42)
DefaultLobbyCard Awake tile id="DefaultLobbyCard" (Frame=42)
DefaultLobbyCard Awake tile id="DefaultLobbyCard" (Frame=42)
DefaultLobbyCard Awake tile id="DefaultLobbyCard" (Frame=42)
DefaultLobbyCard Awake tile id="DefaultLobbyCard" (Frame=42)
DefaultLobbyCard Awake tile id="DefaultLobbyCard" (Frame=42)
DefaultLobbyCard Awake tile id="DefaultLobbyCard" (Frame=42)
DefaultLobbyCard Awake tile id="DefaultLobbyCard" (Frame=42)
DefaultLobbyCard Awake tile id="DefaultLobbyCard" (Frame=42)
DefaultLobbyCard Awake tile id="DefaultLobbyCard" (Frame=42)
DefaultLobbyCard Awake tile id="DefaultLobbyCard" (Frame=42)
DefaultLobbyCard Awake tile id="DefaultLobbyCard" (Frame=42)
DefaultLobbyCard Awake tile id="DefaultLobbyCard" (Frame=42)
DefaultLobbyCard Awake tile id="DefaultLobbyCard" (Frame=42)
DefaultLobbyCard Awake tile id="DefaultLobbyCard" (Frame=42)
DefaultLobbyCard Awake tile id="DefaultLobbyCard" (Frame=42)
DefaultLobbyCard Awake tile id="DefaultLobbyCard" (Frame=42)
DefaultLobbyCard Awake tile id="DefaultLobbyCard" (Frame=42)
DefaultLobbyCard Awake tile id="DefaultLobbyCard" (Frame=42)
DefaultLobbyCard Awake tile id="DefaultLobbyCard" (Frame=42)
DefaultLobbyCard Awake tile id="DefaultLobbyCard" (Frame=42)
DefaultLobbyCard Awake tile id="DefaultLobbyCard" (Frame=42)
DefaultLobbyCard Awake tile id="DefaultLobbyCard" (Frame=42)
DefaultLobbyCard Awake tile id="DefaultLobbyCard" (Frame=42)
DefaultLobbyCard Awake tile id="DefaultLobbyCard" (Frame=42)
DefaultLobbyCard Awake tile id="DefaultLobbyCard" (Frame=42)
DefaultLobbyCard Awake tile id="DefaultLobbyCard" (Frame=42)
DefaultLobbyCard Awake tile id="DefaultLobbyCard" (Frame=42)
DefaultLobbyCard Awake tile id="DefaultLobbyCard" (Frame=42)
DefaultLobbyCard Awake tile id="DefaultLobbyCard" (Frame=42)
DefaultLobbyCard Awake tile id="DefaultLobbyCard" (Frame=42)
DefaultLobbyCard Awake tile id="DefaultLobbyCard" (Frame=42)
DefaultLobbyCard Awake tile id="DefaultLobbyCard" (Frame=42)
DefaultLobbyCard Awake tile id="DefaultLobbyCard" (Frame=42)
DefaultLobbyCard Awake tile id="DefaultLobbyCard" (Frame=42)
DefaultLobbyCard Awake tile id="DefaultLobbyCard" (Frame=42)
DefaultLobbyCard Awake tile id="DefaultLobbyCard" (Frame=42)
DefaultLobbyCard Awake tile id="DefaultLobbyCard" (Frame=42)
DefaultLobbyCard Awake tile id="DefaultLobbyCard" (Frame=42)
DefaultLobbyCard Awake tile id="DefaultLobbyCard" (Frame=42)
DefaultLobbyCard Awake tile id="DefaultLobbyCard" (Frame=42)
DefaultLobbyCard Awake tile id="DefaultLobbyCard" (Frame=42)
DefaultLobbyCard Awake tile id="DefaultLobbyCard" (Frame=42)
DefaultLobbyCard Awake tile id="DefaultLobbyCard" (Frame=42)
DefaultLobbyCard Awake tile id="DefaultLobbyCard" (Frame=42)
DefaultLobbyCard Awake tile id="DefaultLobbyCard" (Frame=42)
DefaultLobbyCard Awake tile id="DefaultLobbyCard" (Frame=42)
DefaultLobbyCard Awake tile id="DefaultLobbyCard" (Frame=42)
DefaultLobbyCard Awake tile id="DefaultLobbyCard" (Frame=42)
DefaultLobbyCard Awake tile id="DefaultLobbyCard" (Frame=42)
DefaultLobbyCard Awake tile id="DefaultLobbyCard" (Frame=42)
DefaultLobbyCard Awake tile id="DefaultLobbyCard" (Frame=42)
DefaultLobbyCard Awake tile id="DefaultLobbyCard" (Frame=42)
DefaultLobbyCard Awake tile id="DefaultLobbyCard" (Frame=42)
DefaultLobbyCard Awake tile id="DefaultLobbyCard" (Frame=42)
DefaultLobbyCard Awake tile id="DefaultLobbyCard" (Frame=42)
DefaultLobbyCard Awake tile id="DefaultLobbyCard" (Frame=42)
DefaultLobbyCard Awake tile id="DefaultLobbyCard" (Frame=42)
DefaultLobbyCard Awake tile id="DefaultLobbyCard" (Frame=42)
DefaultLobbyCard Awake tile id="DefaultLobbyCard" (Frame=42)
DefaultLobbyCard Awake tile id="DefaultLobbyCard" (Frame=42)
DefaultLobbyCard Awake tile id="DefaultLobbyCard" (Frame=42)
DefaultLobbyCard Awake tile id="DefaultLobbyCard" (Frame=42)
DefaultLobbyCard Awake tile id="DefaultLobbyCard" (Frame=42)
DefaultLobbyCard Awake tile id="DefaultLobbyCard" (Frame=42)
DefaultLobbyCard Awake tile id="DefaultLobbyCard" (Frame=42)
DefaultLobbyCard Awake tile id="DefaultLobbyCard" (Frame=42)
DefaultLobbyCard Awake tile id="DefaultLobbyCard" (Frame=42)
DefaultLobbyCard Awake tile id="DefaultLobbyCard" (Frame=42)
DefaultLobbyCard Awake tile id="DefaultLobbyCard" (Frame=42)
DefaultLobbyCard Awake tile id="DefaultLobbyCard" (Frame=42)
DefaultLobbyCard Awake tile id="DefaultLobbyCard" (Frame=42)
DefaultLobbyCard Awake tile id="DefaultLobbyCard" (Frame=42)
DefaultLobbyCard Awake tile id="DefaultLobbyCard" (Frame=42)
DefaultLobbyCard Awake tile id="DefaultLobbyCard" (Frame=42)
DefaultLobbyCard Awake tile id="DefaultLobbyCard" (Frame=42)
DefaultLobbyCard Awake tile id="DefaultLobbyCard" (Frame=42)
DefaultLobbyCard Awake tile id="DefaultLobbyCard" (Frame=42)
DefaultLobbyCard Awake tile id="DefaultLobbyCard" (Frame=42)
DefaultLobbyCard Awake tile id="DefaultLobbyCard" (Frame=42)
DefaultLobbyCard Awake tile id="DefaultLobbyCard" (Frame=42)
DefaultLobbyCard Awake tile id="DefaultLobbyCard" (Frame=42)
DefaultLobbyCard Awake tile id="DefaultLobbyCard" (Frame=42)
DefaultLobbyCard Awake tile id="DefaultLobbyCard" (Frame=42)
DefaultLobbyCard Awake tile id="DefaultLobbyCard" (Frame=42)
DefaultLobbyCard Awake tile id="DefaultLobbyCard" (Frame=42)
DefaultLobbyCard Awake tile id="DefaultLobbyCard" (Frame=42)
DefaultLobbyCard Awake tile id="DefaultLobbyCard" (Frame=42)
DefaultLobbyCard Awake tile id="DefaultLobbyCard" (Frame=42)
DefaultLobbyCard Awake tile id="DefaultLobbyCard" (Frame=42)
DefaultLobbyCard Awake tile id="DefaultLobbyCard" (Frame=42)
DefaultLobbyCard Awake tile id="DefaultLobbyCard" (Frame=42)
DefaultLobbyCard Awake tile id="DefaultLobbyCard" (Frame=42)
DefaultLobbyCard Awake tile id="DefaultLobbyCard" (Frame=42)
DefaultLobbyCard Awake tile id="DefaultLobbyCard" (Frame=42)
DefaultLobbyCard Awake tile id="DefaultLobbyCard" (Frame=42)
DefaultLobbyCard Awake tile id="DefaultLobbyCard" (Frame=42)
DefaultLobbyCard Awake tile id="DefaultLobbyCard" (Frame=42)
DefaultLobbyCard Awake tile id="DefaultLobbyCard" (Frame=42)
DefaultLobbyCard Awake tile id="DefaultLobbyCard" (Frame=42)
DefaultLobbyCard Awake tile id="DefaultLobbyCard" (Frame=42)
DefaultLobbyCard Awake tile id="DefaultLobbyCard" (Frame=42)
DefaultLobbyCard Awake tile id="DefaultLobbyCard" (Frame=42)
DefaultLobbyCard Awake tile id="DefaultLobbyCard" (Frame=42)
DefaultLobbyCard Awake tile id="DefaultLobbyCard" (Frame=42)
DefaultLobbyCard Awake tile id="DefaultLobbyCard" (Frame=42)
DefaultLobbyCard Awake tile id="DefaultLobbyCard" (Frame=42)
DefaultLobbyCard Awake tile id="DefaultLobbyCard" (Frame=42)
DefaultLobbyCard Awake tile id="DefaultLobbyCard" (Frame=42)
DefaultLobbyCard Awake tile id="DefaultLobbyCard" (Frame=42)
MainLobbyScene Starting... (Frame=42)
LoadLobbyCards invoked (Frame=42)
LoadApp lobbyCard cardCount=2 (Frame=42)
MainLobbyScene Error CallStack: "CrayonScript.Interpreter.ScriptRuntimeException: attempt to index  on a nil value line:[55] source:[MainLobbyScene]
  at CrayonScript.Interpreter.Execution.VM.Processor.Processing_Loop (System.Int32 instructionPtr, System.Int32 endInstructionExclusivePtr) [0x015f1] in <0fafa020b731455fa44bb912794b78d1>:0 
  at CrayonScript.Interpreter.Execution.VM.Processor.Call (CrayonScript.Interpreter.DynValue function, CrayonScript.Interpreter.DynValue[] args) [0x00086] in <0fafa020b731455fa44bb912794b78d1>:0 
  at CrayonScript.Code.Tile+<CallAction>d__111.MoveNext () [0x00102] in <0fafa020b731455fa44bb912794b78d1>:0 
CallStack:
↪local lobbyCardProperty = self.LobbyCardList[i] [55] [MainLobbyScene]
↪for i = 1, cardCount parallel do [53] [MainLobbyScene]
↪self:LoadLobbyCards() [31] [MainLobbyScene]
↪self:InitUserConfig() [30] [MainLobbyScene]" (Frame=42)
DefaultLobbyCard Start tile id="DefaultLobbyCard" (Frame=42)
DefaultLobbyCard Start tile id="DefaultLobbyCard" (Frame=42)
DefaultLobbyCard Start tile id="DefaultLobbyCard" (Frame=42)
DefaultLobbyCard Start tile id="DefaultLobbyCard" (Frame=42)
DefaultLobbyCard Start tile id="DefaultLobbyCard" (Frame=42)
DefaultLobbyCard Start tile id="DefaultLobbyCard" (Frame=42)
DefaultLobbyCard Start tile id="DefaultLobbyCard" (Frame=42)
DefaultLobbyCard Start tile id="DefaultLobbyCard" (Frame=42)
DefaultLobbyCard Start tile id="DefaultLobbyCard" (Frame=42)
DefaultLobbyCard Start tile id="DefaultLobbyCard" (Frame=42)
DefaultLobbyCard Start tile id="DefaultLobbyCard" (Frame=42)
DefaultLobbyCard Start tile id="DefaultLobbyCard" (Frame=42)
DefaultLobbyCard Start tile id="DefaultLobbyCard" (Frame=42)
DefaultLobbyCard Start tile id="DefaultLobbyCard" (Frame=42)
DefaultLobbyCard Start tile id="DefaultLobbyCard" (Frame=42)
DefaultLobbyCard Start tile id="DefaultLobbyCard" (Frame=42)
DefaultLobbyCard Start tile id="DefaultLobbyCard" (Frame=42)
DefaultLobbyCard Start tile id="DefaultLobbyCard" (Frame=42)
DefaultLobbyCard Start tile id="DefaultLobbyCard" (Frame=42)
DefaultLobbyCard Start tile id="DefaultLobbyCard" (Frame=42)
DefaultLobbyCard Start tile id="DefaultLobbyCard" (Frame=42)
DefaultLobbyCard Start tile id="DefaultLobbyCard" (Frame=42)
DefaultLobbyCard Start tile id="DefaultLobbyCard" (Frame=42)
DefaultLobbyCard Start tile id="DefaultLobbyCard" (Frame=42)
DefaultLobbyCard Start tile id="DefaultLobbyCard" (Frame=42)
DefaultLobbyCard Start tile id="DefaultLobbyCard" (Frame=42)
DefaultLobbyCard Start tile id="DefaultLobbyCard" (Frame=42)
DefaultLobbyCard Start tile id="DefaultLobbyCard" (Frame=42)
DefaultLobbyCard Start tile id="DefaultLobbyCard" (Frame=42)
DefaultLobbyCard Start tile id="DefaultLobbyCard" (Frame=42)
DefaultLobbyCard Start tile id="DefaultLobbyCard" (Frame=42)
DefaultLobbyCard Start tile id="DefaultLobbyCard" (Frame=42)
DefaultLobbyCard Start tile id="DefaultLobbyCard" (Frame=42)
DefaultLobbyCard Start tile id="DefaultLobbyCard" (Frame=42)
DefaultLobbyCard Start tile id="DefaultLobbyCard" (Frame=42)
DefaultLobbyCard Start tile id="DefaultLobbyCard" (Frame=42)
DefaultLobbyCard Start tile id="DefaultLobbyCard" (Frame=42)
DefaultLobbyCard Start tile id="DefaultLobbyCard" (Frame=42)
DefaultLobbyCard Start tile id="DefaultLobbyCard" (Frame=42)
DefaultLobbyCard Start tile id="DefaultLobbyCard" (Frame=42)
DefaultLobbyCard Start tile id="DefaultLobbyCard" (Frame=42)
DefaultLobbyCard Start tile id="DefaultLobbyCard" (Frame=42)
DefaultLobbyCard Start tile id="DefaultLobbyCard" (Frame=42)
DefaultLobbyCard Start tile id="DefaultLobbyCard" (Frame=42)
DefaultLobbyCard Start tile id="DefaultLobbyCard" (Frame=42)
DefaultLobbyCard Start tile id="DefaultLobbyCard" (Frame=42)
DefaultLobbyCard Start tile id="DefaultLobbyCard" (Frame=42)
DefaultLobbyCard Start tile id="DefaultLobbyCard" (Frame=42)
DefaultLobbyCard Start tile id="DefaultLobbyCard" (Frame=42)
DefaultLobbyCard Start tile id="DefaultLobbyCard" (Frame=42)
DefaultLobbyCard Start tile id="DefaultLobbyCard" (Frame=42)
DefaultLobbyCard Start tile id="DefaultLobbyCard" (Frame=42)
DefaultLobbyCard Start tile id="DefaultLobbyCard" (Frame=42)
DefaultLobbyCard Start tile id="DefaultLobbyCard" (Frame=42)
DefaultLobbyCard Start tile id="DefaultLobbyCard" (Frame=42)
DefaultLobbyCard Start tile id="DefaultLobbyCard" (Frame=42)
DefaultLobbyCard Start tile id="DefaultLobbyCard" (Frame=42)
DefaultLobbyCard Start tile id="DefaultLobbyCard" (Frame=42)
DefaultLobbyCard Start tile id="DefaultLobbyCard" (Frame=42)
DefaultLobbyCard Start tile id="DefaultLobbyCard" (Frame=42)
DefaultLobbyCard Start tile id="DefaultLobbyCard" (Frame=42)
DefaultLobbyCard Start tile id="DefaultLobbyCard" (Frame=42)
DefaultLobbyCard Start tile id="DefaultLobbyCard" (Frame=42)
DefaultLobbyCard Start tile id="DefaultLobbyCard" (Frame=42)
DefaultLobbyCard Start tile id="DefaultLobbyCard" (Frame=42)
DefaultLobbyCard Start tile id="DefaultLobbyCard" (Frame=42)
DefaultLobbyCard Start tile id="DefaultLobbyCard" (Frame=42)
DefaultLobbyCard Start tile id="DefaultLobbyCard" (Frame=42)
DefaultLobbyCard Start tile id="DefaultLobbyCard" (Frame=42)
DefaultLobbyCard Start tile id="DefaultLobbyCard" (Frame=42)
DefaultLobbyCard Start tile id="DefaultLobbyCard" (Frame=42)
DefaultLobbyCard Start tile id="DefaultLobbyCard" (Frame=42)
DefaultLobbyCard Start tile id="DefaultLobbyCard" (Frame=42)
DefaultLobbyCard Start tile id="DefaultLobbyCard" (Frame=42)
DefaultLobbyCard Start tile id="DefaultLobbyCard" (Frame=42)
DefaultLobbyCard Start tile id="DefaultLobbyCard" (Frame=42)
DefaultLobbyCard Start tile id="DefaultLobbyCard" (Frame=42)
DefaultLobbyCard Start tile id="DefaultLobbyCard" (Frame=42)
DefaultLobbyCard Start tile id="DefaultLobbyCard" (Frame=42)
DefaultLobbyCard Start tile id="DefaultLobbyCard" (Frame=42)
DefaultLobbyCard Start tile id="DefaultLobbyCard" (Frame=42)
DefaultLobbyCard Start tile id="DefaultLobbyCard" (Frame=42)
DefaultLobbyCard Start tile id="DefaultLobbyCard" (Frame=42)
DefaultLobbyCard Start tile id="DefaultLobbyCard" (Frame=42)
DefaultLobbyCard Start tile id="DefaultLobbyCard" (Frame=42)
DefaultLobbyCard Start tile id="DefaultLobbyCard" (Frame=42)
DefaultLobbyCard Start tile id="DefaultLobbyCard" (Frame=42)
DefaultLobbyCard Start tile id="DefaultLobbyCard" (Frame=42)
DefaultLobbyCard Start tile id="DefaultLobbyCard" (Frame=42)
DefaultLobbyCard Start tile id="DefaultLobbyCard" (Frame=42)
DefaultLobbyCard Start tile id="DefaultLobbyCard" (Frame=42)
DefaultLobbyCard Start tile id="DefaultLobbyCard" (Frame=42)
DefaultLobbyCard Start tile id="DefaultLobbyCard" (Frame=42)
DefaultLobbyCard Start tile id="DefaultLobbyCard" (Frame=42)
DefaultLobbyCard Start tile id="DefaultLobbyCard" (Frame=42)
DefaultLobbyCard Start tile id="DefaultLobbyCard" (Frame=42)
DefaultLobbyCard Start tile id="DefaultLobbyCard" (Frame=42)
DefaultLobbyCard Start tile id="DefaultLobbyCard" (Frame=42)
DefaultLobbyCard Start tile id="DefaultLobbyCard" (Frame=42)
DefaultLobbyCard Start tile id="DefaultLobbyCard" (Frame=42)
DefaultLobbyCard Start tile id="DefaultLobbyCard" (Frame=42)
DefaultLobbyCard Start tile id="DefaultLobbyCard" (Frame=42)
DefaultLobbyCard Start tile id="DefaultLobbyCard" (Frame=42)
DefaultLobbyCard Start tile id="DefaultLobbyCard" (Frame=42)
DefaultLobbyCard Start tile id="DefaultLobbyCard" (Frame=42)
DefaultLobbyCard Start tile id="DefaultLobbyCard" (Frame=42)
DefaultLobbyCard Start tile id="DefaultLobbyCard" (Frame=42)
DefaultLobbyCard Start tile id="DefaultLobbyCard" (Frame=42)
DefaultLobbyCard Start tile id="DefaultLobbyCard" (Frame=42)
DefaultLobbyCard Start tile id="DefaultLobbyCard" (Frame=42)
DefaultLobbyCard Start tile id="DefaultLobbyCard" (Frame=42)
DefaultLobbyCard Start tile id="DefaultLobbyCard" (Frame=42)
DefaultLobbyCard Start tile id="DefaultLobbyCard" (Frame=42)
DefaultLobbyCard OnPointerClick tile id="DefaultLobbyCard" (Frame=52)
TODO: DefaultLobbyCard:LoadMachineScene ... Scene Load starting... (Frame=52)
]]></output>
                  </test-case>
                </test-suite>
              </test-suite>
            </test-suite>
          </test-suite>
        </test-suite>
      </test-suite>
    </test-suite>
  </test-suite>
</test-run>